Log file open, 12/22/22 18:32:52
LogWindows: Failed to load 'aqProf.dll' (GetLastError=126)
LogWindows: File 'aqProf.dll' does not exist
LogWindows: Failed to load 'VtuneApi.dll' (GetLastError=126)
LogWindows: File 'VtuneApi.dll' does not exist
LogWindows: Failed to load 'VtuneApi32e.dll' (GetLastError=126)
LogWindows: File 'VtuneApi32e.dll' does not exist
LogConsoleResponse: Display: Failed to find resolution value strings in scalability ini. Falling back to default.
LogConsoleResponse: Display: Failed to find resolution value strings in scalability ini. Falling back to default.
LogInit: Display: Running engine for game: FormatGame
LogPlatformFile: Not using cached read wrapper
LogTaskGraph: Started task graph with 5 named threads and 23 total threads with 3 sets of task threads.
LogStats: Stats thread started at 0.669754
LogICUInternationalization: ICU TimeZone Detection - Raw Offset: +5:00, Platform Override: ''
LogInit: Display: Loading text-based GConfig....
LogPluginManager: Mounting plugin MeshPainting
LogPluginManager: Mounting plugin XGEController
LogPluginManager: Mounting plugin Paper2D
LogPluginManager: Mounting plugin AISupport
LogPluginManager: Mounting plugin EnvironmentQueryEditor
LogPluginManager: Mounting plugin LightPropagationVolume
LogPluginManager: Mounting plugin LiveLink
LogPluginManager: Mounting plugin CameraShakePreviewer
LogPluginManager: Mounting plugin GameplayCameras
LogPluginManager: Mounting plugin OodleNetwork
LogPluginManager: Mounting plugin OodleData
LogPluginManager: Mounting plugin AnimationSharing
LogPluginManager: Mounting plugin DatasmithContent
LogPluginManager: Mounting plugin AssetManagerEditor
LogPluginManager: Mounting plugin VariantManagerContent
LogPluginManager: Mounting plugin CLionSourceCodeAccess
LogPluginManager: Mounting plugin CodeLiteSourceCodeAccess
LogPluginManager: Mounting plugin GitSourceControl
LogPluginManager: Mounting plugin KDevelopSourceCodeAccess
LogPluginManager: Mounting plugin CryptoKeys
LogPluginManager: Mounting plugin CurveEditorTools
LogPluginManager: Mounting plugin FacialAnimation
LogPluginManager: Mounting plugin DataValidation
LogPluginManager: Mounting plugin GameplayTagsEditor
LogPluginManager: Mounting plugin GeometryMode
LogPluginManager: Mounting plugin MacGraphicsSwitching
LogPluginManager: Mounting plugin MaterialAnalyzer
LogPluginManager: Mounting plugin MobileLauncherProfileWizard
LogPluginManager: Mounting plugin PluginBrowser
LogPluginManager: Mounting plugin SpeedTreeImporter
LogPluginManager: Mounting plugin PerforceSourceControl
LogPluginManager: Mounting plugin PixWinPlugin
LogPluginManager: Mounting plugin PluginUtils
LogPluginManager: Mounting plugin PlasticSourceControl
LogPluginManager: Mounting plugin NullSourceCodeAccess
LogPluginManager: Mounting plugin PropertyAccessNode
LogPluginManager: Mounting plugin SubversionSourceControl
LogPluginManager: Mounting plugin RiderSourceCodeAccess
LogPluginManager: Mounting plugin TextureFormatOodle
LogPluginManager: Mounting plugin UObjectPlugin
LogPluginManager: Mounting plugin VisualStudioSourceCodeAccess
LogPluginManager: Mounting plugin XCodeSourceCodeAccess
LogPluginManager: Mounting plugin VisualStudioCodeSourceCodeAccess
LogPluginManager: Mounting plugin AlembicImporter
LogPluginManager: Mounting plugin AutomationUtils
LogPluginManager: Mounting plugin BackChannel
LogPluginManager: Mounting plugin ChaosCloth
LogPluginManager: Mounting plugin ChaosClothEditor
LogPluginManager: Mounting plugin ChaosEditor
LogPluginManager: Mounting plugin ChaosNiagara
LogPluginManager: Mounting plugin ChaosSolverPlugin
LogPluginManager: Mounting plugin CharacterAI
LogPluginManager: Mounting plugin Niagara
LogPluginManager: Mounting plugin GeometryCollectionPlugin
LogPluginManager: Mounting plugin GeometryCache
LogPluginManager: Mounting plugin GeometryProcessing
LogPluginManager: Mounting plugin MotoSynth
LogPluginManager: Mounting plugin OpenImageDenoise
LogPluginManager: Mounting plugin PlanarCut
LogPluginManager: Mounting plugin ProxyLODPlugin
LogPluginManager: Mounting plugin PlatformCrypto
LogPluginManager: Mounting plugin PythonScriptPlugin
LogPluginManager: Mounting plugin LuminPlatformFeatures
LogPluginManager: Mounting plugin MagicLeap
LogPluginManager: Mounting plugin MagicLeapLightEstimation
LogPluginManager: Mounting plugin MagicLeapMedia
LogPluginManager: Mounting plugin MagicLeapPassableWorld
LogPluginManager: Mounting plugin MLSDK
LogPluginManager: Mounting plugin SkeletalReduction
LogPluginManager: Mounting plugin AndroidMedia
LogPluginManager: Mounting plugin AvfMedia
LogPluginManager: Mounting plugin ImgMedia
LogPluginManager: Mounting plugin MediaCompositing
LogPluginManager: Mounting plugin MediaPlayerEditor
LogPluginManager: Mounting plugin WebMMedia
LogPluginManager: Mounting plugin WmfMedia
LogPluginManager: Mounting plugin TcpMessaging
LogPluginManager: Mounting plugin UdpMessaging
LogPluginManager: Mounting plugin ActorSequence
LogPluginManager: Mounting plugin LevelSequenceEditor
LogPluginManager: Mounting plugin MatineeToLevelSequence
LogPluginManager: Mounting plugin TemplateSequence
LogPluginManager: Mounting plugin OnlineSubsystem
LogPluginManager: Mounting plugin OnlineSubsystemNull
LogPluginManager: Mounting plugin OnlineSubsystemUtils
LogPluginManager: Mounting plugin LauncherChunkInstaller
LogPluginManager: Mounting plugin ActorLayerUtilities
LogPluginManager: Mounting plugin AndroidMoviePlayer
LogPluginManager: Mounting plugin AndroidPermission
LogPluginManager: Mounting plugin AndroidDeviceProfileSelector
LogPluginManager: Mounting plugin AppleImageUtils
LogPluginManager: Mounting plugin AppleMoviePlayer
LogPluginManager: Mounting plugin ArchVisCharacter
LogPluginManager: Mounting plugin AssetTags
LogPluginManager: Mounting plugin AudioCapture
LogPluginManager: Mounting plugin AudioSynesthesia
LogPluginManager: Mounting plugin CableComponent
LogPluginManager: Mounting plugin ChunkDownloader
LogPluginManager: Mounting plugin CustomMeshComponent
LogPluginManager: Mounting plugin EditableMesh
LogPluginManager: Mounting plugin GoogleCloudMessaging
LogPluginManager: Mounting plugin GooglePAD
LogPluginManager: Mounting plugin LinuxDeviceProfileSelector
LogPluginManager: Mounting plugin IOSDeviceProfileSelector
LogPluginManager: Mounting plugin LocationServicesBPLibrary
LogPluginManager: Mounting plugin ExampleDeviceProfileSelector
LogPluginManager: Mounting plugin MobilePatchingUtils
LogPluginManager: Mounting plugin OpenXR
LogPluginManager: Mounting plugin OpenXREyeTracker
LogPluginManager: Mounting plugin ScreenshotTools
LogPluginManager: Mounting plugin OpenXRHandTracking
LogPluginManager: Mounting plugin PhysXVehicles
LogPluginManager: Mounting plugin PostSplashScreen
LogPluginManager: Mounting plugin ProceduralMeshComponent
LogPluginManager: Mounting plugin PropertyAccessEditor
LogPluginManager: Mounting plugin RuntimePhysXCooking
LogPluginManager: Mounting plugin SignificanceManager
LogPluginManager: Mounting plugin SoundFields
LogPluginManager: Mounting plugin Synthesis
LogPluginManager: Mounting plugin WebMMoviePlayer
LogPluginManager: Mounting plugin WindowsMoviePlayer
LogPluginManager: Mounting plugin Takes
LogPluginManager: Mounting plugin ContentBrowserClassDataSource
LogPluginManager: Mounting plugin ContentBrowserAssetDataSource
LogPluginManager: Mounting plugin ContentBrowserFileDataSource
LogPluginManager: Mounting plugin OnlineSubsystemGooglePlay
LogPluginManager: Mounting plugin OnlineSubsystemIOS
LogPluginManager: Mounting plugin OculusVR
LogPluginManager: Mounting plugin SteamVR
PixWinPlugin: PIX capture plugin failed to initialize! Check that the process is launched from PIX.
LogInit: Using libcurl 7.55.1-DEV
LogInit:  - built for x86_64-pc-win32
LogInit:  - supports SSL with OpenSSL/1.1.1
LogInit:  - supports HTTP deflate (compression) using libz 1.2.8
LogInit:  - other features:
LogInit:      CURL_VERSION_SSL
LogInit:      CURL_VERSION_LIBZ
LogInit:      CURL_VERSION_IPV6
LogInit:      CURL_VERSION_ASYNCHDNS
LogInit:      CURL_VERSION_LARGEFILE
LogInit:      CURL_VERSION_IDN
LogInit:  CurlRequestOptions (configurable via config and command line):
LogInit:  - bVerifyPeer = true  - Libcurl will verify peer certificate
LogInit:  - bUseHttpProxy = false  - Libcurl will NOT use HTTP proxy
LogInit:  - bDontReuseConnections = false  - Libcurl will reuse connections
LogInit:  - MaxHostConnections = 16  - Libcurl will limit the number of connections to a host
LogInit:  - LocalHostAddr = Default
LogInit:  - BufferSize = 65536
LogOnline: OSS: Creating online subsystem instance for: NULL
LogInit: WinSock: version 1.1 (2.2), MaxSocks=32767, MaxUdp=65467
LogOnline: OSS: TryLoadSubsystemAndSetDefault: Loaded subsystem for module [NULL]
LogOculusPluginWrapper: OculusPlugin initialized successfully
LogHMD: Failed initializing OVRPlugin 1.59.0
LogInit: Build: ++UE4+Release-4.27-CL-18319896
LogInit: Engine Version: 4.27.2-18319896+++UE4+Release-4.27
LogInit: Compatible Engine Version: 4.27.0-17155196+++UE4+Release-4.27
LogInit: Net CL: 17155196
LogInit: OS: Windows 10 (Release 2009) (), CPU: AMD Ryzen 5 3500U with Radeon Vega Mobile Gfx  , GPU: AMD Radeon(TM) Vega 8 Graphics
LogInit: Compiled (64-bit): Nov 30 2021 07:12:08
LogInit: Compiled with Visual C++: 19.24.28315.00
LogInit: Build Configuration: Development
LogInit: Branch Name: ++UE4+Release-4.27
LogInit: Command Line: 
LogInit: Base Directory: C:/Program Files/Epic Games/UE_4.27/Engine/Binaries/Win64/
LogInit: Allocator: TBB
LogInit: Installed Engine Build: 1
LogDevObjectVersion: Number of dev versions registered: 29
LogDevObjectVersion:   Dev-Blueprints (B0D832E4-1F89-4F0D-ACCF-7EB736FD4AA2): 10
LogDevObjectVersion:   Dev-Build (E1C64328-A22C-4D53-A36C-8E866417BD8C): 0
LogDevObjectVersion:   Dev-Core (375EC13C-06E4-48FB-B500-84F0262A717E): 4
LogDevObjectVersion:   Dev-Editor (E4B068ED-F494-42E9-A231-DA0B2E46BB41): 40
LogDevObjectVersion:   Dev-Framework (CFFC743F-43B0-4480-9391-14DF171D2073): 37
LogDevObjectVersion:   Dev-Mobile (B02B49B5-BB20-44E9-A304-32B752E40360): 3
LogDevObjectVersion:   Dev-Networking (A4E4105C-59A1-49B5-A7C5-40C4547EDFEE): 0
LogDevObjectVersion:   Dev-Online (39C831C9-5AE6-47DC-9A44-9C173E1C8E7C): 0
LogDevObjectVersion:   Dev-Physics (78F01B33-EBEA-4F98-B9B4-84EACCB95AA2): 14
LogDevObjectVersion:   Dev-Platform (6631380F-2D4D-43E0-8009-CF276956A95A): 0
LogDevObjectVersion:   Dev-Rendering (12F88B9F-8875-4AFC-A67C-D90C383ABD29): 45
LogDevObjectVersion:   Dev-Sequencer (7B5AE74C-D270-4C10-A958-57980B212A5A): 13
LogDevObjectVersion:   Dev-VR (D7296918-1DD6-4BDD-9DE2-64A83CC13884): 3
LogDevObjectVersion:   Dev-LoadTimes (C2A15278-BFE7-4AFE-6C17-90FF531DF755): 1
LogDevObjectVersion:   Private-Geometry (6EACA3D4-40EC-4CC1-B786-8BED09428FC5): 3
LogDevObjectVersion:   Dev-AnimPhys (29E575DD-E0A3-4627-9D10-D276232CDCEA): 17
LogDevObjectVersion:   Dev-Anim (AF43A65D-7FD3-4947-9873-3E8ED9C1BB05): 15
LogDevObjectVersion:   Dev-ReflectionCapture (6B266CEC-1EC7-4B8F-A30B-E4D90942FC07): 1
LogDevObjectVersion:   Dev-Automation (0DF73D61-A23F-47EA-B727-89E90C41499A): 1
LogDevObjectVersion:   FortniteMain (601D1886-AC64-4F84-AA16-D3DE0DEAC7D6): 47
LogDevObjectVersion:   FortniteRelease (E7086368-6B23-4C58-8439-1B7016265E91): 1
LogDevObjectVersion:   Dev-Enterprise (9DFFBCD6-494F-0158-E221-12823C92A888): 10
LogDevObjectVersion:   Dev-Niagara (F2AED0AC-9AFE-416F-8664-AA7FFA26D6FC): 1
LogDevObjectVersion:   Dev-Destruction (174F1F0B-B4C6-45A5-B13F-2EE8D0FB917D): 10
LogDevObjectVersion:   Dev-Physics-Ext (35F94A83-E258-406C-A318-09F59610247C): 41
LogDevObjectVersion:   Dev-PhysicsMaterial-Chaos (B68FC16E-8B1B-42E2-B453-215C058844FE): 1
LogDevObjectVersion:   Dev-CineCamera (B2E18506-4273-CFC2-A54E-F4BB758BBA07): 1
LogDevObjectVersion:   Dev-VirtualProduction (64F58936-FD1B-42BA-BA96-7289D5D0FA4E): 1
LogDevObjectVersion:   Dev-MediaFramework (6F0ED827-A609-4895-9C91-998D90180EA4): 2
LogInit: Presizing for max 25165824 objects, including 0 objects not considered by GC, pre-allocating 0 bytes for permanent pool.
LogConfig: Applying CVar settings from Section [/Script/Engine.StreamingSettings] File [C:/Users/bosso/OneDrive/Документы/Unreal Projects/FormatGame/Saved/Config/Windows/Engine.ini]
LogConfig: Setting CVar [[s.MinBulkDataSizeForAsyncLoading:131072]]
LogConfig: Setting CVar [[s.AsyncLoadingThreadEnabled:0]]
LogConfig: Setting CVar [[s.EventDrivenLoaderEnabled:1]]
LogConfig: Setting CVar [[s.WarnIfTimeLimitExceeded:0]]
LogConfig: Setting CVar [[s.TimeLimitExceededMultiplier:1.5]]
LogConfig: Setting CVar [[s.TimeLimitExceededMinTime:0.005]]
LogConfig: Setting CVar [[s.UseBackgroundLevelStreaming:1]]
LogConfig: Setting CVar [[s.PriorityAsyncLoadingExtraTime:15.0]]
LogConfig: Setting CVar [[s.LevelStreamingActorsUpdateTimeLimit:5.0]]
LogConfig: Setting CVar [[s.PriorityLevelStreamingActorsUpdateExtraTime:5.0]]
LogConfig: Setting CVar [[s.LevelStreamingComponentsRegistrationGranularity:10]]
LogConfig: Setting CVar [[s.UnregisterComponentsTimeLimit:1.0]]
LogConfig: Setting CVar [[s.LevelStreamingComponentsUnregistrationGranularity:5]]
LogConfig: Setting CVar [[s.FlushStreamingOnExit:1]]
LogInit: Object subsystem initialized
LogConfig: Setting CVar [[con.DebugEarlyDefault:1]]
LogConfig: Setting CVar [[r.setres:1280x720]]
[2022.12.22-13.32.54:345][  0]LogConfig: Setting CVar [[r.VSync:0]]
[2022.12.22-13.32.54:345][  0]LogConfig: Setting CVar [[r.RHICmdBypass:0]]
[2022.12.22-13.32.54:345][  0]LogConfig: Applying CVar settings from Section [/Script/Engine.RendererSettings] File [C:/Users/bosso/OneDrive/Документы/Unreal Projects/FormatGame/Saved/Config/Windows/Engine.ini]
[2022.12.22-13.32.54:345][  0]LogConfig: Setting CVar [[r.GPUCrashDebugging:0]]
[2022.12.22-13.32.54:345][  0]LogConfig: Applying CVar settings from Section [/Script/Engine.RendererOverrideSettings] File [C:/Users/bosso/OneDrive/Документы/Unreal Projects/FormatGame/Saved/Config/Windows/Engine.ini]
[2022.12.22-13.32.54:345][  0]LogConfig: Applying CVar settings from Section [/Script/Engine.StreamingSettings] File [C:/Users/bosso/OneDrive/Документы/Unreal Projects/FormatGame/Saved/Config/Windows/Engine.ini]
[2022.12.22-13.32.54:345][  0]LogConfig: Setting CVar [[s.MinBulkDataSizeForAsyncLoading:131072]]
[2022.12.22-13.32.54:345][  0]LogConfig: Setting CVar [[s.AsyncLoadingThreadEnabled:0]]
[2022.12.22-13.32.54:345][  0]LogConfig: Setting CVar [[s.EventDrivenLoaderEnabled:1]]
[2022.12.22-13.32.54:345][  0]LogConfig: Setting CVar [[s.WarnIfTimeLimitExceeded:0]]
[2022.12.22-13.32.54:345][  0]LogConfig: Setting CVar [[s.TimeLimitExceededMultiplier:1.5]]
[2022.12.22-13.32.54:345][  0]LogConfig: Setting CVar [[s.TimeLimitExceededMinTime:0.005]]
[2022.12.22-13.32.54:345][  0]LogConfig: Setting CVar [[s.UseBackgroundLevelStreaming:1]]
[2022.12.22-13.32.54:345][  0]LogConfig: Setting CVar [[s.PriorityAsyncLoadingExtraTime:15.0]]
[2022.12.22-13.32.54:345][  0]LogConfig: Setting CVar [[s.LevelStreamingActorsUpdateTimeLimit:5.0]]
[2022.12.22-13.32.54:345][  0]LogConfig: Setting CVar [[s.PriorityLevelStreamingActorsUpdateExtraTime:5.0]]
[2022.12.22-13.32.54:345][  0]LogConfig: Setting CVar [[s.LevelStreamingComponentsRegistrationGranularity:10]]
[2022.12.22-13.32.54:345][  0]LogConfig: Setting CVar [[s.UnregisterComponentsTimeLimit:1.0]]
[2022.12.22-13.32.54:345][  0]LogConfig: Setting CVar [[s.LevelStreamingComponentsUnregistrationGranularity:5]]
[2022.12.22-13.32.54:345][  0]LogConfig: Setting CVar [[s.FlushStreamingOnExit:1]]
[2022.12.22-13.32.54:345][  0]LogConfig: Applying CVar settings from Section [/Script/Engine.GarbageCollectionSettings] File [C:/Users/bosso/OneDrive/Документы/Unreal Projects/FormatGame/Saved/Config/Windows/Engine.ini]
[2022.12.22-13.32.54:345][  0]LogConfig: Setting CVar [[gc.MaxObjectsNotConsideredByGC:1]]
[2022.12.22-13.32.54:345][  0]LogConfig: Setting CVar [[gc.SizeOfPermanentObjectPool:0]]
[2022.12.22-13.32.54:345][  0]LogConfig: Setting CVar [[gc.FlushStreamingOnGC:0]]
[2022.12.22-13.32.54:345][  0]LogConfig: Setting CVar [[gc.NumRetriesBeforeForcingGC:10]]
[2022.12.22-13.32.54:345][  0]LogConfig: Setting CVar [[gc.AllowParallelGC:1]]
[2022.12.22-13.32.54:345][  0]LogConfig: Setting CVar [[gc.TimeBetweenPurgingPendingKillObjects:61.1]]
[2022.12.22-13.32.54:346][  0]LogConfig: Setting CVar [[gc.MaxObjectsInEditor:25165824]]
[2022.12.22-13.32.54:346][  0]LogConfig: Setting CVar [[gc.IncrementalBeginDestroyEnabled:1]]
[2022.12.22-13.32.54:346][  0]LogConfig: Setting CVar [[gc.CreateGCClusters:1]]
[2022.12.22-13.32.54:346][  0]LogConfig: Setting CVar [[gc.MinGCClusterSize:5]]
[2022.12.22-13.32.54:346][  0]LogConfig: Setting CVar [[gc.ActorClusteringEnabled:0]]
[2022.12.22-13.32.54:346][  0]LogConfig: Setting CVar [[gc.BlueprintClusteringEnabled:0]]
[2022.12.22-13.32.54:346][  0]LogConfig: Setting CVar [[gc.UseDisregardForGCOnDedicatedServers:0]]
[2022.12.22-13.32.54:346][  0]LogConfig: Setting CVar [[gc.MultithreadedDestructionEnabled:1]]
[2022.12.22-13.32.54:346][  0]LogConfig: Applying CVar settings from Section [/Script/Engine.NetworkSettings] File [C:/Users/bosso/OneDrive/Документы/Unreal Projects/FormatGame/Saved/Config/Windows/Engine.ini]
[2022.12.22-13.32.54:346][  0]LogConfig: Applying CVar settings from Section [/Script/UnrealEd.CookerSettings] File [C:/Users/bosso/OneDrive/Документы/Unreal Projects/FormatGame/Saved/Config/Windows/Engine.ini]
[2022.12.22-13.32.54:369][  0]LogConfig: Applying CVar settings from Section [ViewDistanceQuality@3] File [C:/Users/bosso/OneDrive/Документы/Unreal Projects/FormatGame/Saved/Config/Windows/Scalability.ini]
[2022.12.22-13.32.54:369][  0]LogConfig: Setting CVar [[r.SkeletalMeshLODBias:0]]
[2022.12.22-13.32.54:369][  0]LogConfig: Setting CVar [[r.ViewDistanceScale:1.0]]
[2022.12.22-13.32.54:369][  0]LogConfig: Applying CVar settings from Section [AntiAliasingQuality@3] File [C:/Users/bosso/OneDrive/Документы/Unreal Projects/FormatGame/Saved/Config/Windows/Scalability.ini]
[2022.12.22-13.32.54:369][  0]LogConfig: Setting CVar [[r.PostProcessAAQuality:4]]
[2022.12.22-13.32.54:369][  0]LogConfig: Applying CVar settings from Section [ShadowQuality@3] File [C:/Users/bosso/OneDrive/Документы/Unreal Projects/FormatGame/Saved/Config/Windows/Scalability.ini]
[2022.12.22-13.32.54:369][  0]LogConfig: Setting CVar [[r.LightFunctionQuality:1]]
[2022.12.22-13.32.54:369][  0]LogConfig: Setting CVar [[r.ShadowQuality:5]]
[2022.12.22-13.32.54:369][  0]LogConfig: Setting CVar [[r.Shadow.CSM.MaxCascades:10]]
[2022.12.22-13.32.54:369][  0]LogConfig: Setting CVar [[r.Shadow.MaxResolution:2048]]
[2022.12.22-13.32.54:369][  0]LogConfig: Setting CVar [[r.Shadow.MaxCSMResolution:2048]]
[2022.12.22-13.32.54:369][  0]LogConfig: Setting CVar [[r.Shadow.RadiusThreshold:0.01]]
[2022.12.22-13.32.54:369][  0]LogConfig: Setting CVar [[r.Shadow.DistanceScale:1.0]]
[2022.12.22-13.32.54:369][  0]LogConfig: Setting CVar [[r.Shadow.CSM.TransitionScale:1.0]]
[2022.12.22-13.32.54:369][  0]LogConfig: Setting CVar [[r.Shadow.PreShadowResolutionFactor:1.0]]
[2022.12.22-13.32.54:369][  0]LogConfig: Setting CVar [[r.DistanceFieldShadowing:1]]
[2022.12.22-13.32.54:369][  0]LogConfig: Setting CVar [[r.DistanceFieldAO:1]]
[2022.12.22-13.32.54:369][  0]LogConfig: Setting CVar [[r.AOQuality:2]]
[2022.12.22-13.32.54:369][  0]LogConfig: Setting CVar [[r.VolumetricFog:1]]
[2022.12.22-13.32.54:369][  0]LogConfig: Setting CVar [[r.VolumetricFog.GridPixelSize:8]]
[2022.12.22-13.32.54:370][  0]LogConfig: Setting CVar [[r.VolumetricFog.GridSizeZ:128]]
[2022.12.22-13.32.54:370][  0]LogConfig: Setting CVar [[r.VolumetricFog.HistoryMissSupersampleCount:4]]
[2022.12.22-13.32.54:370][  0]LogConfig: Setting CVar [[r.LightMaxDrawDistanceScale:1]]
[2022.12.22-13.32.54:370][  0]LogConfig: Setting CVar [[r.CapsuleShadows:1]]
[2022.12.22-13.32.54:370][  0]LogConfig: Applying CVar settings from Section [PostProcessQuality@3] File [C:/Users/bosso/OneDrive/Документы/Unreal Projects/FormatGame/Saved/Config/Windows/Scalability.ini]
[2022.12.22-13.32.54:370][  0]LogConfig: Setting CVar [[r.MotionBlurQuality:4]]
[2022.12.22-13.32.54:370][  0]LogConfig: Setting CVar [[r.AmbientOcclusionMipLevelFactor:0.4]]
[2022.12.22-13.32.54:370][  0]LogConfig: Setting CVar [[r.AmbientOcclusionMaxQuality:100]]
[2022.12.22-13.32.54:370][  0]LogConfig: Setting CVar [[r.AmbientOcclusionLevels:-1]]
[2022.12.22-13.32.54:370][  0]LogConfig: Setting CVar [[r.AmbientOcclusionRadiusScale:1.0]]
[2022.12.22-13.32.54:370][  0]LogConfig: Setting CVar [[r.DepthOfFieldQuality:2]]
[2022.12.22-13.32.54:370][  0]LogConfig: Setting CVar [[r.RenderTargetPoolMin:400]]
[2022.12.22-13.32.54:370][  0]LogConfig: Setting CVar [[r.LensFlareQuality:2]]
[2022.12.22-13.32.54:370][  0]LogConfig: Setting CVar [[r.SceneColorFringeQuality:1]]
[2022.12.22-13.32.54:370][  0]LogConfig: Setting CVar [[r.EyeAdaptationQuality:2]]
[2022.12.22-13.32.54:370][  0]LogConfig: Setting CVar [[r.BloomQuality:5]]
[2022.12.22-13.32.54:370][  0]LogConfig: Setting CVar [[r.FastBlurThreshold:100]]
[2022.12.22-13.32.54:370][  0]LogConfig: Setting CVar [[r.Upscale.Quality:3]]
[2022.12.22-13.32.54:370][  0]LogConfig: Setting CVar [[r.Tonemapper.GrainQuantization:1]]
[2022.12.22-13.32.54:370][  0]LogConfig: Setting CVar [[r.LightShaftQuality:1]]
[2022.12.22-13.32.54:370][  0]LogConfig: Setting CVar [[r.Filter.SizeScale:1]]
[2022.12.22-13.32.54:370][  0]LogConfig: Setting CVar [[r.Tonemapper.Quality:5]]
[2022.12.22-13.32.54:370][  0]LogConfig: Setting CVar [[r.DOF.Gather.AccumulatorQuality:1        ; higher gathering accumulator quality]]
[2022.12.22-13.32.54:370][  0]LogConfig: Setting CVar [[r.DOF.Gather.PostfilterMethod:1          ; Median3x3 postfilering method]]
[2022.12.22-13.32.54:370][  0]LogConfig: Setting CVar [[r.DOF.Gather.EnableBokehSettings:0       ; no bokeh simulation when gathering]]
[2022.12.22-13.32.54:370][  0]LogConfig: Setting CVar [[r.DOF.Gather.RingCount:4                 ; medium number of samples when gathering]]
[2022.12.22-13.32.54:370][  0]LogConfig: Setting CVar [[r.DOF.Scatter.ForegroundCompositing:1    ; additive foreground scattering]]
[2022.12.22-13.32.54:370][  0]LogConfig: Setting CVar [[r.DOF.Scatter.BackgroundCompositing:2    ; additive background scattering]]
[2022.12.22-13.32.54:370][  0]LogConfig: Setting CVar [[r.DOF.Scatter.EnableBokehSettings:1      ; bokeh simulation when scattering]]
[2022.12.22-13.32.54:370][  0]LogConfig: Setting CVar [[r.DOF.Scatter.MaxSpriteRatio:0.1         ; only a maximum of 10% of scattered bokeh]]
[2022.12.22-13.32.54:370][  0]LogConfig: Setting CVar [[r.DOF.Recombine.Quality:1                ; cheap slight out of focus]]
[2022.12.22-13.32.54:370][  0]LogConfig: Setting CVar [[r.DOF.Recombine.EnableBokehSettings:0    ; no bokeh simulation on slight out of focus]]
[2022.12.22-13.32.54:370][  0]LogConfig: Setting CVar [[r.DOF.TemporalAAQuality:1                ; more stable temporal accumulation]]
[2022.12.22-13.32.54:370][  0]LogConfig: Setting CVar [[r.DOF.Kernel.MaxForegroundRadius:0.025]]
[2022.12.22-13.32.54:370][  0]LogConfig: Setting CVar [[r.DOF.Kernel.MaxBackgroundRadius:0.025]]
[2022.12.22-13.32.54:370][  0]LogConfig: Applying CVar settings from Section [TextureQuality@3] File [C:/Users/bosso/OneDrive/Документы/Unreal Projects/FormatGame/Saved/Config/Windows/Scalability.ini]
[2022.12.22-13.32.54:370][  0]LogConfig: Setting CVar [[r.Streaming.MipBias:0]]
[2022.12.22-13.32.54:370][  0]LogConfig: Setting CVar [[r.Streaming.AmortizeCPUToGPUCopy:0]]
[2022.12.22-13.32.54:370][  0]LogConfig: Setting CVar [[r.Streaming.MaxNumTexturesToStreamPerFrame:0]]
[2022.12.22-13.32.54:370][  0]LogConfig: Setting CVar [[r.Streaming.Boost:1]]
[2022.12.22-13.32.54:370][  0]LogConfig: Setting CVar [[r.MaxAnisotropy:8]]
[2022.12.22-13.32.54:370][  0]LogConfig: Setting CVar [[r.VT.MaxAnisotropy:8]]
[2022.12.22-13.32.54:371][  0]LogConfig: Setting CVar [[r.Streaming.LimitPoolSizeToVRAM:0]]
[2022.12.22-13.32.54:371][  0]LogConfig: Setting CVar [[r.Streaming.PoolSize:1000]]
[2022.12.22-13.32.54:371][  0]LogConfig: Setting CVar [[r.Streaming.MaxEffectiveScreenSize:0]]
[2022.12.22-13.32.54:371][  0]LogConfig: Applying CVar settings from Section [EffectsQuality@3] File [C:/Users/bosso/OneDrive/Документы/Unreal Projects/FormatGame/Saved/Config/Windows/Scalability.ini]
[2022.12.22-13.32.54:371][  0]LogConfig: Setting CVar [[r.TranslucencyLightingVolumeDim:64]]
[2022.12.22-13.32.54:371][  0]LogConfig: Setting CVar [[r.RefractionQuality:2]]
[2022.12.22-13.32.54:371][  0]LogConfig: Setting CVar [[r.SSR.Quality:3]]
[2022.12.22-13.32.54:371][  0]LogConfig: Setting CVar [[r.SSR.HalfResSceneColor:0]]
[2022.12.22-13.32.54:371][  0]LogConfig: Setting CVar [[r.SceneColorFormat:4]]
[2022.12.22-13.32.54:371][  0]LogConfig: Setting CVar [[r.DetailMode:2]]
[2022.12.22-13.32.54:371][  0]LogConfig: Setting CVar [[r.TranslucencyVolumeBlur:1]]
[2022.12.22-13.32.54:371][  0]LogConfig: Setting CVar [[r.MaterialQualityLevel:1 ; High quality]]
[2022.12.22-13.32.54:371][  0]LogConfig: Setting CVar [[r.AnisotropicMaterials:1]]
[2022.12.22-13.32.54:371][  0]LogConfig: Setting CVar [[r.SSS.Scale:1]]
[2022.12.22-13.32.54:371][  0]LogConfig: Setting CVar [[r.SSS.SampleSet:2]]
[2022.12.22-13.32.54:371][  0]LogConfig: Setting CVar [[r.SSS.Quality:1]]
[2022.12.22-13.32.54:371][  0]LogConfig: Setting CVar [[r.SSS.HalfRes:0]]
[2022.12.22-13.32.54:371][  0]LogConfig: Setting CVar [[r.SSGI.Quality:3]]
[2022.12.22-13.32.54:371][  0]LogConfig: Setting CVar [[r.EmitterSpawnRateScale:1.0]]
[2022.12.22-13.32.54:371][  0]LogConfig: Setting CVar [[r.ParticleLightQuality:2]]
[2022.12.22-13.32.54:371][  0]LogConfig: Setting CVar [[r.SkyAtmosphere.AerialPerspectiveLUT.FastApplyOnOpaque:1 ; Always have FastSkyLUT 1 in this case to avoid wrong sky]]
[2022.12.22-13.32.54:371][  0]LogConfig: Setting CVar [[r.SkyAtmosphere.AerialPerspectiveLUT.SampleCountMaxPerSlice:4]]
[2022.12.22-13.32.54:371][  0]LogConfig: Setting CVar [[r.SkyAtmosphere.AerialPerspectiveLUT.DepthResolution:16.0]]
[2022.12.22-13.32.54:371][  0]LogConfig: Setting CVar [[r.SkyAtmosphere.FastSkyLUT:1]]
[2022.12.22-13.32.54:371][  0]LogConfig: Setting CVar [[r.SkyAtmosphere.FastSkyLUT.SampleCountMin:4.0]]
[2022.12.22-13.32.54:371][  0]LogConfig: Setting CVar [[r.SkyAtmosphere.FastSkyLUT.SampleCountMax:128.0]]
[2022.12.22-13.32.54:371][  0]LogConfig: Setting CVar [[r.SkyAtmosphere.SampleCountMin:4.0]]
[2022.12.22-13.32.54:371][  0]LogConfig: Setting CVar [[r.SkyAtmosphere.SampleCountMax:128.0]]
[2022.12.22-13.32.54:371][  0]LogConfig: Setting CVar [[r.SkyAtmosphere.TransmittanceLUT.UseSmallFormat:0]]
[2022.12.22-13.32.54:371][  0]LogConfig: Setting CVar [[r.SkyAtmosphere.TransmittanceLUT.SampleCount:10.0]]
[2022.12.22-13.32.54:371][  0]LogConfig: Setting CVar [[r.SkyAtmosphere.MultiScatteringLUT.SampleCount:15.0]]
[2022.12.22-13.32.54:371][  0]LogConfig: Setting CVar [[r.SkyLight.RealTimeReflectionCapture:1]]
[2022.12.22-13.32.54:371][  0]LogConfig: Applying CVar settings from Section [FoliageQuality@3] File [C:/Users/bosso/OneDrive/Документы/Unreal Projects/FormatGame/Saved/Config/Windows/Scalability.ini]
[2022.12.22-13.32.54:371][  0]LogConfig: Setting CVar [[foliage.DensityScale:1.0]]
[2022.12.22-13.32.54:371][  0]LogConfig: Setting CVar [[grass.DensityScale:1.0]]
[2022.12.22-13.32.54:371][  0]LogConfig: Applying CVar settings from Section [ShadingQuality@3] File [C:/Users/bosso/OneDrive/Документы/Unreal Projects/FormatGame/Saved/Config/Windows/Scalability.ini]
[2022.12.22-13.32.54:371][  0]LogConfig: Setting CVar [[r.HairStrands.SkyLighting.IntegrationType:2]]
[2022.12.22-13.32.54:371][  0]LogConfig: Setting CVar [[r.HairStrands.SkyAO.SampleCount:4]]
[2022.12.22-13.32.54:371][  0]LogConfig: Setting CVar [[r.HairStrands.Visibility.MSAA.SamplePerPixel:4]]
[2022.12.22-13.32.54:372][  0]LogInit: Selected Device Profile: [Windows]
[2022.12.22-13.32.54:372][  0]LogInit: Applying CVar settings loaded from the selected device profile: [Windows]
[2022.12.22-13.32.54:372][  0]LogHAL: Display: Platform has ~ 6 GB [6312214528 / 8589934592 / 6], which maps to Smaller [LargestMinGB=32, LargerMinGB=12, DefaultMinGB=8, SmallerMinGB=6, SmallestMinGB=0)
[2022.12.22-13.32.54:372][  0]LogInit: Going up to parent DeviceProfile []
[2022.12.22-13.32.54:372][  0]LogConfig: Applying CVar settings from Section [ViewDistanceQuality@3] File [C:/Users/bosso/OneDrive/Документы/Unreal Projects/FormatGame/Saved/Config/Windows/Scalability.ini]
[2022.12.22-13.32.54:372][  0]LogConfig: Setting CVar [[r.SkeletalMeshLODBias:0]]
[2022.12.22-13.32.54:372][  0]LogConfig: Setting CVar [[r.ViewDistanceScale:1.0]]
[2022.12.22-13.32.54:372][  0]LogConfig: Applying CVar settings from Section [AntiAliasingQuality@3] File [C:/Users/bosso/OneDrive/Документы/Unreal Projects/FormatGame/Saved/Config/Windows/Scalability.ini]
[2022.12.22-13.32.54:372][  0]LogConfig: Setting CVar [[r.PostProcessAAQuality:4]]
[2022.12.22-13.32.54:372][  0]LogConfig: Applying CVar settings from Section [ShadowQuality@3] File [C:/Users/bosso/OneDrive/Документы/Unreal Projects/FormatGame/Saved/Config/Windows/Scalability.ini]
[2022.12.22-13.32.54:372][  0]LogConfig: Setting CVar [[r.LightFunctionQuality:1]]
[2022.12.22-13.32.54:372][  0]LogConfig: Setting CVar [[r.ShadowQuality:5]]
[2022.12.22-13.32.54:372][  0]LogConfig: Setting CVar [[r.Shadow.CSM.MaxCascades:10]]
[2022.12.22-13.32.54:372][  0]LogConfig: Setting CVar [[r.Shadow.MaxResolution:2048]]
[2022.12.22-13.32.54:372][  0]LogConfig: Setting CVar [[r.Shadow.MaxCSMResolution:2048]]
[2022.12.22-13.32.54:372][  0]LogConfig: Setting CVar [[r.Shadow.RadiusThreshold:0.01]]
[2022.12.22-13.32.54:372][  0]LogConfig: Setting CVar [[r.Shadow.DistanceScale:1.0]]
[2022.12.22-13.32.54:372][  0]LogConfig: Setting CVar [[r.Shadow.CSM.TransitionScale:1.0]]
[2022.12.22-13.32.54:372][  0]LogConfig: Setting CVar [[r.Shadow.PreShadowResolutionFactor:1.0]]
[2022.12.22-13.32.54:372][  0]LogConfig: Setting CVar [[r.DistanceFieldShadowing:1]]
[2022.12.22-13.32.54:372][  0]LogConfig: Setting CVar [[r.DistanceFieldAO:1]]
[2022.12.22-13.32.54:372][  0]LogConfig: Setting CVar [[r.AOQuality:2]]
[2022.12.22-13.32.54:372][  0]LogConfig: Setting CVar [[r.VolumetricFog:1]]
[2022.12.22-13.32.54:372][  0]LogConfig: Setting CVar [[r.VolumetricFog.GridPixelSize:8]]
[2022.12.22-13.32.54:372][  0]LogConfig: Setting CVar [[r.VolumetricFog.GridSizeZ:128]]
[2022.12.22-13.32.54:372][  0]LogConfig: Setting CVar [[r.VolumetricFog.HistoryMissSupersampleCount:4]]
[2022.12.22-13.32.54:372][  0]LogConfig: Setting CVar [[r.LightMaxDrawDistanceScale:1]]
[2022.12.22-13.32.54:372][  0]LogConfig: Setting CVar [[r.CapsuleShadows:1]]
[2022.12.22-13.32.54:372][  0]LogConfig: Applying CVar settings from Section [PostProcessQuality@3] File [C:/Users/bosso/OneDrive/Документы/Unreal Projects/FormatGame/Saved/Config/Windows/Scalability.ini]
[2022.12.22-13.32.54:372][  0]LogConfig: Setting CVar [[r.MotionBlurQuality:4]]
[2022.12.22-13.32.54:373][  0]LogConfig: Setting CVar [[r.AmbientOcclusionMipLevelFactor:0.4]]
[2022.12.22-13.32.54:373][  0]LogConfig: Setting CVar [[r.AmbientOcclusionMaxQuality:100]]
[2022.12.22-13.32.54:373][  0]LogConfig: Setting CVar [[r.AmbientOcclusionLevels:-1]]
[2022.12.22-13.32.54:373][  0]LogConfig: Setting CVar [[r.AmbientOcclusionRadiusScale:1.0]]
[2022.12.22-13.32.54:373][  0]LogConfig: Setting CVar [[r.DepthOfFieldQuality:2]]
[2022.12.22-13.32.54:373][  0]LogConfig: Setting CVar [[r.RenderTargetPoolMin:400]]
[2022.12.22-13.32.54:373][  0]LogConfig: Setting CVar [[r.LensFlareQuality:2]]
[2022.12.22-13.32.54:373][  0]LogConfig: Setting CVar [[r.SceneColorFringeQuality:1]]
[2022.12.22-13.32.54:373][  0]LogConfig: Setting CVar [[r.EyeAdaptationQuality:2]]
[2022.12.22-13.32.54:373][  0]LogConfig: Setting CVar [[r.BloomQuality:5]]
[2022.12.22-13.32.54:373][  0]LogConfig: Setting CVar [[r.FastBlurThreshold:100]]
[2022.12.22-13.32.54:373][  0]LogConfig: Setting CVar [[r.Upscale.Quality:3]]
[2022.12.22-13.32.54:373][  0]LogConfig: Setting CVar [[r.Tonemapper.GrainQuantization:1]]
[2022.12.22-13.32.54:373][  0]LogConfig: Setting CVar [[r.LightShaftQuality:1]]
[2022.12.22-13.32.54:373][  0]LogConfig: Setting CVar [[r.Filter.SizeScale:1]]
[2022.12.22-13.32.54:373][  0]LogConfig: Setting CVar [[r.Tonemapper.Quality:5]]
[2022.12.22-13.32.54:373][  0]LogConfig: Setting CVar [[r.DOF.Gather.AccumulatorQuality:1        ; higher gathering accumulator quality]]
[2022.12.22-13.32.54:373][  0]LogConfig: Setting CVar [[r.DOF.Gather.PostfilterMethod:1          ; Median3x3 postfilering method]]
[2022.12.22-13.32.54:373][  0]LogConfig: Setting CVar [[r.DOF.Gather.EnableBokehSettings:0       ; no bokeh simulation when gathering]]
[2022.12.22-13.32.54:373][  0]LogConfig: Setting CVar [[r.DOF.Gather.RingCount:4                 ; medium number of samples when gathering]]
[2022.12.22-13.32.54:373][  0]LogConfig: Setting CVar [[r.DOF.Scatter.ForegroundCompositing:1    ; additive foreground scattering]]
[2022.12.22-13.32.54:373][  0]LogConfig: Setting CVar [[r.DOF.Scatter.BackgroundCompositing:2    ; additive background scattering]]
[2022.12.22-13.32.54:373][  0]LogConfig: Setting CVar [[r.DOF.Scatter.EnableBokehSettings:1      ; bokeh simulation when scattering]]
[2022.12.22-13.32.54:373][  0]LogConfig: Setting CVar [[r.DOF.Scatter.MaxSpriteRatio:0.1         ; only a maximum of 10% of scattered bokeh]]
[2022.12.22-13.32.54:373][  0]LogConfig: Setting CVar [[r.DOF.Recombine.Quality:1                ; cheap slight out of focus]]
[2022.12.22-13.32.54:373][  0]LogConfig: Setting CVar [[r.DOF.Recombine.EnableBokehSettings:0    ; no bokeh simulation on slight out of focus]]
[2022.12.22-13.32.54:373][  0]LogConfig: Setting CVar [[r.DOF.TemporalAAQuality:1                ; more stable temporal accumulation]]
[2022.12.22-13.32.54:373][  0]LogConfig: Setting CVar [[r.DOF.Kernel.MaxForegroundRadius:0.025]]
[2022.12.22-13.32.54:373][  0]LogConfig: Setting CVar [[r.DOF.Kernel.MaxBackgroundRadius:0.025]]
[2022.12.22-13.32.54:373][  0]LogConfig: Applying CVar settings from Section [TextureQuality@3] File [C:/Users/bosso/OneDrive/Документы/Unreal Projects/FormatGame/Saved/Config/Windows/Scalability.ini]
[2022.12.22-13.32.54:373][  0]LogConfig: Setting CVar [[r.Streaming.MipBias:0]]
[2022.12.22-13.32.54:373][  0]LogConfig: Setting CVar [[r.Streaming.AmortizeCPUToGPUCopy:0]]
[2022.12.22-13.32.54:373][  0]LogConfig: Setting CVar [[r.Streaming.MaxNumTexturesToStreamPerFrame:0]]
[2022.12.22-13.32.54:373][  0]LogConfig: Setting CVar [[r.Streaming.Boost:1]]
[2022.12.22-13.32.54:373][  0]LogConfig: Setting CVar [[r.MaxAnisotropy:8]]
[2022.12.22-13.32.54:373][  0]LogConfig: Setting CVar [[r.VT.MaxAnisotropy:8]]
[2022.12.22-13.32.54:373][  0]LogConfig: Setting CVar [[r.Streaming.LimitPoolSizeToVRAM:0]]
[2022.12.22-13.32.54:373][  0]LogConfig: Setting CVar [[r.Streaming.PoolSize:1000]]
[2022.12.22-13.32.54:373][  0]LogConfig: Setting CVar [[r.Streaming.MaxEffectiveScreenSize:0]]
[2022.12.22-13.32.54:373][  0]LogConfig: Applying CVar settings from Section [EffectsQuality@3] File [C:/Users/bosso/OneDrive/Документы/Unreal Projects/FormatGame/Saved/Config/Windows/Scalability.ini]
[2022.12.22-13.32.54:373][  0]LogConfig: Setting CVar [[r.TranslucencyLightingVolumeDim:64]]
[2022.12.22-13.32.54:373][  0]LogConfig: Setting CVar [[r.RefractionQuality:2]]
[2022.12.22-13.32.54:374][  0]LogConfig: Setting CVar [[r.SSR.Quality:3]]
[2022.12.22-13.32.54:374][  0]LogConfig: Setting CVar [[r.SSR.HalfResSceneColor:0]]
[2022.12.22-13.32.54:374][  0]LogConfig: Setting CVar [[r.SceneColorFormat:4]]
[2022.12.22-13.32.54:374][  0]LogConfig: Setting CVar [[r.DetailMode:2]]
[2022.12.22-13.32.54:374][  0]LogConfig: Setting CVar [[r.TranslucencyVolumeBlur:1]]
[2022.12.22-13.32.54:374][  0]LogConfig: Setting CVar [[r.MaterialQualityLevel:1 ; High quality]]
[2022.12.22-13.32.54:374][  0]LogConfig: Setting CVar [[r.AnisotropicMaterials:1]]
[2022.12.22-13.32.54:374][  0]LogConfig: Setting CVar [[r.SSS.Scale:1]]
[2022.12.22-13.32.54:374][  0]LogConfig: Setting CVar [[r.SSS.SampleSet:2]]
[2022.12.22-13.32.54:374][  0]LogConfig: Setting CVar [[r.SSS.Quality:1]]
[2022.12.22-13.32.54:374][  0]LogConfig: Setting CVar [[r.SSS.HalfRes:0]]
[2022.12.22-13.32.54:374][  0]LogConfig: Setting CVar [[r.SSGI.Quality:3]]
[2022.12.22-13.32.54:374][  0]LogConfig: Setting CVar [[r.EmitterSpawnRateScale:1.0]]
[2022.12.22-13.32.54:374][  0]LogConfig: Setting CVar [[r.ParticleLightQuality:2]]
[2022.12.22-13.32.54:374][  0]LogConfig: Setting CVar [[r.SkyAtmosphere.AerialPerspectiveLUT.FastApplyOnOpaque:1 ; Always have FastSkyLUT 1 in this case to avoid wrong sky]]
[2022.12.22-13.32.54:374][  0]LogConfig: Setting CVar [[r.SkyAtmosphere.AerialPerspectiveLUT.SampleCountMaxPerSlice:4]]
[2022.12.22-13.32.54:374][  0]LogConfig: Setting CVar [[r.SkyAtmosphere.AerialPerspectiveLUT.DepthResolution:16.0]]
[2022.12.22-13.32.54:374][  0]LogConfig: Setting CVar [[r.SkyAtmosphere.FastSkyLUT:1]]
[2022.12.22-13.32.54:374][  0]LogConfig: Setting CVar [[r.SkyAtmosphere.FastSkyLUT.SampleCountMin:4.0]]
[2022.12.22-13.32.54:374][  0]LogConfig: Setting CVar [[r.SkyAtmosphere.FastSkyLUT.SampleCountMax:128.0]]
[2022.12.22-13.32.54:374][  0]LogConfig: Setting CVar [[r.SkyAtmosphere.SampleCountMin:4.0]]
[2022.12.22-13.32.54:374][  0]LogConfig: Setting CVar [[r.SkyAtmosphere.SampleCountMax:128.0]]
[2022.12.22-13.32.54:374][  0]LogConfig: Setting CVar [[r.SkyAtmosphere.TransmittanceLUT.UseSmallFormat:0]]
[2022.12.22-13.32.54:374][  0]LogConfig: Setting CVar [[r.SkyAtmosphere.TransmittanceLUT.SampleCount:10.0]]
[2022.12.22-13.32.54:374][  0]LogConfig: Setting CVar [[r.SkyAtmosphere.MultiScatteringLUT.SampleCount:15.0]]
[2022.12.22-13.32.54:374][  0]LogConfig: Setting CVar [[r.SkyLight.RealTimeReflectionCapture:1]]
[2022.12.22-13.32.54:374][  0]LogConfig: Applying CVar settings from Section [FoliageQuality@3] File [C:/Users/bosso/OneDrive/Документы/Unreal Projects/FormatGame/Saved/Config/Windows/Scalability.ini]
[2022.12.22-13.32.54:374][  0]LogConfig: Setting CVar [[foliage.DensityScale:1.0]]
[2022.12.22-13.32.54:374][  0]LogConfig: Setting CVar [[grass.DensityScale:1.0]]
[2022.12.22-13.32.54:374][  0]LogConfig: Applying CVar settings from Section [ShadingQuality@3] File [C:/Users/bosso/OneDrive/Документы/Unreal Projects/FormatGame/Saved/Config/Windows/Scalability.ini]
[2022.12.22-13.32.54:374][  0]LogConfig: Setting CVar [[r.HairStrands.SkyLighting.IntegrationType:2]]
[2022.12.22-13.32.54:374][  0]LogConfig: Setting CVar [[r.HairStrands.SkyAO.SampleCount:4]]
[2022.12.22-13.32.54:374][  0]LogConfig: Setting CVar [[r.HairStrands.Visibility.MSAA.SamplePerPixel:4]]
[2022.12.22-13.32.54:374][  0]LogConfig: Applying CVar settings from Section [Startup] File [../../../Engine/Config/ConsoleVariables.ini]
[2022.12.22-13.32.54:377][  0]LogConfig: Setting CVar [[net.UseAdaptiveNetUpdateFrequency:0]]
[2022.12.22-13.32.54:377][  0]LogConfig: Setting CVar [[p.chaos.AllowCreatePhysxBodies:1]]
[2022.12.22-13.32.54:377][  0]LogConfig: Setting CVar [[fx.SkipVectorVMBackendOptimizations:1]]
[2022.12.22-13.32.54:377][  0]LogConfig: Applying CVar settings from Section [ConsoleVariables] File [C:/Users/bosso/OneDrive/Документы/Unreal Projects/FormatGame/Saved/Config/Windows/Engine.ini]
[2022.12.22-13.32.54:377][  0]LogConfig: Applying CVar settings from Section [ConsoleVariables] File [C:/Users/bosso/OneDrive/Документы/Unreal Projects/FormatGame/Saved/Config/Windows/Editor.ini]
[2022.12.22-13.32.54:379][  0]LogInit: Computer: DESKTOP-PQ0OQ6V
[2022.12.22-13.32.54:380][  0]LogInit: User: bosso
[2022.12.22-13.32.54:380][  0]LogInit: CPU Page size=4096, Cores=4
[2022.12.22-13.32.54:380][  0]LogInit: High frequency timer resolution =10.000000 MHz
[2022.12.22-13.32.54:380][  0]LogMemory: Memory total: Physical=5.9GB (6GB approx)
[2022.12.22-13.32.54:380][  0]LogMemory: Platform Memory Stats for Windows
[2022.12.22-13.32.54:380][  0]LogMemory: Process Physical Memory: 144.91 MB used, 144.91 MB peak
[2022.12.22-13.32.54:380][  0]LogMemory: Process Virtual Memory: 129.55 MB used, 129.55 MB peak
[2022.12.22-13.32.54:380][  0]LogMemory: Physical Memory: 4820.32 MB used,  1199.47 MB free, 6019.80 MB total
[2022.12.22-13.32.54:380][  0]LogMemory: Virtual Memory: 134208648.00 MB used,  9078.07 MB free, 134217728.00 MB total
[2022.12.22-13.32.54:431][  0]LogWindows: WindowsPlatformFeatures enabled
[2022.12.22-13.32.54:587][  0]LogInit: Physics initialised using underlying interface: PhysX
[2022.12.22-13.32.54:592][  0]LogInit: Using OS detected language (ru-RU).
[2022.12.22-13.32.54:593][  0]LogInit: Using OS detected locale (ru-RU).
[2022.12.22-13.32.54:636][  0]LogTextLocalizationManager: No specific localization for 'ru-RU' exists, so the 'ru' localization will be used.
[2022.12.22-13.32.54:637][  0]LogTextLocalizationResource: LocRes '../../../Engine/Content/Localization/Editor/ru/Editor.locres' could not be opened for reading!
[2022.12.22-13.32.54:637][  0]LogTextLocalizationResource: LocRes '../../../Engine/Content/Localization/EditorTutorials/ru/EditorTutorials.locres' could not be opened for reading!
[2022.12.22-13.32.54:638][  0]LogTextLocalizationResource: LocRes '../../../Engine/Content/Localization/Keywords/ru/Keywords.locres' could not be opened for reading!
[2022.12.22-13.32.54:638][  0]LogTextLocalizationResource: LocRes '../../../Engine/Content/Localization/Category/ru/Category.locres' could not be opened for reading!
[2022.12.22-13.32.54:639][  0]LogTextLocalizationResource: LocRes '../../../Engine/Content/Localization/ToolTips/ru/ToolTips.locres' could not be opened for reading!
[2022.12.22-13.32.54:640][  0]LogTextLocalizationResource: LocRes '../../../Engine/Content/Localization/PropertyNames/ru/PropertyNames.locres' could not be opened for reading!
[2022.12.22-13.32.54:641][  0]LogTextLocalizationResource: LocRes '../../../Engine/Content/Localization/Engine/ru/Engine.locres' could not be opened for reading!
[2022.12.22-13.32.54:646][  0]LogInit: Setting process to per monitor DPI aware
[2022.12.22-13.32.54:687][  0]LogWindowsTextInputMethodSystem: Display: IME system deactivated.
[2022.12.22-13.32.54:752][  0]LogSlate: New Slate User Created.  User Index 0, Is Virtual User: 0
[2022.12.22-13.32.54:752][  0]LogSlate: Slate User Registered.  User Index 0, Is Virtual User: 0
[2022.12.22-13.32.55:355][  0]LogD3D11RHI: Loaded GFSDK_Aftermath_Lib.x64.dll
[2022.12.22-13.32.55:366][  0]LogHMD: Failed to initialize OpenVR with code 110
[2022.12.22-13.32.55:366][  0]LogD3D11RHI: D3D11 min allowed feature level: 11_0
[2022.12.22-13.32.55:366][  0]LogD3D11RHI: D3D11 max allowed feature level: 11_0
[2022.12.22-13.32.55:366][  0]LogD3D11RHI: D3D11 adapters:
[2022.12.22-13.32.55:431][  0]LogD3D11RHI:    0. 'AMD Radeon(TM) Vega 8 Graphics' (Feature Level 11_0)
[2022.12.22-13.32.55:431][  0]LogD3D11RHI:       2033/0/3009 MB DedicatedVideo/DedicatedSystem/SharedSystem, Outputs:2, VendorId:0x1002
[2022.12.22-13.32.55:446][  0]LogD3D11RHI:    1. 'Microsoft Basic Render Driver' (Feature Level 11_0)
[2022.12.22-13.32.55:446][  0]LogD3D11RHI:       0/0/3009 MB DedicatedVideo/DedicatedSystem/SharedSystem, Outputs:0, VendorId:0x1414
[2022.12.22-13.32.55:446][  0]LogD3D11RHI: Chosen D3D11 Adapter:
[2022.12.22-13.32.55:446][  0]LogD3D11RHI:     Description : AMD Radeon(TM) Vega 8 Graphics
[2022.12.22-13.32.55:446][  0]LogD3D11RHI:     VendorId    : 1002
[2022.12.22-13.32.55:446][  0]LogD3D11RHI:     DeviceId    : 15d8
[2022.12.22-13.32.55:446][  0]LogD3D11RHI:     SubSysId    : 380417aa
[2022.12.22-13.32.55:446][  0]LogD3D11RHI:     Revision    : 00c2
[2022.12.22-13.32.55:446][  0]LogD3D11RHI:     DedicatedVideoMemory : 2132135936 bytes
[2022.12.22-13.32.55:446][  0]LogD3D11RHI:     DedicatedSystemMemory : 0 bytes
[2022.12.22-13.32.55:447][  0]LogD3D11RHI:     SharedSystemMemory : 3156107264 bytes
[2022.12.22-13.32.55:447][  0]LogD3D11RHI:     AdapterLuid : 0 67351
[2022.12.22-13.32.55:468][  0]LogD3D11RHI: Creating new Direct3DDevice
[2022.12.22-13.32.55:468][  0]LogD3D11RHI:     GPU DeviceId: 0x15d8 (for the marketing name, search the web for "GPU Device Id")
[2022.12.22-13.32.55:468][  0]LogWindows: EnumDisplayDevices:
[2022.12.22-13.32.55:468][  0]LogWindows:    0. 'AMD Radeon(TM) Vega 8 Graphics' (P:1 D:1)
[2022.12.22-13.32.55:469][  0]LogWindows:    1. 'AMD Radeon(TM) Vega 8 Graphics' (P:0 D:1)
[2022.12.22-13.32.55:470][  0]LogWindows:    2. 'AMD Radeon(TM) Vega 8 Graphics' (P:0 D:0)
[2022.12.22-13.32.55:472][  0]LogWindows:    3. 'AMD Radeon(TM) Vega 8 Graphics' (P:0 D:0)
[2022.12.22-13.32.55:473][  0]LogWindows: DebugString: FoundDriverCount:4 
[2022.12.22-13.32.55:473][  0]LogD3D11RHI:     Adapter Name: AMD Radeon(TM) Vega 8 Graphics
[2022.12.22-13.32.55:473][  0]LogD3D11RHI:   Driver Version: Adrenalin 20.10.28.10 (internal:27.20.11028.10001, unified:27.20.11028.10001)
[2022.12.22-13.32.55:473][  0]LogD3D11RHI:      Driver Date: 11-19-2020
[2022.12.22-13.32.55:473][  0]LogRHI: Texture pool is 3177 MB (70% of 4538 MB)
[2022.12.22-13.32.55:511][  0]LogD3D11RHI: Creating D3DDevice with AMD AGS, using adapter:
[2022.12.22-13.32.55:511][  0]LogD3D11RHI:     Description : AMD Radeon(TM) Vega 8 Graphics
[2022.12.22-13.32.55:511][  0]LogD3D11RHI:     VendorId    : 1002
[2022.12.22-13.32.55:511][  0]LogD3D11RHI:     DeviceId    : 15d8
[2022.12.22-13.32.55:511][  0]LogD3D11RHI:     SubSysId    : 380417aa
[2022.12.22-13.32.55:511][  0]LogD3D11RHI:     Revision    : 00c2
[2022.12.22-13.32.55:511][  0]LogD3D11RHI:     DedicatedVideoMemory : 2132135936 bytes
[2022.12.22-13.32.55:511][  0]LogD3D11RHI:     DedicatedSystemMemory : 0 bytes
[2022.12.22-13.32.55:511][  0]LogD3D11RHI:     SharedSystemMemory : 3156107264 bytes
[2022.12.22-13.32.55:511][  0]LogD3D11RHI:     AdapterLuid : 0 67351
[2022.12.22-13.32.55:558][  0]LogD3D11RHI: Created device via AGS, feature level 11_0, supported extensions 1fffffbf.
[2022.12.22-13.32.55:558][  0]LogD3D11RHI: RHI has support for 64 bit atomics
[2022.12.22-13.32.55:558][  0]LogD3D11RHI: Async texture creation enabled
[2022.12.22-13.32.55:558][  0]LogD3D11RHI: Array index from any shader is supported
[2022.12.22-13.32.55:558][  0]LogD3D11RHI: HDR output is supported on display 1 (AMD Device: 0x0, Display: 0x1).
[2022.12.22-13.32.55:578][  0]LogD3D11RHI: GPU Timing Frequency: 25.000000 (Debug: 2 1)
[2022.12.22-13.32.57:211][  0]LogTargetPlatformManager: Display: Loaded TargetPlatform 'AllDesktop'
[2022.12.22-13.32.57:268][  0]LogTargetPlatformManager: Display: Loaded TargetPlatform 'Android'
[2022.12.22-13.32.57:268][  0]LogTargetPlatformManager: Display: Loaded TargetPlatform 'Android_ASTC'
[2022.12.22-13.32.57:268][  0]LogTargetPlatformManager: Display: Loaded TargetPlatform 'Android_DXT'
[2022.12.22-13.32.57:268][  0]LogTargetPlatformManager: Display: Loaded TargetPlatform 'Android_ETC2'
[2022.12.22-13.32.57:268][  0]LogTargetPlatformManager: Display: Loaded TargetPlatform 'AndroidClient'
[2022.12.22-13.32.57:268][  0]LogTargetPlatformManager: Display: Loaded TargetPlatform 'Android_ASTCClient'
[2022.12.22-13.32.57:268][  0]LogTargetPlatformManager: Display: Loaded TargetPlatform 'Android_DXTClient'
[2022.12.22-13.32.57:268][  0]LogTargetPlatformManager: Display: Loaded TargetPlatform 'Android_ETC2Client'
[2022.12.22-13.32.57:268][  0]LogTargetPlatformManager: Display: Loaded TargetPlatform 'Android_Multi'
[2022.12.22-13.32.57:268][  0]LogTargetPlatformManager: Display: Loaded TargetPlatform 'Android_MultiClient'
[2022.12.22-13.32.57:331][  0]LogTargetPlatformManager: Display: Loaded TargetPlatform 'IOSClient'
[2022.12.22-13.32.57:331][  0]LogTargetPlatformManager: Display: Loaded TargetPlatform 'IOS'
[2022.12.22-13.32.57:370][  0]LogTargetPlatformManager: Display: Loaded TargetPlatform 'Linux'
[2022.12.22-13.32.57:402][  0]LogTargetPlatformManager: Display: Loaded TargetPlatform 'LinuxNoEditor'
[2022.12.22-13.32.57:425][  0]LogTargetPlatformManager: Display: Loaded TargetPlatform 'LinuxClient'
[2022.12.22-13.32.57:447][  0]LogTargetPlatformManager: Display: Loaded TargetPlatform 'LinuxServer'
[2022.12.22-13.32.57:485][  0]LogTargetPlatformManager: Display: Loaded TargetPlatform 'LinuxAArch64NoEditor'
[2022.12.22-13.32.57:503][  0]LogTargetPlatformManager: Display: Loaded TargetPlatform 'LinuxAArch64Client'
[2022.12.22-13.32.57:522][  0]LogTargetPlatformManager: Display: Loaded TargetPlatform 'LinuxAArch64Server'
[2022.12.22-13.32.57:604][  0]LogTargetPlatformManager: Display: Loaded TargetPlatform 'Lumin'
[2022.12.22-13.32.57:604][  0]LogTargetPlatformManager: Display: Loaded TargetPlatform 'LuminClient'
[2022.12.22-13.32.57:644][  0]LogTargetPlatformManager: Display: Loaded TargetPlatform 'MacNoEditor'
[2022.12.22-13.32.57:668][  0]LogTargetPlatformManager: Display: Loaded TargetPlatform 'Mac'
[2022.12.22-13.32.57:685][  0]LogTargetPlatformManager: Display: Loaded TargetPlatform 'MacClient'
[2022.12.22-13.32.57:702][  0]LogTargetPlatformManager: Display: Loaded TargetPlatform 'MacServer'
[2022.12.22-13.32.57:738][  0]LogTargetPlatformManager: Display: Loaded TargetPlatform 'TVOSClient'
[2022.12.22-13.32.57:738][  0]LogTargetPlatformManager: Display: Loaded TargetPlatform 'TVOS'
[2022.12.22-13.32.57:765][  0]LogTargetPlatformManager: Display: Loaded TargetPlatform 'WindowsNoEditor'
[2022.12.22-13.32.57:784][  0]LogTargetPlatformManager: Display: Loaded TargetPlatform 'Windows'
[2022.12.22-13.32.57:801][  0]LogTargetPlatformManager: Display: Loaded TargetPlatform 'WindowsClient'
[2022.12.22-13.32.57:821][  0]LogTargetPlatformManager: Display: Loaded TargetPlatform 'WindowsServer'
[2022.12.22-13.32.57:821][  0]LogTargetPlatformManager: Display: Building Assets For Windows
[2022.12.22-13.32.57:860][  0]LogAudioDebug: Display: Lib vorbis DLL was dynamically loaded.
[2022.12.22-13.32.58:074][  0]LogTextureFormatOodle: Display: Oodle Texture 2.9.0 init RDO Off
[2022.12.22-13.32.58:247][  0]LogRendererCore: Ray tracing is disabled. Reason: r.RayTracing=0.
[2022.12.22-13.32.58:247][  0]LogShaderCompilers: Guid format shader working directory is -30 characters bigger than the processId version (../../../../../../Users/bosso/OneDrive/Документы/Unreal Projects/FormatGame/Intermediate/Shaders/WorkingDirectory/11968/).
[2022.12.22-13.32.58:247][  0]LogShaderCompilers: Cleaned the shader compiler working directory 'C:/Users/bosso/AppData/Local/Temp/UnrealShaderWorkingDir/E8A9B02146A2C4A32F8BB09F70E09015/'.
[2022.12.22-13.32.58:248][  0]LogXGEController: Cannot use XGE Controller as Incredibuild is not installed on this machine.
[2022.12.22-13.32.58:248][  0]LogShaderCompilers: Cannot use XGE Shader Compiler as Incredibuild is not installed on this machine.
[2022.12.22-13.32.58:248][  0]LogShaderCompilers: Display: Using Local Shader Compiler.
[2022.12.22-13.32.59:956][  0]LogDerivedDataCache: Display: Max Cache Size: 512 MB
[2022.12.22-13.33.00:115][  0]LogDerivedDataCache: Loaded boot cache 0.16s 94MB C:/Users/bosso/AppData/Local/UnrealEngine/4.27/DerivedDataCache/Boot.ddc.
[2022.12.22-13.33.00:116][  0]LogDerivedDataCache: Display: Loaded Boot cache: C:/Users/bosso/AppData/Local/UnrealEngine/4.27/DerivedDataCache/Boot.ddc
[2022.12.22-13.33.00:116][  0]LogDerivedDataCache: FDerivedDataBackendGraph:  Pak pak cache file ../../../../../../Users/bosso/OneDrive/Документы/Unreal Projects/FormatGame/DerivedDataCache/DDC.ddp not found, will not use a pak cache.
[2022.12.22-13.33.00:116][  0]LogDerivedDataCache: Unable to find inner node Pak for hierarchical cache Hierarchy.
[2022.12.22-13.33.00:116][  0]LogDerivedDataCache: FDerivedDataBackendGraph:  CompressedPak pak cache file ../../../../../../Users/bosso/OneDrive/Документы/Unreal Projects/FormatGame/DerivedDataCache/Compressed.ddp not found, will not use a pak cache.
[2022.12.22-13.33.00:116][  0]LogDerivedDataCache: Unable to find inner node CompressedPak for hierarchical cache Hierarchy.
[2022.12.22-13.33.00:150][  0]LogDerivedDataCache: Display: Pak cache opened for reading ../../../Engine/DerivedDataCache/Compressed.ddp.
[2022.12.22-13.33.00:151][  0]LogDerivedDataCache: FDerivedDataBackendGraph:  EnterprisePak pak cache file ../../../Enterprise/DerivedDataCache/Compressed.ddp not found, will not use a pak cache.
[2022.12.22-13.33.00:151][  0]LogDerivedDataCache: Unable to find inner node EnterprisePak for hierarchical cache Hierarchy.
[2022.12.22-13.33.00:183][  0]LogDerivedDataCache: Speed tests for C:/Users/bosso/AppData/Local/UnrealEngine/Common/DerivedDataCache took 0.03 seconds
[2022.12.22-13.33.00:183][  0]LogDerivedDataCache: Display: Performance to C:/Users/bosso/AppData/Local/UnrealEngine/Common/DerivedDataCache: Latency=0.40ms. RandomReadSpeed=113.28MBs, RandomWriteSpeed=49.53MBs. Assigned SpeedClass 'Local'
[2022.12.22-13.33.00:184][  0]LogDerivedDataCache: Using Local data cache path C:/Users/bosso/AppData/Local/UnrealEngine/Common/DerivedDataCache: Writable
[2022.12.22-13.33.00:185][  0]LogDerivedDataCache: Shared data cache path not found in *engine.ini, will not use an Shared cache.
[2022.12.22-13.33.00:185][  0]LogDerivedDataCache: Unable to find inner node Shared for hierarchical cache Hierarchy.
[2022.12.22-13.33.00:267][  0]LogSlate: Using FreeType 2.10.0
[2022.12.22-13.33.00:270][  0]LogSlate: SlateFontServices - WITH_FREETYPE: 1, WITH_HARFBUZZ: 1
[2022.12.22-13.33.00:322][  0]LogAssetRegistry: FAssetRegistry took 0.0075 seconds to start up
[2022.12.22-13.33.00:905][  0]LogInit: Selected Device Profile: [Windows]
[2022.12.22-13.33.00:906][  0]LogInit: Active device profile: [00000195E2251100][00000195E250C480 49] Windows
[2022.12.22-13.33.00:906][  0]LogInit: Profiles: [00000195E2251100][00000195E250C480 49] Windows, [00000195E2222400][00000195E2514600 49] WindowsNoEditor, [00000195E2252200][00000195E2518780 49] WindowsServer, [00000195E2221600][00000195E251C900 49] WindowsClient, [00000195E2251700][00000195E2510A40 49] IOS, [00000195E2222600][00000195E2520B80 49] iPadAir, [00000195E2253C00][00000195E2524CC0 49] iPadAir2, [00000195E21CD400][00000195E2530F80 49] IPadPro, [00000195E21CD500][00000195E252CFC0 49] iPadAir3, [00000195E2223700][00000195E2535140 49] iPadAir4, [00000195E21CE300][00000195E25392C0 49] iPadMini2, [00000195E2222E00][00000195E253D440 49] iPadMini3, [00000195E21CEF00][00000195E25415C0 49] iPadMini4, [00000195E2221B00][00000195E2545740 49] iPadMini5, [00000195E21F1000][00000195E254DA00 49] iPhone6, [00000195E21F1100][00000195E2549A40 49] iPodTouch6, [00000195E2253900][00000195E2554180 49] iPhone7, [00000195E2252900][00000195E25501C0 49] iPodTouch7, [00000195E21CD000][00000195E2558340 49] iPhone5S, [00000195E2252F00][00000195E255C4C0 49] iPhone6Plus, [00000195E21CF600][00000195E2560640 49] iPhone6S, [00000195E2250C00][00000195E25647C0 49] iPhone6SPlus, [00000195E2251D00][00000195E2568940 49] iPhone7Plus, [00000195E21F0800][00000195E256CAC0 49] iPhoneSE, [00000195E2250400][00000195E2528C00 49] iPhone8, [00000195E21F0900][00000195E2570D40 49] iPhone8Plus, [00000195E21F2E00][00000195E2574E80 49] iPhoneX, [00000195E21CDD00][00000195E2578FC0 49] iPhoneXS, [00000195E21F2700][00000195E2581140 49] iPhoneXSMax, [00000195E21CDC00][00000195E25852C0 49] iPhoneXR, [00000195E21F2800][00000195E2589440 49] iPhone11, [00000195E21CCF00][00000195E258D5C0 49] iPhone11Pro, [00000195E21F0B00][00000195E2591740 49] iPhone11ProMax, [00000195E21CCD00][00000195E25958C0 49] iPhoneSE2, [00000195E21F0E00][00000195E2599A40 49] iPhone12Mini, [00000195E2253800][00000195E259DBC0 49] iPhone12, [00000195E21F3000][00000195E25A01C0 49] iPhone12Pro, [00000195E2253700][00000195E25A4340 49] iPhone12ProMax, [00000195E21F1E00][00000195E25A84C0 49] iPadPro105, [00000195E2251300][00000195E25AC640 49] iPadPro129, [00000195E21F3E00][00000195E25B07C0 49] iPadPro97, [00000195E2251C00][00000195E25B4940 49] iPadPro2_129, [00000195E21F2000][00000195E25B8AC0 49] iPad5, [00000195E2252300][00000195E25BCC40 49] iPad6, [00000195E21F3B00][00000195E257CD80 49] iPad7, [00000195E2251E00][00000195E25C0EC0 49] iPad8, [00000195E21F0A00][00000195E25C5000 49] iPadPro11, [00000195E2252600][00000195E25C9140 49] iPadPro2_11, [00000195E21F0F00][00000195E25D12C0 49] iPadPro3_129, [00000195E2252800][00000195E25D5440 49] iPadPro4_129, [00000195E21F3C00][00000195E25D95C0 49] AppleTV, [00000195E2251A00][00000195E25DD740 49] AppleTV4K, [00000195E21F2600][00000195E25E18C0 49] TVOS, [00000195E2252100][00000195E25E5A40 49] Mac, [00000195E21F2F00][00000195E25E9BC0 49] MacClient, [00000195E2252A00][00000195E25EC1C0 49] MacNoEditor, [00000195E21F2C00][00000195E25F0340 49] MacServer, [00000195E2253000][00000195E25F44C0 49] Linux, [00000195E21F0400][00000195E25F8640 49] LinuxAArch64, [00000195E2250700][00000195E25FC7C0 49] LinuxNoEditor, [00000195E21F3700][00000195E2600940 49] LinuxAArch64NoEditor, [00000195E2253B00][00000195E2604AC0 49] LinuxClient, [00000195E21F3400][00000195E2608C40 49] LinuxAArch64Client, [00000195E2253E00][00000195E260CDC0 49] LinuxServer, [00000195E21F0700][00000195E2610F40 49] LinuxAArch64Server, [00000195E2251F00][00000195E25CD080 49] Android, [00000195E21F2A00][00000195E26151C0 49] Android_Low, [00000195E2252D00][00000195E2619300 49] Android_Mid, [00000195E21F1F00][00000195E2621480 49] Android_High, [00000195E2252B00][00000195E2625600 49] Android_Default, [00000195E21F0100][00000195E2629780 49] Android_Adreno4xx, [00000195E2250500][00000195E262D900 49] Android_Adreno5xx_Low, [00000195E21F1400][00000195E2631A80 49] Android_Adreno5xx, [00000195E2253400][00000195E2635C00 49] Android_Adreno6xx, [00000195E21F2300][00000195E2638200 49] Android_Adreno6xx_Vulkan, [00000195E2253D00][00000195E263C380 49] Android_Mali_T6xx, [00000195E21F0200][00000195E2640500 49] Android_Mali_T7xx, [00000195E2253600][00000195E2644680 49] Android_Mali_T8xx, [00000195E21F3200][00000195E2648800 49] Android_Mali_G71, [00000195E21CF100][00000195E264C980 49] Android_Mali_G72, [00000195E2222C00][00000195E2650B00 49] Android_Mali_G72_Vulkan, [00000195E21CEB00][00000195E2654C80 49] Android_Mali_G76, [00000195E2220500][00000195E2658E00 49] Android_Mali_G76_Vulkan, [00000195E21CCC00][00000195E265CF80 49] Android_Mali_G77, [00000195E2220600][00000195E2661100 49] Android_Mali_G77_Vulkan, [00000195E21CE400][00000195E261D240 49] Android_Mali_G78, [00000195E2220D00][00000195E2665380 49] Android_Mali_G78_Vulkan, [00000195E21CFD00][00000195E26694C0 49] Android_Mali_G710, [00000195E2222800][00000195E2671640 49] Android_Mali_G710_Vulkan, [00000195E21CEA00][00000195E26757C0 49] Android_Vulkan_SM5, [00000195E2221700][00000195E2679940 49] Android_PowerVR_G6xxx, [00000195E21CC500][00000195E267DAC0 49] Android_PowerVR_GT7xxx, [00000195E2220200][00000195E26800C0 49] Android_PowerVR_GE8xxx, [00000195E21CFB00][00000195E2684240 49] Android_PowerVR_GM9xxx, [00000195E2221E00][00000195E26883C0 49] Android_PowerVR_GM9xxx_Vulkan, [00000195E21CDF00][00000195E268C540 49] Android_TegraK1, [00000195E2220A00][00000195CABBE6C0 49] Android_Unknown_Vulkan, [00000195E21CF900][00000195CABC2840 49] Lumin, [00000195E2221100][00000195CABC69C0 49] Lumin_Desktop, [00000195E21CE000][00000195CABCAB40 49] HoloLens, 
[2022.12.22-13.33.01:282][  0]LogMeshReduction: Using QuadricMeshReduction for automatic static mesh reduction
[2022.12.22-13.33.01:282][  0]LogMeshReduction: Using SimplygonMeshReduction for automatic skeletal mesh reduction
[2022.12.22-13.33.01:283][  0]LogMeshReduction: Using ProxyLODMeshReduction for automatic mesh merging
[2022.12.22-13.33.01:283][  0]LogMeshReduction: No distributed automatic mesh merging module available
[2022.12.22-13.33.01:283][  0]LogMeshMerging: No distributed automatic mesh merging module available
[2022.12.22-13.33.01:333][  0]LogNetVersion: FormatGame 1.0.0, NetCL: 17155196, EngineNetVer: 17, GameNetVer: 0 (Checksum: 2770957765)
[2022.12.22-13.33.02:526][  0]LogTexture: Default maximum texture size for cubemaps generated from long-lat sources has been changed from 512 to unlimited. In order to preserve old behaiour for '/Engine/MapTemplates/Sky/DaylightAmbientCubemap.DaylightAmbientCubemap', its maximum texture size has been explicitly set to 512.
[2022.12.22-13.33.02:676][  0]LogHMD: PokeAHoleMaterial loaded successfully
[2022.12.22-13.33.02:689][  0]LogUObjectArray: 17178 objects as part of root set at end of initial load.
[2022.12.22-13.33.02:689][  0]LogUObjectAllocator: 4302048 out of 0 bytes used by permanent object pool.
[2022.12.22-13.33.02:689][  0]LogUObjectArray: CloseDisregardForGC: 0/0 objects in disregard for GC pool
[2022.12.22-13.33.04:230][  0]LogNiagaraDebuggerClient: Niagara Debugger Client Initialized | Session: 853184774C058049B440E08538B8F25F | Instance: E9E524DF402284246EECEBA29CFF8A37 (DESKTOP-PQ0OQ6V-11968).
[2022.12.22-13.33.04:485][  0]LogPython: Using Python 3.7.7
[2022.12.22-13.33.06:321][  0]LogTcpMessaging: Initializing TcpMessaging bridge
[2022.12.22-13.33.06:344][  0]LogUdpMessaging: Initializing bridge on interface 0.0.0.0:0 to multicast group 230.0.0.1:6666.
[2022.12.22-13.33.07:284][  0]SourceControl: Source control is disabled
[2022.12.22-13.33.09:146][  0]LogUProjectInfo: Found projects:
[2022.12.22-13.33.09:971][  0]LogOpenImageDenoise: OIDN starting up
[2022.12.22-13.33.10:186][  0]LogAndroidPermission: UAndroidPermissionCallbackProxy::GetInstance
[2022.12.22-13.33.10:285][  0]LogAudioCaptureCore: Display: No Audio Capture implementations found. Audio input will be silent.
[2022.12.22-13.33.10:285][  0]LogAudioCaptureCore: Display: No Audio Capture implementations found. Audio input will be silent.
[2022.12.22-13.33.10:805][  0]LogCollectionManager: Loaded 0 collections in 0.005165 seconds
[2022.12.22-13.33.10:945][  0]LogFileCache: Scanning file cache for directory 'C:/Users/bosso/OneDrive/Документы/Unreal Projects/FormatGame/Saved/Collections/' took 0.00s
[2022.12.22-13.33.10:945][  0]LogFileCache: Scanning file cache for directory 'C:/Users/bosso/OneDrive/Документы/Unreal Projects/FormatGame/Content/Developers/bosso/Collections/' took 0.00s
[2022.12.22-13.33.10:945][  0]LogFileCache: Scanning file cache for directory 'C:/Users/bosso/OneDrive/Документы/Unreal Projects/FormatGame/Content/Collections/' took 0.00s
[2022.12.22-13.33.10:945][  0]LogOcInput: OculusInput pre-init called
[2022.12.22-13.33.11:604][  0]LogEngine: Initializing Engine...
[2022.12.22-13.33.11:621][  0]LogHMD: Failed to enumerate extensions. Please check that you have a valid OpenXR runtime installed.
[2022.12.22-13.33.11:622][  0]LogHMD: Failed to initialize OpenVR with code 110
[2022.12.22-13.33.11:622][  0]LogMagicLeap: Warning: VR disabled because ZI is not enabled.  To enable, in the editor, Edit -> Project Settings -> Plugins -> Magic Leap Plugin -> Enable Zero Iteration
[2022.12.22-13.33.11:629][  0]LogStats: UGameplayTagsManager::InitializeManager -  0.001 s
[2022.12.22-13.33.12:037][  0]LogInit: Initializing FReadOnlyCVARCache
[2022.12.22-13.33.12:127][  0]LogAIModule: Creating AISystem for world Untitled
[2022.12.22-13.33.12:143][  0]LogAudio: Display: Initializing Audio Device Manager...
[2022.12.22-13.33.12:159][  0]LogAudio: Display: Loading Default Audio Settings Objects...
[2022.12.22-13.33.12:161][  0]LogAudio: Display: No default SoundConcurrencyObject specified (or failed to load).
[2022.12.22-13.33.12:165][  0]LogAudio: Display: Audio Device Manager Initialized
[2022.12.22-13.33.12:165][  0]LogAudio: Display: Creating Audio Device:                 Id: 1, Scope: Shared, Realtime: True
[2022.12.22-13.33.12:166][  0]LogAudioMixer: Display: Audio Mixer Platform Settings:
[2022.12.22-13.33.12:166][  0]LogAudioMixer: Display: 	Sample Rate:						  48000
[2022.12.22-13.33.12:166][  0]LogAudioMixer: Display: 	Callback Buffer Frame Size Requested: 1024
[2022.12.22-13.33.12:166][  0]LogAudioMixer: Display: 	Callback Buffer Frame Size To Use:	  1024
[2022.12.22-13.33.12:166][  0]LogAudioMixer: Display: 	Number of buffers to queue:			  2
[2022.12.22-13.33.12:166][  0]LogAudioMixer: Display: 	Max Channels (voices):				  32
[2022.12.22-13.33.12:166][  0]LogAudioMixer: Display: 	Number of Async Source Workers:		  0
[2022.12.22-13.33.12:167][  0]LogAudio: Display: AudioDevice MaxSources: 32
[2022.12.22-13.33.12:170][  0]LogAudio: Display: Audio Spatialization Plugin: None (built-in).
[2022.12.22-13.33.12:170][  0]LogAudio: Display: Audio Reverb Plugin: None (built-in).
[2022.12.22-13.33.12:170][  0]LogAudio: Display: Audio Occlusion Plugin: None (built-in).
[2022.12.22-13.33.12:170][  0]LogAudioMixer: Display: Initializing audio mixer.
[2022.12.22-13.33.12:242][  0]LogAudioMixer: Display: 0: FrontLeft
[2022.12.22-13.33.12:242][  0]LogAudioMixer: Display: 1: FrontRight
[2022.12.22-13.33.12:502][  0]LogAudioMixer: Display: Using Audio Device Динамики (Realtek(R) Audio)
[2022.12.22-13.33.12:506][  0]LogAudioMixer: Display: Initializing Sound Submixes...
[2022.12.22-13.33.12:515][  0]LogAudioMixer: Display: Creating Master Submix 'MasterSubmixDefault'
[2022.12.22-13.33.12:516][  0]LogAudioMixer: Display: Creating Master Submix 'MasterReverbSubmixDefault'
[2022.12.22-13.33.12:520][  0]LogAudioMixer: Display: Creating Master Submix 'MasterEQSubmixDefault'
[2022.12.22-13.33.12:521][  0]LogAudioMixer: FMixerPlatformXAudio2::StartAudioStream() called
[2022.12.22-13.33.12:521][  0]LogAudioMixer: Display: Output buffers initialized: Frames=1024, Channels=2, Samples=2048
[2022.12.22-13.33.12:558][  0]LogAudioMixer: Display: Starting AudioMixerPlatformInterface::RunInternal()
[2022.12.22-13.33.12:558][  0]LogAudioMixer: Display: FMixerPlatformXAudio2::SubmitBuffer() called for the first time
[2022.12.22-13.33.12:558][  0]LogInit: FAudioDevice initialized.
[2022.12.22-13.33.12:561][  0]LogAudio: Display: Audio Device (ID: 1) registered with world 'Untitled'.
[2022.12.22-13.33.12:562][  0]LogNetVersion: Set ProjectVersion to 1.0.0.0. Version Checksum will be recalculated on next use.
[2022.12.22-13.33.12:876][  0]LogDerivedDataCache: Saved boot cache 0.31s 94MB C:/Users/bosso/AppData/Local/UnrealEngine/4.27/DerivedDataCache/Boot.ddc.
[2022.12.22-13.33.12:922][  0]LogInit: Texture streaming: Enabled
[2022.12.22-13.33.13:053][  0]LogAnalytics: Display: [UEEditor.Rocket.Release] APIServer = https://datarouter.ol.epicgames.com/. AppVersion = 4.27.2-18319896+++UE4+Release-4.27
[2022.12.22-13.33.13:071][  0]LogEngineSessionManager: EngineSessionManager initialized
[2022.12.22-13.33.13:072][  0]LogEditorSessionSummary: Verbose: Initializing EditorSessionSummaryWriter for editor session tracking
[2022.12.22-13.33.13:078][  0]LogEditorSessionSummary: EditorSessionSummaryWriter initialized
[2022.12.22-13.33.13:174][  0]LogInit: Transaction tracking system initialized
[2022.12.22-13.33.13:282][  0]BlueprintLog: New page: Editor Load
[2022.12.22-13.33.13:608][  0]LocalizationService: Localization service is disabled
[2022.12.22-13.33.13:734][  0]TimingProfiler: Initialize
[2022.12.22-13.33.13:736][  0]TimingProfiler: OnSessionChanged
[2022.12.22-13.33.13:737][  0]LoadingProfiler: Initialize
[2022.12.22-13.33.13:737][  0]LoadingProfiler: OnSessionChanged
[2022.12.22-13.33.13:737][  0]NetworkingProfiler: Initialize
[2022.12.22-13.33.13:738][  0]NetworkingProfiler: OnSessionChanged
[2022.12.22-13.33.13:738][  0]MemoryProfiler: Initialize
[2022.12.22-13.33.13:738][  0]MemoryProfiler: OnSessionChanged
[2022.12.22-13.33.14:340][  0]LogCook: Display: CookSettings for Memory: MemoryMaxUsedVirtual 0MiB, MemoryMaxUsedPhysical 16384MiB, MemoryMinFreeVirtual 0MiB, MemoryMinFreePhysical 1024MiB
[2022.12.22-13.33.14:340][  0]LogCook: Display: Mobile HDR setting 1
[2022.12.22-13.33.14:759][  0]LogFileCache: Scanning file cache for directory 'C:/Users/bosso/OneDrive/Документы/Unreal Projects/FormatGame/Content/' took 0.02s
[2022.12.22-13.33.15:517][  0]LogInit: Display: Engine is initialized. Leaving FEngineLoop::Init()
[2022.12.22-13.33.15:534][  0]LogUnrealEdMisc: Loading editor; pre map load, took 25.629
[2022.12.22-13.33.15:537][  0]Cmd: MAP LOAD FILE="../../../../../../Users/bosso/OneDrive/Документы/Unreal Projects/FormatGame/Content/TopDownBP/Maps/TopDownExampleMap.umap" TEMPLATE=0 SHOWPROGRESS=1 FEATURELEVEL=3
[2022.12.22-13.33.15:543][  0]LightingResults: New page: Lighting Build
[2022.12.22-13.33.15:557][  0]LogWorld: UWorld::CleanupWorld for Untitled, bSessionEnded=true, bCleanupResources=true
[2022.12.22-13.33.15:562][  0]LogSlate: InvalidateAllWidgets triggered.  All widgets were invalidated
[2022.12.22-13.33.15:567][  0]MapCheck: New page: Map Check
[2022.12.22-13.33.15:567][  0]LightingResults: New page: Lighting Build
[2022.12.22-13.33.15:588][  0]LogAudio: Display: Audio Device unregistered from world 'None'.
[2022.12.22-13.33.15:613][  0]LogUObjectHash: Compacting FUObjectHashTables data took   1.80ms
[2022.12.22-13.33.16:638][  0]LogAudio: Display: Audio Device (ID: 1) registered with world 'TopDownExampleMap'.
[2022.12.22-13.33.16:640][  0]LogAIModule: Creating AISystem for world TopDownExampleMap
[2022.12.22-13.33.16:693][  0]LogEditorServer: Finished looking for orphan Actors (0.000 secs)
[2022.12.22-13.33.16:702][  0]LogNavigationDataBuild: Display:    Building NavData:  Name Default class /Script/NavigationSystem.RecastNavMesh agent radius 35.0.
[2022.12.22-13.33.16:734][  0]LogUObjectHash: Compacting FUObjectHashTables data took   1.77ms
[2022.12.22-13.33.16:736][  0]Cmd: MAP CHECKDEP NOCLEARLOG
[2022.12.22-13.33.16:737][  0]MapCheck: Map check complete: 0 Error(s), 0 Warning(s), took 0,686ms to complete.
[2022.12.22-13.33.16:737][  0]LogFileHelpers: Loading map 'TopDownExampleMap' took 1.203
[2022.12.22-13.33.16:791][  0]LogUnrealEdMisc: Total Editor Startup Time, took 26.887
[2022.12.22-13.33.17:043][  0]LogSlate: Updating window title bar state: overlay mode, drag disabled, window buttons hidden, title bar hidden
[2022.12.22-13.33.17:059][  0]LogSlate: Updating window title bar state: overlay mode, drag disabled, window buttons hidden, title bar hidden
[2022.12.22-13.33.17:075][  0]LogSlate: Updating window title bar state: overlay mode, drag disabled, window buttons hidden, title bar hidden
[2022.12.22-13.33.17:090][  0]LogSlate: Updating window title bar state: overlay mode, drag disabled, window buttons hidden, title bar hidden
[2022.12.22-13.33.17:158][  0]LogNativeClassHierarchy: Verbose: Native class hierarchy populated in 0.0233 seconds. Added 3822 classes and 928 folders.
[2022.12.22-13.33.17:173][  0]LogNativeClassHierarchy: Verbose: Native class hierarchy updated for 'WidgetCarousel' in 0.0005 seconds. Added 0 classes and 0 folders.
[2022.12.22-13.33.17:182][  0]LogPakFile: PakFile PrimaryIndexSize=187
[2022.12.22-13.33.17:183][  0]LogPakFile: PakFile PathHashIndexSize=101
[2022.12.22-13.33.17:183][  0]LogPakFile: PakFile FullDirectoryIndexSize=148
[2022.12.22-13.33.17:183][  0]LogShaderLibrary: Display: ShaderCodeLibraryPakFileMountedCallback: PakFile 'C:/Program Files/Epic Games/UE_4.27/FeaturePacks/FP_FirstPerson.upack' (chunk index -1, root 'root:/') mounted
[2022.12.22-13.33.17:183][  0]LogShaderLibrary: Display: ShaderCodeLibraryPakFileMountedCallback: pending pak file info (ChunkID:-1 Root:root:/ File:C:/Program Files/Epic Games/UE_4.27/FeaturePacks/FP_FirstPerson.upack)
[2022.12.22-13.33.17:184][  0]LogPakFile: OnPakFileMounted2Time == 0.001029
[2022.12.22-13.33.17:190][  0]LogPakFile: PakFile PrimaryIndexSize=189
[2022.12.22-13.33.17:190][  0]LogPakFile: PakFile PathHashIndexSize=101
[2022.12.22-13.33.17:190][  0]LogPakFile: PakFile FullDirectoryIndexSize=152
[2022.12.22-13.33.17:190][  0]LogShaderLibrary: Display: ShaderCodeLibraryPakFileMountedCallback: PakFile 'C:/Program Files/Epic Games/UE_4.27/FeaturePacks/FP_FirstPersonBP.upack' (chunk index -1, root 'root:/') mounted
[2022.12.22-13.33.17:190][  0]LogShaderLibrary: Display: ShaderCodeLibraryPakFileMountedCallback: pending pak file info (ChunkID:-1 Root:root:/ File:C:/Program Files/Epic Games/UE_4.27/FeaturePacks/FP_FirstPersonBP.upack)
[2022.12.22-13.33.17:190][  0]LogPakFile: OnPakFileMounted2Time == 0.000372
[2022.12.22-13.33.17:194][  0]LogPakFile: PakFile PrimaryIndexSize=191
[2022.12.22-13.33.17:194][  0]LogPakFile: PakFile PathHashIndexSize=101
[2022.12.22-13.33.17:194][  0]LogPakFile: PakFile FullDirectoryIndexSize=160
[2022.12.22-13.33.17:194][  0]LogShaderLibrary: Display: ShaderCodeLibraryPakFileMountedCallback: PakFile 'C:/Program Files/Epic Games/UE_4.27/FeaturePacks/MobileStarterContent.upack' (chunk index -1, root 'root:/') mounted
[2022.12.22-13.33.17:195][  0]LogShaderLibrary: Display: ShaderCodeLibraryPakFileMountedCallback: pending pak file info (ChunkID:-1 Root:root:/ File:C:/Program Files/Epic Games/UE_4.27/FeaturePacks/MobileStarterContent.upack)
[2022.12.22-13.33.17:195][  0]LogPakFile: OnPakFileMounted2Time == 0.000064
[2022.12.22-13.33.17:197][  0]LogPakFile: PakFile PrimaryIndexSize=185
[2022.12.22-13.33.17:197][  0]LogPakFile: PakFile PathHashIndexSize=101
[2022.12.22-13.33.17:197][  0]LogPakFile: PakFile FullDirectoryIndexSize=148
[2022.12.22-13.33.17:197][  0]LogShaderLibrary: Display: ShaderCodeLibraryPakFileMountedCallback: PakFile 'C:/Program Files/Epic Games/UE_4.27/FeaturePacks/StarterContent.upack' (chunk index -1, root 'root:/') mounted
[2022.12.22-13.33.17:197][  0]LogShaderLibrary: Display: ShaderCodeLibraryPakFileMountedCallback: pending pak file info (ChunkID:-1 Root:root:/ File:C:/Program Files/Epic Games/UE_4.27/FeaturePacks/StarterContent.upack)
[2022.12.22-13.33.17:197][  0]LogPakFile: OnPakFileMounted2Time == 0.000067
[2022.12.22-13.33.17:199][  0]LogPakFile: PakFile PrimaryIndexSize=190
[2022.12.22-13.33.17:199][  0]LogPakFile: PakFile PathHashIndexSize=101
[2022.12.22-13.33.17:199][  0]LogPakFile: PakFile FullDirectoryIndexSize=154
[2022.12.22-13.33.17:199][  0]LogShaderLibrary: Display: ShaderCodeLibraryPakFileMountedCallback: PakFile 'C:/Program Files/Epic Games/UE_4.27/FeaturePacks/TP_2DSideScroller.upack' (chunk index -1, root 'root:/') mounted
[2022.12.22-13.33.17:199][  0]LogShaderLibrary: Display: ShaderCodeLibraryPakFileMountedCallback: pending pak file info (ChunkID:-1 Root:root:/ File:C:/Program Files/Epic Games/UE_4.27/FeaturePacks/TP_2DSideScroller.upack)
[2022.12.22-13.33.17:199][  0]LogPakFile: OnPakFileMounted2Time == 0.000072
[2022.12.22-13.33.17:202][  0]LogPakFile: PakFile PrimaryIndexSize=192
[2022.12.22-13.33.17:202][  0]LogPakFile: PakFile PathHashIndexSize=101
[2022.12.22-13.33.17:202][  0]LogPakFile: PakFile FullDirectoryIndexSize=158
[2022.12.22-13.33.17:202][  0]LogShaderLibrary: Display: ShaderCodeLibraryPakFileMountedCallback: PakFile 'C:/Program Files/Epic Games/UE_4.27/FeaturePacks/TP_2DSideScrollerBP.upack' (chunk index -1, root 'root:/') mounted
[2022.12.22-13.33.17:202][  0]LogShaderLibrary: Display: ShaderCodeLibraryPakFileMountedCallback: pending pak file info (ChunkID:-1 Root:root:/ File:C:/Program Files/Epic Games/UE_4.27/FeaturePacks/TP_2DSideScrollerBP.upack)
[2022.12.22-13.33.17:202][  0]LogPakFile: OnPakFileMounted2Time == 0.000097
[2022.12.22-13.33.17:204][  0]LogPakFile: PakFile PrimaryIndexSize=182
[2022.12.22-13.33.17:204][  0]LogPakFile: PakFile PathHashIndexSize=101
[2022.12.22-13.33.17:204][  0]LogPakFile: PakFile FullDirectoryIndexSize=138
[2022.12.22-13.33.17:205][  0]LogShaderLibrary: Display: ShaderCodeLibraryPakFileMountedCallback: PakFile 'C:/Program Files/Epic Games/UE_4.27/FeaturePacks/TP_Flying.upack' (chunk index -1, root 'root:/') mounted
[2022.12.22-13.33.17:205][  0]LogShaderLibrary: Display: ShaderCodeLibraryPakFileMountedCallback: pending pak file info (ChunkID:-1 Root:root:/ File:C:/Program Files/Epic Games/UE_4.27/FeaturePacks/TP_Flying.upack)
[2022.12.22-13.33.17:205][  0]LogPakFile: OnPakFileMounted2Time == 0.000066
[2022.12.22-13.33.17:207][  0]LogPakFile: PakFile PrimaryIndexSize=184
[2022.12.22-13.33.17:207][  0]LogPakFile: PakFile PathHashIndexSize=101
[2022.12.22-13.33.17:207][  0]LogPakFile: PakFile FullDirectoryIndexSize=142
[2022.12.22-13.33.17:207][  0]LogShaderLibrary: Display: ShaderCodeLibraryPakFileMountedCallback: PakFile 'C:/Program Files/Epic Games/UE_4.27/FeaturePacks/TP_FlyingBP.upack' (chunk index -1, root 'root:/') mounted
[2022.12.22-13.33.17:207][  0]LogShaderLibrary: Display: ShaderCodeLibraryPakFileMountedCallback: pending pak file info (ChunkID:-1 Root:root:/ File:C:/Program Files/Epic Games/UE_4.27/FeaturePacks/TP_FlyingBP.upack)
[2022.12.22-13.33.17:207][  0]LogPakFile: OnPakFileMounted2Time == 0.000085
[2022.12.22-13.33.17:210][  0]LogPakFile: PakFile PrimaryIndexSize=188
[2022.12.22-13.33.17:210][  0]LogPakFile: PakFile PathHashIndexSize=101
[2022.12.22-13.33.17:210][  0]LogPakFile: PakFile FullDirectoryIndexSize=150
[2022.12.22-13.33.17:210][  0]LogShaderLibrary: Display: ShaderCodeLibraryPakFileMountedCallback: PakFile 'C:/Program Files/Epic Games/UE_4.27/FeaturePacks/TP_HandheldARBP.upack' (chunk index -1, root 'root:/') mounted
[2022.12.22-13.33.17:210][  0]LogShaderLibrary: Display: ShaderCodeLibraryPakFileMountedCallback: pending pak file info (ChunkID:-1 Root:root:/ File:C:/Program Files/Epic Games/UE_4.27/FeaturePacks/TP_HandheldARBP.upack)
[2022.12.22-13.33.17:210][  0]LogPakFile: OnPakFileMounted2Time == 0.000110
[2022.12.22-13.33.17:217][  0]LogPakFile: PakFile PrimaryIndexSize=182
[2022.12.22-13.33.17:218][  0]LogPakFile: PakFile PathHashIndexSize=101
[2022.12.22-13.33.17:218][  0]LogPakFile: PakFile FullDirectoryIndexSize=138
[2022.12.22-13.33.17:218][  0]LogShaderLibrary: Display: ShaderCodeLibraryPakFileMountedCallback: PakFile 'C:/Program Files/Epic Games/UE_4.27/FeaturePacks/TP_Puzzle.upack' (chunk index -1, root 'root:/') mounted
[2022.12.22-13.33.17:218][  0]LogShaderLibrary: Display: ShaderCodeLibraryPakFileMountedCallback: pending pak file info (ChunkID:-1 Root:root:/ File:C:/Program Files/Epic Games/UE_4.27/FeaturePacks/TP_Puzzle.upack)
[2022.12.22-13.33.17:218][  0]LogPakFile: OnPakFileMounted2Time == 0.000117
[2022.12.22-13.33.17:222][  0]LogPakFile: PakFile PrimaryIndexSize=184
[2022.12.22-13.33.17:222][  0]LogPakFile: PakFile PathHashIndexSize=101
[2022.12.22-13.33.17:222][  0]LogPakFile: PakFile FullDirectoryIndexSize=142
[2022.12.22-13.33.17:222][  0]LogShaderLibrary: Display: ShaderCodeLibraryPakFileMountedCallback: PakFile 'C:/Program Files/Epic Games/UE_4.27/FeaturePacks/TP_PuzzleBP.upack' (chunk index -1, root 'root:/') mounted
[2022.12.22-13.33.17:222][  0]LogShaderLibrary: Display: ShaderCodeLibraryPakFileMountedCallback: pending pak file info (ChunkID:-1 Root:root:/ File:C:/Program Files/Epic Games/UE_4.27/FeaturePacks/TP_PuzzleBP.upack)
[2022.12.22-13.33.17:222][  0]LogPakFile: OnPakFileMounted2Time == 0.000108
[2022.12.22-13.33.17:226][  0]LogPakFile: PakFile PrimaryIndexSize=183
[2022.12.22-13.33.17:226][  0]LogPakFile: PakFile PathHashIndexSize=101
[2022.12.22-13.33.17:226][  0]LogPakFile: PakFile FullDirectoryIndexSize=140
[2022.12.22-13.33.17:226][  0]LogShaderLibrary: Display: ShaderCodeLibraryPakFileMountedCallback: PakFile 'C:/Program Files/Epic Games/UE_4.27/FeaturePacks/TP_Rolling.upack' (chunk index -1, root 'root:/') mounted
[2022.12.22-13.33.17:226][  0]LogShaderLibrary: Display: ShaderCodeLibraryPakFileMountedCallback: pending pak file info (ChunkID:-1 Root:root:/ File:C:/Program Files/Epic Games/UE_4.27/FeaturePacks/TP_Rolling.upack)
[2022.12.22-13.33.17:226][  0]LogPakFile: OnPakFileMounted2Time == 0.000135
[2022.12.22-13.33.17:229][  0]LogPakFile: PakFile PrimaryIndexSize=185
[2022.12.22-13.33.17:229][  0]LogPakFile: PakFile PathHashIndexSize=101
[2022.12.22-13.33.17:229][  0]LogPakFile: PakFile FullDirectoryIndexSize=144
[2022.12.22-13.33.17:229][  0]LogShaderLibrary: Display: ShaderCodeLibraryPakFileMountedCallback: PakFile 'C:/Program Files/Epic Games/UE_4.27/FeaturePacks/TP_RollingBP.upack' (chunk index -1, root 'root:/') mounted
[2022.12.22-13.33.17:230][  0]LogShaderLibrary: Display: ShaderCodeLibraryPakFileMountedCallback: pending pak file info (ChunkID:-1 Root:root:/ File:C:/Program Files/Epic Games/UE_4.27/FeaturePacks/TP_RollingBP.upack)
[2022.12.22-13.33.17:230][  0]LogPakFile: OnPakFileMounted2Time == 0.000118
[2022.12.22-13.33.17:233][  0]LogPakFile: PakFile PrimaryIndexSize=188
[2022.12.22-13.33.17:233][  0]LogPakFile: PakFile PathHashIndexSize=101
[2022.12.22-13.33.17:233][  0]LogPakFile: PakFile FullDirectoryIndexSize=150
[2022.12.22-13.33.17:233][  0]LogShaderLibrary: Display: ShaderCodeLibraryPakFileMountedCallback: PakFile 'C:/Program Files/Epic Games/UE_4.27/FeaturePacks/TP_SideScroller.upack' (chunk index -1, root 'root:/') mounted
[2022.12.22-13.33.17:233][  0]LogShaderLibrary: Display: ShaderCodeLibraryPakFileMountedCallback: pending pak file info (ChunkID:-1 Root:root:/ File:C:/Program Files/Epic Games/UE_4.27/FeaturePacks/TP_SideScroller.upack)
[2022.12.22-13.33.17:233][  0]LogPakFile: OnPakFileMounted2Time == 0.000070
[2022.12.22-13.33.17:235][  0]LogPakFile: PakFile PrimaryIndexSize=190
[2022.12.22-13.33.17:235][  0]LogPakFile: PakFile PathHashIndexSize=101
[2022.12.22-13.33.17:235][  0]LogPakFile: PakFile FullDirectoryIndexSize=154
[2022.12.22-13.33.17:235][  0]LogShaderLibrary: Display: ShaderCodeLibraryPakFileMountedCallback: PakFile 'C:/Program Files/Epic Games/UE_4.27/FeaturePacks/TP_SideScrollerBP.upack' (chunk index -1, root 'root:/') mounted
[2022.12.22-13.33.17:235][  0]LogShaderLibrary: Display: ShaderCodeLibraryPakFileMountedCallback: pending pak file info (ChunkID:-1 Root:root:/ File:C:/Program Files/Epic Games/UE_4.27/FeaturePacks/TP_SideScrollerBP.upack)
[2022.12.22-13.33.17:235][  0]LogPakFile: OnPakFileMounted2Time == 0.000087
[2022.12.22-13.33.17:238][  0]LogPakFile: PakFile PrimaryIndexSize=187
[2022.12.22-13.33.17:238][  0]LogPakFile: PakFile PathHashIndexSize=101
[2022.12.22-13.33.17:238][  0]LogPakFile: PakFile FullDirectoryIndexSize=148
[2022.12.22-13.33.17:238][  0]LogShaderLibrary: Display: ShaderCodeLibraryPakFileMountedCallback: PakFile 'C:/Program Files/Epic Games/UE_4.27/FeaturePacks/TP_ThirdPerson.upack' (chunk index -1, root 'root:/') mounted
[2022.12.22-13.33.17:238][  0]LogShaderLibrary: Display: ShaderCodeLibraryPakFileMountedCallback: pending pak file info (ChunkID:-1 Root:root:/ File:C:/Program Files/Epic Games/UE_4.27/FeaturePacks/TP_ThirdPerson.upack)
[2022.12.22-13.33.17:238][  0]LogPakFile: OnPakFileMounted2Time == 0.000100
[2022.12.22-13.33.17:241][  0]LogPakFile: PakFile PrimaryIndexSize=189
[2022.12.22-13.33.17:241][  0]LogPakFile: PakFile PathHashIndexSize=101
[2022.12.22-13.33.17:241][  0]LogPakFile: PakFile FullDirectoryIndexSize=152
[2022.12.22-13.33.17:241][  0]LogShaderLibrary: Display: ShaderCodeLibraryPakFileMountedCallback: PakFile 'C:/Program Files/Epic Games/UE_4.27/FeaturePacks/TP_ThirdPersonBP.upack' (chunk index -1, root 'root:/') mounted
[2022.12.22-13.33.17:242][  0]LogShaderLibrary: Display: ShaderCodeLibraryPakFileMountedCallback: pending pak file info (ChunkID:-1 Root:root:/ File:C:/Program Files/Epic Games/UE_4.27/FeaturePacks/TP_ThirdPersonBP.upack)
[2022.12.22-13.33.17:242][  0]LogPakFile: OnPakFileMounted2Time == 0.000101
[2022.12.22-13.33.17:244][  0]LogPakFile: PakFile PrimaryIndexSize=183
[2022.12.22-13.33.17:244][  0]LogPakFile: PakFile PathHashIndexSize=101
[2022.12.22-13.33.17:244][  0]LogPakFile: PakFile FullDirectoryIndexSize=140
[2022.12.22-13.33.17:244][  0]LogShaderLibrary: Display: ShaderCodeLibraryPakFileMountedCallback: PakFile 'C:/Program Files/Epic Games/UE_4.27/FeaturePacks/TP_TopDown.upack' (chunk index -1, root 'root:/') mounted
[2022.12.22-13.33.17:244][  0]LogShaderLibrary: Display: ShaderCodeLibraryPakFileMountedCallback: pending pak file info (ChunkID:-1 Root:root:/ File:C:/Program Files/Epic Games/UE_4.27/FeaturePacks/TP_TopDown.upack)
[2022.12.22-13.33.17:244][  0]LogPakFile: OnPakFileMounted2Time == 0.000095
[2022.12.22-13.33.17:248][  0]LogPakFile: PakFile PrimaryIndexSize=185
[2022.12.22-13.33.17:248][  0]LogPakFile: PakFile PathHashIndexSize=101
[2022.12.22-13.33.17:249][  0]LogPakFile: PakFile FullDirectoryIndexSize=144
[2022.12.22-13.33.17:249][  0]LogShaderLibrary: Display: ShaderCodeLibraryPakFileMountedCallback: PakFile 'C:/Program Files/Epic Games/UE_4.27/FeaturePacks/TP_TopDownBP.upack' (chunk index -1, root 'root:/') mounted
[2022.12.22-13.33.17:249][  0]LogShaderLibrary: Display: ShaderCodeLibraryPakFileMountedCallback: pending pak file info (ChunkID:-1 Root:root:/ File:C:/Program Files/Epic Games/UE_4.27/FeaturePacks/TP_TopDownBP.upack)
[2022.12.22-13.33.17:249][  0]LogPakFile: OnPakFileMounted2Time == 0.000076
[2022.12.22-13.33.17:251][  0]LogPakFile: PakFile PrimaryIndexSize=185
[2022.12.22-13.33.17:251][  0]LogPakFile: PakFile PathHashIndexSize=101
[2022.12.22-13.33.17:251][  0]LogPakFile: PakFile FullDirectoryIndexSize=144
[2022.12.22-13.33.17:251][  0]LogShaderLibrary: Display: ShaderCodeLibraryPakFileMountedCallback: PakFile 'C:/Program Files/Epic Games/UE_4.27/FeaturePacks/TP_TwinStick.upack' (chunk index -1, root 'root:/') mounted
[2022.12.22-13.33.17:251][  0]LogShaderLibrary: Display: ShaderCodeLibraryPakFileMountedCallback: pending pak file info (ChunkID:-1 Root:root:/ File:C:/Program Files/Epic Games/UE_4.27/FeaturePacks/TP_TwinStick.upack)
[2022.12.22-13.33.17:251][  0]LogPakFile: OnPakFileMounted2Time == 0.000101
[2022.12.22-13.33.17:254][  0]LogPakFile: PakFile PrimaryIndexSize=187
[2022.12.22-13.33.17:254][  0]LogPakFile: PakFile PathHashIndexSize=101
[2022.12.22-13.33.17:254][  0]LogPakFile: PakFile FullDirectoryIndexSize=148
[2022.12.22-13.33.17:254][  0]LogShaderLibrary: Display: ShaderCodeLibraryPakFileMountedCallback: PakFile 'C:/Program Files/Epic Games/UE_4.27/FeaturePacks/TP_TwinStickBP.upack' (chunk index -1, root 'root:/') mounted
[2022.12.22-13.33.17:254][  0]LogShaderLibrary: Display: ShaderCodeLibraryPakFileMountedCallback: pending pak file info (ChunkID:-1 Root:root:/ File:C:/Program Files/Epic Games/UE_4.27/FeaturePacks/TP_TwinStickBP.upack)
[2022.12.22-13.33.17:254][  0]LogPakFile: OnPakFileMounted2Time == 0.000089
[2022.12.22-13.33.17:258][  0]LogPakFile: PakFile PrimaryIndexSize=183
[2022.12.22-13.33.17:258][  0]LogPakFile: PakFile PathHashIndexSize=101
[2022.12.22-13.33.17:258][  0]LogPakFile: PakFile FullDirectoryIndexSize=140
[2022.12.22-13.33.17:258][  0]LogShaderLibrary: Display: ShaderCodeLibraryPakFileMountedCallback: PakFile 'C:/Program Files/Epic Games/UE_4.27/FeaturePacks/TP_Vehicle.upack' (chunk index -1, root 'root:/') mounted
[2022.12.22-13.33.17:258][  0]LogShaderLibrary: Display: ShaderCodeLibraryPakFileMountedCallback: pending pak file info (ChunkID:-1 Root:root:/ File:C:/Program Files/Epic Games/UE_4.27/FeaturePacks/TP_Vehicle.upack)
[2022.12.22-13.33.17:258][  0]LogPakFile: OnPakFileMounted2Time == 0.000063
[2022.12.22-13.33.17:261][  0]LogPakFile: PakFile PrimaryIndexSize=186
[2022.12.22-13.33.17:261][  0]LogPakFile: PakFile PathHashIndexSize=101
[2022.12.22-13.33.17:261][  0]LogPakFile: PakFile FullDirectoryIndexSize=146
[2022.12.22-13.33.17:261][  0]LogShaderLibrary: Display: ShaderCodeLibraryPakFileMountedCallback: PakFile 'C:/Program Files/Epic Games/UE_4.27/FeaturePacks/TP_VehicleAdv.upack' (chunk index -1, root 'root:/') mounted
[2022.12.22-13.33.17:261][  0]LogShaderLibrary: Display: ShaderCodeLibraryPakFileMountedCallback: pending pak file info (ChunkID:-1 Root:root:/ File:C:/Program Files/Epic Games/UE_4.27/FeaturePacks/TP_VehicleAdv.upack)
[2022.12.22-13.33.17:261][  0]LogPakFile: OnPakFileMounted2Time == 0.000058
[2022.12.22-13.33.17:265][  0]LogPakFile: PakFile PrimaryIndexSize=188
[2022.12.22-13.33.17:266][  0]LogPakFile: PakFile PathHashIndexSize=101
[2022.12.22-13.33.17:266][  0]LogPakFile: PakFile FullDirectoryIndexSize=150
[2022.12.22-13.33.17:266][  0]LogShaderLibrary: Display: ShaderCodeLibraryPakFileMountedCallback: PakFile 'C:/Program Files/Epic Games/UE_4.27/FeaturePacks/TP_VehicleAdvBP.upack' (chunk index -1, root 'root:/') mounted
[2022.12.22-13.33.17:266][  0]LogShaderLibrary: Display: ShaderCodeLibraryPakFileMountedCallback: pending pak file info (ChunkID:-1 Root:root:/ File:C:/Program Files/Epic Games/UE_4.27/FeaturePacks/TP_VehicleAdvBP.upack)
[2022.12.22-13.33.17:266][  0]LogPakFile: OnPakFileMounted2Time == 0.000123
[2022.12.22-13.33.17:269][  0]LogPakFile: PakFile PrimaryIndexSize=185
[2022.12.22-13.33.17:269][  0]LogPakFile: PakFile PathHashIndexSize=101
[2022.12.22-13.33.17:269][  0]LogPakFile: PakFile FullDirectoryIndexSize=144
[2022.12.22-13.33.17:269][  0]LogShaderLibrary: Display: ShaderCodeLibraryPakFileMountedCallback: PakFile 'C:/Program Files/Epic Games/UE_4.27/FeaturePacks/TP_VehicleBP.upack' (chunk index -1, root 'root:/') mounted
[2022.12.22-13.33.17:269][  0]LogShaderLibrary: Display: ShaderCodeLibraryPakFileMountedCallback: pending pak file info (ChunkID:-1 Root:root:/ File:C:/Program Files/Epic Games/UE_4.27/FeaturePacks/TP_VehicleBP.upack)
[2022.12.22-13.33.17:269][  0]LogPakFile: OnPakFileMounted2Time == 0.000078
[2022.12.22-13.33.17:273][  0]LogPakFile: PakFile PrimaryIndexSize=192
[2022.12.22-13.33.17:273][  0]LogPakFile: PakFile PathHashIndexSize=101
[2022.12.22-13.33.17:273][  0]LogPakFile: PakFile FullDirectoryIndexSize=158
[2022.12.22-13.33.17:273][  0]LogShaderLibrary: Display: ShaderCodeLibraryPakFileMountedCallback: PakFile 'C:/Program Files/Epic Games/UE_4.27/FeaturePacks/TP_VirtualRealityBP.upack' (chunk index -1, root 'root:/') mounted
[2022.12.22-13.33.17:273][  0]LogShaderLibrary: Display: ShaderCodeLibraryPakFileMountedCallback: pending pak file info (ChunkID:-1 Root:root:/ File:C:/Program Files/Epic Games/UE_4.27/FeaturePacks/TP_VirtualRealityBP.upack)
[2022.12.22-13.33.17:273][  0]LogPakFile: OnPakFileMounted2Time == 0.000056
[2022.12.22-13.33.17:558][  0]LogNativeClassHierarchy: Verbose: Native class hierarchy updated for 'AddContentDialog' in 0.0004 seconds. Added 0 classes and 0 folders.
[2022.12.22-13.33.17:760][  0]LogNativeClassHierarchy: Verbose: Native class hierarchy updated for 'SceneOutliner' in 0.0005 seconds. Added 2 classes and 0 folders.
[2022.12.22-13.33.17:906][  0]LogSlate: Took 0.000778 seconds to synchronously load lazily loaded font '../../../Engine/Content/Slate/Fonts/Roboto-Regular.ttf' (155K)
[2022.12.22-13.33.17:913][  0]LogSlate: Took 0.000910 seconds to synchronously load lazily loaded font '../../../Engine/Content/Editor/Slate/Fonts/FontAwesome.ttf' (139K)
[2022.12.22-13.33.17:925][  0]LogSlate: Took 0.000653 seconds to synchronously load lazily loaded font '../../../Engine/Content/Slate/Fonts/Roboto-Bold.ttf' (160K)
[2022.12.22-13.33.18:082][  0]LogRenderer: Reallocating scene render targets to support 1204x400 Format 10 NumSamples 1 (Frame:1).
[2022.12.22-13.33.18:421][  0]LogNativeClassHierarchy: Verbose: Native class hierarchy updated for 'HierarchicalLODOutliner' in 0.0004 seconds. Added 0 classes and 0 folders.
[2022.12.22-13.33.18:421][  0]LogInput: Warning: Action SetDestination uses invalid key OculusGo_Left_Trigger_Click.
[2022.12.22-13.33.18:421][  0]LogInput: Warning: Use -RemoveInvalidKeys to remove instances of these keys from the action mapping.
[2022.12.22-13.33.18:421][  0]LogLoad: (Engine Initialization) Total time: 28.52 seconds
[2022.12.22-13.33.18:421][  0]LogLoad: (Engine Initialization) Total Blueprint compile time: 0.00 seconds
[2022.12.22-13.33.18:538][  0]LogContentStreaming: Texture pool size now 1000 MB
[2022.12.22-13.33.18:610][  1]LogRenderer: Reallocating scene render targets to support 1204x408 Format 10 NumSamples 1 (Frame:2).
[2022.12.22-13.33.18:697][  1]LogAssetRegistry: Asset discovery search completed in 18.3776 seconds
[2022.12.22-13.33.18:723][  1]LogCollectionManager: Fixed up redirectors for 0 collections in 0.000297 seconds (updated 0 objects)
[2022.12.22-13.33.19:042][  2]LogSlate: Took 0.001146 seconds to synchronously load lazily loaded font '../../../Engine/Content/Slate/Fonts/Roboto-Light.ttf' (167K)
[2022.12.22-13.40.40:511][412]LogWindowsTextInputMethodSystem: Display: IME system deactivated.
[2022.12.22-13.40.40:513][412]LogWindowsTextInputMethodSystem: Display: IME system deactivated.
[2022.12.22-13.40.42:010][458]LogEditorViewport: Clicking on Actor (LMB): StaticMeshActor (Floor)
[2022.12.22-13.40.43:211][475]LogSlate: Took 0.001382 seconds to synchronously load lazily loaded font '../../../Engine/Content/Slate/Fonts/Roboto-Light.ttf' (167K)
[2022.12.22-13.40.43:271][475]LogUObjectHash: Compacting FUObjectHashTables data took   1.16ms
[2022.12.22-13.40.43:333][475]LogSavePackage: Moving '../../../../../../Users/bosso/OneDrive/Документы/Unreal Projects/FormatGame/Saved/TopDownExampleMapFF8B7D654C6655D793C561BC9658125E.tmp' to '../../../../../../Users/bosso/OneDrive/Документы/Unreal Projects/FormatGame/Content/TopDownBP/Maps/TopDownExampleMap.umap'
[2022.12.22-13.40.43:699][475]LogSavePackage: Moving '../../../../../../Users/bosso/OneDrive/Документы/Unreal Projects/FormatGame/Saved/TopDownExampleMap_BuiltData68F6CE064E17E07C742079A952A0BFF5.tmp' to '../../../../../../Users/bosso/OneDrive/Документы/Unreal Projects/FormatGame/Content/TopDownBP/Maps/TopDownExampleMap_BuiltData.uasset'
[2022.12.22-13.40.43:816][475]AssetCheck: New page: Asset Save: multiple assets
[2022.12.22-13.40.43:816][475]LogContentValidation: Display: Validating MapBuildDataRegistry /Game/TopDownBP/Maps/TopDownExampleMap_BuiltData.TopDownExampleMap_BuiltData
[2022.12.22-13.40.43:816][475]LogContentValidation: Display: Validating World /Game/TopDownBP/Maps/TopDownExampleMap.TopDownExampleMap
[2022.12.22-14.52.01:925][883]LogAudioMixer: Warning: Changing default audio render device to new device: {0.0.0.00000000}.{9df0a3b7-9fe0-42b6-8949-cb8dafdd7cb5}.
[2022.12.22-14.52.01:941][883]LogAudioMixer: Resetting audio stream to device id 
[2022.12.22-14.52.01:997][883]LogAudioMixer: Display: 0: FrontLeft
[2022.12.22-14.52.01:998][883]LogAudioMixer: Display: 1: FrontRight
[2022.12.22-14.56.35:099][698]LogAudioMixer: Display: Audio Buffer Underrun (starvation) detected.
[2022.12.22-14.57.26:175][850]LogAudioMixer: Display: Audio Buffer Underrun (starvation) detected.
[2022.12.22-14.58.09:848][980]LogAudioMixer: Display: Audio Buffer Underrun (starvation) detected.
[2022.12.22-14.58.29:692][ 39]LogAudioMixer: Display: Audio Buffer Underrun (starvation) detected.
[2022.12.22-15.00.11:060][341]LogWindowsTextInputMethodSystem: Display: IME system deactivated.
[2022.12.22-15.00.11:060][341]LogWindowsTextInputMethodSystem: Display: IME system deactivated.
[2022.12.22-15.03.42:467][376]LogAssetEditorSubsystem: Opening Asset editor for Blueprint /Game/TopDownBP/Blueprints/TopDownCharacter.TopDownCharacter
[2022.12.22-15.03.43:098][376]LogBlueprintEditor: Perf: 0.3 total seconds to load all 5 blueprint libraries in project. Avoid references to content in blueprint libraries to shorten this time.
[2022.12.22-15.03.43:098][376]LogBlueprintEditor: Perf: 0.2 seconds loading: /Engine/ArtTools/RenderToTexture/Macros/RenderToTextureFunctionLibrary
[2022.12.22-15.03.43:342][376]LogNativeClassHierarchy: Verbose: Native class hierarchy updated for 'BlueprintGraph' in 0.0078 seconds. Added 126 classes and 0 folders.
[2022.12.22-15.03.45:728][376]LogSlate: Took 0.000890 seconds to synchronously load lazily loaded font '../../../Engine/Content/Slate/Fonts/Roboto-BoldCondensed.ttf' (158K)
[2022.12.22-15.03.50:047][434]LogSlate: Took 0.001224 seconds to synchronously load lazily loaded font '../../../Engine/Content/Slate/Fonts/Roboto-Italic.ttf' (157K)
[2022.12.22-15.03.50:280][448]LogSlate: Window 'TopDownCharacter' being destroyed
