Log file open, 11/28/22 16:10:25
LogWindows: Failed to load 'aqProf.dll' (GetLastError=126)
LogWindows: File 'aqProf.dll' does not exist
LogWindows: Failed to load 'VtuneApi.dll' (GetLastError=126)
LogWindows: File 'VtuneApi.dll' does not exist
LogWindows: Failed to load 'VtuneApi32e.dll' (GetLastError=126)
LogWindows: File 'VtuneApi32e.dll' does not exist
LogConsoleResponse: Display: Failed to find resolution value strings in scalability ini. Falling back to default.
LogConsoleResponse: Display: Failed to find resolution value strings in scalability ini. Falling back to default.
LogInit: Display: Running engine for game: FormatGame
LogPlatformFile: Not using cached read wrapper
LogTaskGraph: Started task graph with 5 named threads and 17 total threads with 3 sets of task threads.
LogStats: Stats thread started at 0.631966
LogICUInternationalization: ICU TimeZone Detection - Raw Offset: +5:00, Platform Override: ''
LogInit: Display: Loading text-based GConfig....
LogPluginManager: Mounting plugin MeshPainting
LogPluginManager: Mounting plugin XGEController
LogPluginManager: Mounting plugin Paper2D
LogPluginManager: Mounting plugin AISupport
LogPluginManager: Mounting plugin EnvironmentQueryEditor
LogPluginManager: Mounting plugin LiveLink
LogPluginManager: Mounting plugin LightPropagationVolume
LogPluginManager: Mounting plugin CameraShakePreviewer
LogPluginManager: Mounting plugin GameplayCameras
LogPluginManager: Mounting plugin OodleData
LogPluginManager: Mounting plugin OodleNetwork
LogPluginManager: Mounting plugin AnimationSharing
LogPluginManager: Mounting plugin CLionSourceCodeAccess
LogPluginManager: Mounting plugin CodeLiteSourceCodeAccess
LogPluginManager: Mounting plugin GitSourceControl
LogPluginManager: Mounting plugin KDevelopSourceCodeAccess
LogPluginManager: Mounting plugin NullSourceCodeAccess
LogPluginManager: Mounting plugin PerforceSourceControl
LogPluginManager: Mounting plugin PixWinPlugin
LogPluginManager: Mounting plugin PlasticSourceControl
LogPluginManager: Mounting plugin PluginUtils
LogPluginManager: Mounting plugin PropertyAccessNode
LogPluginManager: Mounting plugin RiderSourceCodeAccess
LogPluginManager: Mounting plugin SubversionSourceControl
LogPluginManager: Mounting plugin TextureFormatOodle
LogPluginManager: Mounting plugin UObjectPlugin
LogPluginManager: Mounting plugin VisualStudioCodeSourceCodeAccess
LogPluginManager: Mounting plugin VisualStudioSourceCodeAccess
LogPluginManager: Mounting plugin XCodeSourceCodeAccess
LogPluginManager: Mounting plugin AssetManagerEditor
LogPluginManager: Mounting plugin CryptoKeys
LogPluginManager: Mounting plugin CurveEditorTools
LogPluginManager: Mounting plugin DataValidation
LogPluginManager: Mounting plugin FacialAnimation
LogPluginManager: Mounting plugin GameplayTagsEditor
LogPluginManager: Mounting plugin GeometryMode
LogPluginManager: Mounting plugin MacGraphicsSwitching
LogPluginManager: Mounting plugin MaterialAnalyzer
LogPluginManager: Mounting plugin MobileLauncherProfileWizard
LogPluginManager: Mounting plugin PluginBrowser
LogPluginManager: Mounting plugin SpeedTreeImporter
LogPluginManager: Mounting plugin DatasmithContent
LogPluginManager: Mounting plugin VariantManagerContent
LogPluginManager: Mounting plugin AlembicImporter
LogPluginManager: Mounting plugin AutomationUtils
LogPluginManager: Mounting plugin BackChannel
LogPluginManager: Mounting plugin ChaosCloth
LogPluginManager: Mounting plugin ChaosClothEditor
LogPluginManager: Mounting plugin ChaosEditor
LogPluginManager: Mounting plugin ChaosNiagara
LogPluginManager: Mounting plugin ChaosSolverPlugin
LogPluginManager: Mounting plugin CharacterAI
LogPluginManager: Mounting plugin GeometryCache
LogPluginManager: Mounting plugin GeometryCollectionPlugin
LogPluginManager: Mounting plugin GeometryProcessing
LogPluginManager: Mounting plugin MotoSynth
LogPluginManager: Mounting plugin OpenImageDenoise
LogPluginManager: Mounting plugin PlanarCut
LogPluginManager: Mounting plugin PlatformCrypto
LogPluginManager: Mounting plugin ProxyLODPlugin
LogPluginManager: Mounting plugin PythonScriptPlugin
LogPluginManager: Mounting plugin SkeletalReduction
LogPluginManager: Mounting plugin Niagara
LogPluginManager: Mounting plugin LuminPlatformFeatures
LogPluginManager: Mounting plugin MagicLeap
LogPluginManager: Mounting plugin MagicLeapLightEstimation
LogPluginManager: Mounting plugin MagicLeapMedia
LogPluginManager: Mounting plugin MagicLeapPassableWorld
LogPluginManager: Mounting plugin MLSDK
LogPluginManager: Mounting plugin AndroidMedia
LogPluginManager: Mounting plugin AvfMedia
LogPluginManager: Mounting plugin ImgMedia
LogPluginManager: Mounting plugin MediaCompositing
LogPluginManager: Mounting plugin MediaPlayerEditor
LogPluginManager: Mounting plugin WebMMedia
LogPluginManager: Mounting plugin WmfMedia
LogPluginManager: Mounting plugin TcpMessaging
LogPluginManager: Mounting plugin UdpMessaging
LogPluginManager: Mounting plugin ActorSequence
LogPluginManager: Mounting plugin LevelSequenceEditor
LogPluginManager: Mounting plugin MatineeToLevelSequence
LogPluginManager: Mounting plugin TemplateSequence
LogPluginManager: Mounting plugin OnlineSubsystem
LogPluginManager: Mounting plugin OnlineSubsystemNull
LogPluginManager: Mounting plugin OnlineSubsystemUtils
LogPluginManager: Mounting plugin LauncherChunkInstaller
LogPluginManager: Mounting plugin ActorLayerUtilities
LogPluginManager: Mounting plugin AndroidDeviceProfileSelector
LogPluginManager: Mounting plugin AndroidMoviePlayer
LogPluginManager: Mounting plugin AndroidPermission
LogPluginManager: Mounting plugin AppleImageUtils
LogPluginManager: Mounting plugin AppleMoviePlayer
LogPluginManager: Mounting plugin ArchVisCharacter
LogPluginManager: Mounting plugin AssetTags
LogPluginManager: Mounting plugin AudioCapture
LogPluginManager: Mounting plugin AudioSynesthesia
LogPluginManager: Mounting plugin CableComponent
LogPluginManager: Mounting plugin ChunkDownloader
LogPluginManager: Mounting plugin CustomMeshComponent
LogPluginManager: Mounting plugin EditableMesh
LogPluginManager: Mounting plugin ExampleDeviceProfileSelector
LogPluginManager: Mounting plugin GoogleCloudMessaging
LogPluginManager: Mounting plugin GooglePAD
LogPluginManager: Mounting plugin IOSDeviceProfileSelector
LogPluginManager: Mounting plugin LinuxDeviceProfileSelector
LogPluginManager: Mounting plugin LocationServicesBPLibrary
LogPluginManager: Mounting plugin MobilePatchingUtils
LogPluginManager: Mounting plugin OpenXR
LogPluginManager: Mounting plugin OpenXREyeTracker
LogPluginManager: Mounting plugin OpenXRHandTracking
LogPluginManager: Mounting plugin PhysXVehicles
LogPluginManager: Mounting plugin PostSplashScreen
LogPluginManager: Mounting plugin ProceduralMeshComponent
LogPluginManager: Mounting plugin PropertyAccessEditor
LogPluginManager: Mounting plugin RuntimePhysXCooking
LogPluginManager: Mounting plugin SignificanceManager
LogPluginManager: Mounting plugin SoundFields
LogPluginManager: Mounting plugin Synthesis
LogPluginManager: Mounting plugin WebMMoviePlayer
LogPluginManager: Mounting plugin WindowsMoviePlayer
LogPluginManager: Mounting plugin ScreenshotTools
LogPluginManager: Mounting plugin Takes
LogPluginManager: Mounting plugin ContentBrowserAssetDataSource
LogPluginManager: Mounting plugin ContentBrowserClassDataSource
LogPluginManager: Mounting plugin ContentBrowserFileDataSource
LogPluginManager: Mounting plugin OnlineSubsystemGooglePlay
LogPluginManager: Mounting plugin OnlineSubsystemIOS
LogPluginManager: Mounting plugin OculusVR
LogPluginManager: Mounting plugin SteamVR
PixWinPlugin: PIX capture plugin failed to initialize! Check that the process is launched from PIX.
LogInit: Using libcurl 7.55.1-DEV
LogInit:  - built for x86_64-pc-win32
LogInit:  - supports SSL with OpenSSL/1.1.1
LogInit:  - supports HTTP deflate (compression) using libz 1.2.8
LogInit:  - other features:
LogInit:      CURL_VERSION_SSL
LogInit:      CURL_VERSION_LIBZ
LogInit:      CURL_VERSION_IPV6
LogInit:      CURL_VERSION_ASYNCHDNS
LogInit:      CURL_VERSION_LARGEFILE
LogInit:      CURL_VERSION_IDN
LogInit:  CurlRequestOptions (configurable via config and command line):
LogInit:  - bVerifyPeer = true  - Libcurl will verify peer certificate
LogInit:  - bUseHttpProxy = false  - Libcurl will NOT use HTTP proxy
LogInit:  - bDontReuseConnections = false  - Libcurl will reuse connections
LogInit:  - MaxHostConnections = 16  - Libcurl will limit the number of connections to a host
LogInit:  - LocalHostAddr = Default
LogInit:  - BufferSize = 65536
LogOnline: OSS: Creating online subsystem instance for: NULL
LogInit: WinSock: version 1.1 (2.2), MaxSocks=32767, MaxUdp=65467
LogOnline: OSS: TryLoadSubsystemAndSetDefault: Loaded subsystem for module [NULL]
LogInit: Build: ++UE4+Release-4.27-CL-18319896
LogInit: Engine Version: 4.27.2-18319896+++UE4+Release-4.27
LogInit: Compatible Engine Version: 4.27.0-17155196+++UE4+Release-4.27
LogInit: Net CL: 17155196
LogInit: OS: Windows 10 (Release 2009) (), CPU: AMD Ryzen 5 3500U with Radeon Vega Mobile Gfx  , GPU: AMD Radeon(TM) Vega 8 Graphics
LogInit: Compiled (64-bit): Nov 30 2021 07:12:08
LogInit: Compiled with Visual C++: 19.24.28315.00
LogInit: Build Configuration: Development
LogInit: Branch Name: ++UE4+Release-4.27
LogInit: Command Line:  /Game/TopDownBP/Maps/TopDownExampleMap -game -PIEVIACONSOLE -Multiprocess -server -log "GameUserSettingsINI=C:/Users/bosso/OneDrive/Документы/Unreal Projects/FormatGame/Saved/Config/Windows/PIEGameUserSettings0.ini" -MultiprocessSaveConfig -forcepassthrough -messaging -SessionName="Play in Standalone Game" -port=17777 -windowed
LogInit: Base Directory: C:/Program Files/Epic Games/UE_4.27/Engine/Binaries/Win64/
LogInit: Allocator: TBB
LogInit: Installed Engine Build: 1
LogDevObjectVersion: Number of dev versions registered: 29
LogDevObjectVersion:   Dev-Blueprints (B0D832E4-1F89-4F0D-ACCF-7EB736FD4AA2): 10
LogDevObjectVersion:   Dev-Build (E1C64328-A22C-4D53-A36C-8E866417BD8C): 0
LogDevObjectVersion:   Dev-Core (375EC13C-06E4-48FB-B500-84F0262A717E): 4
LogDevObjectVersion:   Dev-Editor (E4B068ED-F494-42E9-A231-DA0B2E46BB41): 40
LogDevObjectVersion:   Dev-Framework (CFFC743F-43B0-4480-9391-14DF171D2073): 37
LogDevObjectVersion:   Dev-Mobile (B02B49B5-BB20-44E9-A304-32B752E40360): 3
LogDevObjectVersion:   Dev-Networking (A4E4105C-59A1-49B5-A7C5-40C4547EDFEE): 0
LogDevObjectVersion:   Dev-Online (39C831C9-5AE6-47DC-9A44-9C173E1C8E7C): 0
LogDevObjectVersion:   Dev-Physics (78F01B33-EBEA-4F98-B9B4-84EACCB95AA2): 14
LogDevObjectVersion:   Dev-Platform (6631380F-2D4D-43E0-8009-CF276956A95A): 0
LogDevObjectVersion:   Dev-Rendering (12F88B9F-8875-4AFC-A67C-D90C383ABD29): 45
LogDevObjectVersion:   Dev-Sequencer (7B5AE74C-D270-4C10-A958-57980B212A5A): 13
LogDevObjectVersion:   Dev-VR (D7296918-1DD6-4BDD-9DE2-64A83CC13884): 3
LogDevObjectVersion:   Dev-LoadTimes (C2A15278-BFE7-4AFE-6C17-90FF531DF755): 1
LogDevObjectVersion:   Private-Geometry (6EACA3D4-40EC-4CC1-B786-8BED09428FC5): 3
LogDevObjectVersion:   Dev-AnimPhys (29E575DD-E0A3-4627-9D10-D276232CDCEA): 17
LogDevObjectVersion:   Dev-Anim (AF43A65D-7FD3-4947-9873-3E8ED9C1BB05): 15
LogDevObjectVersion:   Dev-ReflectionCapture (6B266CEC-1EC7-4B8F-A30B-E4D90942FC07): 1
LogDevObjectVersion:   Dev-Automation (0DF73D61-A23F-47EA-B727-89E90C41499A): 1
LogDevObjectVersion:   FortniteMain (601D1886-AC64-4F84-AA16-D3DE0DEAC7D6): 47
LogDevObjectVersion:   FortniteRelease (E7086368-6B23-4C58-8439-1B7016265E91): 1
LogDevObjectVersion:   Dev-Enterprise (9DFFBCD6-494F-0158-E221-12823C92A888): 10
LogDevObjectVersion:   Dev-Niagara (F2AED0AC-9AFE-416F-8664-AA7FFA26D6FC): 1
LogDevObjectVersion:   Dev-Destruction (174F1F0B-B4C6-45A5-B13F-2EE8D0FB917D): 10
LogDevObjectVersion:   Dev-Physics-Ext (35F94A83-E258-406C-A318-09F59610247C): 41
LogDevObjectVersion:   Dev-PhysicsMaterial-Chaos (B68FC16E-8B1B-42E2-B453-215C058844FE): 1
LogDevObjectVersion:   Dev-CineCamera (B2E18506-4273-CFC2-A54E-F4BB758BBA07): 1
LogDevObjectVersion:   Dev-VirtualProduction (64F58936-FD1B-42BA-BA96-7289D5D0FA4E): 1
LogDevObjectVersion:   Dev-MediaFramework (6F0ED827-A609-4895-9C91-998D90180EA4): 2
LogInit: Presizing for max 25165824 objects, including 0 objects not considered by GC, pre-allocating 0 bytes for permanent pool.
LogConfig: Applying CVar settings from Section [/Script/Engine.StreamingSettings] File [C:/Users/bosso/OneDrive/Документы/Unreal Projects/FormatGame/Saved/Config/Windows/Engine.ini]
LogConfig: Setting CVar [[s.MinBulkDataSizeForAsyncLoading:131072]]
LogConfig: Setting CVar [[s.AsyncLoadingThreadEnabled:0]]
LogConfig: Setting CVar [[s.EventDrivenLoaderEnabled:1]]
LogConfig: Setting CVar [[s.WarnIfTimeLimitExceeded:0]]
LogConfig: Setting CVar [[s.TimeLimitExceededMultiplier:1.5]]
LogConfig: Setting CVar [[s.TimeLimitExceededMinTime:0.005]]
LogConfig: Setting CVar [[s.UseBackgroundLevelStreaming:1]]
LogConfig: Setting CVar [[s.PriorityAsyncLoadingExtraTime:15.0]]
LogConfig: Setting CVar [[s.LevelStreamingActorsUpdateTimeLimit:5.0]]
LogConfig: Setting CVar [[s.PriorityLevelStreamingActorsUpdateExtraTime:5.0]]
LogConfig: Setting CVar [[s.LevelStreamingComponentsRegistrationGranularity:10]]
LogConfig: Setting CVar [[s.UnregisterComponentsTimeLimit:1.0]]
LogConfig: Setting CVar [[s.LevelStreamingComponentsUnregistrationGranularity:5]]
LogConfig: Setting CVar [[s.FlushStreamingOnExit:1]]
LogInit: Object subsystem initialized
LogConfig: Setting CVar [[con.DebugEarlyDefault:1]]
LogConfig: Setting CVar [[r.setres:1280x720]]
[2022.11.28-11.10.28:717][  0]LogConfig: Setting CVar [[con.DebugEarlyDefault:1]]
[2022.11.28-11.10.28:718][  0]LogConfig: Setting CVar [[r.setres:1280x720]]
[2022.11.28-11.10.28:718][  0]LogConfig: Applying CVar settings from Section [/Script/Engine.RendererSettings] File [C:/Users/bosso/OneDrive/Документы/Unreal Projects/FormatGame/Saved/Config/Windows/Engine.ini]
[2022.11.28-11.10.28:721][  0]LogConfig: Setting CVar [[r.GPUCrashDebugging:0]]
[2022.11.28-11.10.28:728][  0]LogConfig: Applying CVar settings from Section [/Script/Engine.RendererOverrideSettings] File [C:/Users/bosso/OneDrive/Документы/Unreal Projects/FormatGame/Saved/Config/Windows/Engine.ini]
[2022.11.28-11.10.28:729][  0]LogConfig: Applying CVar settings from Section [/Script/Engine.StreamingSettings] File [C:/Users/bosso/OneDrive/Документы/Unreal Projects/FormatGame/Saved/Config/Windows/Engine.ini]
[2022.11.28-11.10.28:729][  0]LogConfig: Setting CVar [[s.MinBulkDataSizeForAsyncLoading:131072]]
[2022.11.28-11.10.28:730][  0]LogConfig: Setting CVar [[s.AsyncLoadingThreadEnabled:0]]
[2022.11.28-11.10.28:730][  0]LogConfig: Setting CVar [[s.EventDrivenLoaderEnabled:1]]
[2022.11.28-11.10.28:731][  0]LogConfig: Setting CVar [[s.WarnIfTimeLimitExceeded:0]]
[2022.11.28-11.10.28:731][  0]LogConfig: Setting CVar [[s.TimeLimitExceededMultiplier:1.5]]
[2022.11.28-11.10.28:732][  0]LogConfig: Setting CVar [[s.TimeLimitExceededMinTime:0.005]]
[2022.11.28-11.10.28:732][  0]LogConfig: Setting CVar [[s.UseBackgroundLevelStreaming:1]]
[2022.11.28-11.10.28:733][  0]LogConfig: Setting CVar [[s.PriorityAsyncLoadingExtraTime:15.0]]
[2022.11.28-11.10.28:733][  0]LogConfig: Setting CVar [[s.LevelStreamingActorsUpdateTimeLimit:5.0]]
[2022.11.28-11.10.28:734][  0]LogConfig: Setting CVar [[s.PriorityLevelStreamingActorsUpdateExtraTime:5.0]]
[2022.11.28-11.10.28:738][  0]LogConfig: Setting CVar [[s.LevelStreamingComponentsRegistrationGranularity:10]]
[2022.11.28-11.10.28:738][  0]LogConfig: Setting CVar [[s.UnregisterComponentsTimeLimit:1.0]]
[2022.11.28-11.10.28:739][  0]LogConfig: Setting CVar [[s.LevelStreamingComponentsUnregistrationGranularity:5]]
[2022.11.28-11.10.28:739][  0]LogConfig: Setting CVar [[s.FlushStreamingOnExit:1]]
[2022.11.28-11.10.28:740][  0]LogConfig: Applying CVar settings from Section [/Script/Engine.GarbageCollectionSettings] File [C:/Users/bosso/OneDrive/Документы/Unreal Projects/FormatGame/Saved/Config/Windows/Engine.ini]
[2022.11.28-11.10.28:740][  0]LogConfig: Setting CVar [[gc.MaxObjectsNotConsideredByGC:1]]
[2022.11.28-11.10.28:741][  0]LogConfig: Setting CVar [[gc.SizeOfPermanentObjectPool:0]]
[2022.11.28-11.10.28:741][  0]LogConfig: Setting CVar [[gc.FlushStreamingOnGC:0]]
[2022.11.28-11.10.28:742][  0]LogConfig: Setting CVar [[gc.NumRetriesBeforeForcingGC:10]]
[2022.11.28-11.10.28:742][  0]LogConfig: Setting CVar [[gc.AllowParallelGC:1]]
[2022.11.28-11.10.28:743][  0]LogConfig: Setting CVar [[gc.TimeBetweenPurgingPendingKillObjects:61.1]]
[2022.11.28-11.10.28:743][  0]LogConfig: Setting CVar [[gc.MaxObjectsInEditor:25165824]]
[2022.11.28-11.10.28:744][  0]LogConfig: Setting CVar [[gc.IncrementalBeginDestroyEnabled:1]]
[2022.11.28-11.10.28:744][  0]LogConfig: Setting CVar [[gc.CreateGCClusters:1]]
[2022.11.28-11.10.28:745][  0]LogConfig: Setting CVar [[gc.MinGCClusterSize:5]]
[2022.11.28-11.10.28:745][  0]LogConfig: Setting CVar [[gc.ActorClusteringEnabled:0]]
[2022.11.28-11.10.28:746][  0]LogConfig: Setting CVar [[gc.BlueprintClusteringEnabled:0]]
[2022.11.28-11.10.28:746][  0]LogConfig: Setting CVar [[gc.UseDisregardForGCOnDedicatedServers:0]]
[2022.11.28-11.10.28:747][  0]LogConfig: Setting CVar [[gc.MultithreadedDestructionEnabled:1]]
[2022.11.28-11.10.28:747][  0]LogConfig: Applying CVar settings from Section [/Script/Engine.NetworkSettings] File [C:/Users/bosso/OneDrive/Документы/Unreal Projects/FormatGame/Saved/Config/Windows/Engine.ini]
[2022.11.28-11.10.28:748][  0]LogConfig: Applying CVar settings from Section [/Script/UnrealEd.CookerSettings] File [C:/Users/bosso/OneDrive/Документы/Unreal Projects/FormatGame/Saved/Config/Windows/Engine.ini]
[2022.11.28-11.10.28:749][  0]LogConfig: Applying CVar settings from Section [ViewDistanceQuality@3] File [C:/Users/bosso/OneDrive/Документы/Unreal Projects/FormatGame/Saved/Config/Windows/Scalability.ini]
[2022.11.28-11.10.28:749][  0]LogConfig: Setting CVar [[r.SkeletalMeshLODBias:0]]
[2022.11.28-11.10.28:749][  0]LogConfig: Setting CVar [[r.ViewDistanceScale:1.0]]
[2022.11.28-11.10.28:750][  0]LogConfig: Applying CVar settings from Section [AntiAliasingQuality@3] File [C:/Users/bosso/OneDrive/Документы/Unreal Projects/FormatGame/Saved/Config/Windows/Scalability.ini]
[2022.11.28-11.10.28:760][  0]LogConfig: Setting CVar [[r.PostProcessAAQuality:4]]
[2022.11.28-11.10.28:760][  0]LogConfig: Applying CVar settings from Section [ShadowQuality@3] File [C:/Users/bosso/OneDrive/Документы/Unreal Projects/FormatGame/Saved/Config/Windows/Scalability.ini]
[2022.11.28-11.10.28:761][  0]LogConfig: Setting CVar [[r.LightFunctionQuality:1]]
[2022.11.28-11.10.28:762][  0]LogConfig: Setting CVar [[r.ShadowQuality:5]]
[2022.11.28-11.10.28:762][  0]LogConfig: Setting CVar [[r.Shadow.CSM.MaxCascades:10]]
[2022.11.28-11.10.28:763][  0]LogConfig: Setting CVar [[r.Shadow.MaxResolution:2048]]
[2022.11.28-11.10.28:764][  0]LogConfig: Setting CVar [[r.Shadow.MaxCSMResolution:2048]]
[2022.11.28-11.10.28:764][  0]LogConfig: Setting CVar [[r.Shadow.RadiusThreshold:0.01]]
[2022.11.28-11.10.28:765][  0]LogConfig: Setting CVar [[r.Shadow.DistanceScale:1.0]]
[2022.11.28-11.10.28:768][  0]LogConfig: Setting CVar [[r.Shadow.CSM.TransitionScale:1.0]]
[2022.11.28-11.10.28:768][  0]LogConfig: Setting CVar [[r.Shadow.PreShadowResolutionFactor:1.0]]
[2022.11.28-11.10.28:769][  0]LogConfig: Setting CVar [[r.DistanceFieldShadowing:1]]
[2022.11.28-11.10.28:769][  0]LogConfig: Setting CVar [[r.DistanceFieldAO:1]]
[2022.11.28-11.10.28:770][  0]LogConfig: Setting CVar [[r.AOQuality:2]]
[2022.11.28-11.10.28:770][  0]LogConfig: Setting CVar [[r.VolumetricFog:1]]
[2022.11.28-11.10.28:771][  0]LogConfig: Setting CVar [[r.VolumetricFog.GridPixelSize:8]]
[2022.11.28-11.10.28:771][  0]LogConfig: Setting CVar [[r.VolumetricFog.GridSizeZ:128]]
[2022.11.28-11.10.28:772][  0]LogConfig: Setting CVar [[r.VolumetricFog.HistoryMissSupersampleCount:4]]
[2022.11.28-11.10.28:772][  0]LogConfig: Setting CVar [[r.LightMaxDrawDistanceScale:1]]
[2022.11.28-11.10.28:773][  0]LogConfig: Setting CVar [[r.CapsuleShadows:1]]
[2022.11.28-11.10.28:773][  0]LogConfig: Applying CVar settings from Section [PostProcessQuality@3] File [C:/Users/bosso/OneDrive/Документы/Unreal Projects/FormatGame/Saved/Config/Windows/Scalability.ini]
[2022.11.28-11.10.28:774][  0]LogConfig: Setting CVar [[r.MotionBlurQuality:4]]
[2022.11.28-11.10.28:774][  0]LogConfig: Setting CVar [[r.AmbientOcclusionMipLevelFactor:0.4]]
[2022.11.28-11.10.28:774][  0]LogConfig: Setting CVar [[r.AmbientOcclusionMaxQuality:100]]
[2022.11.28-11.10.28:775][  0]LogConfig: Setting CVar [[r.AmbientOcclusionLevels:-1]]
[2022.11.28-11.10.28:775][  0]LogConfig: Setting CVar [[r.AmbientOcclusionRadiusScale:1.0]]
[2022.11.28-11.10.28:776][  0]LogConfig: Setting CVar [[r.DepthOfFieldQuality:2]]
[2022.11.28-11.10.28:776][  0]LogConfig: Setting CVar [[r.RenderTargetPoolMin:400]]
[2022.11.28-11.10.28:777][  0]LogConfig: Setting CVar [[r.LensFlareQuality:2]]
[2022.11.28-11.10.28:778][  0]LogConfig: Setting CVar [[r.SceneColorFringeQuality:1]]
[2022.11.28-11.10.28:779][  0]LogConfig: Setting CVar [[r.EyeAdaptationQuality:2]]
[2022.11.28-11.10.28:779][  0]LogConfig: Setting CVar [[r.BloomQuality:5]]
[2022.11.28-11.10.28:780][  0]LogConfig: Setting CVar [[r.FastBlurThreshold:100]]
[2022.11.28-11.10.28:780][  0]LogConfig: Setting CVar [[r.Upscale.Quality:3]]
[2022.11.28-11.10.28:781][  0]LogConfig: Setting CVar [[r.Tonemapper.GrainQuantization:1]]
[2022.11.28-11.10.28:787][  0]LogConfig: Setting CVar [[r.LightShaftQuality:1]]
[2022.11.28-11.10.28:787][  0]LogConfig: Setting CVar [[r.Filter.SizeScale:1]]
[2022.11.28-11.10.28:788][  0]LogConfig: Setting CVar [[r.Tonemapper.Quality:5]]
[2022.11.28-11.10.28:789][  0]LogConfig: Setting CVar [[r.DOF.Gather.AccumulatorQuality:1        ; higher gathering accumulator quality]]
[2022.11.28-11.10.28:789][  0]LogConfig: Setting CVar [[r.DOF.Gather.PostfilterMethod:1          ; Median3x3 postfilering method]]
[2022.11.28-11.10.28:790][  0]LogConfig: Setting CVar [[r.DOF.Gather.EnableBokehSettings:0       ; no bokeh simulation when gathering]]
[2022.11.28-11.10.28:791][  0]LogConfig: Setting CVar [[r.DOF.Gather.RingCount:4                 ; medium number of samples when gathering]]
[2022.11.28-11.10.28:791][  0]LogConfig: Setting CVar [[r.DOF.Scatter.ForegroundCompositing:1    ; additive foreground scattering]]
[2022.11.28-11.10.28:792][  0]LogConfig: Setting CVar [[r.DOF.Scatter.BackgroundCompositing:2    ; additive background scattering]]
[2022.11.28-11.10.28:792][  0]LogConfig: Setting CVar [[r.DOF.Scatter.EnableBokehSettings:1      ; bokeh simulation when scattering]]
[2022.11.28-11.10.28:793][  0]LogConfig: Setting CVar [[r.DOF.Scatter.MaxSpriteRatio:0.1         ; only a maximum of 10% of scattered bokeh]]
[2022.11.28-11.10.28:793][  0]LogConfig: Setting CVar [[r.DOF.Recombine.Quality:1                ; cheap slight out of focus]]
[2022.11.28-11.10.28:794][  0]LogConfig: Setting CVar [[r.DOF.Recombine.EnableBokehSettings:0    ; no bokeh simulation on slight out of focus]]
[2022.11.28-11.10.28:794][  0]LogConfig: Setting CVar [[r.DOF.TemporalAAQuality:1                ; more stable temporal accumulation]]
[2022.11.28-11.10.28:795][  0]LogConfig: Setting CVar [[r.DOF.Kernel.MaxForegroundRadius:0.025]]
[2022.11.28-11.10.28:795][  0]LogConfig: Setting CVar [[r.DOF.Kernel.MaxBackgroundRadius:0.025]]
[2022.11.28-11.10.28:796][  0]LogConfig: Applying CVar settings from Section [TextureQuality@3] File [C:/Users/bosso/OneDrive/Документы/Unreal Projects/FormatGame/Saved/Config/Windows/Scalability.ini]
[2022.11.28-11.10.28:796][  0]LogConfig: Setting CVar [[r.Streaming.MipBias:0]]
[2022.11.28-11.10.28:797][  0]LogConfig: Setting CVar [[r.Streaming.AmortizeCPUToGPUCopy:0]]
[2022.11.28-11.10.28:801][  0]LogConfig: Setting CVar [[r.Streaming.MaxNumTexturesToStreamPerFrame:0]]
[2022.11.28-11.10.28:802][  0]LogConfig: Setting CVar [[r.Streaming.Boost:1]]
[2022.11.28-11.10.28:802][  0]LogConfig: Setting CVar [[r.MaxAnisotropy:8]]
[2022.11.28-11.10.28:803][  0]LogConfig: Setting CVar [[r.VT.MaxAnisotropy:8]]
[2022.11.28-11.10.28:804][  0]LogConfig: Setting CVar [[r.Streaming.LimitPoolSizeToVRAM:0]]
[2022.11.28-11.10.28:804][  0]LogConfig: Setting CVar [[r.Streaming.PoolSize:1000]]
[2022.11.28-11.10.28:804][  0]LogConfig: Setting CVar [[r.Streaming.MaxEffectiveScreenSize:0]]
[2022.11.28-11.10.28:805][  0]LogConfig: Applying CVar settings from Section [EffectsQuality@3] File [C:/Users/bosso/OneDrive/Документы/Unreal Projects/FormatGame/Saved/Config/Windows/Scalability.ini]
[2022.11.28-11.10.28:806][  0]LogConfig: Setting CVar [[r.TranslucencyLightingVolumeDim:64]]
[2022.11.28-11.10.28:806][  0]LogConfig: Setting CVar [[r.RefractionQuality:2]]
[2022.11.28-11.10.28:807][  0]LogConfig: Setting CVar [[r.SSR.Quality:3]]
[2022.11.28-11.10.28:808][  0]LogConfig: Setting CVar [[r.SSR.HalfResSceneColor:0]]
[2022.11.28-11.10.28:808][  0]LogConfig: Setting CVar [[r.SceneColorFormat:4]]
[2022.11.28-11.10.28:809][  0]LogConfig: Setting CVar [[r.DetailMode:2]]
[2022.11.28-11.10.28:809][  0]LogConfig: Setting CVar [[r.TranslucencyVolumeBlur:1]]
[2022.11.28-11.10.28:810][  0]LogConfig: Setting CVar [[r.MaterialQualityLevel:1 ; High quality]]
[2022.11.28-11.10.28:811][  0]LogConfig: Setting CVar [[r.AnisotropicMaterials:1]]
[2022.11.28-11.10.28:811][  0]LogConfig: Setting CVar [[r.SSS.Scale:1]]
[2022.11.28-11.10.28:815][  0]LogConfig: Setting CVar [[r.SSS.SampleSet:2]]
[2022.11.28-11.10.28:819][  0]LogConfig: Setting CVar [[r.SSS.Quality:1]]
[2022.11.28-11.10.28:820][  0]LogConfig: Setting CVar [[r.SSS.HalfRes:0]]
[2022.11.28-11.10.28:820][  0]LogConfig: Setting CVar [[r.SSGI.Quality:3]]
[2022.11.28-11.10.28:820][  0]LogConfig: Setting CVar [[r.EmitterSpawnRateScale:1.0]]
[2022.11.28-11.10.28:821][  0]LogConfig: Setting CVar [[r.ParticleLightQuality:2]]
[2022.11.28-11.10.28:822][  0]LogConfig: Setting CVar [[r.SkyAtmosphere.AerialPerspectiveLUT.FastApplyOnOpaque:1 ; Always have FastSkyLUT 1 in this case to avoid wrong sky]]
[2022.11.28-11.10.28:822][  0]LogConfig: Setting CVar [[r.SkyAtmosphere.AerialPerspectiveLUT.SampleCountMaxPerSlice:4]]
[2022.11.28-11.10.28:823][  0]LogConfig: Setting CVar [[r.SkyAtmosphere.AerialPerspectiveLUT.DepthResolution:16.0]]
[2022.11.28-11.10.28:823][  0]LogConfig: Setting CVar [[r.SkyAtmosphere.FastSkyLUT:1]]
[2022.11.28-11.10.28:824][  0]LogConfig: Setting CVar [[r.SkyAtmosphere.FastSkyLUT.SampleCountMin:4.0]]
[2022.11.28-11.10.28:824][  0]LogConfig: Setting CVar [[r.SkyAtmosphere.FastSkyLUT.SampleCountMax:128.0]]
[2022.11.28-11.10.28:825][  0]LogConfig: Setting CVar [[r.SkyAtmosphere.SampleCountMin:4.0]]
[2022.11.28-11.10.28:825][  0]LogConfig: Setting CVar [[r.SkyAtmosphere.SampleCountMax:128.0]]
[2022.11.28-11.10.28:826][  0]LogConfig: Setting CVar [[r.SkyAtmosphere.TransmittanceLUT.UseSmallFormat:0]]
[2022.11.28-11.10.28:826][  0]LogConfig: Setting CVar [[r.SkyAtmosphere.TransmittanceLUT.SampleCount:10.0]]
[2022.11.28-11.10.28:827][  0]LogConfig: Setting CVar [[r.SkyAtmosphere.MultiScatteringLUT.SampleCount:15.0]]
[2022.11.28-11.10.28:828][  0]LogConfig: Setting CVar [[r.SkyLight.RealTimeReflectionCapture:1]]
[2022.11.28-11.10.28:833][  0]LogConfig: Applying CVar settings from Section [FoliageQuality@3] File [C:/Users/bosso/OneDrive/Документы/Unreal Projects/FormatGame/Saved/Config/Windows/Scalability.ini]
[2022.11.28-11.10.28:834][  0]LogConfig: Setting CVar [[foliage.DensityScale:1.0]]
[2022.11.28-11.10.28:834][  0]LogConfig: Setting CVar [[grass.DensityScale:1.0]]
[2022.11.28-11.10.28:834][  0]LogConfig: Applying CVar settings from Section [ShadingQuality@3] File [C:/Users/bosso/OneDrive/Документы/Unreal Projects/FormatGame/Saved/Config/Windows/Scalability.ini]
[2022.11.28-11.10.28:835][  0]LogConfig: Setting CVar [[r.HairStrands.SkyLighting.IntegrationType:2]]
[2022.11.28-11.10.28:836][  0]LogConfig: Setting CVar [[r.HairStrands.SkyAO.SampleCount:4]]
[2022.11.28-11.10.28:836][  0]LogConfig: Setting CVar [[r.HairStrands.Visibility.MSAA.SamplePerPixel:4]]
[2022.11.28-11.10.28:837][  0]LogInit: Selected Device Profile: [Windows]
[2022.11.28-11.10.28:837][  0]LogInit: Applying CVar settings loaded from the selected device profile: [Windows]
[2022.11.28-11.10.28:838][  0]LogHAL: Display: Platform has ~ 6 GB [6312214528 / 8589934592 / 6], which maps to Smaller [LargestMinGB=32, LargerMinGB=12, DefaultMinGB=8, SmallerMinGB=6, SmallestMinGB=0)
[2022.11.28-11.10.28:838][  0]LogInit: Going up to parent DeviceProfile []
[2022.11.28-11.10.28:839][  0]LogConfig: Applying CVar settings from Section [ViewDistanceQuality@3] File [C:/Users/bosso/OneDrive/Документы/Unreal Projects/FormatGame/Saved/Config/Windows/Scalability.ini]
[2022.11.28-11.10.28:839][  0]LogConfig: Setting CVar [[r.SkeletalMeshLODBias:0]]
[2022.11.28-11.10.28:840][  0]LogConfig: Setting CVar [[r.ViewDistanceScale:1.0]]
[2022.11.28-11.10.28:840][  0]LogConfig: Applying CVar settings from Section [AntiAliasingQuality@3] File [C:/Users/bosso/OneDrive/Документы/Unreal Projects/FormatGame/Saved/Config/Windows/Scalability.ini]
[2022.11.28-11.10.28:841][  0]LogConfig: Setting CVar [[r.PostProcessAAQuality:4]]
[2022.11.28-11.10.28:842][  0]LogConfig: Applying CVar settings from Section [ShadowQuality@3] File [C:/Users/bosso/OneDrive/Документы/Unreal Projects/FormatGame/Saved/Config/Windows/Scalability.ini]
[2022.11.28-11.10.28:842][  0]LogConfig: Setting CVar [[r.LightFunctionQuality:1]]
[2022.11.28-11.10.28:843][  0]LogConfig: Setting CVar [[r.ShadowQuality:5]]
[2022.11.28-11.10.28:844][  0]LogConfig: Setting CVar [[r.Shadow.CSM.MaxCascades:10]]
[2022.11.28-11.10.28:850][  0]LogConfig: Setting CVar [[r.Shadow.MaxResolution:2048]]
[2022.11.28-11.10.28:850][  0]LogConfig: Setting CVar [[r.Shadow.MaxCSMResolution:2048]]
[2022.11.28-11.10.28:851][  0]LogConfig: Setting CVar [[r.Shadow.RadiusThreshold:0.01]]
[2022.11.28-11.10.28:851][  0]LogConfig: Setting CVar [[r.Shadow.DistanceScale:1.0]]
[2022.11.28-11.10.28:852][  0]LogConfig: Setting CVar [[r.Shadow.CSM.TransitionScale:1.0]]
[2022.11.28-11.10.28:852][  0]LogConfig: Setting CVar [[r.Shadow.PreShadowResolutionFactor:1.0]]
[2022.11.28-11.10.28:853][  0]LogConfig: Setting CVar [[r.DistanceFieldShadowing:1]]
[2022.11.28-11.10.28:854][  0]LogConfig: Setting CVar [[r.DistanceFieldAO:1]]
[2022.11.28-11.10.28:854][  0]LogConfig: Setting CVar [[r.AOQuality:2]]
[2022.11.28-11.10.28:855][  0]LogConfig: Setting CVar [[r.VolumetricFog:1]]
[2022.11.28-11.10.28:855][  0]LogConfig: Setting CVar [[r.VolumetricFog.GridPixelSize:8]]
[2022.11.28-11.10.28:856][  0]LogConfig: Setting CVar [[r.VolumetricFog.GridSizeZ:128]]
[2022.11.28-11.10.28:856][  0]LogConfig: Setting CVar [[r.VolumetricFog.HistoryMissSupersampleCount:4]]
[2022.11.28-11.10.28:857][  0]LogConfig: Setting CVar [[r.LightMaxDrawDistanceScale:1]]
[2022.11.28-11.10.28:857][  0]LogConfig: Setting CVar [[r.CapsuleShadows:1]]
[2022.11.28-11.10.28:858][  0]LogConfig: Applying CVar settings from Section [PostProcessQuality@3] File [C:/Users/bosso/OneDrive/Документы/Unreal Projects/FormatGame/Saved/Config/Windows/Scalability.ini]
[2022.11.28-11.10.28:858][  0]LogConfig: Setting CVar [[r.MotionBlurQuality:4]]
[2022.11.28-11.10.28:859][  0]LogConfig: Setting CVar [[r.AmbientOcclusionMipLevelFactor:0.4]]
[2022.11.28-11.10.28:863][  0]LogConfig: Setting CVar [[r.AmbientOcclusionMaxQuality:100]]
[2022.11.28-11.10.28:864][  0]LogConfig: Setting CVar [[r.AmbientOcclusionLevels:-1]]
[2022.11.28-11.10.28:864][  0]LogConfig: Setting CVar [[r.AmbientOcclusionRadiusScale:1.0]]
[2022.11.28-11.10.28:865][  0]LogConfig: Setting CVar [[r.DepthOfFieldQuality:2]]
[2022.11.28-11.10.28:865][  0]LogConfig: Setting CVar [[r.RenderTargetPoolMin:400]]
[2022.11.28-11.10.28:866][  0]LogConfig: Setting CVar [[r.LensFlareQuality:2]]
[2022.11.28-11.10.28:866][  0]LogConfig: Setting CVar [[r.SceneColorFringeQuality:1]]
[2022.11.28-11.10.28:867][  0]LogConfig: Setting CVar [[r.EyeAdaptationQuality:2]]
[2022.11.28-11.10.28:867][  0]LogConfig: Setting CVar [[r.BloomQuality:5]]
[2022.11.28-11.10.28:868][  0]LogConfig: Setting CVar [[r.FastBlurThreshold:100]]
[2022.11.28-11.10.28:869][  0]LogConfig: Setting CVar [[r.Upscale.Quality:3]]
[2022.11.28-11.10.28:869][  0]LogConfig: Setting CVar [[r.Tonemapper.GrainQuantization:1]]
[2022.11.28-11.10.28:870][  0]LogConfig: Setting CVar [[r.LightShaftQuality:1]]
[2022.11.28-11.10.28:870][  0]LogConfig: Setting CVar [[r.Filter.SizeScale:1]]
[2022.11.28-11.10.28:871][  0]LogConfig: Setting CVar [[r.Tonemapper.Quality:5]]
[2022.11.28-11.10.28:871][  0]LogConfig: Setting CVar [[r.DOF.Gather.AccumulatorQuality:1        ; higher gathering accumulator quality]]
[2022.11.28-11.10.28:872][  0]LogConfig: Setting CVar [[r.DOF.Gather.PostfilterMethod:1          ; Median3x3 postfilering method]]
[2022.11.28-11.10.28:872][  0]LogConfig: Setting CVar [[r.DOF.Gather.EnableBokehSettings:0       ; no bokeh simulation when gathering]]
[2022.11.28-11.10.28:872][  0]LogConfig: Setting CVar [[r.DOF.Gather.RingCount:4                 ; medium number of samples when gathering]]
[2022.11.28-11.10.28:873][  0]LogConfig: Setting CVar [[r.DOF.Scatter.ForegroundCompositing:1    ; additive foreground scattering]]
[2022.11.28-11.10.28:873][  0]LogConfig: Setting CVar [[r.DOF.Scatter.BackgroundCompositing:2    ; additive background scattering]]
[2022.11.28-11.10.28:874][  0]LogConfig: Setting CVar [[r.DOF.Scatter.EnableBokehSettings:1      ; bokeh simulation when scattering]]
[2022.11.28-11.10.28:874][  0]LogConfig: Setting CVar [[r.DOF.Scatter.MaxSpriteRatio:0.1         ; only a maximum of 10% of scattered bokeh]]
[2022.11.28-11.10.28:874][  0]LogConfig: Setting CVar [[r.DOF.Recombine.Quality:1                ; cheap slight out of focus]]
[2022.11.28-11.10.28:875][  0]LogConfig: Setting CVar [[r.DOF.Recombine.EnableBokehSettings:0    ; no bokeh simulation on slight out of focus]]
[2022.11.28-11.10.28:880][  0]LogConfig: Setting CVar [[r.DOF.TemporalAAQuality:1                ; more stable temporal accumulation]]
[2022.11.28-11.10.28:881][  0]LogConfig: Setting CVar [[r.DOF.Kernel.MaxForegroundRadius:0.025]]
[2022.11.28-11.10.28:882][  0]LogConfig: Setting CVar [[r.DOF.Kernel.MaxBackgroundRadius:0.025]]
[2022.11.28-11.10.28:882][  0]LogConfig: Applying CVar settings from Section [TextureQuality@3] File [C:/Users/bosso/OneDrive/Документы/Unreal Projects/FormatGame/Saved/Config/Windows/Scalability.ini]
[2022.11.28-11.10.28:883][  0]LogConfig: Setting CVar [[r.Streaming.MipBias:0]]
[2022.11.28-11.10.28:884][  0]LogConfig: Setting CVar [[r.Streaming.AmortizeCPUToGPUCopy:0]]
[2022.11.28-11.10.28:885][  0]LogConfig: Setting CVar [[r.Streaming.MaxNumTexturesToStreamPerFrame:0]]
[2022.11.28-11.10.28:885][  0]LogConfig: Setting CVar [[r.Streaming.Boost:1]]
[2022.11.28-11.10.28:886][  0]LogConfig: Setting CVar [[r.MaxAnisotropy:8]]
[2022.11.28-11.10.28:887][  0]LogConfig: Setting CVar [[r.VT.MaxAnisotropy:8]]
[2022.11.28-11.10.28:888][  0]LogConfig: Setting CVar [[r.Streaming.LimitPoolSizeToVRAM:0]]
[2022.11.28-11.10.28:888][  0]LogConfig: Setting CVar [[r.Streaming.PoolSize:1000]]
[2022.11.28-11.10.28:889][  0]LogConfig: Setting CVar [[r.Streaming.MaxEffectiveScreenSize:0]]
[2022.11.28-11.10.28:889][  0]LogConfig: Applying CVar settings from Section [EffectsQuality@3] File [C:/Users/bosso/OneDrive/Документы/Unreal Projects/FormatGame/Saved/Config/Windows/Scalability.ini]
[2022.11.28-11.10.28:890][  0]LogConfig: Setting CVar [[r.TranslucencyLightingVolumeDim:64]]
[2022.11.28-11.10.28:894][  0]LogConfig: Setting CVar [[r.RefractionQuality:2]]
[2022.11.28-11.10.28:894][  0]LogConfig: Setting CVar [[r.SSR.Quality:3]]
[2022.11.28-11.10.28:895][  0]LogConfig: Setting CVar [[r.SSR.HalfResSceneColor:0]]
[2022.11.28-11.10.28:895][  0]LogConfig: Setting CVar [[r.SceneColorFormat:4]]
[2022.11.28-11.10.28:896][  0]LogConfig: Setting CVar [[r.DetailMode:2]]
[2022.11.28-11.10.28:896][  0]LogConfig: Setting CVar [[r.TranslucencyVolumeBlur:1]]
[2022.11.28-11.10.28:897][  0]LogConfig: Setting CVar [[r.MaterialQualityLevel:1 ; High quality]]
[2022.11.28-11.10.28:898][  0]LogConfig: Setting CVar [[r.AnisotropicMaterials:1]]
[2022.11.28-11.10.28:898][  0]LogConfig: Setting CVar [[r.SSS.Scale:1]]
[2022.11.28-11.10.28:899][  0]LogConfig: Setting CVar [[r.SSS.SampleSet:2]]
[2022.11.28-11.10.28:899][  0]LogConfig: Setting CVar [[r.SSS.Quality:1]]
[2022.11.28-11.10.28:900][  0]LogConfig: Setting CVar [[r.SSS.HalfRes:0]]
[2022.11.28-11.10.28:901][  0]LogConfig: Setting CVar [[r.SSGI.Quality:3]]
[2022.11.28-11.10.28:901][  0]LogConfig: Setting CVar [[r.EmitterSpawnRateScale:1.0]]
[2022.11.28-11.10.28:902][  0]LogConfig: Setting CVar [[r.ParticleLightQuality:2]]
[2022.11.28-11.10.28:902][  0]LogConfig: Setting CVar [[r.SkyAtmosphere.AerialPerspectiveLUT.FastApplyOnOpaque:1 ; Always have FastSkyLUT 1 in this case to avoid wrong sky]]
[2022.11.28-11.10.28:903][  0]LogConfig: Setting CVar [[r.SkyAtmosphere.AerialPerspectiveLUT.SampleCountMaxPerSlice:4]]
[2022.11.28-11.10.28:904][  0]LogConfig: Setting CVar [[r.SkyAtmosphere.AerialPerspectiveLUT.DepthResolution:16.0]]
[2022.11.28-11.10.28:904][  0]LogConfig: Setting CVar [[r.SkyAtmosphere.FastSkyLUT:1]]
[2022.11.28-11.10.28:905][  0]LogConfig: Setting CVar [[r.SkyAtmosphere.FastSkyLUT.SampleCountMin:4.0]]
[2022.11.28-11.10.28:905][  0]LogConfig: Setting CVar [[r.SkyAtmosphere.FastSkyLUT.SampleCountMax:128.0]]
[2022.11.28-11.10.28:906][  0]LogConfig: Setting CVar [[r.SkyAtmosphere.SampleCountMin:4.0]]
[2022.11.28-11.10.28:912][  0]LogConfig: Setting CVar [[r.SkyAtmosphere.SampleCountMax:128.0]]
[2022.11.28-11.10.28:913][  0]LogConfig: Setting CVar [[r.SkyAtmosphere.TransmittanceLUT.UseSmallFormat:0]]
[2022.11.28-11.10.28:913][  0]LogConfig: Setting CVar [[r.SkyAtmosphere.TransmittanceLUT.SampleCount:10.0]]
[2022.11.28-11.10.28:914][  0]LogConfig: Setting CVar [[r.SkyAtmosphere.MultiScatteringLUT.SampleCount:15.0]]
[2022.11.28-11.10.28:914][  0]LogConfig: Setting CVar [[r.SkyLight.RealTimeReflectionCapture:1]]
[2022.11.28-11.10.28:915][  0]LogConfig: Applying CVar settings from Section [FoliageQuality@3] File [C:/Users/bosso/OneDrive/Документы/Unreal Projects/FormatGame/Saved/Config/Windows/Scalability.ini]
[2022.11.28-11.10.28:915][  0]LogConfig: Setting CVar [[foliage.DensityScale:1.0]]
[2022.11.28-11.10.28:916][  0]LogConfig: Setting CVar [[grass.DensityScale:1.0]]
[2022.11.28-11.10.28:916][  0]LogConfig: Applying CVar settings from Section [ShadingQuality@3] File [C:/Users/bosso/OneDrive/Документы/Unreal Projects/FormatGame/Saved/Config/Windows/Scalability.ini]
[2022.11.28-11.10.28:917][  0]LogConfig: Setting CVar [[r.HairStrands.SkyLighting.IntegrationType:2]]
[2022.11.28-11.10.28:917][  0]LogConfig: Setting CVar [[r.HairStrands.SkyAO.SampleCount:4]]
[2022.11.28-11.10.28:918][  0]LogConfig: Setting CVar [[r.HairStrands.Visibility.MSAA.SamplePerPixel:4]]
[2022.11.28-11.10.28:919][  0]LogConfig: Applying CVar settings from Section [Startup] File [../../../Engine/Config/ConsoleVariables.ini]
[2022.11.28-11.10.28:920][  0]LogConfig: Setting CVar [[net.UseAdaptiveNetUpdateFrequency:0]]
[2022.11.28-11.10.28:920][  0]LogConfig: Setting CVar [[p.chaos.AllowCreatePhysxBodies:1]]
[2022.11.28-11.10.28:920][  0]LogConfig: Setting CVar [[fx.SkipVectorVMBackendOptimizations:1]]
[2022.11.28-11.10.28:921][  0]LogConfig: Applying CVar settings from Section [ConsoleVariables] File [C:/Users/bosso/OneDrive/Документы/Unreal Projects/FormatGame/Saved/Config/Windows/Engine.ini]
[2022.11.28-11.10.28:921][  0]LogConfig: Applying CVar settings from Section [ConsoleVariables] File [C:/Users/bosso/OneDrive/Документы/Unreal Projects/FormatGame/Saved/Config/Windows/Editor.ini]
[2022.11.28-11.10.28:922][  0]LogInit: Computer: DESKTOP-PQ0OQ6V
[2022.11.28-11.10.28:927][  0]LogInit: User: bosso
[2022.11.28-11.10.28:928][  0]LogInit: CPU Page size=4096, Cores=4
[2022.11.28-11.10.28:928][  0]LogInit: High frequency timer resolution =10.000000 MHz
[2022.11.28-11.10.28:929][  0]LogMemory: Memory total: Physical=5.9GB (6GB approx)
[2022.11.28-11.10.28:929][  0]LogMemory: Platform Memory Stats for Windows
[2022.11.28-11.10.28:929][  0]LogMemory: Process Physical Memory: 138.83 MB used, 138.83 MB peak
[2022.11.28-11.10.28:930][  0]LogMemory: Process Virtual Memory: 122.37 MB used, 122.37 MB peak
[2022.11.28-11.10.28:930][  0]LogMemory: Physical Memory: 5755.40 MB used,  264.39 MB free, 6019.80 MB total
[2022.11.28-11.10.28:931][  0]LogMemory: Virtual Memory: 134213144.00 MB used,  4581.25 MB free, 134217728.00 MB total
[2022.11.28-11.10.28:936][  0]LogWindows: WindowsPlatformFeatures disabled or dedicated server build
[2022.11.28-11.10.28:979][  0]LogInit: Physics initialised using underlying interface: PhysX
[2022.11.28-11.10.28:979][  0]LogInit: Using OS detected language (ru-RU).
[2022.11.28-11.10.28:981][  0]LogInit: Using OS detected locale (ru-RU).
[2022.11.28-11.10.29:000][  0]LogTextLocalizationManager: No specific localization for 'ru-RU' exists, so the 'ru' localization will be used.
[2022.11.28-11.10.29:020][  0]LogTextLocalizationResource: LocRes '../../../Engine/Content/Localization/Editor/ru/Editor.locres' could not be opened for reading!
[2022.11.28-11.10.29:020][  0]LogTextLocalizationResource: LocRes '../../../Engine/Content/Localization/EditorTutorials/ru/EditorTutorials.locres' could not be opened for reading!
[2022.11.28-11.10.29:021][  0]LogTextLocalizationResource: LocRes '../../../Engine/Content/Localization/Keywords/ru/Keywords.locres' could not be opened for reading!
[2022.11.28-11.10.29:022][  0]LogTextLocalizationResource: LocRes '../../../Engine/Content/Localization/Category/ru/Category.locres' could not be opened for reading!
[2022.11.28-11.10.29:023][  0]LogTextLocalizationResource: LocRes '../../../Engine/Content/Localization/ToolTips/ru/ToolTips.locres' could not be opened for reading!
[2022.11.28-11.10.29:024][  0]LogTextLocalizationResource: LocRes '../../../Engine/Content/Localization/PropertyNames/ru/PropertyNames.locres' could not be opened for reading!
[2022.11.28-11.10.29:024][  0]LogTextLocalizationResource: LocRes '../../../Engine/Content/Localization/Engine/ru/Engine.locres' could not be opened for reading!
[2022.11.28-11.10.29:843][  0]LogTargetPlatformManager: Display: Loaded TargetPlatform 'WindowsNoEditor'
[2022.11.28-11.10.29:850][  0]LogTargetPlatformManager: Display: Loaded TargetPlatform 'Windows'
[2022.11.28-11.10.29:855][  0]LogTargetPlatformManager: Display: Loaded TargetPlatform 'WindowsClient'
[2022.11.28-11.10.29:860][  0]LogTargetPlatformManager: Display: Loaded TargetPlatform 'WindowsServer'
[2022.11.28-11.10.29:861][  0]LogTargetPlatformManager: Display: Building Assets For Windows
[2022.11.28-11.10.29:869][  0]LogAudioDebug: Display: Lib vorbis DLL was dynamically loaded.
[2022.11.28-11.10.29:931][  0]LogTextureFormatOodle: Display: Oodle Texture 2.9.0 init RDO Off
[2022.11.28-11.10.30:039][  0]LogRendererCore: Ray tracing is disabled. Reason: r.RayTracing=0.
[2022.11.28-11.10.30:039][  0]LogShaderCompilers: Guid format shader working directory is -30 characters bigger than the processId version (../../../../../../Users/bosso/OneDrive/Документы/Unreal Projects/FormatGame/Intermediate/Shaders/WorkingDirectory/14404/).
[2022.11.28-11.10.30:041][  0]LogShaderCompilers: Cleaned the shader compiler working directory 'C:/Users/bosso/AppData/Local/Temp/UnrealShaderWorkingDir/43B3F40E4D2B37298EB468B9A504CFE2/'.
[2022.11.28-11.10.30:042][  0]LogXGEController: Cannot use XGE Controller as Incredibuild is not installed on this machine.
[2022.11.28-11.10.30:042][  0]LogShaderCompilers: Cannot use XGE Shader Compiler as Incredibuild is not installed on this machine.
[2022.11.28-11.10.30:043][  0]LogShaderCompilers: Display: Using Local Shader Compiler.
[2022.11.28-11.10.31:149][  0]LogDerivedDataCache: Display: Max Cache Size: 512 MB
[2022.11.28-11.10.31:320][  0]LogDerivedDataCache: Loaded boot cache 0.17s 94MB C:/Users/bosso/AppData/Local/UnrealEngine/4.27/DerivedDataCache/Boot.ddc.
[2022.11.28-11.10.31:320][  0]LogDerivedDataCache: Display: Loaded Boot cache: C:/Users/bosso/AppData/Local/UnrealEngine/4.27/DerivedDataCache/Boot.ddc
[2022.11.28-11.10.31:323][  0]LogDerivedDataCache: FDerivedDataBackendGraph:  Pak pak cache file ../../../../../../Users/bosso/OneDrive/Документы/Unreal Projects/FormatGame/DerivedDataCache/DDC.ddp not found, will not use a pak cache.
[2022.11.28-11.10.31:323][  0]LogDerivedDataCache: Unable to find inner node Pak for hierarchical cache Hierarchy.
[2022.11.28-11.10.31:324][  0]LogDerivedDataCache: FDerivedDataBackendGraph:  CompressedPak pak cache file ../../../../../../Users/bosso/OneDrive/Документы/Unreal Projects/FormatGame/DerivedDataCache/Compressed.ddp not found, will not use a pak cache.
[2022.11.28-11.10.31:324][  0]LogDerivedDataCache: Unable to find inner node CompressedPak for hierarchical cache Hierarchy.
[2022.11.28-11.10.31:359][  0]LogDerivedDataCache: Display: Pak cache opened for reading ../../../Engine/DerivedDataCache/Compressed.ddp.
[2022.11.28-11.10.31:359][  0]LogDerivedDataCache: FDerivedDataBackendGraph:  EnterprisePak pak cache file ../../../Enterprise/DerivedDataCache/Compressed.ddp not found, will not use a pak cache.
[2022.11.28-11.10.31:361][  0]LogDerivedDataCache: Unable to find inner node EnterprisePak for hierarchical cache Hierarchy.
[2022.11.28-11.10.31:391][  0]LogDerivedDataCache: Speed tests for C:/Users/bosso/AppData/Local/UnrealEngine/Common/DerivedDataCache took 0.03 seconds
[2022.11.28-11.10.31:391][  0]LogDerivedDataCache: Display: Performance to C:/Users/bosso/AppData/Local/UnrealEngine/Common/DerivedDataCache: Latency=0.32ms. RandomReadSpeed=133.44MBs, RandomWriteSpeed=49.98MBs. Assigned SpeedClass 'Local'
[2022.11.28-11.10.31:393][  0]LogDerivedDataCache: Using Local data cache path C:/Users/bosso/AppData/Local/UnrealEngine/Common/DerivedDataCache: Writable
[2022.11.28-11.10.31:393][  0]LogDerivedDataCache: Shared data cache path not found in *engine.ini, will not use an Shared cache.
[2022.11.28-11.10.31:394][  0]LogDerivedDataCache: Unable to find inner node Shared for hierarchical cache Hierarchy.
[2022.11.28-11.10.31:414][  0]LogInit: Using OS detected language (ru-RU).
[2022.11.28-11.10.31:414][  0]LogInit: Using OS detected locale (ru-RU).
[2022.11.28-11.10.31:415][  0]LogTextLocalizationManager: No localization for 'ru-RU' exists, so 'en' will be used for the language.
[2022.11.28-11.10.31:417][  0]LogTextLocalizationManager: No localization for 'ru-RU' exists, so 'en' will be used for the locale.
[2022.11.28-11.10.31:426][  0]LogAssetRegistry: FAssetRegistry took 0.0051 seconds to start up
