Log file open, 12/23/22 17:27:20
LogWindows: Failed to load 'aqProf.dll' (GetLastError=126)
LogWindows: File 'aqProf.dll' does not exist
LogWindows: Failed to load 'VtuneApi.dll' (GetLastError=126)
LogWindows: File 'VtuneApi.dll' does not exist
LogWindows: Failed to load 'VtuneApi32e.dll' (GetLastError=126)
LogWindows: File 'VtuneApi32e.dll' does not exist
LogConsoleResponse: Display: Failed to find resolution value strings in scalability ini. Falling back to default.
LogConsoleResponse: Display: Failed to find resolution value strings in scalability ini. Falling back to default.
LogInit: Display: Running engine for game: Game1
LogPlatformFile: Not using cached read wrapper
LogTaskGraph: Started task graph with 5 named threads and 23 total threads with 3 sets of task threads.
LogStats: Stats thread started at 0.413499
LogICUInternationalization: ICU TimeZone Detection - Raw Offset: +5:00, Platform Override: ''
LogInit: Display: Loading text-based GConfig....
LogPluginManager: Mounting plugin MeshPainting
LogPluginManager: Mounting plugin XGEController
LogPluginManager: Mounting plugin Paper2D
LogPluginManager: Mounting plugin LiveLink
LogPluginManager: Mounting plugin AISupport
LogPluginManager: Mounting plugin EnvironmentQueryEditor
LogPluginManager: Mounting plugin LightPropagationVolume
LogPluginManager: Mounting plugin OodleData
LogPluginManager: Mounting plugin OodleNetwork
LogPluginManager: Mounting plugin AssetManagerEditor
LogPluginManager: Mounting plugin AnimationSharing
LogPluginManager: Mounting plugin CryptoKeys
LogPluginManager: Mounting plugin CLionSourceCodeAccess
LogPluginManager: Mounting plugin CurveEditorTools
LogPluginManager: Mounting plugin DataValidation
LogPluginManager: Mounting plugin FacialAnimation
LogPluginManager: Mounting plugin GitSourceControl
LogPluginManager: Mounting plugin KDevelopSourceCodeAccess
LogPluginManager: Mounting plugin GeometryMode
LogPluginManager: Mounting plugin NullSourceCodeAccess
LogPluginManager: Mounting plugin MacGraphicsSwitching
LogPluginManager: Mounting plugin PerforceSourceControl
LogPluginManager: Mounting plugin GameplayTagsEditor
LogPluginManager: Mounting plugin MaterialAnalyzer
LogPluginManager: Mounting plugin PluginUtils
LogPluginManager: Mounting plugin MobileLauncherProfileWizard
LogPluginManager: Mounting plugin PluginBrowser
LogPluginManager: Mounting plugin CodeLiteSourceCodeAccess
LogPluginManager: Mounting plugin PropertyAccessNode
LogPluginManager: Mounting plugin SpeedTreeImporter
LogPluginManager: Mounting plugin RiderSourceCodeAccess
LogPluginManager: Mounting plugin SubversionSourceControl
LogPluginManager: Mounting plugin TextureFormatOodle
LogPluginManager: Mounting plugin UObjectPlugin
LogPluginManager: Mounting plugin VisualStudioSourceCodeAccess
LogPluginManager: Mounting plugin VisualStudioCodeSourceCodeAccess
LogPluginManager: Mounting plugin XCodeSourceCodeAccess
LogPluginManager: Mounting plugin Niagara
LogPluginManager: Mounting plugin DatasmithContent
LogPluginManager: Mounting plugin PlasticSourceControl
LogPluginManager: Mounting plugin VariantManagerContent
LogPluginManager: Mounting plugin LuminPlatformFeatures
LogPluginManager: Mounting plugin MagicLeap
LogPluginManager: Mounting plugin MagicLeapLightEstimation
LogPluginManager: Mounting plugin MagicLeapMedia
LogPluginManager: Mounting plugin MagicLeapPassableWorld
LogPluginManager: Mounting plugin MLSDK
LogPluginManager: Mounting plugin AndroidMedia
LogPluginManager: Mounting plugin AvfMedia
LogPluginManager: Mounting plugin TcpMessaging
LogPluginManager: Mounting plugin UdpMessaging
LogPluginManager: Mounting plugin ImgMedia
LogPluginManager: Mounting plugin MediaCompositing
LogPluginManager: Mounting plugin MediaPlayerEditor
LogPluginManager: Mounting plugin WebMMedia
LogPluginManager: Mounting plugin WmfMedia
LogPluginManager: Mounting plugin ActorSequence
LogPluginManager: Mounting plugin LevelSequenceEditor
LogPluginManager: Mounting plugin MatineeToLevelSequence
LogPluginManager: Mounting plugin TemplateSequence
LogPluginManager: Mounting plugin OnlineSubsystem
LogPluginManager: Mounting plugin OnlineSubsystemNull
LogPluginManager: Mounting plugin LauncherChunkInstaller
LogPluginManager: Mounting plugin OnlineSubsystemSteam
LogPluginManager: Mounting plugin OnlineSubsystemUtils
LogPluginManager: Mounting plugin ActorLayerUtilities
LogPluginManager: Mounting plugin AndroidDeviceProfileSelector
LogPluginManager: Mounting plugin AndroidMoviePlayer
LogPluginManager: Mounting plugin AndroidPermission
LogPluginManager: Mounting plugin AppleImageUtils
LogPluginManager: Mounting plugin AppleMoviePlayer
LogPluginManager: Mounting plugin ArchVisCharacter
LogPluginManager: Mounting plugin AssetTags
LogPluginManager: Mounting plugin AudioCapture
LogPluginManager: Mounting plugin AudioSynesthesia
LogPluginManager: Mounting plugin ChunkDownloader
LogPluginManager: Mounting plugin CableComponent
LogPluginManager: Mounting plugin CustomMeshComponent
LogPluginManager: Mounting plugin EditableMesh
LogPluginManager: Mounting plugin ExampleDeviceProfileSelector
LogPluginManager: Mounting plugin ScreenshotTools
LogPluginManager: Mounting plugin GoogleCloudMessaging
LogPluginManager: Mounting plugin GooglePAD
LogPluginManager: Mounting plugin IOSDeviceProfileSelector
LogPluginManager: Mounting plugin LinuxDeviceProfileSelector
LogPluginManager: Mounting plugin LocationServicesBPLibrary
LogPluginManager: Mounting plugin MobilePatchingUtils
LogPluginManager: Mounting plugin OpenXR
LogPluginManager: Mounting plugin OpenXREyeTracker
LogPluginManager: Mounting plugin OpenXRHandTracking
LogPluginManager: Mounting plugin PhysXVehicles
LogPluginManager: Mounting plugin PostSplashScreen
LogPluginManager: Mounting plugin ProceduralMeshComponent
LogPluginManager: Mounting plugin PropertyAccessEditor
LogPluginManager: Mounting plugin SignificanceManager
LogPluginManager: Mounting plugin RuntimePhysXCooking
LogPluginManager: Mounting plugin SoundFields
LogPluginManager: Mounting plugin Synthesis
LogPluginManager: Mounting plugin WebMMoviePlayer
LogPluginManager: Mounting plugin WindowsMoviePlayer
LogPluginManager: Mounting plugin Takes
LogPluginManager: Mounting plugin AlembicImporter
LogPluginManager: Mounting plugin AutomationUtils
LogPluginManager: Mounting plugin BackChannel
LogPluginManager: Mounting plugin ChaosCloth
LogPluginManager: Mounting plugin ChaosClothEditor
LogPluginManager: Mounting plugin ChaosEditor
LogPluginManager: Mounting plugin ChaosSolverPlugin
LogPluginManager: Mounting plugin ChaosNiagara
LogPluginManager: Mounting plugin CharacterAI
LogPluginManager: Mounting plugin CameraShakePreviewer
LogPluginManager: Mounting plugin GameplayCameras
LogPluginManager: Mounting plugin GeometryCache
LogPluginManager: Mounting plugin GeometryCollectionPlugin
LogPluginManager: Mounting plugin GeometryProcessing
LogPluginManager: Mounting plugin MotoSynth
LogPluginManager: Mounting plugin OpenImageDenoise
LogPluginManager: Mounting plugin PlanarCut
LogPluginManager: Mounting plugin PlatformCrypto
LogPluginManager: Mounting plugin ProxyLODPlugin
LogPluginManager: Mounting plugin PythonScriptPlugin
LogPluginManager: Mounting plugin SkeletalReduction
LogPluginManager: Mounting plugin PixWinPlugin
LogPluginManager: Mounting plugin ContentBrowserAssetDataSource
LogPluginManager: Mounting plugin ContentBrowserClassDataSource
LogPluginManager: Mounting plugin ContentBrowserFileDataSource
LogPluginManager: Mounting plugin OnlineSubsystemGooglePlay
LogPluginManager: Mounting plugin OnlineSubsystemIOS
LogPluginManager: Mounting plugin OculusVR
LogPluginManager: Mounting plugin SteamShared
LogPluginManager: Mounting plugin SteamVR
LogInit: Using libcurl 7.55.1-DEV
LogInit:  - built for x86_64-pc-win32
LogInit:  - supports SSL with OpenSSL/1.1.1
LogInit:  - supports HTTP deflate (compression) using libz 1.2.8
LogInit:  - other features:
LogInit:      CURL_VERSION_SSL
LogInit:      CURL_VERSION_LIBZ
LogInit:      CURL_VERSION_IPV6
LogInit:      CURL_VERSION_ASYNCHDNS
LogInit:      CURL_VERSION_LARGEFILE
LogInit:      CURL_VERSION_IDN
LogInit:  CurlRequestOptions (configurable via config and command line):
LogInit:  - bVerifyPeer = true  - Libcurl will verify peer certificate
LogInit:  - bUseHttpProxy = false  - Libcurl will NOT use HTTP proxy
LogInit:  - bDontReuseConnections = false  - Libcurl will reuse connections
LogInit:  - MaxHostConnections = 16  - Libcurl will limit the number of connections to a host
LogInit:  - LocalHostAddr = Default
LogInit:  - BufferSize = 65536
LogSteamShared: Display: Loading Steam SDK 1.51
LogSteamShared: Steam SDK Loaded!
LogOnline: OSS: Creating online subsystem instance for: Steam
LogSteamShared: Warning: SteamAPI failed to initialize, conditions not met.
LogOnline: Warning: STEAM: Steamworks: SteamUtils() failed!
LogOnline: Warning: STEAM: Steamworks: SteamUser() failed!
LogOnline: Warning: STEAM: Steamworks: SteamFriends() failed!
LogOnline: Warning: STEAM: Steamworks: SteamRemoteStorage() failed!
LogOnline: Warning: STEAM: Steamworks: SteamUserStats() failed!
LogOnline: Warning: STEAM: Steamworks: SteamMatchmakingServers() failed!
LogOnline: Warning: STEAM: Steamworks: SteamApps() failed!
LogOnline: Warning: STEAM: Steamworks: SteamNetworking() failed!
LogOnline: Warning: STEAM: Steamworks: SteamMatchmaking() failed!
LogOnline: STEAM: [AppId: 0] Client API initialized 0
LogOnline: Display: STEAM: OnlineSubsystemSteam::Shutdown()
LogOnline: Warning: STEAM: Steam API failed to initialize!
LogOnline: Display: STEAM: OnlineSubsystemSteam::Shutdown()
LogOnline: OSS: Unable to create OnlineSubsystem module Steam
LogOnline: OSS: Creating online subsystem instance for: NULL
LogInit: WinSock: version 1.1 (2.2), MaxSocks=32767, MaxUdp=65467
LogOnline: OSS: TryLoadSubsystemAndSetDefault: Loaded subsystem for module [NULL]
PixWinPlugin: PIX capture plugin failed to initialize! Check that the process is launched from PIX.
LogOculusPluginWrapper: OculusPlugin initialized successfully
LogHMD: Failed initializing OVRPlugin 1.59.0
LogInit: Build: ++UE4+Release-4.27-CL-18319896
LogInit: Engine Version: 4.27.2-18319896+++UE4+Release-4.27
LogInit: Compatible Engine Version: 4.27.0-17155196+++UE4+Release-4.27
LogInit: Net CL: 17155196
LogInit: OS: Windows 10 (Release 2009) (), CPU: AMD FX-8320E Eight-Core Processor              , GPU: NVIDIA GeForce GT 1030
LogInit: Compiled (64-bit): Nov 30 2021 07:12:08
LogInit: Compiled with Visual C++: 19.24.28315.00
LogInit: Build Configuration: Development
LogInit: Branch Name: ++UE4+Release-4.27
LogInit: Command Line:  127.0.0.1:17777 -game -PIEVIACONSOLE -Multiprocess GameUserSettingsINI=D:/Projects/Hungry-Felhounds/Saved/Config/Windows/PIEGameUserSettings1.ini -MultiprocessSaveConfig -forcepassthrough -messaging -SessionName="Play in Standalone Game" -windowed -WinX=0 -WinY=24 SAVEWINPOS=1 -ResX=640 -ResY=480
LogInit: Base Directory: C:/Program Files/Epic Games/UE_4.27/Engine/Binaries/Win64/
LogInit: Allocator: TBB
LogInit: Installed Engine Build: 1
LogDevObjectVersion: Number of dev versions registered: 29
LogDevObjectVersion:   Dev-Blueprints (B0D832E4-1F89-4F0D-ACCF-7EB736FD4AA2): 10
LogDevObjectVersion:   Dev-Build (E1C64328-A22C-4D53-A36C-8E866417BD8C): 0
LogDevObjectVersion:   Dev-Core (375EC13C-06E4-48FB-B500-84F0262A717E): 4
LogDevObjectVersion:   Dev-Editor (E4B068ED-F494-42E9-A231-DA0B2E46BB41): 40
LogDevObjectVersion:   Dev-Framework (CFFC743F-43B0-4480-9391-14DF171D2073): 37
LogDevObjectVersion:   Dev-Mobile (B02B49B5-BB20-44E9-A304-32B752E40360): 3
LogDevObjectVersion:   Dev-Networking (A4E4105C-59A1-49B5-A7C5-40C4547EDFEE): 0
LogDevObjectVersion:   Dev-Online (39C831C9-5AE6-47DC-9A44-9C173E1C8E7C): 0
LogDevObjectVersion:   Dev-Physics (78F01B33-EBEA-4F98-B9B4-84EACCB95AA2): 14
LogDevObjectVersion:   Dev-Platform (6631380F-2D4D-43E0-8009-CF276956A95A): 0
LogDevObjectVersion:   Dev-Rendering (12F88B9F-8875-4AFC-A67C-D90C383ABD29): 45
LogDevObjectVersion:   Dev-Sequencer (7B5AE74C-D270-4C10-A958-57980B212A5A): 13
LogDevObjectVersion:   Dev-VR (D7296918-1DD6-4BDD-9DE2-64A83CC13884): 3
LogDevObjectVersion:   Dev-LoadTimes (C2A15278-BFE7-4AFE-6C17-90FF531DF755): 1
LogDevObjectVersion:   Private-Geometry (6EACA3D4-40EC-4CC1-B786-8BED09428FC5): 3
LogDevObjectVersion:   Dev-AnimPhys (29E575DD-E0A3-4627-9D10-D276232CDCEA): 17
LogDevObjectVersion:   Dev-Anim (AF43A65D-7FD3-4947-9873-3E8ED9C1BB05): 15
LogDevObjectVersion:   Dev-ReflectionCapture (6B266CEC-1EC7-4B8F-A30B-E4D90942FC07): 1
LogDevObjectVersion:   Dev-Automation (0DF73D61-A23F-47EA-B727-89E90C41499A): 1
LogDevObjectVersion:   FortniteMain (601D1886-AC64-4F84-AA16-D3DE0DEAC7D6): 47
LogDevObjectVersion:   FortniteRelease (E7086368-6B23-4C58-8439-1B7016265E91): 1
LogDevObjectVersion:   Dev-Enterprise (9DFFBCD6-494F-0158-E221-12823C92A888): 10
LogDevObjectVersion:   Dev-Niagara (F2AED0AC-9AFE-416F-8664-AA7FFA26D6FC): 1
LogDevObjectVersion:   Dev-Destruction (174F1F0B-B4C6-45A5-B13F-2EE8D0FB917D): 10
LogDevObjectVersion:   Dev-Physics-Ext (35F94A83-E258-406C-A318-09F59610247C): 41
LogDevObjectVersion:   Dev-PhysicsMaterial-Chaos (B68FC16E-8B1B-42E2-B453-215C058844FE): 1
LogDevObjectVersion:   Dev-CineCamera (B2E18506-4273-CFC2-A54E-F4BB758BBA07): 1
LogDevObjectVersion:   Dev-VirtualProduction (64F58936-FD1B-42BA-BA96-7289D5D0FA4E): 1
LogDevObjectVersion:   Dev-MediaFramework (6F0ED827-A609-4895-9C91-998D90180EA4): 2
LogInit: Presizing for max 25165824 objects, including 0 objects not considered by GC, pre-allocating 0 bytes for permanent pool.
LogConfig: Applying CVar settings from Section [/Script/Engine.StreamingSettings] File [D:/Projects/Hungry-Felhounds/Saved/Config/Windows/Engine.ini]
LogConfig: Setting CVar [[s.MinBulkDataSizeForAsyncLoading:131072]]
LogConfig: Setting CVar [[s.AsyncLoadingThreadEnabled:0]]
LogConfig: Setting CVar [[s.EventDrivenLoaderEnabled:1]]
LogConfig: Setting CVar [[s.WarnIfTimeLimitExceeded:0]]
LogConfig: Setting CVar [[s.TimeLimitExceededMultiplier:1.5]]
LogConfig: Setting CVar [[s.TimeLimitExceededMinTime:0.005]]
LogConfig: Setting CVar [[s.UseBackgroundLevelStreaming:1]]
LogConfig: Setting CVar [[s.PriorityAsyncLoadingExtraTime:15.0]]
LogConfig: Setting CVar [[s.LevelStreamingActorsUpdateTimeLimit:5.0]]
LogConfig: Setting CVar [[s.PriorityLevelStreamingActorsUpdateExtraTime:5.0]]
LogConfig: Setting CVar [[s.LevelStreamingComponentsRegistrationGranularity:10]]
LogConfig: Setting CVar [[s.UnregisterComponentsTimeLimit:1.0]]
LogConfig: Setting CVar [[s.LevelStreamingComponentsUnregistrationGranularity:5]]
LogConfig: Setting CVar [[s.FlushStreamingOnExit:1]]
LogInit: Object subsystem initialized
LogConfig: Setting CVar [[con.DebugEarlyDefault:1]]
LogConfig: Setting CVar [[r.setres:1280x720]]
[2022.12.23-12.27.21:333][  0]LogConfig: Setting CVar [[con.DebugEarlyDefault:1]]
[2022.12.23-12.27.21:333][  0]LogConfig: Setting CVar [[r.setres:1280x720]]
[2022.12.23-12.27.21:333][  0]LogConfig: Applying CVar settings from Section [/Script/Engine.RendererSettings] File [D:/Projects/Hungry-Felhounds/Saved/Config/Windows/Engine.ini]
[2022.12.23-12.27.21:333][  0]LogConfig: Setting CVar [[r.GPUCrashDebugging:0]]
[2022.12.23-12.27.21:333][  0]LogConfig: Applying CVar settings from Section [/Script/Engine.RendererOverrideSettings] File [D:/Projects/Hungry-Felhounds/Saved/Config/Windows/Engine.ini]
[2022.12.23-12.27.21:333][  0]LogConfig: Applying CVar settings from Section [/Script/Engine.StreamingSettings] File [D:/Projects/Hungry-Felhounds/Saved/Config/Windows/Engine.ini]
[2022.12.23-12.27.21:333][  0]LogConfig: Setting CVar [[s.MinBulkDataSizeForAsyncLoading:131072]]
[2022.12.23-12.27.21:333][  0]LogConfig: Setting CVar [[s.AsyncLoadingThreadEnabled:0]]
[2022.12.23-12.27.21:333][  0]LogConfig: Setting CVar [[s.EventDrivenLoaderEnabled:1]]
[2022.12.23-12.27.21:333][  0]LogConfig: Setting CVar [[s.WarnIfTimeLimitExceeded:0]]
[2022.12.23-12.27.21:333][  0]LogConfig: Setting CVar [[s.TimeLimitExceededMultiplier:1.5]]
[2022.12.23-12.27.21:333][  0]LogConfig: Setting CVar [[s.TimeLimitExceededMinTime:0.005]]
[2022.12.23-12.27.21:333][  0]LogConfig: Setting CVar [[s.UseBackgroundLevelStreaming:1]]
[2022.12.23-12.27.21:333][  0]LogConfig: Setting CVar [[s.PriorityAsyncLoadingExtraTime:15.0]]
[2022.12.23-12.27.21:333][  0]LogConfig: Setting CVar [[s.LevelStreamingActorsUpdateTimeLimit:5.0]]
[2022.12.23-12.27.21:333][  0]LogConfig: Setting CVar [[s.PriorityLevelStreamingActorsUpdateExtraTime:5.0]]
[2022.12.23-12.27.21:333][  0]LogConfig: Setting CVar [[s.LevelStreamingComponentsRegistrationGranularity:10]]
[2022.12.23-12.27.21:333][  0]LogConfig: Setting CVar [[s.UnregisterComponentsTimeLimit:1.0]]
[2022.12.23-12.27.21:333][  0]LogConfig: Setting CVar [[s.LevelStreamingComponentsUnregistrationGranularity:5]]
[2022.12.23-12.27.21:333][  0]LogConfig: Setting CVar [[s.FlushStreamingOnExit:1]]
[2022.12.23-12.27.21:333][  0]LogConfig: Applying CVar settings from Section [/Script/Engine.GarbageCollectionSettings] File [D:/Projects/Hungry-Felhounds/Saved/Config/Windows/Engine.ini]
[2022.12.23-12.27.21:333][  0]LogConfig: Setting CVar [[gc.MaxObjectsNotConsideredByGC:1]]
[2022.12.23-12.27.21:333][  0]LogConfig: Setting CVar [[gc.SizeOfPermanentObjectPool:0]]
[2022.12.23-12.27.21:333][  0]LogConfig: Setting CVar [[gc.FlushStreamingOnGC:0]]
[2022.12.23-12.27.21:333][  0]LogConfig: Setting CVar [[gc.NumRetriesBeforeForcingGC:10]]
[2022.12.23-12.27.21:333][  0]LogConfig: Setting CVar [[gc.AllowParallelGC:1]]
[2022.12.23-12.27.21:333][  0]LogConfig: Setting CVar [[gc.TimeBetweenPurgingPendingKillObjects:61.1]]
[2022.12.23-12.27.21:333][  0]LogConfig: Setting CVar [[gc.MaxObjectsInEditor:25165824]]
[2022.12.23-12.27.21:333][  0]LogConfig: Setting CVar [[gc.IncrementalBeginDestroyEnabled:1]]
[2022.12.23-12.27.21:333][  0]LogConfig: Setting CVar [[gc.CreateGCClusters:1]]
[2022.12.23-12.27.21:333][  0]LogConfig: Setting CVar [[gc.MinGCClusterSize:5]]
[2022.12.23-12.27.21:333][  0]LogConfig: Setting CVar [[gc.ActorClusteringEnabled:0]]
[2022.12.23-12.27.21:333][  0]LogConfig: Setting CVar [[gc.BlueprintClusteringEnabled:0]]
[2022.12.23-12.27.21:333][  0]LogConfig: Setting CVar [[gc.UseDisregardForGCOnDedicatedServers:0]]
[2022.12.23-12.27.21:333][  0]LogConfig: Setting CVar [[gc.MultithreadedDestructionEnabled:1]]
[2022.12.23-12.27.21:333][  0]LogConfig: Applying CVar settings from Section [/Script/Engine.NetworkSettings] File [D:/Projects/Hungry-Felhounds/Saved/Config/Windows/Engine.ini]
[2022.12.23-12.27.21:333][  0]LogConfig: Applying CVar settings from Section [/Script/UnrealEd.CookerSettings] File [D:/Projects/Hungry-Felhounds/Saved/Config/Windows/Engine.ini]
[2022.12.23-12.27.21:352][  0]LogConfig: Applying CVar settings from Section [ViewDistanceQuality@3] File [D:/Projects/Hungry-Felhounds/Saved/Config/Windows/Scalability.ini]
[2022.12.23-12.27.21:352][  0]LogConfig: Setting CVar [[r.SkeletalMeshLODBias:0]]
[2022.12.23-12.27.21:352][  0]LogConfig: Setting CVar [[r.ViewDistanceScale:1.0]]
[2022.12.23-12.27.21:352][  0]LogConfig: Applying CVar settings from Section [AntiAliasingQuality@3] File [D:/Projects/Hungry-Felhounds/Saved/Config/Windows/Scalability.ini]
[2022.12.23-12.27.21:352][  0]LogConfig: Setting CVar [[r.PostProcessAAQuality:4]]
[2022.12.23-12.27.21:352][  0]LogConfig: Applying CVar settings from Section [ShadowQuality@3] File [D:/Projects/Hungry-Felhounds/Saved/Config/Windows/Scalability.ini]
[2022.12.23-12.27.21:352][  0]LogConfig: Setting CVar [[r.LightFunctionQuality:1]]
[2022.12.23-12.27.21:352][  0]LogConfig: Setting CVar [[r.ShadowQuality:5]]
[2022.12.23-12.27.21:352][  0]LogConfig: Setting CVar [[r.Shadow.CSM.MaxCascades:10]]
[2022.12.23-12.27.21:352][  0]LogConfig: Setting CVar [[r.Shadow.MaxResolution:2048]]
[2022.12.23-12.27.21:352][  0]LogConfig: Setting CVar [[r.Shadow.MaxCSMResolution:2048]]
[2022.12.23-12.27.21:352][  0]LogConfig: Setting CVar [[r.Shadow.RadiusThreshold:0.01]]
[2022.12.23-12.27.21:352][  0]LogConfig: Setting CVar [[r.Shadow.DistanceScale:1.0]]
[2022.12.23-12.27.21:352][  0]LogConfig: Setting CVar [[r.Shadow.CSM.TransitionScale:1.0]]
[2022.12.23-12.27.21:352][  0]LogConfig: Setting CVar [[r.Shadow.PreShadowResolutionFactor:1.0]]
[2022.12.23-12.27.21:352][  0]LogConfig: Setting CVar [[r.DistanceFieldShadowing:1]]
[2022.12.23-12.27.21:352][  0]LogConfig: Setting CVar [[r.DistanceFieldAO:1]]
[2022.12.23-12.27.21:352][  0]LogConfig: Setting CVar [[r.AOQuality:2]]
[2022.12.23-12.27.21:352][  0]LogConfig: Setting CVar [[r.VolumetricFog:1]]
[2022.12.23-12.27.21:352][  0]LogConfig: Setting CVar [[r.VolumetricFog.GridPixelSize:8]]
[2022.12.23-12.27.21:352][  0]LogConfig: Setting CVar [[r.VolumetricFog.GridSizeZ:128]]
[2022.12.23-12.27.21:352][  0]LogConfig: Setting CVar [[r.VolumetricFog.HistoryMissSupersampleCount:4]]
[2022.12.23-12.27.21:352][  0]LogConfig: Setting CVar [[r.LightMaxDrawDistanceScale:1]]
[2022.12.23-12.27.21:352][  0]LogConfig: Setting CVar [[r.CapsuleShadows:1]]
[2022.12.23-12.27.21:352][  0]LogConfig: Applying CVar settings from Section [PostProcessQuality@3] File [D:/Projects/Hungry-Felhounds/Saved/Config/Windows/Scalability.ini]
[2022.12.23-12.27.21:352][  0]LogConfig: Setting CVar [[r.MotionBlurQuality:4]]
[2022.12.23-12.27.21:352][  0]LogConfig: Setting CVar [[r.AmbientOcclusionMipLevelFactor:0.4]]
[2022.12.23-12.27.21:352][  0]LogConfig: Setting CVar [[r.AmbientOcclusionMaxQuality:100]]
[2022.12.23-12.27.21:352][  0]LogConfig: Setting CVar [[r.AmbientOcclusionLevels:-1]]
[2022.12.23-12.27.21:352][  0]LogConfig: Setting CVar [[r.AmbientOcclusionRadiusScale:1.0]]
[2022.12.23-12.27.21:352][  0]LogConfig: Setting CVar [[r.DepthOfFieldQuality:2]]
[2022.12.23-12.27.21:352][  0]LogConfig: Setting CVar [[r.RenderTargetPoolMin:400]]
[2022.12.23-12.27.21:352][  0]LogConfig: Setting CVar [[r.LensFlareQuality:2]]
[2022.12.23-12.27.21:352][  0]LogConfig: Setting CVar [[r.SceneColorFringeQuality:1]]
[2022.12.23-12.27.21:352][  0]LogConfig: Setting CVar [[r.EyeAdaptationQuality:2]]
[2022.12.23-12.27.21:352][  0]LogConfig: Setting CVar [[r.BloomQuality:5]]
[2022.12.23-12.27.21:353][  0]LogConfig: Setting CVar [[r.FastBlurThreshold:100]]
[2022.12.23-12.27.21:353][  0]LogConfig: Setting CVar [[r.Upscale.Quality:3]]
[2022.12.23-12.27.21:353][  0]LogConfig: Setting CVar [[r.Tonemapper.GrainQuantization:1]]
[2022.12.23-12.27.21:353][  0]LogConfig: Setting CVar [[r.LightShaftQuality:1]]
[2022.12.23-12.27.21:353][  0]LogConfig: Setting CVar [[r.Filter.SizeScale:1]]
[2022.12.23-12.27.21:353][  0]LogConfig: Setting CVar [[r.Tonemapper.Quality:5]]
[2022.12.23-12.27.21:353][  0]LogConfig: Setting CVar [[r.DOF.Gather.AccumulatorQuality:1        ; higher gathering accumulator quality]]
[2022.12.23-12.27.21:353][  0]LogConfig: Setting CVar [[r.DOF.Gather.PostfilterMethod:1          ; Median3x3 postfilering method]]
[2022.12.23-12.27.21:353][  0]LogConfig: Setting CVar [[r.DOF.Gather.EnableBokehSettings:0       ; no bokeh simulation when gathering]]
[2022.12.23-12.27.21:353][  0]LogConfig: Setting CVar [[r.DOF.Gather.RingCount:4                 ; medium number of samples when gathering]]
[2022.12.23-12.27.21:353][  0]LogConfig: Setting CVar [[r.DOF.Scatter.ForegroundCompositing:1    ; additive foreground scattering]]
[2022.12.23-12.27.21:353][  0]LogConfig: Setting CVar [[r.DOF.Scatter.BackgroundCompositing:2    ; additive background scattering]]
[2022.12.23-12.27.21:353][  0]LogConfig: Setting CVar [[r.DOF.Scatter.EnableBokehSettings:1      ; bokeh simulation when scattering]]
[2022.12.23-12.27.21:353][  0]LogConfig: Setting CVar [[r.DOF.Scatter.MaxSpriteRatio:0.1         ; only a maximum of 10% of scattered bokeh]]
[2022.12.23-12.27.21:353][  0]LogConfig: Setting CVar [[r.DOF.Recombine.Quality:1                ; cheap slight out of focus]]
[2022.12.23-12.27.21:353][  0]LogConfig: Setting CVar [[r.DOF.Recombine.EnableBokehSettings:0    ; no bokeh simulation on slight out of focus]]
[2022.12.23-12.27.21:353][  0]LogConfig: Setting CVar [[r.DOF.TemporalAAQuality:1                ; more stable temporal accumulation]]
[2022.12.23-12.27.21:353][  0]LogConfig: Setting CVar [[r.DOF.Kernel.MaxForegroundRadius:0.025]]
[2022.12.23-12.27.21:353][  0]LogConfig: Setting CVar [[r.DOF.Kernel.MaxBackgroundRadius:0.025]]
[2022.12.23-12.27.21:353][  0]LogConfig: Applying CVar settings from Section [TextureQuality@3] File [D:/Projects/Hungry-Felhounds/Saved/Config/Windows/Scalability.ini]
[2022.12.23-12.27.21:353][  0]LogConfig: Setting CVar [[r.Streaming.MipBias:0]]
[2022.12.23-12.27.21:353][  0]LogConfig: Setting CVar [[r.Streaming.AmortizeCPUToGPUCopy:0]]
[2022.12.23-12.27.21:353][  0]LogConfig: Setting CVar [[r.Streaming.MaxNumTexturesToStreamPerFrame:0]]
[2022.12.23-12.27.21:353][  0]LogConfig: Setting CVar [[r.Streaming.Boost:1]]
[2022.12.23-12.27.21:353][  0]LogConfig: Setting CVar [[r.MaxAnisotropy:8]]
[2022.12.23-12.27.21:353][  0]LogConfig: Setting CVar [[r.VT.MaxAnisotropy:8]]
[2022.12.23-12.27.21:353][  0]LogConfig: Setting CVar [[r.Streaming.LimitPoolSizeToVRAM:0]]
[2022.12.23-12.27.21:353][  0]LogConfig: Setting CVar [[r.Streaming.PoolSize:1000]]
[2022.12.23-12.27.21:353][  0]LogConfig: Setting CVar [[r.Streaming.MaxEffectiveScreenSize:0]]
[2022.12.23-12.27.21:353][  0]LogConfig: Applying CVar settings from Section [EffectsQuality@3] File [D:/Projects/Hungry-Felhounds/Saved/Config/Windows/Scalability.ini]
[2022.12.23-12.27.21:353][  0]LogConfig: Setting CVar [[r.TranslucencyLightingVolumeDim:64]]
[2022.12.23-12.27.21:353][  0]LogConfig: Setting CVar [[r.RefractionQuality:2]]
[2022.12.23-12.27.21:353][  0]LogConfig: Setting CVar [[r.SSR.Quality:3]]
[2022.12.23-12.27.21:353][  0]LogConfig: Setting CVar [[r.SSR.HalfResSceneColor:0]]
[2022.12.23-12.27.21:353][  0]LogConfig: Setting CVar [[r.SceneColorFormat:4]]
[2022.12.23-12.27.21:353][  0]LogConfig: Setting CVar [[r.DetailMode:2]]
[2022.12.23-12.27.21:353][  0]LogConfig: Setting CVar [[r.TranslucencyVolumeBlur:1]]
[2022.12.23-12.27.21:353][  0]LogConfig: Setting CVar [[r.MaterialQualityLevel:1 ; High quality]]
[2022.12.23-12.27.21:353][  0]LogConfig: Setting CVar [[r.AnisotropicMaterials:1]]
[2022.12.23-12.27.21:353][  0]LogConfig: Setting CVar [[r.SSS.Scale:1]]
[2022.12.23-12.27.21:353][  0]LogConfig: Setting CVar [[r.SSS.SampleSet:2]]
[2022.12.23-12.27.21:353][  0]LogConfig: Setting CVar [[r.SSS.Quality:1]]
[2022.12.23-12.27.21:353][  0]LogConfig: Setting CVar [[r.SSS.HalfRes:0]]
[2022.12.23-12.27.21:353][  0]LogConfig: Setting CVar [[r.SSGI.Quality:3]]
[2022.12.23-12.27.21:354][  0]LogConfig: Setting CVar [[r.EmitterSpawnRateScale:1.0]]
[2022.12.23-12.27.21:354][  0]LogConfig: Setting CVar [[r.ParticleLightQuality:2]]
[2022.12.23-12.27.21:354][  0]LogConfig: Setting CVar [[r.SkyAtmosphere.AerialPerspectiveLUT.FastApplyOnOpaque:1 ; Always have FastSkyLUT 1 in this case to avoid wrong sky]]
[2022.12.23-12.27.21:354][  0]LogConfig: Setting CVar [[r.SkyAtmosphere.AerialPerspectiveLUT.SampleCountMaxPerSlice:4]]
[2022.12.23-12.27.21:354][  0]LogConfig: Setting CVar [[r.SkyAtmosphere.AerialPerspectiveLUT.DepthResolution:16.0]]
[2022.12.23-12.27.21:354][  0]LogConfig: Setting CVar [[r.SkyAtmosphere.FastSkyLUT:1]]
[2022.12.23-12.27.21:354][  0]LogConfig: Setting CVar [[r.SkyAtmosphere.FastSkyLUT.SampleCountMin:4.0]]
[2022.12.23-12.27.21:354][  0]LogConfig: Setting CVar [[r.SkyAtmosphere.FastSkyLUT.SampleCountMax:128.0]]
[2022.12.23-12.27.21:354][  0]LogConfig: Setting CVar [[r.SkyAtmosphere.SampleCountMin:4.0]]
[2022.12.23-12.27.21:354][  0]LogConfig: Setting CVar [[r.SkyAtmosphere.SampleCountMax:128.0]]
[2022.12.23-12.27.21:354][  0]LogConfig: Setting CVar [[r.SkyAtmosphere.TransmittanceLUT.UseSmallFormat:0]]
[2022.12.23-12.27.21:354][  0]LogConfig: Setting CVar [[r.SkyAtmosphere.TransmittanceLUT.SampleCount:10.0]]
[2022.12.23-12.27.21:354][  0]LogConfig: Setting CVar [[r.SkyAtmosphere.MultiScatteringLUT.SampleCount:15.0]]
[2022.12.23-12.27.21:354][  0]LogConfig: Setting CVar [[r.SkyLight.RealTimeReflectionCapture:1]]
[2022.12.23-12.27.21:354][  0]LogConfig: Applying CVar settings from Section [FoliageQuality@3] File [D:/Projects/Hungry-Felhounds/Saved/Config/Windows/Scalability.ini]
[2022.12.23-12.27.21:354][  0]LogConfig: Setting CVar [[foliage.DensityScale:1.0]]
[2022.12.23-12.27.21:354][  0]LogConfig: Setting CVar [[grass.DensityScale:1.0]]
[2022.12.23-12.27.21:354][  0]LogConfig: Applying CVar settings from Section [ShadingQuality@3] File [D:/Projects/Hungry-Felhounds/Saved/Config/Windows/Scalability.ini]
[2022.12.23-12.27.21:354][  0]LogConfig: Setting CVar [[r.HairStrands.SkyLighting.IntegrationType:2]]
[2022.12.23-12.27.21:354][  0]LogConfig: Setting CVar [[r.HairStrands.SkyAO.SampleCount:4]]
[2022.12.23-12.27.21:354][  0]LogConfig: Setting CVar [[r.HairStrands.Visibility.MSAA.SamplePerPixel:4]]
[2022.12.23-12.27.21:354][  0]LogInit: Selected Device Profile: [Windows]
[2022.12.23-12.27.21:354][  0]LogInit: Applying CVar settings loaded from the selected device profile: [Windows]
[2022.12.23-12.27.21:354][  0]LogHAL: Display: Platform has ~ 8 GB [8571179008 / 8589934592 / 8], which maps to Default [LargestMinGB=32, LargerMinGB=12, DefaultMinGB=8, SmallerMinGB=6, SmallestMinGB=0)
[2022.12.23-12.27.21:354][  0]LogInit: Going up to parent DeviceProfile []
[2022.12.23-12.27.21:354][  0]LogConfig: Applying CVar settings from Section [ViewDistanceQuality@3] File [D:/Projects/Hungry-Felhounds/Saved/Config/Windows/Scalability.ini]
[2022.12.23-12.27.21:354][  0]LogConfig: Setting CVar [[r.SkeletalMeshLODBias:0]]
[2022.12.23-12.27.21:354][  0]LogConfig: Setting CVar [[r.ViewDistanceScale:1.0]]
[2022.12.23-12.27.21:354][  0]LogConfig: Applying CVar settings from Section [AntiAliasingQuality@3] File [D:/Projects/Hungry-Felhounds/Saved/Config/Windows/Scalability.ini]
[2022.12.23-12.27.21:354][  0]LogConfig: Setting CVar [[r.PostProcessAAQuality:4]]
[2022.12.23-12.27.21:354][  0]LogConfig: Applying CVar settings from Section [ShadowQuality@3] File [D:/Projects/Hungry-Felhounds/Saved/Config/Windows/Scalability.ini]
[2022.12.23-12.27.21:354][  0]LogConfig: Setting CVar [[r.LightFunctionQuality:1]]
[2022.12.23-12.27.21:354][  0]LogConfig: Setting CVar [[r.ShadowQuality:5]]
[2022.12.23-12.27.21:354][  0]LogConfig: Setting CVar [[r.Shadow.CSM.MaxCascades:10]]
[2022.12.23-12.27.21:354][  0]LogConfig: Setting CVar [[r.Shadow.MaxResolution:2048]]
[2022.12.23-12.27.21:354][  0]LogConfig: Setting CVar [[r.Shadow.MaxCSMResolution:2048]]
[2022.12.23-12.27.21:354][  0]LogConfig: Setting CVar [[r.Shadow.RadiusThreshold:0.01]]
[2022.12.23-12.27.21:354][  0]LogConfig: Setting CVar [[r.Shadow.DistanceScale:1.0]]
[2022.12.23-12.27.21:355][  0]LogConfig: Setting CVar [[r.Shadow.CSM.TransitionScale:1.0]]
[2022.12.23-12.27.21:355][  0]LogConfig: Setting CVar [[r.Shadow.PreShadowResolutionFactor:1.0]]
[2022.12.23-12.27.21:355][  0]LogConfig: Setting CVar [[r.DistanceFieldShadowing:1]]
[2022.12.23-12.27.21:355][  0]LogConfig: Setting CVar [[r.DistanceFieldAO:1]]
[2022.12.23-12.27.21:355][  0]LogConfig: Setting CVar [[r.AOQuality:2]]
[2022.12.23-12.27.21:355][  0]LogConfig: Setting CVar [[r.VolumetricFog:1]]
[2022.12.23-12.27.21:355][  0]LogConfig: Setting CVar [[r.VolumetricFog.GridPixelSize:8]]
[2022.12.23-12.27.21:355][  0]LogConfig: Setting CVar [[r.VolumetricFog.GridSizeZ:128]]
[2022.12.23-12.27.21:355][  0]LogConfig: Setting CVar [[r.VolumetricFog.HistoryMissSupersampleCount:4]]
[2022.12.23-12.27.21:355][  0]LogConfig: Setting CVar [[r.LightMaxDrawDistanceScale:1]]
[2022.12.23-12.27.21:355][  0]LogConfig: Setting CVar [[r.CapsuleShadows:1]]
[2022.12.23-12.27.21:355][  0]LogConfig: Applying CVar settings from Section [PostProcessQuality@3] File [D:/Projects/Hungry-Felhounds/Saved/Config/Windows/Scalability.ini]
[2022.12.23-12.27.21:355][  0]LogConfig: Setting CVar [[r.MotionBlurQuality:4]]
[2022.12.23-12.27.21:355][  0]LogConfig: Setting CVar [[r.AmbientOcclusionMipLevelFactor:0.4]]
[2022.12.23-12.27.21:355][  0]LogConfig: Setting CVar [[r.AmbientOcclusionMaxQuality:100]]
[2022.12.23-12.27.21:355][  0]LogConfig: Setting CVar [[r.AmbientOcclusionLevels:-1]]
[2022.12.23-12.27.21:355][  0]LogConfig: Setting CVar [[r.AmbientOcclusionRadiusScale:1.0]]
[2022.12.23-12.27.21:355][  0]LogConfig: Setting CVar [[r.DepthOfFieldQuality:2]]
[2022.12.23-12.27.21:355][  0]LogConfig: Setting CVar [[r.RenderTargetPoolMin:400]]
[2022.12.23-12.27.21:355][  0]LogConfig: Setting CVar [[r.LensFlareQuality:2]]
[2022.12.23-12.27.21:355][  0]LogConfig: Setting CVar [[r.SceneColorFringeQuality:1]]
[2022.12.23-12.27.21:355][  0]LogConfig: Setting CVar [[r.EyeAdaptationQuality:2]]
[2022.12.23-12.27.21:355][  0]LogConfig: Setting CVar [[r.BloomQuality:5]]
[2022.12.23-12.27.21:355][  0]LogConfig: Setting CVar [[r.FastBlurThreshold:100]]
[2022.12.23-12.27.21:355][  0]LogConfig: Setting CVar [[r.Upscale.Quality:3]]
[2022.12.23-12.27.21:355][  0]LogConfig: Setting CVar [[r.Tonemapper.GrainQuantization:1]]
[2022.12.23-12.27.21:355][  0]LogConfig: Setting CVar [[r.LightShaftQuality:1]]
[2022.12.23-12.27.21:355][  0]LogConfig: Setting CVar [[r.Filter.SizeScale:1]]
[2022.12.23-12.27.21:355][  0]LogConfig: Setting CVar [[r.Tonemapper.Quality:5]]
[2022.12.23-12.27.21:355][  0]LogConfig: Setting CVar [[r.DOF.Gather.AccumulatorQuality:1        ; higher gathering accumulator quality]]
[2022.12.23-12.27.21:355][  0]LogConfig: Setting CVar [[r.DOF.Gather.PostfilterMethod:1          ; Median3x3 postfilering method]]
[2022.12.23-12.27.21:355][  0]LogConfig: Setting CVar [[r.DOF.Gather.EnableBokehSettings:0       ; no bokeh simulation when gathering]]
[2022.12.23-12.27.21:355][  0]LogConfig: Setting CVar [[r.DOF.Gather.RingCount:4                 ; medium number of samples when gathering]]
[2022.12.23-12.27.21:355][  0]LogConfig: Setting CVar [[r.DOF.Scatter.ForegroundCompositing:1    ; additive foreground scattering]]
[2022.12.23-12.27.21:355][  0]LogConfig: Setting CVar [[r.DOF.Scatter.BackgroundCompositing:2    ; additive background scattering]]
[2022.12.23-12.27.21:355][  0]LogConfig: Setting CVar [[r.DOF.Scatter.EnableBokehSettings:1      ; bokeh simulation when scattering]]
[2022.12.23-12.27.21:355][  0]LogConfig: Setting CVar [[r.DOF.Scatter.MaxSpriteRatio:0.1         ; only a maximum of 10% of scattered bokeh]]
[2022.12.23-12.27.21:355][  0]LogConfig: Setting CVar [[r.DOF.Recombine.Quality:1                ; cheap slight out of focus]]
[2022.12.23-12.27.21:355][  0]LogConfig: Setting CVar [[r.DOF.Recombine.EnableBokehSettings:0    ; no bokeh simulation on slight out of focus]]
[2022.12.23-12.27.21:355][  0]LogConfig: Setting CVar [[r.DOF.TemporalAAQuality:1                ; more stable temporal accumulation]]
[2022.12.23-12.27.21:355][  0]LogConfig: Setting CVar [[r.DOF.Kernel.MaxForegroundRadius:0.025]]
[2022.12.23-12.27.21:355][  0]LogConfig: Setting CVar [[r.DOF.Kernel.MaxBackgroundRadius:0.025]]
[2022.12.23-12.27.21:355][  0]LogConfig: Applying CVar settings from Section [TextureQuality@3] File [D:/Projects/Hungry-Felhounds/Saved/Config/Windows/Scalability.ini]
[2022.12.23-12.27.21:355][  0]LogConfig: Setting CVar [[r.Streaming.MipBias:0]]
[2022.12.23-12.27.21:355][  0]LogConfig: Setting CVar [[r.Streaming.AmortizeCPUToGPUCopy:0]]
[2022.12.23-12.27.21:356][  0]LogConfig: Setting CVar [[r.Streaming.MaxNumTexturesToStreamPerFrame:0]]
[2022.12.23-12.27.21:356][  0]LogConfig: Setting CVar [[r.Streaming.Boost:1]]
[2022.12.23-12.27.21:356][  0]LogConfig: Setting CVar [[r.MaxAnisotropy:8]]
[2022.12.23-12.27.21:356][  0]LogConfig: Setting CVar [[r.VT.MaxAnisotropy:8]]
[2022.12.23-12.27.21:356][  0]LogConfig: Setting CVar [[r.Streaming.LimitPoolSizeToVRAM:0]]
[2022.12.23-12.27.21:356][  0]LogConfig: Setting CVar [[r.Streaming.PoolSize:1000]]
[2022.12.23-12.27.21:356][  0]LogConfig: Setting CVar [[r.Streaming.MaxEffectiveScreenSize:0]]
[2022.12.23-12.27.21:356][  0]LogConfig: Applying CVar settings from Section [EffectsQuality@3] File [D:/Projects/Hungry-Felhounds/Saved/Config/Windows/Scalability.ini]
[2022.12.23-12.27.21:356][  0]LogConfig: Setting CVar [[r.TranslucencyLightingVolumeDim:64]]
[2022.12.23-12.27.21:356][  0]LogConfig: Setting CVar [[r.RefractionQuality:2]]
[2022.12.23-12.27.21:356][  0]LogConfig: Setting CVar [[r.SSR.Quality:3]]
[2022.12.23-12.27.21:356][  0]LogConfig: Setting CVar [[r.SSR.HalfResSceneColor:0]]
[2022.12.23-12.27.21:356][  0]LogConfig: Setting CVar [[r.SceneColorFormat:4]]
[2022.12.23-12.27.21:356][  0]LogConfig: Setting CVar [[r.DetailMode:2]]
[2022.12.23-12.27.21:356][  0]LogConfig: Setting CVar [[r.TranslucencyVolumeBlur:1]]
[2022.12.23-12.27.21:356][  0]LogConfig: Setting CVar [[r.MaterialQualityLevel:1 ; High quality]]
[2022.12.23-12.27.21:356][  0]LogConfig: Setting CVar [[r.AnisotropicMaterials:1]]
[2022.12.23-12.27.21:356][  0]LogConfig: Setting CVar [[r.SSS.Scale:1]]
[2022.12.23-12.27.21:356][  0]LogConfig: Setting CVar [[r.SSS.SampleSet:2]]
[2022.12.23-12.27.21:356][  0]LogConfig: Setting CVar [[r.SSS.Quality:1]]
[2022.12.23-12.27.21:356][  0]LogConfig: Setting CVar [[r.SSS.HalfRes:0]]
[2022.12.23-12.27.21:356][  0]LogConfig: Setting CVar [[r.SSGI.Quality:3]]
[2022.12.23-12.27.21:356][  0]LogConfig: Setting CVar [[r.EmitterSpawnRateScale:1.0]]
[2022.12.23-12.27.21:356][  0]LogConfig: Setting CVar [[r.ParticleLightQuality:2]]
[2022.12.23-12.27.21:356][  0]LogConfig: Setting CVar [[r.SkyAtmosphere.AerialPerspectiveLUT.FastApplyOnOpaque:1 ; Always have FastSkyLUT 1 in this case to avoid wrong sky]]
[2022.12.23-12.27.21:356][  0]LogConfig: Setting CVar [[r.SkyAtmosphere.AerialPerspectiveLUT.SampleCountMaxPerSlice:4]]
[2022.12.23-12.27.21:356][  0]LogConfig: Setting CVar [[r.SkyAtmosphere.AerialPerspectiveLUT.DepthResolution:16.0]]
[2022.12.23-12.27.21:356][  0]LogConfig: Setting CVar [[r.SkyAtmosphere.FastSkyLUT:1]]
[2022.12.23-12.27.21:356][  0]LogConfig: Setting CVar [[r.SkyAtmosphere.FastSkyLUT.SampleCountMin:4.0]]
[2022.12.23-12.27.21:356][  0]LogConfig: Setting CVar [[r.SkyAtmosphere.FastSkyLUT.SampleCountMax:128.0]]
[2022.12.23-12.27.21:356][  0]LogConfig: Setting CVar [[r.SkyAtmosphere.SampleCountMin:4.0]]
[2022.12.23-12.27.21:356][  0]LogConfig: Setting CVar [[r.SkyAtmosphere.SampleCountMax:128.0]]
[2022.12.23-12.27.21:356][  0]LogConfig: Setting CVar [[r.SkyAtmosphere.TransmittanceLUT.UseSmallFormat:0]]
[2022.12.23-12.27.21:356][  0]LogConfig: Setting CVar [[r.SkyAtmosphere.TransmittanceLUT.SampleCount:10.0]]
[2022.12.23-12.27.21:356][  0]LogConfig: Setting CVar [[r.SkyAtmosphere.MultiScatteringLUT.SampleCount:15.0]]
[2022.12.23-12.27.21:356][  0]LogConfig: Setting CVar [[r.SkyLight.RealTimeReflectionCapture:1]]
[2022.12.23-12.27.21:356][  0]LogConfig: Applying CVar settings from Section [FoliageQuality@3] File [D:/Projects/Hungry-Felhounds/Saved/Config/Windows/Scalability.ini]
[2022.12.23-12.27.21:356][  0]LogConfig: Setting CVar [[foliage.DensityScale:1.0]]
[2022.12.23-12.27.21:356][  0]LogConfig: Setting CVar [[grass.DensityScale:1.0]]
[2022.12.23-12.27.21:356][  0]LogConfig: Applying CVar settings from Section [ShadingQuality@3] File [D:/Projects/Hungry-Felhounds/Saved/Config/Windows/Scalability.ini]
[2022.12.23-12.27.21:356][  0]LogConfig: Setting CVar [[r.HairStrands.SkyLighting.IntegrationType:2]]
[2022.12.23-12.27.21:356][  0]LogConfig: Setting CVar [[r.HairStrands.SkyAO.SampleCount:4]]
[2022.12.23-12.27.21:356][  0]LogConfig: Setting CVar [[r.HairStrands.Visibility.MSAA.SamplePerPixel:4]]
[2022.12.23-12.27.21:356][  0]LogConfig: Applying CVar settings from Section [Startup] File [../../../Engine/Config/ConsoleVariables.ini]
[2022.12.23-12.27.21:357][  0]LogConfig: Setting CVar [[net.UseAdaptiveNetUpdateFrequency:0]]
[2022.12.23-12.27.21:357][  0]LogConfig: Setting CVar [[p.chaos.AllowCreatePhysxBodies:1]]
[2022.12.23-12.27.21:357][  0]LogConfig: Setting CVar [[fx.SkipVectorVMBackendOptimizations:1]]
[2022.12.23-12.27.21:357][  0]LogConfig: Applying CVar settings from Section [ConsoleVariables] File [D:/Projects/Hungry-Felhounds/Saved/Config/Windows/Engine.ini]
[2022.12.23-12.27.21:357][  0]LogConfig: Applying CVar settings from Section [ConsoleVariables] File [D:/Projects/Hungry-Felhounds/Saved/Config/Windows/Editor.ini]
[2022.12.23-12.27.21:357][  0]LogInit: Computer: DESKTOP-OB0F6KV
[2022.12.23-12.27.21:357][  0]LogInit: User: MadMax
[2022.12.23-12.27.21:357][  0]LogInit: CPU Page size=4096, Cores=4
[2022.12.23-12.27.21:357][  0]LogInit: High frequency timer resolution =10.000000 MHz
[2022.12.23-12.27.21:357][  0]LogMemory: Memory total: Physical=8.0GB (8GB approx)
[2022.12.23-12.27.21:357][  0]LogMemory: Platform Memory Stats for Windows
[2022.12.23-12.27.21:357][  0]LogMemory: Process Physical Memory: 142.02 MB used, 142.02 MB peak
[2022.12.23-12.27.21:357][  0]LogMemory: Process Virtual Memory: 115.12 MB used, 115.12 MB peak
[2022.12.23-12.27.21:357][  0]LogMemory: Physical Memory: 5810.24 MB used,  2363.88 MB free, 8174.11 MB total
[2022.12.23-12.27.21:357][  0]LogMemory: Virtual Memory: 134212168.00 MB used,  5561.63 MB free, 134217728.00 MB total
[2022.12.23-12.27.21:367][  0]LogWindows: WindowsPlatformFeatures enabled
[2022.12.23-12.27.21:447][  0]LogInit: Physics initialised using underlying interface: PhysX
[2022.12.23-12.27.21:447][  0]LogInit: Using OS detected language (ru-RU).
[2022.12.23-12.27.21:447][  0]LogInit: Using OS detected locale (ru-RU).
[2022.12.23-12.27.21:454][  0]LogTextLocalizationManager: No specific localization for 'ru-RU' exists, so the 'ru' localization will be used.
[2022.12.23-12.27.21:461][  0]LogTextLocalizationResource: LocRes '../../../Engine/Content/Localization/Editor/ru/Editor.locres' could not be opened for reading!
[2022.12.23-12.27.21:461][  0]LogTextLocalizationResource: LocRes '../../../Engine/Content/Localization/EditorTutorials/ru/EditorTutorials.locres' could not be opened for reading!
[2022.12.23-12.27.21:462][  0]LogTextLocalizationResource: LocRes '../../../Engine/Content/Localization/Keywords/ru/Keywords.locres' could not be opened for reading!
[2022.12.23-12.27.21:462][  0]LogTextLocalizationResource: LocRes '../../../Engine/Content/Localization/Category/ru/Category.locres' could not be opened for reading!
[2022.12.23-12.27.21:462][  0]LogTextLocalizationResource: LocRes '../../../Engine/Content/Localization/ToolTips/ru/ToolTips.locres' could not be opened for reading!
[2022.12.23-12.27.21:463][  0]LogTextLocalizationResource: LocRes '../../../Engine/Content/Localization/PropertyNames/ru/PropertyNames.locres' could not be opened for reading!
[2022.12.23-12.27.21:463][  0]LogTextLocalizationResource: LocRes '../../../Engine/Content/Localization/Engine/ru/Engine.locres' could not be opened for reading!
[2022.12.23-12.27.21:483][  0]LogWindowsTextInputMethodSystem: Display: IME system deactivated.
[2022.12.23-12.27.21:521][  0]LogSlate: New Slate User Created.  User Index 0, Is Virtual User: 0
[2022.12.23-12.27.21:521][  0]LogSlate: Slate User Registered.  User Index 0, Is Virtual User: 0
[2022.12.23-12.27.21:551][  0]LogD3D11RHI: Loaded GFSDK_Aftermath_Lib.x64.dll
[2022.12.23-12.27.21:555][  0]LogHMD: Failed to initialize OpenVR with code 110
[2022.12.23-12.27.21:555][  0]LogD3D11RHI: D3D11 min allowed feature level: 11_0
[2022.12.23-12.27.21:555][  0]LogD3D11RHI: D3D11 max allowed feature level: 11_0
[2022.12.23-12.27.21:555][  0]LogD3D11RHI: D3D11 adapters:
[2022.12.23-12.27.21:716][  0]LogD3D11RHI:    0. 'NVIDIA GeForce GT 1030' (Feature Level 11_0)
[2022.12.23-12.27.21:716][  0]LogD3D11RHI:       1982/0/4087 MB DedicatedVideo/DedicatedSystem/SharedSystem, Outputs:1, VendorId:0x10de
[2022.12.23-12.27.21:719][  0]LogD3D11RHI:    1. 'Microsoft Basic Render Driver' (Feature Level 11_0)
[2022.12.23-12.27.21:719][  0]LogD3D11RHI:       0/0/4087 MB DedicatedVideo/DedicatedSystem/SharedSystem, Outputs:0, VendorId:0x1414
[2022.12.23-12.27.21:719][  0]LogD3D11RHI: Chosen D3D11 Adapter:
[2022.12.23-12.27.21:719][  0]LogD3D11RHI:     Description : NVIDIA GeForce GT 1030
[2022.12.23-12.27.21:719][  0]LogD3D11RHI:     VendorId    : 10de
[2022.12.23-12.27.21:719][  0]LogD3D11RHI:     DeviceId    : 1d01
[2022.12.23-12.27.21:719][  0]LogD3D11RHI:     SubSysId    : 85f51043
[2022.12.23-12.27.21:719][  0]LogD3D11RHI:     Revision    : 00a1
[2022.12.23-12.27.21:719][  0]LogD3D11RHI:     DedicatedVideoMemory : 2078597120 bytes
[2022.12.23-12.27.21:719][  0]LogD3D11RHI:     DedicatedSystemMemory : 0 bytes
[2022.12.23-12.27.21:719][  0]LogD3D11RHI:     SharedSystemMemory : 4285589504 bytes
[2022.12.23-12.27.21:719][  0]LogD3D11RHI:     AdapterLuid : 0 43557
[2022.12.23-12.27.21:726][  0]LogD3D11RHI: Creating new Direct3DDevice
[2022.12.23-12.27.21:726][  0]LogD3D11RHI:     GPU DeviceId: 0x1d01 (for the marketing name, search the web for "GPU Device Id")
[2022.12.23-12.27.21:726][  0]LogWindows: EnumDisplayDevices:
[2022.12.23-12.27.21:726][  0]LogWindows:    0. 'NVIDIA GeForce GT 1030' (P:1 D:1)
[2022.12.23-12.27.21:726][  0]LogWindows:    1. 'NVIDIA GeForce GT 1030' (P:0 D:0)
[2022.12.23-12.27.21:727][  0]LogWindows: DebugString: FoundDriverCount:2 
[2022.12.23-12.27.21:727][  0]LogD3D11RHI:     Adapter Name: NVIDIA GeForce GT 1030
[2022.12.23-12.27.21:727][  0]LogD3D11RHI:   Driver Version: 511.79 (internal:30.0.15.1179, unified:511.79)
[2022.12.23-12.27.21:727][  0]LogD3D11RHI:      Driver Date: 2-10-2022
[2022.12.23-12.27.21:727][  0]LogRHI: Texture pool is 1387 MB (70% of 1982 MB)
[2022.12.23-12.27.21:727][  0]LogD3D11RHI: Creating D3DDevice using adapter:
[2022.12.23-12.27.21:727][  0]LogD3D11RHI:     Description : NVIDIA GeForce GT 1030
[2022.12.23-12.27.21:727][  0]LogD3D11RHI:     VendorId    : 10de
[2022.12.23-12.27.21:727][  0]LogD3D11RHI:     DeviceId    : 1d01
[2022.12.23-12.27.21:727][  0]LogD3D11RHI:     SubSysId    : 85f51043
[2022.12.23-12.27.21:727][  0]LogD3D11RHI:     Revision    : 00a1
[2022.12.23-12.27.21:727][  0]LogD3D11RHI:     DedicatedVideoMemory : 2078597120 bytes
[2022.12.23-12.27.21:727][  0]LogD3D11RHI:     DedicatedSystemMemory : 0 bytes
[2022.12.23-12.27.21:727][  0]LogD3D11RHI:     SharedSystemMemory : 4285589504 bytes
[2022.12.23-12.27.21:727][  0]LogD3D11RHI:     AdapterLuid : 0 43557
[2022.12.23-12.27.21:824][  0]LogD3D11RHI: RHI has support for 64 bit atomics
[2022.12.23-12.27.21:824][  0]LogD3D11RHI: Async texture creation enabled
[2022.12.23-12.27.21:824][  0]LogD3D11RHI: Array index from any shader is supported
[2022.12.23-12.27.21:846][  0]LogD3D11RHI: GPU Timing Frequency: 1000.000000 (Debug: 2 1)
[2022.12.23-12.27.21:908][  0]LogRHI: GeForceNow SDK initialized: 1
[2022.12.23-12.27.22:369][  0]LogTargetPlatformManager: Display: Loaded TargetPlatform 'WindowsNoEditor'
[2022.12.23-12.27.22:376][  0]LogTargetPlatformManager: Display: Loaded TargetPlatform 'Windows'
[2022.12.23-12.27.22:384][  0]LogTargetPlatformManager: Display: Loaded TargetPlatform 'WindowsClient'
[2022.12.23-12.27.22:390][  0]LogTargetPlatformManager: Display: Loaded TargetPlatform 'WindowsServer'
[2022.12.23-12.27.22:390][  0]LogTargetPlatformManager: Display: Building Assets For Windows
[2022.12.23-12.27.22:400][  0]LogAudioDebug: Display: Lib vorbis DLL was dynamically loaded.
[2022.12.23-12.27.22:448][  0]LogTextureFormatOodle: Display: Oodle Texture 2.9.0 init RDO Off
[2022.12.23-12.27.22:495][  0]LogRendererCore: Ray tracing is disabled. Reason: r.RayTracing=0.
[2022.12.23-12.27.22:495][  0]LogShaderCompilers: Guid format shader working directory is 20 characters bigger than the processId version (D:/Projects/Hungry-Felhounds/Intermediate/Shaders/WorkingDirectory/368/).
[2022.12.23-12.27.22:496][  0]LogShaderCompilers: Cleaned the shader compiler working directory 'C:/Users/MadMax/AppData/Local/Temp/UnrealShaderWorkingDir/574E0EC544013B9B3B3B41B44E027109/'.
[2022.12.23-12.27.22:496][  0]LogXGEController: Cannot use XGE Controller as Incredibuild is not installed on this machine.
[2022.12.23-12.27.22:496][  0]LogShaderCompilers: Cannot use XGE Shader Compiler as Incredibuild is not installed on this machine.
[2022.12.23-12.27.22:496][  0]LogShaderCompilers: Display: Using Local Shader Compiler.
[2022.12.23-12.27.24:183][  0]LogDerivedDataCache: Display: Max Cache Size: 512 MB
[2022.12.23-12.27.24:314][  0]LogDerivedDataCache: Loaded boot cache 0.13s 94MB C:/Users/MadMax/AppData/Local/UnrealEngine/4.27/DerivedDataCache/Boot.ddc.
[2022.12.23-12.27.24:314][  0]LogDerivedDataCache: Display: Loaded Boot cache: C:/Users/MadMax/AppData/Local/UnrealEngine/4.27/DerivedDataCache/Boot.ddc
[2022.12.23-12.27.24:314][  0]LogDerivedDataCache: FDerivedDataBackendGraph:  Pak pak cache file D:/Projects/Hungry-Felhounds/DerivedDataCache/DDC.ddp not found, will not use a pak cache.
[2022.12.23-12.27.24:314][  0]LogDerivedDataCache: Unable to find inner node Pak for hierarchical cache Hierarchy.
[2022.12.23-12.27.24:314][  0]LogDerivedDataCache: FDerivedDataBackendGraph:  CompressedPak pak cache file D:/Projects/Hungry-Felhounds/DerivedDataCache/Compressed.ddp not found, will not use a pak cache.
[2022.12.23-12.27.24:314][  0]LogDerivedDataCache: Unable to find inner node CompressedPak for hierarchical cache Hierarchy.
[2022.12.23-12.27.24:347][  0]LogDerivedDataCache: Display: Pak cache opened for reading ../../../Engine/DerivedDataCache/Compressed.ddp.
[2022.12.23-12.27.24:347][  0]LogDerivedDataCache: FDerivedDataBackendGraph:  EnterprisePak pak cache file ../../../Enterprise/DerivedDataCache/Compressed.ddp not found, will not use a pak cache.
[2022.12.23-12.27.24:347][  0]LogDerivedDataCache: Unable to find inner node EnterprisePak for hierarchical cache Hierarchy.
[2022.12.23-12.27.24:363][  0]LogDerivedDataCache: Speed tests for C:/Users/MadMax/AppData/Local/UnrealEngine/Common/DerivedDataCache took 0.02 seconds
[2022.12.23-12.27.24:363][  0]LogDerivedDataCache: Display: Performance to C:/Users/MadMax/AppData/Local/UnrealEngine/Common/DerivedDataCache: Latency=0.05ms. RandomReadSpeed=764.80MBs, RandomWriteSpeed=67.48MBs. Assigned SpeedClass 'Local'
[2022.12.23-12.27.24:364][  0]LogDerivedDataCache: Using Local data cache path C:/Users/MadMax/AppData/Local/UnrealEngine/Common/DerivedDataCache: Writable
[2022.12.23-12.27.24:364][  0]LogDerivedDataCache: Shared data cache path not found in *engine.ini, will not use an Shared cache.
[2022.12.23-12.27.24:364][  0]LogDerivedDataCache: Unable to find inner node Shared for hierarchical cache Hierarchy.
[2022.12.23-12.27.24:436][  0]LogSlate: Using FreeType 2.10.0
[2022.12.23-12.27.24:437][  0]LogSlate: SlateFontServices - WITH_FREETYPE: 1, WITH_HARFBUZZ: 1
[2022.12.23-12.27.24:577][  0]LogInit: Using OS detected language (ru-RU).
[2022.12.23-12.27.24:577][  0]LogInit: Using OS detected locale (ru-RU).
[2022.12.23-12.27.24:578][  0]LogTextLocalizationManager: No localization for 'ru-RU' exists, so 'en' will be used for the language.
[2022.12.23-12.27.24:578][  0]LogTextLocalizationManager: No localization for 'ru-RU' exists, so 'en' will be used for the locale.
[2022.12.23-12.27.24:578][  0]LogSlate: FontCache flush requested. Reason: Culture for localization was changed
[2022.12.23-12.27.24:578][  0]LogSlate: FontCache flush requested. Reason: Culture for localization was changed
[2022.12.23-12.27.24:582][  0]LogAssetRegistry: FAssetRegistry took 0.0028 seconds to start up
[2022.12.23-12.27.24:901][  0]LogTextLocalizationManager: Compacting localization data took   0.01ms
[2022.12.23-12.27.24:901][  0]LogPackageLocalizationCache: Processed 27 localized package path(s) for 1 prioritized culture(s) in 0.001889 seconds
[2022.12.23-12.27.25:008][  0]LogInit: Selected Device Profile: [Windows]
[2022.12.23-12.27.25:008][  0]LogInit: Active device profile: [0000028A29CDD300][0000028A234523C0 49] Windows
[2022.12.23-12.27.25:008][  0]LogInit: Profiles: [0000028A29CDD300][0000028A234523C0 49] Windows, [0000028A29CC3000][0000028A2345A540 49] WindowsNoEditor, [0000028A29CDE400][0000028A2345E6C0 49] WindowsServer, [0000028A29CC3F00][0000028A2287C840 49] WindowsClient, [0000028A29CDF300][0000028A228809C0 49] IOS, [0000028A29CC1200][0000028A22884B40 49] iPadAir, [0000028A29CDFE00][0000028A22888CC0 49] iPadAir2, [0000028A29C56100][0000028A22890F80 49] IPadPro, [0000028A29C56200][0000028A2288CFC0 49] iPadAir3, [0000028A29CC1B00][0000028A22895140 49] iPadAir4, [0000028A29C57100][0000028A228992C0 49] iPadMini2, [0000028A29CC3300][0000028A23457400 49] iPadMini3, [0000028A29C57D00][0000028A2289D540 49] iPadMini4, [0000028A29CC2400][0000028A228A1680 49] iPadMini5, [0000028A29CA5A00][0000028A228AD940 49] iPhone6, [0000028A29CA5B00][0000028A228A9980 49] iPodTouch6, [0000028A29CDEF00][0000028A228B40C0 49] iPhone7, [0000028A29CDF000][0000028A228B0100 49] iPodTouch7, [0000028A29C55C00][0000028A228B8280 49] iPhone5S, [0000028A29CDD100][0000028A228BC400 49] iPhone6Plus, [0000028A29C55800][0000028A228C0580 49] iPhone6S, [0000028A29CDC400][0000028A228C4700 49] iPhone6SPlus, [0000028A29C54E00][0000028A228C8880 49] iPhone7Plus, [0000028A29CDD700][0000028A228CCA00 49] iPhoneSE, [0000028A29C54A00][0000028A228D0B80 49] iPhone8, [0000028A29CDC800][0000028A228D4D00 49] iPhone8Plus, [0000028A29C55A00][0000028A228D8E80 49] iPhoneX, [0000028A29CDFD00][0000028A228DD000 49] iPhoneXS, [0000028A29CA4200][0000028A228E1180 49] iPhoneXSMax, [0000028A29C54D00][0000028A228E5300 49] iPhoneXR, [0000028A29CA4C00][0000028A228E9480 49] iPhone11, [0000028A29C56E00][0000028A228A55C0 49] iPhone11Pro, [0000028A29CA5500][0000028A228ED700 49] iPhone11ProMax, [0000028A29C57A00][0000028A228F1840 49] iPhoneSE2, [0000028A29CA4400][0000028A228F99C0 49] iPhone12Mini, [0000028A29C55200][0000028A228FDB40 49] iPhone12, [0000028A29CA7C00][0000028A22900140 49] iPhone12Pro, [0000028A29C56000][0000028A229042C0 49] iPhone12ProMax, [0000028A29CA6C00][0000028A22908440 49] iPadPro105, [0000028A29CDE100][0000028A2290C5C0 49] iPadPro129, [0000028A29CA5100][0000028A22910740 49] iPadPro97, [0000028A29CDD000][0000028A229148C0 49] iPadPro2_129, [0000028A29CA4D00][0000028A22918A40 49] iPad5, [0000028A29CDDD00][0000028A2291CBC0 49] iPad6, [0000028A29CA4600][0000028A2967CD40 49] iPad7, [0000028A29CDEE00][0000028A29680EC0 49] iPad8, [0000028A29CA7100][0000028A29685040 49] iPadPro11, [0000028A29CDDB00][0000028A296891C0 49] iPadPro2_11, [0000028A29CA4A00][0000028A2968D340 49] iPadPro3_129, [0000028A29CDE200][0000028A296914C0 49] iPadPro4_129, [0000028A29CA6D00][0000028A29695640 49] AppleTV, [0000028A29CDC100][0000028A228F5780 49] AppleTV4K, [0000028A29CA6600][0000028A296998C0 49] TVOS, [0000028A29CDD500][0000028A2969DA00 49] Mac, [0000028A29CA7600][0000028A296A1B40 49] MacClient, [0000028A29CDDF00][0000028A296A8140 49] MacNoEditor, [0000028A29CA7F00][0000028A296AC2C0 49] MacServer, [0000028A29CDFA00][0000028A296B0440 49] Linux, [0000028A29CA5C00][0000028A296B45C0 49] LinuxAArch64, [0000028A29CDF800][0000028A296B8740 49] LinuxNoEditor, [0000028A29CA6400][0000028A296BC8C0 49] LinuxAArch64NoEditor, [0000028A29CDF500][0000028A296C0A40 49] LinuxClient, [0000028A29CA5300][0000028A296C4BC0 49] LinuxAArch64Client, [0000028A29CDC900][0000028A296C8D40 49] LinuxServer, [0000028A29CA5200][0000028A296CCEC0 49] LinuxAArch64Server, [0000028A29CDF600][0000028A296D1040 49] Android, [0000028A29CA5900][0000028A296D51C0 49] Android_Low, [0000028A29CDE700][0000028A296D9340 49] Android_Mid, [0000028A29CA6E00][0000028A296DD4C0 49] Android_High, [0000028A29CDE000][0000028A296E1640 49] Android_Default, [0000028A29CA6800][0000028A296E57C0 49] Android_Adreno4xx, [0000028A29CDCB00][0000028A296A5900 49] Android_Adreno5xx_Low, [0000028A29CA6F00][0000028A296E9A40 49] Android_Adreno5xx, [0000028A29CDC300][0000028A296EDB80 49] Android_Adreno6xx, [0000028A29CA7200][0000028A296F0140 49] Android_Adreno6xx_Vulkan, [0000028A29CDC500][0000028A296F82C0 49] Android_Mali_T6xx, [0000028A29CA6B00][0000028A296FC440 49] Android_Mali_T7xx, [0000028A29CDC600][0000028A297005C0 49] Android_Mali_T8xx, [0000028A29CA4700][0000028A29704740 49] Android_Mali_G71, [0000028A29CDFC00][0000028A297088C0 49] Android_Mali_G72, [0000028A29CA5F00][0000028A2970CA40 49] Android_Mali_G72_Vulkan, [0000028A29CDF100][0000028A29710BC0 49] Android_Mali_G76, [0000028A29CA5E00][0000028A29714D40 49] Android_Mali_G76_Vulkan, [0000028A29CDCA00][0000028A29718EC0 49] Android_Mali_G77, [0000028A29CA4900][0000028A2971D040 49] Android_Mali_G77_Vulkan, [0000028A29CDD800][0000028A297211C0 49] Android_Mali_G78, [0000028A29CA7D00][0000028A29725340 49] Android_Mali_G78_Vulkan, [0000028A29CC2700][0000028A297294C0 49] Android_Mali_G710, [0000028A29C56F00][0000028A2972D640 49] Android_Mali_G710_Vulkan, [0000028A29CC3C00][0000028A297317C0 49] Android_Vulkan_SM5, [0000028A29C56B00][0000028A29735940 49] Android_PowerVR_G6xxx, [0000028A29CC0400][0000028A29739AC0 49] Android_PowerVR_GT7xxx, [0000028A29C56700][0000028A296F5C00 49] Android_PowerVR_GE8xxx, [0000028A29CC0600][0000028A2973C1C0 49] Android_PowerVR_GM9xxx, [0000028A29C56800][0000028A29740300 49] Android_PowerVR_GM9xxx_Vulkan, [0000028A29CC1700][0000028A29748480 49] Android_TegraK1, [0000028A29C57400][0000028A2974C600 49] Android_Unknown_Vulkan, [0000028A29CC0700][0000028A29750780 49] Lumin, [0000028A29C56D00][0000028A29754900 49] Lumin_Desktop, [0000028A29CC2000][0000028A29758A80 49] HoloLens, 
[2022.12.23-12.27.25:069][  0]LogMeshReduction: Using QuadricMeshReduction for automatic static mesh reduction
[2022.12.23-12.27.25:069][  0]LogMeshReduction: Using SimplygonMeshReduction for automatic skeletal mesh reduction
[2022.12.23-12.27.25:069][  0]LogMeshReduction: Using ProxyLODMeshReduction for automatic mesh merging
[2022.12.23-12.27.25:069][  0]LogMeshReduction: No distributed automatic mesh merging module available
[2022.12.23-12.27.25:069][  0]LogMeshMerging: No distributed automatic mesh merging module available
[2022.12.23-12.27.25:249][  0]LogNetVersion: Game1 1.0.0, NetCL: 17155196, EngineNetVer: 17, GameNetVer: 0 (Checksum: 3464310289)
[2022.12.23-12.27.25:656][  0]LogTexture: Default maximum texture size for cubemaps generated from long-lat sources has been changed from 512 to unlimited. In order to preserve old behaiour for '/Engine/MapTemplates/Sky/DaylightAmbientCubemap.DaylightAmbientCubemap', its maximum texture size has been explicitly set to 512.
[2022.12.23-12.27.25:767][  0]LogHMD: PokeAHoleMaterial loaded successfully
[2022.12.23-12.27.25:924][  0]LogMoviePlayer: Initializing movie player
[2022.12.23-12.27.26:062][  0]LogNiagaraDebuggerClient: Niagara Debugger Client Initialized | Session: 05913D5044E731D2C30194843AF39F73 | Instance: 07DDAFFF46A740B0D81155BE7A840B35 (DESKTOP-OB0F6KV-368).
[2022.12.23-12.27.26:087][  0]LogCollectionManager: Loaded 0 collections in 0.003448 seconds
[2022.12.23-12.27.26:091][  0]LogFileCache: Scanning file cache for directory 'D:/Projects/Hungry-Felhounds/Saved/Collections/' took 0.00s
[2022.12.23-12.27.26:091][  0]LogFileCache: Scanning file cache for directory 'D:/Projects/Hungry-Felhounds/Content/Developers/MadMax/Collections/' took 0.00s
[2022.12.23-12.27.26:091][  0]LogFileCache: Scanning file cache for directory 'D:/Projects/Hungry-Felhounds/Content/Collections/' took 0.00s
[2022.12.23-12.27.26:091][  0]LogCollectionManager: Fixed up redirectors for 0 collections in 0.000003 seconds (updated 0 objects)
[2022.12.23-12.27.26:256][  0]LogTcpMessaging: Initializing TcpMessaging bridge
[2022.12.23-12.27.26:261][  0]LogUdpMessaging: Initializing bridge on interface 0.0.0.0:0 to multicast group 230.0.0.1:6666.
[2022.12.23-12.27.26:330][  0]LogPython: Using Python 3.7.7
[2022.12.23-12.27.27:268][  0]SourceControl: Source control is disabled
[2022.12.23-12.27.27:268][  0]SourceControl: Source control is disabled
[2022.12.23-12.27.27:269][  0]SourceControl: Source control is disabled
[2022.12.23-12.27.27:274][  0]LogUProjectInfo: Found projects:
[2022.12.23-12.27.27:328][  0]LogAndroidPermission: UAndroidPermissionCallbackProxy::GetInstance
[2022.12.23-12.27.27:352][  0]LogAudioCaptureCore: Display: No Audio Capture implementations found. Audio input will be silent.
[2022.12.23-12.27.27:353][  0]LogAudioCaptureCore: Display: No Audio Capture implementations found. Audio input will be silent.
[2022.12.23-12.27.27:472][  0]LogOpenImageDenoise: OIDN starting up
[2022.12.23-12.27.27:491][  0]LogOcInput: OculusInput pre-init called
[2022.12.23-12.27.27:505][  0]LogUObjectArray: 22129 objects as part of root set at end of initial load.
[2022.12.23-12.27.27:505][  0]LogUObjectAllocator: 5987536 out of 0 bytes used by permanent object pool.
[2022.12.23-12.27.27:505][  0]LogUObjectArray: CloseDisregardForGC: 0/0 objects in disregard for GC pool
[2022.12.23-12.27.27:580][  0]LogEngine: Initializing Engine...
[2022.12.23-12.27.27:584][  0]LogHMD: Failed to enumerate extensions. Please check that you have a valid OpenXR runtime installed.
[2022.12.23-12.27.27:584][  0]LogHMD: Failed to initialize OpenVR with code 110
[2022.12.23-12.27.27:584][  0]LogMagicLeap: Warning: VR disabled because ZI is not enabled.  To enable, in the editor, Edit -> Project Settings -> Plugins -> Magic Leap Plugin -> Enable Zero Iteration
[2022.12.23-12.27.27:586][  0]LogStats: UGameplayTagsManager::InitializeManager -  0.000 s
[2022.12.23-12.27.27:782][  0]LogInit: Initializing FReadOnlyCVARCache
[2022.12.23-12.27.27:782][  0]LogAudio: Display: Initializing Audio Device Manager...
[2022.12.23-12.27.27:787][  0]LogAudio: Display: Loading Default Audio Settings Objects...
[2022.12.23-12.27.27:788][  0]LogAudio: Display: No default SoundConcurrencyObject specified (or failed to load).
[2022.12.23-12.27.27:789][  0]LogAudio: Display: Audio Device Manager Initialized
[2022.12.23-12.27.27:789][  0]LogAudio: Display: Creating Audio Device:                 Id: 1, Scope: Shared, Realtime: True
[2022.12.23-12.27.27:789][  0]LogAudioMixer: Display: Audio Mixer Platform Settings:
[2022.12.23-12.27.27:789][  0]LogAudioMixer: Display: 	Sample Rate:						  48000
[2022.12.23-12.27.27:789][  0]LogAudioMixer: Display: 	Callback Buffer Frame Size Requested: 1024
[2022.12.23-12.27.27:789][  0]LogAudioMixer: Display: 	Callback Buffer Frame Size To Use:	  1024
[2022.12.23-12.27.27:789][  0]LogAudioMixer: Display: 	Number of buffers to queue:			  2
[2022.12.23-12.27.27:789][  0]LogAudioMixer: Display: 	Max Channels (voices):				  32
[2022.12.23-12.27.27:789][  0]LogAudioMixer: Display: 	Number of Async Source Workers:		  0
[2022.12.23-12.27.27:789][  0]LogAudio: Display: AudioDevice MaxSources: 32
[2022.12.23-12.27.27:790][  0]LogAudio: Display: Audio Spatialization Plugin: None (built-in).
[2022.12.23-12.27.27:790][  0]LogAudio: Display: Audio Reverb Plugin: None (built-in).
[2022.12.23-12.27.27:790][  0]LogAudio: Display: Audio Occlusion Plugin: None (built-in).
[2022.12.23-12.27.27:790][  0]LogAudioMixer: Display: Initializing audio mixer.
[2022.12.23-12.27.27:823][  0]LogAudioMixer: Display: 0: FrontLeft
[2022.12.23-12.27.27:823][  0]LogAudioMixer: Display: 1: FrontRight
[2022.12.23-12.27.27:848][  0]LogAudioMixer: Display: Using Audio Device Динамики (2- USB Audio Device)
[2022.12.23-12.27.27:858][  0]LogAudioMixer: Display: Initializing Sound Submixes...
[2022.12.23-12.27.27:861][  0]LogAudioMixer: Display: Creating Master Submix 'MasterSubmixDefault'
[2022.12.23-12.27.27:861][  0]LogAudioMixer: Display: Creating Master Submix 'MasterReverbSubmixDefault'
[2022.12.23-12.27.27:864][  0]LogAudioMixer: Display: Creating Master Submix 'MasterEQSubmixDefault'
[2022.12.23-12.27.27:864][  0]LogAudioMixer: FMixerPlatformXAudio2::StartAudioStream() called
[2022.12.23-12.27.27:864][  0]LogAudioMixer: Display: Output buffers initialized: Frames=1024, Channels=2, Samples=2048
[2022.12.23-12.27.27:865][  0]LogAudioMixer: Display: Starting AudioMixerPlatformInterface::RunInternal()
[2022.12.23-12.27.27:865][  0]LogAudioMixer: Display: FMixerPlatformXAudio2::SubmitBuffer() called for the first time
[2022.12.23-12.27.27:865][  0]LogInit: FAudioDevice initialized.
[2022.12.23-12.27.27:867][  0]LogNetVersion: Set ProjectVersion to 1.0.0.0. Version Checksum will be recalculated on next use.
[2022.12.23-12.27.27:875][  0]LogInit: Texture streaming: Enabled
[2022.12.23-12.27.28:182][  0]LogAudio: Display: Audio Device (ID: 1) registered with world 'Untitled'.
[2022.12.23-12.27.28:190][  0]LogInit: Error: Failed to load cursor 'D:/Projects/Hungry-Felhounds/Content/coursor.png'
[2022.12.23-12.27.28:190][  0]LogSlate: Updating window title bar state: overlay mode, drag disabled, window buttons hidden, title bar hidden
[2022.12.23-12.27.28:191][  0]LogInit: Display: Game Engine Initialized.
[2022.12.23-12.27.28:191][  0]LogNiagaraEditor: GEditor isn't valid! Particle reset commands will not work for Niagara components!
[2022.12.23-12.27.28:417][  0]LogInit: Display: Starting Game.
[2022.12.23-12.27.28:418][  0]LogNet: Browse: 127.0.0.1:17777/Game/TopDownBP/Maps/MainMenu?Name=Player
[2022.12.23-12.27.28:418][  0]LogOnline: OSS: Creating online subsystem instance for: STEAM
[2022.12.23-12.27.28:445][  0]LogSteamShared: Warning: SteamAPI failed to initialize, conditions not met.
[2022.12.23-12.27.28:445][  0]LogOnline: Warning: STEAM: Steamworks: SteamUtils() failed!
[2022.12.23-12.27.28:445][  0]LogOnline: Warning: STEAM: Steamworks: SteamUser() failed!
[2022.12.23-12.27.28:445][  0]LogOnline: Warning: STEAM: Steamworks: SteamFriends() failed!
[2022.12.23-12.27.28:445][  0]LogOnline: Warning: STEAM: Steamworks: SteamRemoteStorage() failed!
[2022.12.23-12.27.28:445][  0]LogOnline: Warning: STEAM: Steamworks: SteamUserStats() failed!
[2022.12.23-12.27.28:445][  0]LogOnline: Warning: STEAM: Steamworks: SteamMatchmakingServers() failed!
[2022.12.23-12.27.28:445][  0]LogOnline: Warning: STEAM: Steamworks: SteamApps() failed!
[2022.12.23-12.27.28:445][  0]LogOnline: Warning: STEAM: Steamworks: SteamNetworking() failed!
[2022.12.23-12.27.28:445][  0]LogOnline: Warning: STEAM: Steamworks: SteamMatchmaking() failed!
[2022.12.23-12.27.28:445][  0]LogOnline: STEAM: [AppId: 0] Client API initialized 0
[2022.12.23-12.27.28:445][  0]LogOnline: Display: STEAM: OnlineSubsystemSteam::Shutdown()
[2022.12.23-12.27.28:445][  0]LogOnline: Warning: STEAM: Steam API failed to initialize!
[2022.12.23-12.27.28:446][  0]LogOnline: Display: STEAM: OnlineSubsystemSteam::Shutdown()
[2022.12.23-12.27.28:446][  0]LogInit: WinSock: Socket queue. Rx: 32768 (config 32768) Tx: 32768 (config 32768)
[2022.12.23-12.27.28:446][  0]LogNet: Created socket for bind address: 0.0.0.0 on port 0
[2022.12.23-12.27.28:447][  0]PacketHandlerLog: Loaded PacketHandler component: Engine.EngineHandlerComponentFactory (StatelessConnectHandlerComponent)
[2022.12.23-12.27.28:447][  0]LogNet: Game client on port 17777, rate 100000
[2022.12.23-12.27.28:550][  0]LogInit: Display: Engine is initialized. Leaving FEngineLoop::Init()
[2022.12.23-12.27.28:550][  0]LogLoad: (Engine Initialization) Total time: 9.35 seconds
[2022.12.23-12.27.28:550][  0]LogLoad: (Engine Initialization) Total Blueprint compile time: 0.00 seconds
[2022.12.23-12.27.28:569][  0]LogContentStreaming: Texture pool size now 1000 MB
[2022.12.23-12.27.28:574][  0]LogSlate: InvalidateAllWidgets triggered.  All widgets were invalidated
[2022.12.23-12.27.29:457][407]LogHandshake: SendChallengeResponse. Timestamp: 0.833211, Cookie: 073249008040133074041153162185141065246012079044233194121142
[2022.12.23-12.27.29:463][413]LogNetVersion: Game1 1.0.0.0, NetCL: 17155196, EngineNetVer: 17, GameNetVer: 0 (Checksum: 3925865969)
[2022.12.23-12.27.29:463][413]LogNet: UPendingNetGame::SendInitialJoin: Sending hello. [UNetConnection] RemoteAddr: 127.0.0.1:17777, Name: IpConnection_0, Driver: PendingNetDriver IpNetDriver_0, IsServer: NO, PC: NULL, Owner: NULL, UniqueId: INVALID
[2022.12.23-12.27.29:469][419]LogNet: Welcomed by server (Level: /Game/TopDownBP/Maps/MainMenu, Game: /Script/Engine.GameModeBase)
[2022.12.23-12.27.29:469][419]LogLoad: LoadMap: 127.0.0.1:17777/Game/TopDownBP/Maps/MainMenu?Name=Player?game=/Script/Engine.GameModeBase
[2022.12.23-12.27.29:469][419]LogWorld: BeginTearingDown for /Temp/Untitled_0
[2022.12.23-12.27.29:469][419]LogWorld: UWorld::CleanupWorld for Untitled, bSessionEnded=true, bCleanupResources=true
[2022.12.23-12.27.29:470][419]LogSlate: InvalidateAllWidgets triggered.  All widgets were invalidated
[2022.12.23-12.27.29:485][419]LogAudio: Display: Audio Device unregistered from world 'None'.
[2022.12.23-12.27.29:490][419]LogUObjectHash: Compacting FUObjectHashTables data took   1.93ms
[2022.12.23-12.27.29:500][419]LogAudio: Display: Audio Device (ID: 1) registered with world 'MainMenu'.
[2022.12.23-12.27.29:503][419]LogWorld: Bringing World /Game/TopDownBP/Maps/MainMenu.MainMenu up for play (max tick rate 0) at 2022.12.23-17.27.29
[2022.12.23-12.27.29:503][419]LogWorld: Bringing up level for play took: 0.000438
[2022.12.23-12.27.29:504][419]LogSlate: Took 0.000190 seconds to synchronously load lazily loaded font '../../../Engine/Content/Slate/Fonts/Roboto-Regular.ttf' (155K)
[2022.12.23-12.27.29:504][419]LogLoad: Took 0.034534 seconds to LoadMap(/Game/TopDownBP/Maps/MainMenu)
[2022.12.23-12.27.29:506][420]LogRenderer: Reallocating scene render targets to support 640x480 Format 10 NumSamples 1 (Frame:1).
[2022.12.23-12.27.29:557][421]LogOnlineSession: Warning: OSS: No game present to join for session (GameSession)
[2022.12.23-12.27.29:559][421]LogOnlineSession: Warning: OSS: No game present to join for session (GameSession)
[2022.12.23-12.27.58:855][266]LogNet: Error: UEngine::BroadcastNetworkFailure: FailureType = FailureReceived, ErrorString = Host closed the connection., Driver = GameNetDriver IpNetDriver_0
[2022.12.23-12.27.58:855][266]LogNet: Warning: Network Failure: GameNetDriver[FailureReceived]: Host closed the connection.
[2022.12.23-12.27.58:855][266]LogNet: NetworkFailure: FailureReceived, Error: 'Host closed the connection.'
[2022.12.23-12.27.58:855][266]LogNet: UNetConnection::Close: [UNetConnection] RemoteAddr: 127.0.0.1:17777, Name: IpConnection_0, Driver: GameNetDriver IpNetDriver_0, IsServer: NO, PC: PlayerController_1, Owner: PlayerController_1, UniqueId: NULL:DESKTOP-OB0F6KV-F4C924FD40A959A5F7549CADB370BB5D, Channels: 11, Time: 2022.12.23-12.27.58
[2022.12.23-12.27.58:855][266]LogNet: UChannel::Close: Sending CloseBunch. ChIndex == 0. Name: [UChannel] ChIndex: 0, Closing: 0 [UNetConnection] RemoteAddr: 127.0.0.1:17777, Name: IpConnection_0, Driver: GameNetDriver IpNetDriver_0, IsServer: NO, PC: PlayerController_1, Owner: PlayerController_1, UniqueId: NULL:DESKTOP-OB0F6KV-F4C924FD40A959A5F7549CADB370BB5D
[2022.12.23-12.27.58:855][266]LogNet: Error: UEngine::BroadcastNetworkFailure: FailureType = ConnectionLost, ErrorString = Your connection to the host has been lost., Driver = GameNetDriver IpNetDriver_0
[2022.12.23-12.27.58:860][267]LogNet: Browse: /Game/TopDownBP/Maps/MainMenu?closed
[2022.12.23-12.27.58:860][267]LogNet: Connection failed; returning to Entry
[2022.12.23-12.27.58:860][267]LogLoad: LoadMap: /Game/TopDownBP/Maps/MainMenu?closed
[2022.12.23-12.27.58:860][267]LogWorld: BeginTearingDown for /Game/TopDownBP/Maps/MainMenu
[2022.12.23-12.27.58:860][267]LogNet: World NetDriver shutdown IpNetDriver_0 [GameNetDriver]
[2022.12.23-12.27.58:860][267]LogNet: DestroyNamedNetDriver IpNetDriver_0 [GameNetDriver]
[2022.12.23-12.27.58:861][267]LogExit: GameNetDriver IpNetDriver_0 shut down
[2022.12.23-12.27.58:861][267]LogWorld: UWorld::CleanupWorld for MainMenu, bSessionEnded=true, bCleanupResources=true
[2022.12.23-12.27.58:862][267]LogSlate: InvalidateAllWidgets triggered.  All widgets were invalidated
[2022.12.23-12.27.58:898][267]LogAudio: Display: Waited 35.905602 ms for audio thread.
[2022.12.23-12.27.58:900][267]LogAudio: Display: Waited 38.612602 ms for audio thread.
[2022.12.23-12.27.58:909][267]LogAudio: Display: Audio Device unregistered from world 'None'.
[2022.12.23-12.27.58:912][267]LogUObjectHash: Compacting FUObjectHashTables data took   1.31ms
[2022.12.23-12.27.58:919][267]LogAudio: Display: Audio Device (ID: 1) registered with world 'MainMenu'.
[2022.12.23-12.27.58:926][267]LogAIModule: Creating AISystem for world MainMenu
[2022.12.23-12.27.58:926][267]LogUObjectGlobals: Warning: Failed to load '/Game/TopDownBP/Blueprints/TopDownGameMode': Can't find file.
[2022.12.23-12.27.58:926][267]LogUObjectGlobals: Warning: Failed to load '/Game/TopDownBP/Blueprints/TopDownGameMode': Can't find file.
[2022.12.23-12.27.58:926][267]LogUObjectGlobals: Warning: Failed to find object 'Class /Game/TopDownBP/Blueprints/TopDownGameMode.TopDownGameMode_C'
[2022.12.23-12.27.58:926][267]LogLoad: Game class is 'GameModeBase'
[2022.12.23-12.27.58:927][267]LogWorld: Bringing World /Game/TopDownBP/Maps/MainMenu.MainMenu up for play (max tick rate 0) at 2022.12.23-17.27.58
[2022.12.23-12.27.58:928][267]LogWorld: Bringing up level for play took: 0.000501
[2022.12.23-12.27.58:928][267]LogGameMode: FindPlayerStart: PATHS NOT DEFINED or NO PLAYERSTART with positive rating
[2022.12.23-12.27.58:930][267]LogLoad: Took 0.069852 seconds to LoadMap(/Game/TopDownBP/Maps/MainMenu)
[2022.12.23-12.27.58:953][267]LogUObjectHash: Compacting FUObjectHashTables data took   1.69ms
