Log file open, 11/10/22 13:37:33
LogWindows: Failed to load 'aqProf.dll' (GetLastError=126)
LogWindows: File 'aqProf.dll' does not exist
LogWindows: Failed to load 'VtuneApi.dll' (GetLastError=126)
LogWindows: File 'VtuneApi.dll' does not exist
LogWindows: Failed to load 'VtuneApi32e.dll' (GetLastError=126)
LogWindows: File 'VtuneApi32e.dll' does not exist
LogConsoleResponse: Display: Failed to find resolution value strings in scalability ini. Falling back to default.
LogConsoleResponse: Display: Failed to find resolution value strings in scalability ini. Falling back to default.
LogInit: Display: Running engine for game: Game1
LogPlatformFile: Not using cached read wrapper
LogTaskGraph: Started task graph with 5 named threads and 23 total threads with 3 sets of task threads.
LogStats: Stats thread started at 0.354123
LogICUInternationalization: ICU TimeZone Detection - Raw Offset: +5:00, Platform Override: ''
LogInit: Display: Loading text-based GConfig....
LogPluginManager: Mounting plugin MeshPainting
LogPluginManager: Mounting plugin XGEController
LogPluginManager: Mounting plugin Paper2D
LogPluginManager: Mounting plugin LiveLink
LogPluginManager: Mounting plugin CameraShakePreviewer
LogPluginManager: Mounting plugin GameplayCameras
LogPluginManager: Mounting plugin LightPropagationVolume
LogPluginManager: Mounting plugin OodleData
LogPluginManager: Mounting plugin AnimationSharing
LogPluginManager: Mounting plugin CLionSourceCodeAccess
LogPluginManager: Mounting plugin OodleNetwork
LogPluginManager: Mounting plugin CodeLiteSourceCodeAccess
LogPluginManager: Mounting plugin GitSourceControl
LogPluginManager: Mounting plugin KDevelopSourceCodeAccess
LogPluginManager: Mounting plugin NullSourceCodeAccess
LogPluginManager: Mounting plugin PerforceSourceControl
LogPluginManager: Mounting plugin PixWinPlugin
LogPluginManager: Mounting plugin PlasticSourceControl
LogPluginManager: Mounting plugin PluginUtils
LogPluginManager: Mounting plugin PropertyAccessNode
LogPluginManager: Mounting plugin RiderSourceCodeAccess
LogPluginManager: Mounting plugin SubversionSourceControl
LogPluginManager: Mounting plugin TextureFormatOodle
LogPluginManager: Mounting plugin UObjectPlugin
LogPluginManager: Mounting plugin VisualStudioCodeSourceCodeAccess
LogPluginManager: Mounting plugin VisualStudioSourceCodeAccess
LogPluginManager: Mounting plugin XCodeSourceCodeAccess
LogPluginManager: Mounting plugin AssetManagerEditor
LogPluginManager: Mounting plugin CurveEditorTools
LogPluginManager: Mounting plugin DataValidation
LogPluginManager: Mounting plugin GameplayTagsEditor
LogPluginManager: Mounting plugin GeometryMode
LogPluginManager: Mounting plugin FacialAnimation
LogPluginManager: Mounting plugin DatasmithContent
LogPluginManager: Mounting plugin MacGraphicsSwitching
LogPluginManager: Mounting plugin MaterialAnalyzer
LogPluginManager: Mounting plugin MobileLauncherProfileWizard
LogPluginManager: Mounting plugin PluginBrowser
LogPluginManager: Mounting plugin SpeedTreeImporter
LogPluginManager: Mounting plugin VariantManagerContent
LogPluginManager: Mounting plugin AlembicImporter
LogPluginManager: Mounting plugin AutomationUtils
LogPluginManager: Mounting plugin BackChannel
LogPluginManager: Mounting plugin ChaosCloth
LogPluginManager: Mounting plugin ChaosClothEditor
LogPluginManager: Mounting plugin ChaosEditor
LogPluginManager: Mounting plugin ChaosNiagara
LogPluginManager: Mounting plugin ChaosSolverPlugin
LogPluginManager: Mounting plugin CharacterAI
LogPluginManager: Mounting plugin Niagara
LogPluginManager: Mounting plugin CryptoKeys
LogPluginManager: Mounting plugin AndroidMedia
LogPluginManager: Mounting plugin AvfMedia
LogPluginManager: Mounting plugin LuminPlatformFeatures
LogPluginManager: Mounting plugin ImgMedia
LogPluginManager: Mounting plugin MagicLeap
LogPluginManager: Mounting plugin MediaCompositing
LogPluginManager: Mounting plugin MagicLeapLightEstimation
LogPluginManager: Mounting plugin MagicLeapMedia
LogPluginManager: Mounting plugin MagicLeapPassableWorld
LogPluginManager: Mounting plugin MediaPlayerEditor
LogPluginManager: Mounting plugin WebMMedia
LogPluginManager: Mounting plugin WmfMedia
LogPluginManager: Mounting plugin MLSDK
LogPluginManager: Mounting plugin GeometryCache
LogPluginManager: Mounting plugin GeometryProcessing
LogPluginManager: Mounting plugin GeometryCollectionPlugin
LogPluginManager: Mounting plugin MotoSynth
LogPluginManager: Mounting plugin OpenImageDenoise
LogPluginManager: Mounting plugin PlanarCut
LogPluginManager: Mounting plugin ProxyLODPlugin
LogPluginManager: Mounting plugin PlatformCrypto
LogPluginManager: Mounting plugin PythonScriptPlugin
LogPluginManager: Mounting plugin SkeletalReduction
LogPluginManager: Mounting plugin TcpMessaging
LogPluginManager: Mounting plugin UdpMessaging
LogPluginManager: Mounting plugin ActorSequence
LogPluginManager: Mounting plugin LevelSequenceEditor
LogPluginManager: Mounting plugin MatineeToLevelSequence
LogPluginManager: Mounting plugin TemplateSequence
LogPluginManager: Mounting plugin OnlineSubsystem
LogPluginManager: Mounting plugin OnlineSubsystemSteam
LogPluginManager: Mounting plugin OnlineSubsystemNull
LogPluginManager: Mounting plugin OnlineSubsystemUtils
LogPluginManager: Mounting plugin ActorLayerUtilities
LogPluginManager: Mounting plugin AndroidDeviceProfileSelector
LogPluginManager: Mounting plugin AndroidMoviePlayer
LogPluginManager: Mounting plugin AndroidPermission
LogPluginManager: Mounting plugin AppleImageUtils
LogPluginManager: Mounting plugin AppleMoviePlayer
LogPluginManager: Mounting plugin AssetTags
LogPluginManager: Mounting plugin ArchVisCharacter
LogPluginManager: Mounting plugin AudioCapture
LogPluginManager: Mounting plugin AudioSynesthesia
LogPluginManager: Mounting plugin ChunkDownloader
LogPluginManager: Mounting plugin CableComponent
LogPluginManager: Mounting plugin CustomMeshComponent
LogPluginManager: Mounting plugin EditableMesh
LogPluginManager: Mounting plugin ExampleDeviceProfileSelector
LogPluginManager: Mounting plugin ScreenshotTools
LogPluginManager: Mounting plugin GooglePAD
LogPluginManager: Mounting plugin IOSDeviceProfileSelector
LogPluginManager: Mounting plugin LinuxDeviceProfileSelector
LogPluginManager: Mounting plugin MobilePatchingUtils
LogPluginManager: Mounting plugin OpenXR
LogPluginManager: Mounting plugin OpenXREyeTracker
LogPluginManager: Mounting plugin LocationServicesBPLibrary
LogPluginManager: Mounting plugin GoogleCloudMessaging
LogPluginManager: Mounting plugin OpenXRHandTracking
LogPluginManager: Mounting plugin PhysXVehicles
LogPluginManager: Mounting plugin LauncherChunkInstaller
LogPluginManager: Mounting plugin PostSplashScreen
LogPluginManager: Mounting plugin ProceduralMeshComponent
LogPluginManager: Mounting plugin PropertyAccessEditor
LogPluginManager: Mounting plugin RuntimePhysXCooking
LogPluginManager: Mounting plugin SoundFields
LogPluginManager: Mounting plugin Takes
LogPluginManager: Mounting plugin Synthesis
LogPluginManager: Mounting plugin WebMMoviePlayer
LogPluginManager: Mounting plugin WindowsMoviePlayer
LogPluginManager: Mounting plugin AISupport
LogPluginManager: Mounting plugin EnvironmentQueryEditor
LogPluginManager: Mounting plugin SignificanceManager
LogPluginManager: Mounting plugin ContentBrowserClassDataSource
LogPluginManager: Mounting plugin ContentBrowserAssetDataSource
LogPluginManager: Mounting plugin ContentBrowserFileDataSource
LogPluginManager: Mounting plugin OnlineSubsystemGooglePlay
LogPluginManager: Mounting plugin OnlineSubsystemIOS
LogPluginManager: Mounting plugin OculusVR
LogPluginManager: Mounting plugin SteamShared
LogPluginManager: Mounting plugin SteamSockets
LogPluginManager: Mounting plugin SteamVR
PixWinPlugin: PIX capture plugin failed to initialize! Check that the process is launched from PIX.
LogInit: Using libcurl 7.55.1-DEV
LogInit:  - built for x86_64-pc-win32
LogInit:  - supports SSL with OpenSSL/1.1.1
LogInit:  - supports HTTP deflate (compression) using libz 1.2.8
LogInit:  - other features:
LogInit:      CURL_VERSION_SSL
LogInit:      CURL_VERSION_LIBZ
LogInit:      CURL_VERSION_IPV6
LogInit:      CURL_VERSION_ASYNCHDNS
LogInit:      CURL_VERSION_LARGEFILE
LogInit:      CURL_VERSION_IDN
LogInit:  CurlRequestOptions (configurable via config and command line):
LogInit:  - bVerifyPeer = true  - Libcurl will verify peer certificate
LogInit:  - bUseHttpProxy = false  - Libcurl will NOT use HTTP proxy
LogInit:  - bDontReuseConnections = false  - Libcurl will reuse connections
LogInit:  - MaxHostConnections = 16  - Libcurl will limit the number of connections to a host
LogInit:  - LocalHostAddr = Default
LogInit:  - BufferSize = 65536
LogSteamShared: Display: Loading Steam SDK 1.51
LogSteamShared: Steam SDK Loaded!
LogOnline: OSS: Creating online subsystem instance for: Steam
LogOnline: STEAM: Steam User is subscribed 1
LogOnline: STEAM: [AppId: 480] Client API initialized 1
LogOnline: OSS: TryLoadSubsystemAndSetDefault: Loaded subsystem for module [Steam]
LogOculusPluginWrapper: OculusPlugin initialized successfully
LogHMD: Failed initializing OVRPlugin 1.59.0
LogInit: Build: ++UE4+Release-4.27-CL-18319896
LogInit: Engine Version: 4.27.2-18319896+++UE4+Release-4.27
LogInit: Compatible Engine Version: 4.27.0-17155196+++UE4+Release-4.27
LogInit: Net CL: 17155196
LogInit: OS: Windows 10 (Release 2009) (), CPU: AMD FX-8320E Eight-Core Processor              , GPU: NVIDIA GeForce GT 1030
LogInit: Compiled (64-bit): Nov 30 2021 07:12:08
LogInit: Compiled with Visual C++: 19.24.28315.00
LogInit: Build Configuration: Development
LogInit: Branch Name: ++UE4+Release-4.27
LogInit: Command Line:  /Game/TopDownBP/Maps/MainMenu -game -PIEVIACONSOLE -Multiprocess GameUserSettingsINI=D:/Projects/Hungry-Felhounds/Saved/Config/Windows/PIEGameUserSettings0.ini -MultiprocessSaveConfig -forcepassthrough -messaging -SessionName="Play in Standalone Game" -windowed -WinX=0 -WinY=24 SAVEWINPOS=1 -ResX=640 -ResY=480
LogInit: Base Directory: C:/Program Files/Epic Games/UE_4.27/Engine/Binaries/Win64/
LogInit: Allocator: TBB
LogInit: Installed Engine Build: 1
LogDevObjectVersion: Number of dev versions registered: 29
LogDevObjectVersion:   Dev-Blueprints (B0D832E4-1F89-4F0D-ACCF-7EB736FD4AA2): 10
LogDevObjectVersion:   Dev-Build (E1C64328-A22C-4D53-A36C-8E866417BD8C): 0
LogDevObjectVersion:   Dev-Core (375EC13C-06E4-48FB-B500-84F0262A717E): 4
LogDevObjectVersion:   Dev-Editor (E4B068ED-F494-42E9-A231-DA0B2E46BB41): 40
LogDevObjectVersion:   Dev-Framework (CFFC743F-43B0-4480-9391-14DF171D2073): 37
LogDevObjectVersion:   Dev-Mobile (B02B49B5-BB20-44E9-A304-32B752E40360): 3
LogDevObjectVersion:   Dev-Networking (A4E4105C-59A1-49B5-A7C5-40C4547EDFEE): 0
LogDevObjectVersion:   Dev-Online (39C831C9-5AE6-47DC-9A44-9C173E1C8E7C): 0
LogDevObjectVersion:   Dev-Physics (78F01B33-EBEA-4F98-B9B4-84EACCB95AA2): 14
LogDevObjectVersion:   Dev-Platform (6631380F-2D4D-43E0-8009-CF276956A95A): 0
LogDevObjectVersion:   Dev-Rendering (12F88B9F-8875-4AFC-A67C-D90C383ABD29): 45
LogDevObjectVersion:   Dev-Sequencer (7B5AE74C-D270-4C10-A958-57980B212A5A): 13
LogDevObjectVersion:   Dev-VR (D7296918-1DD6-4BDD-9DE2-64A83CC13884): 3
LogDevObjectVersion:   Dev-LoadTimes (C2A15278-BFE7-4AFE-6C17-90FF531DF755): 1
LogDevObjectVersion:   Private-Geometry (6EACA3D4-40EC-4CC1-B786-8BED09428FC5): 3
LogDevObjectVersion:   Dev-AnimPhys (29E575DD-E0A3-4627-9D10-D276232CDCEA): 17
LogDevObjectVersion:   Dev-Anim (AF43A65D-7FD3-4947-9873-3E8ED9C1BB05): 15
LogDevObjectVersion:   Dev-ReflectionCapture (6B266CEC-1EC7-4B8F-A30B-E4D90942FC07): 1
LogDevObjectVersion:   Dev-Automation (0DF73D61-A23F-47EA-B727-89E90C41499A): 1
LogDevObjectVersion:   FortniteMain (601D1886-AC64-4F84-AA16-D3DE0DEAC7D6): 47
LogDevObjectVersion:   FortniteRelease (E7086368-6B23-4C58-8439-1B7016265E91): 1
LogDevObjectVersion:   Dev-Enterprise (9DFFBCD6-494F-0158-E221-12823C92A888): 10
LogDevObjectVersion:   Dev-Niagara (F2AED0AC-9AFE-416F-8664-AA7FFA26D6FC): 1
LogDevObjectVersion:   Dev-Destruction (174F1F0B-B4C6-45A5-B13F-2EE8D0FB917D): 10
LogDevObjectVersion:   Dev-Physics-Ext (35F94A83-E258-406C-A318-09F59610247C): 41
LogDevObjectVersion:   Dev-PhysicsMaterial-Chaos (B68FC16E-8B1B-42E2-B453-215C058844FE): 1
LogDevObjectVersion:   Dev-CineCamera (B2E18506-4273-CFC2-A54E-F4BB758BBA07): 1
LogDevObjectVersion:   Dev-VirtualProduction (64F58936-FD1B-42BA-BA96-7289D5D0FA4E): 1
LogDevObjectVersion:   Dev-MediaFramework (6F0ED827-A609-4895-9C91-998D90180EA4): 2
LogInit: Presizing for max 25165824 objects, including 0 objects not considered by GC, pre-allocating 0 bytes for permanent pool.
LogConfig: Applying CVar settings from Section [/Script/Engine.StreamingSettings] File [D:/Projects/Hungry-Felhounds/Saved/Config/Windows/Engine.ini]
LogConfig: Setting CVar [[s.MinBulkDataSizeForAsyncLoading:131072]]
LogConfig: Setting CVar [[s.AsyncLoadingThreadEnabled:0]]
LogConfig: Setting CVar [[s.EventDrivenLoaderEnabled:1]]
LogConfig: Setting CVar [[s.WarnIfTimeLimitExceeded:0]]
LogConfig: Setting CVar [[s.TimeLimitExceededMultiplier:1.5]]
LogConfig: Setting CVar [[s.TimeLimitExceededMinTime:0.005]]
LogConfig: Setting CVar [[s.UseBackgroundLevelStreaming:1]]
LogConfig: Setting CVar [[s.PriorityAsyncLoadingExtraTime:15.0]]
LogConfig: Setting CVar [[s.LevelStreamingActorsUpdateTimeLimit:5.0]]
LogConfig: Setting CVar [[s.PriorityLevelStreamingActorsUpdateExtraTime:5.0]]
LogConfig: Setting CVar [[s.LevelStreamingComponentsRegistrationGranularity:10]]
LogConfig: Setting CVar [[s.UnregisterComponentsTimeLimit:1.0]]
LogConfig: Setting CVar [[s.LevelStreamingComponentsUnregistrationGranularity:5]]
LogConfig: Setting CVar [[s.FlushStreamingOnExit:1]]
LogInit: Object subsystem initialized
LogConfig: Setting CVar [[con.DebugEarlyDefault:1]]
LogConfig: Setting CVar [[r.setres:1280x720]]
[2022.11.10-08.37.34:888][  0]LogConfig: Setting CVar [[con.DebugEarlyDefault:1]]
[2022.11.10-08.37.34:888][  0]LogConfig: Setting CVar [[r.setres:1280x720]]
[2022.11.10-08.37.34:888][  0]LogConfig: Applying CVar settings from Section [/Script/Engine.RendererSettings] File [D:/Projects/Hungry-Felhounds/Saved/Config/Windows/Engine.ini]
[2022.11.10-08.37.34:888][  0]LogConfig: Setting CVar [[r.GPUCrashDebugging:0]]
[2022.11.10-08.37.34:888][  0]LogConfig: Applying CVar settings from Section [/Script/Engine.RendererOverrideSettings] File [D:/Projects/Hungry-Felhounds/Saved/Config/Windows/Engine.ini]
[2022.11.10-08.37.34:888][  0]LogConfig: Applying CVar settings from Section [/Script/Engine.StreamingSettings] File [D:/Projects/Hungry-Felhounds/Saved/Config/Windows/Engine.ini]
[2022.11.10-08.37.34:888][  0]LogConfig: Setting CVar [[s.MinBulkDataSizeForAsyncLoading:131072]]
[2022.11.10-08.37.34:888][  0]LogConfig: Setting CVar [[s.AsyncLoadingThreadEnabled:0]]
[2022.11.10-08.37.34:888][  0]LogConfig: Setting CVar [[s.EventDrivenLoaderEnabled:1]]
[2022.11.10-08.37.34:889][  0]LogConfig: Setting CVar [[s.WarnIfTimeLimitExceeded:0]]
[2022.11.10-08.37.34:889][  0]LogConfig: Setting CVar [[s.TimeLimitExceededMultiplier:1.5]]
[2022.11.10-08.37.34:889][  0]LogConfig: Setting CVar [[s.TimeLimitExceededMinTime:0.005]]
[2022.11.10-08.37.34:889][  0]LogConfig: Setting CVar [[s.UseBackgroundLevelStreaming:1]]
[2022.11.10-08.37.34:889][  0]LogConfig: Setting CVar [[s.PriorityAsyncLoadingExtraTime:15.0]]
[2022.11.10-08.37.34:889][  0]LogConfig: Setting CVar [[s.LevelStreamingActorsUpdateTimeLimit:5.0]]
[2022.11.10-08.37.34:889][  0]LogConfig: Setting CVar [[s.PriorityLevelStreamingActorsUpdateExtraTime:5.0]]
[2022.11.10-08.37.34:889][  0]LogConfig: Setting CVar [[s.LevelStreamingComponentsRegistrationGranularity:10]]
[2022.11.10-08.37.34:889][  0]LogConfig: Setting CVar [[s.UnregisterComponentsTimeLimit:1.0]]
[2022.11.10-08.37.34:889][  0]LogConfig: Setting CVar [[s.LevelStreamingComponentsUnregistrationGranularity:5]]
[2022.11.10-08.37.34:889][  0]LogConfig: Setting CVar [[s.FlushStreamingOnExit:1]]
[2022.11.10-08.37.34:889][  0]LogConfig: Applying CVar settings from Section [/Script/Engine.GarbageCollectionSettings] File [D:/Projects/Hungry-Felhounds/Saved/Config/Windows/Engine.ini]
[2022.11.10-08.37.34:889][  0]LogConfig: Setting CVar [[gc.MaxObjectsNotConsideredByGC:1]]
[2022.11.10-08.37.34:889][  0]LogConfig: Setting CVar [[gc.SizeOfPermanentObjectPool:0]]
[2022.11.10-08.37.34:889][  0]LogConfig: Setting CVar [[gc.FlushStreamingOnGC:0]]
[2022.11.10-08.37.34:889][  0]LogConfig: Setting CVar [[gc.NumRetriesBeforeForcingGC:10]]
[2022.11.10-08.37.34:889][  0]LogConfig: Setting CVar [[gc.AllowParallelGC:1]]
[2022.11.10-08.37.34:889][  0]LogConfig: Setting CVar [[gc.TimeBetweenPurgingPendingKillObjects:61.1]]
[2022.11.10-08.37.34:889][  0]LogConfig: Setting CVar [[gc.MaxObjectsInEditor:25165824]]
[2022.11.10-08.37.34:889][  0]LogConfig: Setting CVar [[gc.IncrementalBeginDestroyEnabled:1]]
[2022.11.10-08.37.34:889][  0]LogConfig: Setting CVar [[gc.CreateGCClusters:1]]
[2022.11.10-08.37.34:889][  0]LogConfig: Setting CVar [[gc.MinGCClusterSize:5]]
[2022.11.10-08.37.34:889][  0]LogConfig: Setting CVar [[gc.ActorClusteringEnabled:0]]
[2022.11.10-08.37.34:889][  0]LogConfig: Setting CVar [[gc.BlueprintClusteringEnabled:0]]
[2022.11.10-08.37.34:889][  0]LogConfig: Setting CVar [[gc.UseDisregardForGCOnDedicatedServers:0]]
[2022.11.10-08.37.34:889][  0]LogConfig: Setting CVar [[gc.MultithreadedDestructionEnabled:1]]
[2022.11.10-08.37.34:889][  0]LogConfig: Applying CVar settings from Section [/Script/Engine.NetworkSettings] File [D:/Projects/Hungry-Felhounds/Saved/Config/Windows/Engine.ini]
[2022.11.10-08.37.34:889][  0]LogConfig: Applying CVar settings from Section [/Script/UnrealEd.CookerSettings] File [D:/Projects/Hungry-Felhounds/Saved/Config/Windows/Engine.ini]
[2022.11.10-08.37.34:898][  0]LogConfig: Applying CVar settings from Section [ViewDistanceQuality@3] File [D:/Projects/Hungry-Felhounds/Saved/Config/Windows/Scalability.ini]
[2022.11.10-08.37.34:898][  0]LogConfig: Setting CVar [[r.SkeletalMeshLODBias:0]]
[2022.11.10-08.37.34:898][  0]LogConfig: Setting CVar [[r.ViewDistanceScale:1.0]]
[2022.11.10-08.37.34:898][  0]LogConfig: Applying CVar settings from Section [AntiAliasingQuality@3] File [D:/Projects/Hungry-Felhounds/Saved/Config/Windows/Scalability.ini]
[2022.11.10-08.37.34:898][  0]LogConfig: Setting CVar [[r.PostProcessAAQuality:4]]
[2022.11.10-08.37.34:898][  0]LogConfig: Applying CVar settings from Section [ShadowQuality@3] File [D:/Projects/Hungry-Felhounds/Saved/Config/Windows/Scalability.ini]
[2022.11.10-08.37.34:898][  0]LogConfig: Setting CVar [[r.LightFunctionQuality:1]]
[2022.11.10-08.37.34:898][  0]LogConfig: Setting CVar [[r.ShadowQuality:5]]
[2022.11.10-08.37.34:898][  0]LogConfig: Setting CVar [[r.Shadow.CSM.MaxCascades:10]]
[2022.11.10-08.37.34:898][  0]LogConfig: Setting CVar [[r.Shadow.MaxResolution:2048]]
[2022.11.10-08.37.34:898][  0]LogConfig: Setting CVar [[r.Shadow.MaxCSMResolution:2048]]
[2022.11.10-08.37.34:898][  0]LogConfig: Setting CVar [[r.Shadow.RadiusThreshold:0.01]]
[2022.11.10-08.37.34:898][  0]LogConfig: Setting CVar [[r.Shadow.DistanceScale:1.0]]
[2022.11.10-08.37.34:898][  0]LogConfig: Setting CVar [[r.Shadow.CSM.TransitionScale:1.0]]
[2022.11.10-08.37.34:898][  0]LogConfig: Setting CVar [[r.Shadow.PreShadowResolutionFactor:1.0]]
[2022.11.10-08.37.34:898][  0]LogConfig: Setting CVar [[r.DistanceFieldShadowing:1]]
[2022.11.10-08.37.34:898][  0]LogConfig: Setting CVar [[r.DistanceFieldAO:1]]
[2022.11.10-08.37.34:898][  0]LogConfig: Setting CVar [[r.AOQuality:2]]
[2022.11.10-08.37.34:898][  0]LogConfig: Setting CVar [[r.VolumetricFog:1]]
[2022.11.10-08.37.34:898][  0]LogConfig: Setting CVar [[r.VolumetricFog.GridPixelSize:8]]
[2022.11.10-08.37.34:898][  0]LogConfig: Setting CVar [[r.VolumetricFog.GridSizeZ:128]]
[2022.11.10-08.37.34:898][  0]LogConfig: Setting CVar [[r.VolumetricFog.HistoryMissSupersampleCount:4]]
[2022.11.10-08.37.34:898][  0]LogConfig: Setting CVar [[r.LightMaxDrawDistanceScale:1]]
[2022.11.10-08.37.34:898][  0]LogConfig: Setting CVar [[r.CapsuleShadows:1]]
[2022.11.10-08.37.34:898][  0]LogConfig: Applying CVar settings from Section [PostProcessQuality@3] File [D:/Projects/Hungry-Felhounds/Saved/Config/Windows/Scalability.ini]
[2022.11.10-08.37.34:898][  0]LogConfig: Setting CVar [[r.MotionBlurQuality:4]]
[2022.11.10-08.37.34:898][  0]LogConfig: Setting CVar [[r.AmbientOcclusionMipLevelFactor:0.4]]
[2022.11.10-08.37.34:898][  0]LogConfig: Setting CVar [[r.AmbientOcclusionMaxQuality:100]]
[2022.11.10-08.37.34:898][  0]LogConfig: Setting CVar [[r.AmbientOcclusionLevels:-1]]
[2022.11.10-08.37.34:898][  0]LogConfig: Setting CVar [[r.AmbientOcclusionRadiusScale:1.0]]
[2022.11.10-08.37.34:898][  0]LogConfig: Setting CVar [[r.DepthOfFieldQuality:2]]
[2022.11.10-08.37.34:898][  0]LogConfig: Setting CVar [[r.RenderTargetPoolMin:400]]
[2022.11.10-08.37.34:899][  0]LogConfig: Setting CVar [[r.LensFlareQuality:2]]
[2022.11.10-08.37.34:899][  0]LogConfig: Setting CVar [[r.SceneColorFringeQuality:1]]
[2022.11.10-08.37.34:899][  0]LogConfig: Setting CVar [[r.EyeAdaptationQuality:2]]
[2022.11.10-08.37.34:899][  0]LogConfig: Setting CVar [[r.BloomQuality:5]]
[2022.11.10-08.37.34:899][  0]LogConfig: Setting CVar [[r.FastBlurThreshold:100]]
[2022.11.10-08.37.34:899][  0]LogConfig: Setting CVar [[r.Upscale.Quality:3]]
[2022.11.10-08.37.34:899][  0]LogConfig: Setting CVar [[r.Tonemapper.GrainQuantization:1]]
[2022.11.10-08.37.34:899][  0]LogConfig: Setting CVar [[r.LightShaftQuality:1]]
[2022.11.10-08.37.34:899][  0]LogConfig: Setting CVar [[r.Filter.SizeScale:1]]
[2022.11.10-08.37.34:899][  0]LogConfig: Setting CVar [[r.Tonemapper.Quality:5]]
[2022.11.10-08.37.34:899][  0]LogConfig: Setting CVar [[r.DOF.Gather.AccumulatorQuality:1        ; higher gathering accumulator quality]]
[2022.11.10-08.37.34:899][  0]LogConfig: Setting CVar [[r.DOF.Gather.PostfilterMethod:1          ; Median3x3 postfilering method]]
[2022.11.10-08.37.34:899][  0]LogConfig: Setting CVar [[r.DOF.Gather.EnableBokehSettings:0       ; no bokeh simulation when gathering]]
[2022.11.10-08.37.34:899][  0]LogConfig: Setting CVar [[r.DOF.Gather.RingCount:4                 ; medium number of samples when gathering]]
[2022.11.10-08.37.34:899][  0]LogConfig: Setting CVar [[r.DOF.Scatter.ForegroundCompositing:1    ; additive foreground scattering]]
[2022.11.10-08.37.34:899][  0]LogConfig: Setting CVar [[r.DOF.Scatter.BackgroundCompositing:2    ; additive background scattering]]
[2022.11.10-08.37.34:899][  0]LogConfig: Setting CVar [[r.DOF.Scatter.EnableBokehSettings:1      ; bokeh simulation when scattering]]
[2022.11.10-08.37.34:899][  0]LogConfig: Setting CVar [[r.DOF.Scatter.MaxSpriteRatio:0.1         ; only a maximum of 10% of scattered bokeh]]
[2022.11.10-08.37.34:899][  0]LogConfig: Setting CVar [[r.DOF.Recombine.Quality:1                ; cheap slight out of focus]]
[2022.11.10-08.37.34:899][  0]LogConfig: Setting CVar [[r.DOF.Recombine.EnableBokehSettings:0    ; no bokeh simulation on slight out of focus]]
[2022.11.10-08.37.34:899][  0]LogConfig: Setting CVar [[r.DOF.TemporalAAQuality:1                ; more stable temporal accumulation]]
[2022.11.10-08.37.34:899][  0]LogConfig: Setting CVar [[r.DOF.Kernel.MaxForegroundRadius:0.025]]
[2022.11.10-08.37.34:899][  0]LogConfig: Setting CVar [[r.DOF.Kernel.MaxBackgroundRadius:0.025]]
[2022.11.10-08.37.34:899][  0]LogConfig: Applying CVar settings from Section [TextureQuality@3] File [D:/Projects/Hungry-Felhounds/Saved/Config/Windows/Scalability.ini]
[2022.11.10-08.37.34:899][  0]LogConfig: Setting CVar [[r.Streaming.MipBias:0]]
[2022.11.10-08.37.34:899][  0]LogConfig: Setting CVar [[r.Streaming.AmortizeCPUToGPUCopy:0]]
[2022.11.10-08.37.34:899][  0]LogConfig: Setting CVar [[r.Streaming.MaxNumTexturesToStreamPerFrame:0]]
[2022.11.10-08.37.34:899][  0]LogConfig: Setting CVar [[r.Streaming.Boost:1]]
[2022.11.10-08.37.34:899][  0]LogConfig: Setting CVar [[r.MaxAnisotropy:8]]
[2022.11.10-08.37.34:899][  0]LogConfig: Setting CVar [[r.VT.MaxAnisotropy:8]]
[2022.11.10-08.37.34:899][  0]LogConfig: Setting CVar [[r.Streaming.LimitPoolSizeToVRAM:0]]
[2022.11.10-08.37.34:899][  0]LogConfig: Setting CVar [[r.Streaming.PoolSize:1000]]
[2022.11.10-08.37.34:899][  0]LogConfig: Setting CVar [[r.Streaming.MaxEffectiveScreenSize:0]]
[2022.11.10-08.37.34:899][  0]LogConfig: Applying CVar settings from Section [EffectsQuality@3] File [D:/Projects/Hungry-Felhounds/Saved/Config/Windows/Scalability.ini]
[2022.11.10-08.37.34:899][  0]LogConfig: Setting CVar [[r.TranslucencyLightingVolumeDim:64]]
[2022.11.10-08.37.34:899][  0]LogConfig: Setting CVar [[r.RefractionQuality:2]]
[2022.11.10-08.37.34:899][  0]LogConfig: Setting CVar [[r.SSR.Quality:3]]
[2022.11.10-08.37.34:899][  0]LogConfig: Setting CVar [[r.SSR.HalfResSceneColor:0]]
[2022.11.10-08.37.34:899][  0]LogConfig: Setting CVar [[r.SceneColorFormat:4]]
[2022.11.10-08.37.34:899][  0]LogConfig: Setting CVar [[r.DetailMode:2]]
[2022.11.10-08.37.34:899][  0]LogConfig: Setting CVar [[r.TranslucencyVolumeBlur:1]]
[2022.11.10-08.37.34:900][  0]LogConfig: Setting CVar [[r.MaterialQualityLevel:1 ; High quality]]
[2022.11.10-08.37.34:900][  0]LogConfig: Setting CVar [[r.AnisotropicMaterials:1]]
[2022.11.10-08.37.34:900][  0]LogConfig: Setting CVar [[r.SSS.Scale:1]]
[2022.11.10-08.37.34:900][  0]LogConfig: Setting CVar [[r.SSS.SampleSet:2]]
[2022.11.10-08.37.34:900][  0]LogConfig: Setting CVar [[r.SSS.Quality:1]]
[2022.11.10-08.37.34:900][  0]LogConfig: Setting CVar [[r.SSS.HalfRes:0]]
[2022.11.10-08.37.34:900][  0]LogConfig: Setting CVar [[r.SSGI.Quality:3]]
[2022.11.10-08.37.34:900][  0]LogConfig: Setting CVar [[r.EmitterSpawnRateScale:1.0]]
[2022.11.10-08.37.34:900][  0]LogConfig: Setting CVar [[r.ParticleLightQuality:2]]
[2022.11.10-08.37.34:900][  0]LogConfig: Setting CVar [[r.SkyAtmosphere.AerialPerspectiveLUT.FastApplyOnOpaque:1 ; Always have FastSkyLUT 1 in this case to avoid wrong sky]]
[2022.11.10-08.37.34:900][  0]LogConfig: Setting CVar [[r.SkyAtmosphere.AerialPerspectiveLUT.SampleCountMaxPerSlice:4]]
[2022.11.10-08.37.34:900][  0]LogConfig: Setting CVar [[r.SkyAtmosphere.AerialPerspectiveLUT.DepthResolution:16.0]]
[2022.11.10-08.37.34:900][  0]LogConfig: Setting CVar [[r.SkyAtmosphere.FastSkyLUT:1]]
[2022.11.10-08.37.34:900][  0]LogConfig: Setting CVar [[r.SkyAtmosphere.FastSkyLUT.SampleCountMin:4.0]]
[2022.11.10-08.37.34:900][  0]LogConfig: Setting CVar [[r.SkyAtmosphere.FastSkyLUT.SampleCountMax:128.0]]
[2022.11.10-08.37.34:900][  0]LogConfig: Setting CVar [[r.SkyAtmosphere.SampleCountMin:4.0]]
[2022.11.10-08.37.34:900][  0]LogConfig: Setting CVar [[r.SkyAtmosphere.SampleCountMax:128.0]]
[2022.11.10-08.37.34:900][  0]LogConfig: Setting CVar [[r.SkyAtmosphere.TransmittanceLUT.UseSmallFormat:0]]
[2022.11.10-08.37.34:900][  0]LogConfig: Setting CVar [[r.SkyAtmosphere.TransmittanceLUT.SampleCount:10.0]]
[2022.11.10-08.37.34:900][  0]LogConfig: Setting CVar [[r.SkyAtmosphere.MultiScatteringLUT.SampleCount:15.0]]
[2022.11.10-08.37.34:900][  0]LogConfig: Setting CVar [[r.SkyLight.RealTimeReflectionCapture:1]]
[2022.11.10-08.37.34:900][  0]LogConfig: Applying CVar settings from Section [FoliageQuality@3] File [D:/Projects/Hungry-Felhounds/Saved/Config/Windows/Scalability.ini]
[2022.11.10-08.37.34:900][  0]LogConfig: Setting CVar [[foliage.DensityScale:1.0]]
[2022.11.10-08.37.34:900][  0]LogConfig: Setting CVar [[grass.DensityScale:1.0]]
[2022.11.10-08.37.34:900][  0]LogConfig: Applying CVar settings from Section [ShadingQuality@3] File [D:/Projects/Hungry-Felhounds/Saved/Config/Windows/Scalability.ini]
[2022.11.10-08.37.34:900][  0]LogConfig: Setting CVar [[r.HairStrands.SkyLighting.IntegrationType:2]]
[2022.11.10-08.37.34:900][  0]LogConfig: Setting CVar [[r.HairStrands.SkyAO.SampleCount:4]]
[2022.11.10-08.37.34:900][  0]LogConfig: Setting CVar [[r.HairStrands.Visibility.MSAA.SamplePerPixel:4]]
[2022.11.10-08.37.34:900][  0]LogInit: Selected Device Profile: [Windows]
[2022.11.10-08.37.34:900][  0]LogInit: Applying CVar settings loaded from the selected device profile: [Windows]
[2022.11.10-08.37.34:900][  0]LogHAL: Display: Platform has ~ 8 GB [8571179008 / 8589934592 / 8], which maps to Default [LargestMinGB=32, LargerMinGB=12, DefaultMinGB=8, SmallerMinGB=6, SmallestMinGB=0)
[2022.11.10-08.37.34:900][  0]LogInit: Going up to parent DeviceProfile []
[2022.11.10-08.37.34:900][  0]LogConfig: Applying CVar settings from Section [ViewDistanceQuality@3] File [D:/Projects/Hungry-Felhounds/Saved/Config/Windows/Scalability.ini]
[2022.11.10-08.37.34:900][  0]LogConfig: Setting CVar [[r.SkeletalMeshLODBias:0]]
[2022.11.10-08.37.34:900][  0]LogConfig: Setting CVar [[r.ViewDistanceScale:1.0]]
[2022.11.10-08.37.34:901][  0]LogConfig: Applying CVar settings from Section [AntiAliasingQuality@3] File [D:/Projects/Hungry-Felhounds/Saved/Config/Windows/Scalability.ini]
[2022.11.10-08.37.34:901][  0]LogConfig: Setting CVar [[r.PostProcessAAQuality:4]]
[2022.11.10-08.37.34:901][  0]LogConfig: Applying CVar settings from Section [ShadowQuality@3] File [D:/Projects/Hungry-Felhounds/Saved/Config/Windows/Scalability.ini]
[2022.11.10-08.37.34:901][  0]LogConfig: Setting CVar [[r.LightFunctionQuality:1]]
[2022.11.10-08.37.34:901][  0]LogConfig: Setting CVar [[r.ShadowQuality:5]]
[2022.11.10-08.37.34:901][  0]LogConfig: Setting CVar [[r.Shadow.CSM.MaxCascades:10]]
[2022.11.10-08.37.34:901][  0]LogConfig: Setting CVar [[r.Shadow.MaxResolution:2048]]
[2022.11.10-08.37.34:901][  0]LogConfig: Setting CVar [[r.Shadow.MaxCSMResolution:2048]]
[2022.11.10-08.37.34:901][  0]LogConfig: Setting CVar [[r.Shadow.RadiusThreshold:0.01]]
[2022.11.10-08.37.34:901][  0]LogConfig: Setting CVar [[r.Shadow.DistanceScale:1.0]]
[2022.11.10-08.37.34:901][  0]LogConfig: Setting CVar [[r.Shadow.CSM.TransitionScale:1.0]]
[2022.11.10-08.37.34:901][  0]LogConfig: Setting CVar [[r.Shadow.PreShadowResolutionFactor:1.0]]
[2022.11.10-08.37.34:901][  0]LogConfig: Setting CVar [[r.DistanceFieldShadowing:1]]
[2022.11.10-08.37.34:901][  0]LogConfig: Setting CVar [[r.DistanceFieldAO:1]]
[2022.11.10-08.37.34:901][  0]LogConfig: Setting CVar [[r.AOQuality:2]]
[2022.11.10-08.37.34:901][  0]LogConfig: Setting CVar [[r.VolumetricFog:1]]
[2022.11.10-08.37.34:901][  0]LogConfig: Setting CVar [[r.VolumetricFog.GridPixelSize:8]]
[2022.11.10-08.37.34:901][  0]LogConfig: Setting CVar [[r.VolumetricFog.GridSizeZ:128]]
[2022.11.10-08.37.34:901][  0]LogConfig: Setting CVar [[r.VolumetricFog.HistoryMissSupersampleCount:4]]
[2022.11.10-08.37.34:901][  0]LogConfig: Setting CVar [[r.LightMaxDrawDistanceScale:1]]
[2022.11.10-08.37.34:901][  0]LogConfig: Setting CVar [[r.CapsuleShadows:1]]
[2022.11.10-08.37.34:901][  0]LogConfig: Applying CVar settings from Section [PostProcessQuality@3] File [D:/Projects/Hungry-Felhounds/Saved/Config/Windows/Scalability.ini]
[2022.11.10-08.37.34:901][  0]LogConfig: Setting CVar [[r.MotionBlurQuality:4]]
[2022.11.10-08.37.34:901][  0]LogConfig: Setting CVar [[r.AmbientOcclusionMipLevelFactor:0.4]]
[2022.11.10-08.37.34:901][  0]LogConfig: Setting CVar [[r.AmbientOcclusionMaxQuality:100]]
[2022.11.10-08.37.34:901][  0]LogConfig: Setting CVar [[r.AmbientOcclusionLevels:-1]]
[2022.11.10-08.37.34:901][  0]LogConfig: Setting CVar [[r.AmbientOcclusionRadiusScale:1.0]]
[2022.11.10-08.37.34:901][  0]LogConfig: Setting CVar [[r.DepthOfFieldQuality:2]]
[2022.11.10-08.37.34:901][  0]LogConfig: Setting CVar [[r.RenderTargetPoolMin:400]]
[2022.11.10-08.37.34:901][  0]LogConfig: Setting CVar [[r.LensFlareQuality:2]]
[2022.11.10-08.37.34:901][  0]LogConfig: Setting CVar [[r.SceneColorFringeQuality:1]]
[2022.11.10-08.37.34:901][  0]LogConfig: Setting CVar [[r.EyeAdaptationQuality:2]]
[2022.11.10-08.37.34:901][  0]LogConfig: Setting CVar [[r.BloomQuality:5]]
[2022.11.10-08.37.34:901][  0]LogConfig: Setting CVar [[r.FastBlurThreshold:100]]
[2022.11.10-08.37.34:901][  0]LogConfig: Setting CVar [[r.Upscale.Quality:3]]
[2022.11.10-08.37.34:901][  0]LogConfig: Setting CVar [[r.Tonemapper.GrainQuantization:1]]
[2022.11.10-08.37.34:901][  0]LogConfig: Setting CVar [[r.LightShaftQuality:1]]
[2022.11.10-08.37.34:901][  0]LogConfig: Setting CVar [[r.Filter.SizeScale:1]]
[2022.11.10-08.37.34:901][  0]LogConfig: Setting CVar [[r.Tonemapper.Quality:5]]
[2022.11.10-08.37.34:901][  0]LogConfig: Setting CVar [[r.DOF.Gather.AccumulatorQuality:1        ; higher gathering accumulator quality]]
[2022.11.10-08.37.34:901][  0]LogConfig: Setting CVar [[r.DOF.Gather.PostfilterMethod:1          ; Median3x3 postfilering method]]
[2022.11.10-08.37.34:901][  0]LogConfig: Setting CVar [[r.DOF.Gather.EnableBokehSettings:0       ; no bokeh simulation when gathering]]
[2022.11.10-08.37.34:901][  0]LogConfig: Setting CVar [[r.DOF.Gather.RingCount:4                 ; medium number of samples when gathering]]
[2022.11.10-08.37.34:901][  0]LogConfig: Setting CVar [[r.DOF.Scatter.ForegroundCompositing:1    ; additive foreground scattering]]
[2022.11.10-08.37.34:902][  0]LogConfig: Setting CVar [[r.DOF.Scatter.BackgroundCompositing:2    ; additive background scattering]]
[2022.11.10-08.37.34:902][  0]LogConfig: Setting CVar [[r.DOF.Scatter.EnableBokehSettings:1      ; bokeh simulation when scattering]]
[2022.11.10-08.37.34:902][  0]LogConfig: Setting CVar [[r.DOF.Scatter.MaxSpriteRatio:0.1         ; only a maximum of 10% of scattered bokeh]]
[2022.11.10-08.37.34:902][  0]LogConfig: Setting CVar [[r.DOF.Recombine.Quality:1                ; cheap slight out of focus]]
[2022.11.10-08.37.34:902][  0]LogConfig: Setting CVar [[r.DOF.Recombine.EnableBokehSettings:0    ; no bokeh simulation on slight out of focus]]
[2022.11.10-08.37.34:902][  0]LogConfig: Setting CVar [[r.DOF.TemporalAAQuality:1                ; more stable temporal accumulation]]
[2022.11.10-08.37.34:902][  0]LogConfig: Setting CVar [[r.DOF.Kernel.MaxForegroundRadius:0.025]]
[2022.11.10-08.37.34:902][  0]LogConfig: Setting CVar [[r.DOF.Kernel.MaxBackgroundRadius:0.025]]
[2022.11.10-08.37.34:902][  0]LogConfig: Applying CVar settings from Section [TextureQuality@3] File [D:/Projects/Hungry-Felhounds/Saved/Config/Windows/Scalability.ini]
[2022.11.10-08.37.34:902][  0]LogConfig: Setting CVar [[r.Streaming.MipBias:0]]
[2022.11.10-08.37.34:902][  0]LogConfig: Setting CVar [[r.Streaming.AmortizeCPUToGPUCopy:0]]
[2022.11.10-08.37.34:902][  0]LogConfig: Setting CVar [[r.Streaming.MaxNumTexturesToStreamPerFrame:0]]
[2022.11.10-08.37.34:902][  0]LogConfig: Setting CVar [[r.Streaming.Boost:1]]
[2022.11.10-08.37.34:902][  0]LogConfig: Setting CVar [[r.MaxAnisotropy:8]]
[2022.11.10-08.37.34:902][  0]LogConfig: Setting CVar [[r.VT.MaxAnisotropy:8]]
[2022.11.10-08.37.34:902][  0]LogConfig: Setting CVar [[r.Streaming.LimitPoolSizeToVRAM:0]]
[2022.11.10-08.37.34:902][  0]LogConfig: Setting CVar [[r.Streaming.PoolSize:1000]]
[2022.11.10-08.37.34:902][  0]LogConfig: Setting CVar [[r.Streaming.MaxEffectiveScreenSize:0]]
[2022.11.10-08.37.34:902][  0]LogConfig: Applying CVar settings from Section [EffectsQuality@3] File [D:/Projects/Hungry-Felhounds/Saved/Config/Windows/Scalability.ini]
[2022.11.10-08.37.34:902][  0]LogConfig: Setting CVar [[r.TranslucencyLightingVolumeDim:64]]
[2022.11.10-08.37.34:902][  0]LogConfig: Setting CVar [[r.RefractionQuality:2]]
[2022.11.10-08.37.34:902][  0]LogConfig: Setting CVar [[r.SSR.Quality:3]]
[2022.11.10-08.37.34:902][  0]LogConfig: Setting CVar [[r.SSR.HalfResSceneColor:0]]
[2022.11.10-08.37.34:902][  0]LogConfig: Setting CVar [[r.SceneColorFormat:4]]
[2022.11.10-08.37.34:902][  0]LogConfig: Setting CVar [[r.DetailMode:2]]
[2022.11.10-08.37.34:902][  0]LogConfig: Setting CVar [[r.TranslucencyVolumeBlur:1]]
[2022.11.10-08.37.34:902][  0]LogConfig: Setting CVar [[r.MaterialQualityLevel:1 ; High quality]]
[2022.11.10-08.37.34:902][  0]LogConfig: Setting CVar [[r.AnisotropicMaterials:1]]
[2022.11.10-08.37.34:902][  0]LogConfig: Setting CVar [[r.SSS.Scale:1]]
[2022.11.10-08.37.34:902][  0]LogConfig: Setting CVar [[r.SSS.SampleSet:2]]
[2022.11.10-08.37.34:902][  0]LogConfig: Setting CVar [[r.SSS.Quality:1]]
[2022.11.10-08.37.34:902][  0]LogConfig: Setting CVar [[r.SSS.HalfRes:0]]
[2022.11.10-08.37.34:902][  0]LogConfig: Setting CVar [[r.SSGI.Quality:3]]
[2022.11.10-08.37.34:902][  0]LogConfig: Setting CVar [[r.EmitterSpawnRateScale:1.0]]
[2022.11.10-08.37.34:902][  0]LogConfig: Setting CVar [[r.ParticleLightQuality:2]]
[2022.11.10-08.37.34:902][  0]LogConfig: Setting CVar [[r.SkyAtmosphere.AerialPerspectiveLUT.FastApplyOnOpaque:1 ; Always have FastSkyLUT 1 in this case to avoid wrong sky]]
[2022.11.10-08.37.34:902][  0]LogConfig: Setting CVar [[r.SkyAtmosphere.AerialPerspectiveLUT.SampleCountMaxPerSlice:4]]
[2022.11.10-08.37.34:902][  0]LogConfig: Setting CVar [[r.SkyAtmosphere.AerialPerspectiveLUT.DepthResolution:16.0]]
[2022.11.10-08.37.34:902][  0]LogConfig: Setting CVar [[r.SkyAtmosphere.FastSkyLUT:1]]
[2022.11.10-08.37.34:902][  0]LogConfig: Setting CVar [[r.SkyAtmosphere.FastSkyLUT.SampleCountMin:4.0]]
[2022.11.10-08.37.34:902][  0]LogConfig: Setting CVar [[r.SkyAtmosphere.FastSkyLUT.SampleCountMax:128.0]]
[2022.11.10-08.37.34:902][  0]LogConfig: Setting CVar [[r.SkyAtmosphere.SampleCountMin:4.0]]
[2022.11.10-08.37.34:902][  0]LogConfig: Setting CVar [[r.SkyAtmosphere.SampleCountMax:128.0]]
[2022.11.10-08.37.34:902][  0]LogConfig: Setting CVar [[r.SkyAtmosphere.TransmittanceLUT.UseSmallFormat:0]]
[2022.11.10-08.37.34:902][  0]LogConfig: Setting CVar [[r.SkyAtmosphere.TransmittanceLUT.SampleCount:10.0]]
[2022.11.10-08.37.34:902][  0]LogConfig: Setting CVar [[r.SkyAtmosphere.MultiScatteringLUT.SampleCount:15.0]]
[2022.11.10-08.37.34:902][  0]LogConfig: Setting CVar [[r.SkyLight.RealTimeReflectionCapture:1]]
[2022.11.10-08.37.34:902][  0]LogConfig: Applying CVar settings from Section [FoliageQuality@3] File [D:/Projects/Hungry-Felhounds/Saved/Config/Windows/Scalability.ini]
[2022.11.10-08.37.34:902][  0]LogConfig: Setting CVar [[foliage.DensityScale:1.0]]
[2022.11.10-08.37.34:902][  0]LogConfig: Setting CVar [[grass.DensityScale:1.0]]
[2022.11.10-08.37.34:903][  0]LogConfig: Applying CVar settings from Section [ShadingQuality@3] File [D:/Projects/Hungry-Felhounds/Saved/Config/Windows/Scalability.ini]
[2022.11.10-08.37.34:903][  0]LogConfig: Setting CVar [[r.HairStrands.SkyLighting.IntegrationType:2]]
[2022.11.10-08.37.34:903][  0]LogConfig: Setting CVar [[r.HairStrands.SkyAO.SampleCount:4]]
[2022.11.10-08.37.34:903][  0]LogConfig: Setting CVar [[r.HairStrands.Visibility.MSAA.SamplePerPixel:4]]
[2022.11.10-08.37.34:903][  0]LogConfig: Applying CVar settings from Section [Startup] File [../../../Engine/Config/ConsoleVariables.ini]
[2022.11.10-08.37.34:903][  0]LogConfig: Setting CVar [[net.UseAdaptiveNetUpdateFrequency:0]]
[2022.11.10-08.37.34:903][  0]LogConfig: Setting CVar [[p.chaos.AllowCreatePhysxBodies:1]]
[2022.11.10-08.37.34:903][  0]LogConfig: Setting CVar [[fx.SkipVectorVMBackendOptimizations:1]]
[2022.11.10-08.37.34:903][  0]LogConfig: Applying CVar settings from Section [ConsoleVariables] File [D:/Projects/Hungry-Felhounds/Saved/Config/Windows/Engine.ini]
[2022.11.10-08.37.34:903][  0]LogConfig: Applying CVar settings from Section [ConsoleVariables] File [D:/Projects/Hungry-Felhounds/Saved/Config/Windows/Editor.ini]
[2022.11.10-08.37.34:903][  0]LogInit: Computer: DESKTOP-OB0F6KV
[2022.11.10-08.37.34:903][  0]LogInit: User: MadMax
[2022.11.10-08.37.34:903][  0]LogInit: CPU Page size=4096, Cores=4
[2022.11.10-08.37.34:903][  0]LogInit: High frequency timer resolution =10.000000 MHz
[2022.11.10-08.37.34:903][  0]LogMemory: Memory total: Physical=8.0GB (8GB approx)
[2022.11.10-08.37.34:903][  0]LogMemory: Platform Memory Stats for Windows
[2022.11.10-08.37.34:903][  0]LogMemory: Process Physical Memory: 167.36 MB used, 167.36 MB peak
[2022.11.10-08.37.34:903][  0]LogMemory: Process Virtual Memory: 123.99 MB used, 123.99 MB peak
[2022.11.10-08.37.34:903][  0]LogMemory: Physical Memory: 5468.90 MB used,  2705.21 MB free, 8174.11 MB total
[2022.11.10-08.37.34:903][  0]LogMemory: Virtual Memory: 134212144.00 MB used,  5583.66 MB free, 134217728.00 MB total
[2022.11.10-08.37.34:912][  0]LogWindows: WindowsPlatformFeatures enabled
[2022.11.10-08.37.35:009][  0]LogInit: Physics initialised using underlying interface: PhysX
[2022.11.10-08.37.35:009][  0]LogInit: Using OS detected language (ru-RU).
[2022.11.10-08.37.35:009][  0]LogInit: Using OS detected locale (ru-RU).
[2022.11.10-08.37.35:016][  0]LogTextLocalizationManager: No specific localization for 'ru-RU' exists, so the 'ru' localization will be used.
[2022.11.10-08.37.35:024][  0]LogTextLocalizationResource: LocRes '../../../Engine/Content/Localization/Editor/ru/Editor.locres' could not be opened for reading!
[2022.11.10-08.37.35:024][  0]LogTextLocalizationResource: LocRes '../../../Engine/Content/Localization/EditorTutorials/ru/EditorTutorials.locres' could not be opened for reading!
[2022.11.10-08.37.35:024][  0]LogTextLocalizationResource: LocRes '../../../Engine/Content/Localization/Keywords/ru/Keywords.locres' could not be opened for reading!
[2022.11.10-08.37.35:025][  0]LogTextLocalizationResource: LocRes '../../../Engine/Content/Localization/Category/ru/Category.locres' could not be opened for reading!
[2022.11.10-08.37.35:025][  0]LogTextLocalizationResource: LocRes '../../../Engine/Content/Localization/ToolTips/ru/ToolTips.locres' could not be opened for reading!
[2022.11.10-08.37.35:025][  0]LogTextLocalizationResource: LocRes '../../../Engine/Content/Localization/PropertyNames/ru/PropertyNames.locres' could not be opened for reading!
[2022.11.10-08.37.35:025][  0]LogTextLocalizationResource: LocRes '../../../Engine/Content/Localization/Engine/ru/Engine.locres' could not be opened for reading!
[2022.11.10-08.37.35:042][  0]LogWindowsTextInputMethodSystem: Display: IME system deactivated.
[2022.11.10-08.37.35:070][  0]LogSlate: New Slate User Created.  User Index 0, Is Virtual User: 0
[2022.11.10-08.37.35:070][  0]LogSlate: Slate User Registered.  User Index 0, Is Virtual User: 0
[2022.11.10-08.37.35:092][  0]LogD3D11RHI: Loaded GFSDK_Aftermath_Lib.x64.dll
[2022.11.10-08.37.35:098][  0]LogHMD: Failed to initialize OpenVR with code 110
[2022.11.10-08.37.35:098][  0]LogD3D11RHI: D3D11 min allowed feature level: 11_0
[2022.11.10-08.37.35:098][  0]LogD3D11RHI: D3D11 max allowed feature level: 11_0
[2022.11.10-08.37.35:098][  0]LogD3D11RHI: D3D11 adapters:
[2022.11.10-08.37.35:284][  0]LogD3D11RHI:    0. 'NVIDIA GeForce GT 1030' (Feature Level 11_0)
[2022.11.10-08.37.35:284][  0]LogD3D11RHI:       1982/0/4087 MB DedicatedVideo/DedicatedSystem/SharedSystem, Outputs:1, VendorId:0x10de
[2022.11.10-08.37.35:289][  0]LogD3D11RHI:    1. 'Microsoft Basic Render Driver' (Feature Level 11_0)
[2022.11.10-08.37.35:289][  0]LogD3D11RHI:       0/0/4087 MB DedicatedVideo/DedicatedSystem/SharedSystem, Outputs:0, VendorId:0x1414
[2022.11.10-08.37.35:289][  0]LogD3D11RHI: Chosen D3D11 Adapter:
[2022.11.10-08.37.35:289][  0]LogD3D11RHI:     Description : NVIDIA GeForce GT 1030
[2022.11.10-08.37.35:289][  0]LogD3D11RHI:     VendorId    : 10de
[2022.11.10-08.37.35:289][  0]LogD3D11RHI:     DeviceId    : 1d01
[2022.11.10-08.37.35:289][  0]LogD3D11RHI:     SubSysId    : 85f51043
[2022.11.10-08.37.35:289][  0]LogD3D11RHI:     Revision    : 00a1
[2022.11.10-08.37.35:289][  0]LogD3D11RHI:     DedicatedVideoMemory : 2078597120 bytes
[2022.11.10-08.37.35:289][  0]LogD3D11RHI:     DedicatedSystemMemory : 0 bytes
[2022.11.10-08.37.35:289][  0]LogD3D11RHI:     SharedSystemMemory : 4285589504 bytes
[2022.11.10-08.37.35:289][  0]LogD3D11RHI:     AdapterLuid : 0 43251
[2022.11.10-08.37.35:297][  0]LogD3D11RHI: Creating new Direct3DDevice
[2022.11.10-08.37.35:297][  0]LogD3D11RHI:     GPU DeviceId: 0x1d01 (for the marketing name, search the web for "GPU Device Id")
[2022.11.10-08.37.35:297][  0]LogWindows: EnumDisplayDevices:
[2022.11.10-08.37.35:297][  0]LogWindows:    0. 'NVIDIA GeForce GT 1030' (P:1 D:1)
[2022.11.10-08.37.35:297][  0]LogWindows:    1. 'NVIDIA GeForce GT 1030' (P:0 D:0)
[2022.11.10-08.37.35:297][  0]LogWindows: DebugString: FoundDriverCount:2 
[2022.11.10-08.37.35:298][  0]LogD3D11RHI:     Adapter Name: NVIDIA GeForce GT 1030
[2022.11.10-08.37.35:298][  0]LogD3D11RHI:   Driver Version: 511.79 (internal:30.0.15.1179, unified:511.79)
[2022.11.10-08.37.35:298][  0]LogD3D11RHI:      Driver Date: 2-10-2022
[2022.11.10-08.37.35:298][  0]LogRHI: Texture pool is 1387 MB (70% of 1982 MB)
[2022.11.10-08.37.35:298][  0]LogD3D11RHI: Creating D3DDevice using adapter:
[2022.11.10-08.37.35:298][  0]LogD3D11RHI:     Description : NVIDIA GeForce GT 1030
[2022.11.10-08.37.35:298][  0]LogD3D11RHI:     VendorId    : 10de
[2022.11.10-08.37.35:298][  0]LogD3D11RHI:     DeviceId    : 1d01
[2022.11.10-08.37.35:298][  0]LogD3D11RHI:     SubSysId    : 85f51043
[2022.11.10-08.37.35:298][  0]LogD3D11RHI:     Revision    : 00a1
[2022.11.10-08.37.35:298][  0]LogD3D11RHI:     DedicatedVideoMemory : 2078597120 bytes
[2022.11.10-08.37.35:298][  0]LogD3D11RHI:     DedicatedSystemMemory : 0 bytes
[2022.11.10-08.37.35:298][  0]LogD3D11RHI:     SharedSystemMemory : 4285589504 bytes
[2022.11.10-08.37.35:298][  0]LogD3D11RHI:     AdapterLuid : 0 43251
[2022.11.10-08.37.35:414][  0]LogD3D11RHI: RHI has support for 64 bit atomics
[2022.11.10-08.37.35:414][  0]LogD3D11RHI: Async texture creation enabled
[2022.11.10-08.37.35:414][  0]LogD3D11RHI: Array index from any shader is supported
[2022.11.10-08.37.35:437][  0]LogD3D11RHI: GPU Timing Frequency: 1000.000000 (Debug: 2 1)
[2022.11.10-08.37.35:502][  0]LogRHI: GeForceNow SDK initialized: 1
[2022.11.10-08.37.36:016][  0]LogTargetPlatformManager: Display: Loaded TargetPlatform 'WindowsNoEditor'
[2022.11.10-08.37.36:023][  0]LogTargetPlatformManager: Display: Loaded TargetPlatform 'Windows'
[2022.11.10-08.37.36:030][  0]LogTargetPlatformManager: Display: Loaded TargetPlatform 'WindowsClient'
[2022.11.10-08.37.36:038][  0]LogTargetPlatformManager: Display: Loaded TargetPlatform 'WindowsServer'
[2022.11.10-08.37.36:038][  0]LogTargetPlatformManager: Display: Building Assets For Windows
[2022.11.10-08.37.36:050][  0]LogAudioDebug: Display: Lib vorbis DLL was dynamically loaded.
[2022.11.10-08.37.36:103][  0]LogTextureFormatOodle: Display: Oodle Texture 2.9.0 init RDO Off
[2022.11.10-08.37.36:160][  0]LogRendererCore: Ray tracing is disabled. Reason: r.RayTracing=0.
[2022.11.10-08.37.36:160][  0]LogShaderCompilers: Guid format shader working directory is 19 characters bigger than the processId version (D:/Projects/Hungry-Felhounds/Intermediate/Shaders/WorkingDirectory/7928/).
[2022.11.10-08.37.36:161][  0]LogShaderCompilers: Cleaned the shader compiler working directory 'C:/Users/MadMax/AppData/Local/Temp/UnrealShaderWorkingDir/CF3F98C64E5B04A8C87A3C9EEAAD094D/'.
[2022.11.10-08.37.36:161][  0]LogXGEController: Cannot use XGE Controller as Incredibuild is not installed on this machine.
[2022.11.10-08.37.36:161][  0]LogShaderCompilers: Cannot use XGE Shader Compiler as Incredibuild is not installed on this machine.
[2022.11.10-08.37.36:161][  0]LogShaderCompilers: Display: Using Local Shader Compiler.
[2022.11.10-08.37.37:663][  0]LogDerivedDataCache: Display: Max Cache Size: 512 MB
[2022.11.10-08.37.37:786][  0]LogDerivedDataCache: Loaded boot cache 0.12s 94MB C:/Users/MadMax/AppData/Local/UnrealEngine/4.27/DerivedDataCache/Boot.ddc.
[2022.11.10-08.37.37:786][  0]LogDerivedDataCache: Display: Loaded Boot cache: C:/Users/MadMax/AppData/Local/UnrealEngine/4.27/DerivedDataCache/Boot.ddc
[2022.11.10-08.37.37:786][  0]LogDerivedDataCache: FDerivedDataBackendGraph:  Pak pak cache file D:/Projects/Hungry-Felhounds/DerivedDataCache/DDC.ddp not found, will not use a pak cache.
[2022.11.10-08.37.37:786][  0]LogDerivedDataCache: Unable to find inner node Pak for hierarchical cache Hierarchy.
[2022.11.10-08.37.37:786][  0]LogDerivedDataCache: FDerivedDataBackendGraph:  CompressedPak pak cache file D:/Projects/Hungry-Felhounds/DerivedDataCache/Compressed.ddp not found, will not use a pak cache.
[2022.11.10-08.37.37:786][  0]LogDerivedDataCache: Unable to find inner node CompressedPak for hierarchical cache Hierarchy.
[2022.11.10-08.37.37:813][  0]LogDerivedDataCache: Display: Pak cache opened for reading ../../../Engine/DerivedDataCache/Compressed.ddp.
[2022.11.10-08.37.37:813][  0]LogDerivedDataCache: FDerivedDataBackendGraph:  EnterprisePak pak cache file ../../../Enterprise/DerivedDataCache/Compressed.ddp not found, will not use a pak cache.
[2022.11.10-08.37.37:813][  0]LogDerivedDataCache: Unable to find inner node EnterprisePak for hierarchical cache Hierarchy.
[2022.11.10-08.37.37:823][  0]LogDerivedDataCache: Speed tests for C:/Users/MadMax/AppData/Local/UnrealEngine/Common/DerivedDataCache took 0.01 seconds
[2022.11.10-08.37.37:823][  0]LogDerivedDataCache: Display: Performance to C:/Users/MadMax/AppData/Local/UnrealEngine/Common/DerivedDataCache: Latency=0.04ms. RandomReadSpeed=763.98MBs, RandomWriteSpeed=110.23MBs. Assigned SpeedClass 'Local'
[2022.11.10-08.37.37:824][  0]LogDerivedDataCache: Using Local data cache path C:/Users/MadMax/AppData/Local/UnrealEngine/Common/DerivedDataCache: Writable
[2022.11.10-08.37.37:824][  0]LogDerivedDataCache: Shared data cache path not found in *engine.ini, will not use an Shared cache.
[2022.11.10-08.37.37:824][  0]LogDerivedDataCache: Unable to find inner node Shared for hierarchical cache Hierarchy.
[2022.11.10-08.37.37:892][  0]LogSlate: Using FreeType 2.10.0
[2022.11.10-08.37.37:893][  0]LogSlate: SlateFontServices - WITH_FREETYPE: 1, WITH_HARFBUZZ: 1
[2022.11.10-08.37.38:049][  0]LogInit: Using OS detected language (ru-RU).
[2022.11.10-08.37.38:049][  0]LogInit: Using OS detected locale (ru-RU).
[2022.11.10-08.37.38:049][  0]LogTextLocalizationManager: No localization for 'ru-RU' exists, so 'en' will be used for the language.
[2022.11.10-08.37.38:049][  0]LogTextLocalizationManager: No localization for 'ru-RU' exists, so 'en' will be used for the locale.
[2022.11.10-08.37.38:049][  0]LogSlate: FontCache flush requested. Reason: Culture for localization was changed
[2022.11.10-08.37.38:049][  0]LogSlate: FontCache flush requested. Reason: Culture for localization was changed
[2022.11.10-08.37.38:055][  0]LogAssetRegistry: FAssetRegistry took 0.0031 seconds to start up
[2022.11.10-08.37.38:349][  0]LogTextLocalizationManager: Compacting localization data took   0.01ms
[2022.11.10-08.37.38:349][  0]LogPackageLocalizationCache: Processed 27 localized package path(s) for 1 prioritized culture(s) in 0.001610 seconds
[2022.11.10-08.37.38:450][  0]LogInit: Selected Device Profile: [Windows]
[2022.11.10-08.37.38:450][  0]LogInit: Active device profile: [00000261008EAA00][0000026179572BC0 49] Windows
[2022.11.10-08.37.38:450][  0]LogInit: Profiles: [00000261008EAA00][0000026179572BC0 49] Windows, [00000261008A9900][000002617957AD40 49] WindowsNoEditor, [00000261008E9800][000002617957EEC0 49] WindowsServer, [00000261008AA800][0000026179583040 49] WindowsClient, [00000261008EA700][00000261795871C0 49] IOS, [00000261008AB800][0000026179577300 49] iPadAir, [00000261008EB600][000002617958B440 49] iPadAir2, [0000026100847900][0000026179593680 49] IPadPro, [0000026100847A00][000002617958F6C0 49] iPadAir3, [00000261008EBF00][000002617959B840 49] iPadAir4, [0000026100845C00][000002617959F9C0 49] iPadMini2, [00000261008E9A00][0000026100331B40 49] iPadMini3, [0000026100846400][0000026100334140 49] iPadMini4, [00000261008E8700][00000261003382C0 49] iPadMini5, [000002610088F200][0000026100340580 49] iPhone6, [000002610088F300][000002610033C5C0 49] iPodTouch6, [0000026100844A00][0000026100348880 49] iPhone7, [0000026100844900][00000261003448C0 49] iPodTouch7, [000002610088DB00][000002610034CA40 49] iPhone5S, [0000026100846000][0000026100350BC0 49] iPhone6Plus, [000002610088E500][0000026100354D40 49] iPhone6S, [0000026100847B00][0000026100358EC0 49] iPhone6SPlus, [000002610088DE00][000002610035D040 49] iPhone7Plus, [0000026100846D00][00000261003611C0 49] iPhoneSE, [000002610088E200][0000026100365340 49] iPhone8, [0000026100847D00][00000261003694C0 49] iPhone8Plus, [000002610088E100][0000026179597600 49] iPhoneX, [0000026100846700][000002610036D740 49] iPhoneXS, [000002610088FF00][0000026100371880 49] iPhoneXSMax, [0000026100846900][0000026100379A00 49] iPhoneXR, [000002610088DA00][000002610037DB80 49] iPhone11, [0000026100846E00][0000026100380180 49] iPhone11Pro, [000002610088CF00][0000026100384300 49] iPhone11ProMax, [0000026100847000][0000026100388480 49] iPhoneSE2, [000002610088EC00][000002610038C600 49] iPhone12Mini, [0000026100845200][0000026100390780 49] iPhone12, [000002610088CA00][0000026100394900 49] iPhone12Pro, [0000026100846500][0000026100398A80 49] iPhone12ProMax, [000002610088F100][000002610039CC00 49] iPadPro105, [0000026100845E00][00000261003A0D80 49] iPadPro129, [000002610088DC00][00000261003A4F00 49] iPadPro97, [0000026100845000][00000261003A9080 49] iPadPro2_129, [000002610088F500][00000261003AD200 49] iPad5, [0000026100845700][00000261003B1380 49] iPad6, [000002610088EA00][00000261003B5500 49] iPad7, [0000026100847F00][00000261003B9680 49] iPad8, [000002610088CD00][00000261003757C0 49] iPadPro11, [0000026100844600][00000261003BD900 49] iPadPro2_11, [000002610088D800][00000261003C1A40 49] iPadPro3_129, [0000026100845800][00000261003C9BC0 49] iPadPro4_129, [00000261008ABA00][00000261003CC1C0 49] AppleTV, [0000026100938800][00000261003D0340 49] AppleTV4K, [00000261008ABB00][00000261003D44C0 49] TVOS, [0000026100938100][00000261003D8640 49] Mac, [00000261008A8400][00000261003DC7C0 49] MacClient, [0000026100939100][00000261003E0940 49] MacNoEditor, [00000261008A9300][00000261003E4AC0 49] MacServer, [0000026100938B00][00000261003E8C40 49] Linux, [00000261008AA900][00000261003ECDC0 49] LinuxAArch64, [0000026100939300][00000261003F0F40 49] LinuxNoEditor, [00000261008AB300][00000261003F50C0 49] LinuxAArch64NoEditor, [0000026100938300][00000261003F9240 49] LinuxClient, [00000261008AAA00][00000261003FD3C0 49] LinuxAArch64Client, [0000026100939400][0000026179A5F540 49] LinuxServer, [00000261008A9A00][0000026179A636C0 49] LinuxAArch64Server, [0000026100938F00][0000026179A67840 49] Android, [00000261008A9000][00000261003C5980 49] Android_Low, [0000026100844700][0000026179A6BAC0 49] Android_Mid, [00000261008AB500][0000026179A6FC00 49] Android_High, [0000026100845D00][0000026179A721C0 49] Android_Default, [00000261008AAD00][0000026179A7A340 49] Android_Adreno4xx, [0000026100844E00][0000026179A7E4C0 49] Android_Adreno5xx_Low, [00000261008AB600][0000026179A82640 49] Android_Adreno5xx, [0000026100844C00][0000026179A867C0 49] Android_Adreno6xx, [00000261008A8100][0000026179A8A940 49] Android_Adreno6xx_Vulkan, [0000026100847E00][0000026179A8EAC0 49] Android_Mali_T6xx, [00000261008A9E00][0000026179A92C40 49] Android_Mali_T7xx, [0000026100847600][0000026179A96DC0 49] Android_Mali_T8xx, [00000261008AA100][0000026179A9AF40 49] Android_Mali_G71, [0000026100846800][0000026179A9F0C0 49] Android_Mali_G72, [00000261008AA500][0000026179AA3240 49] Android_Mali_G72_Vulkan, [0000026100847800][0000026179AA73C0 49] Android_Mali_G76, [00000261008A8900][00000261793BF540 49] Android_Mali_G76_Vulkan, [0000026100847100][00000261793C36C0 49] Android_Mali_G77, [00000261008AAF00][00000261793C7840 49] Android_Mali_G77_Vulkan, [0000026100846A00][00000261793CB9C0 49] Android_Mali_G78, [00000261008A9C00][0000026179A77B00 49] Android_Mali_G78_Vulkan, [0000026100847700][00000261793CE0C0 49] Android_Mali_G710, [00000261008AA400][00000261793D2200 49] Android_Mali_G710_Vulkan, [0000026100846F00][00000261793D6340 49] Android_Vulkan_SM5, [00000261008A8500][00000261793DE4C0 49] Android_PowerVR_G6xxx, [0000026100845500][00000261793E2640 49] Android_PowerVR_GT7xxx, [00000261008A9F00][00000261793E67C0 49] Android_PowerVR_GE8xxx, [0000026100844400][00000261793EA940 49] Android_PowerVR_GM9xxx, [00000261008A8D00][00000261793EEAC0 49] Android_PowerVR_GM9xxx_Vulkan, [0000026100844300][00000261793F2C40 49] Android_TegraK1, [00000261008ABD00][00000261793F6DC0 49] Android_Unknown_Vulkan, [00000261008E9600][00000261793FAF40 49] Lumin, [000002610088EB00][00000261793FF0C0 49] Lumin_Desktop, [00000261008E9400][0000026179403240 49] HoloLens, 
[2022.11.10-08.37.38:655][  0]LogMeshReduction: Using QuadricMeshReduction for automatic static mesh reduction
[2022.11.10-08.37.38:655][  0]LogMeshReduction: Using SimplygonMeshReduction for automatic skeletal mesh reduction
[2022.11.10-08.37.38:655][  0]LogMeshReduction: Using ProxyLODMeshReduction for automatic mesh merging
[2022.11.10-08.37.38:655][  0]LogMeshReduction: No distributed automatic mesh merging module available
[2022.11.10-08.37.38:655][  0]LogMeshMerging: No distributed automatic mesh merging module available
[2022.11.10-08.37.38:680][  0]LogNetVersion: Game1 1.0.0, NetCL: 17155196, EngineNetVer: 17, GameNetVer: 0 (Checksum: 3464310289)
[2022.11.10-08.37.39:050][  0]LogTexture: Default maximum texture size for cubemaps generated from long-lat sources has been changed from 512 to unlimited. In order to preserve old behaiour for '/Engine/MapTemplates/Sky/DaylightAmbientCubemap.DaylightAmbientCubemap', its maximum texture size has been explicitly set to 512.
[2022.11.10-08.37.39:140][  0]LogHMD: PokeAHoleMaterial loaded successfully
[2022.11.10-08.37.39:143][  0]LogInit: WinSock: version 1.1 (2.2), MaxSocks=32767, MaxUdp=65467
[2022.11.10-08.37.39:304][  0]LogMoviePlayer: Initializing movie player
[2022.11.10-08.37.39:440][  0]LogNiagaraDebuggerClient: Niagara Debugger Client Initialized | Session: 2C2EA72446C3B6EC954644956199A694 | Instance: 1706E92D43E5E634C0F39E9BB6B34BE0 (DESKTOP-OB0F6KV-7928).
[2022.11.10-08.37.39:471][  0]LogCollectionManager: Loaded 0 collections in 0.002704 seconds
[2022.11.10-08.37.39:475][  0]LogFileCache: Scanning file cache for directory 'D:/Projects/Hungry-Felhounds/Saved/Collections/' took 0.00s
[2022.11.10-08.37.39:475][  0]LogFileCache: Scanning file cache for directory 'D:/Projects/Hungry-Felhounds/Content/Developers/MadMax/Collections/' took 0.00s
[2022.11.10-08.37.39:475][  0]LogFileCache: Scanning file cache for directory 'D:/Projects/Hungry-Felhounds/Content/Collections/' took 0.00s
[2022.11.10-08.37.39:475][  0]LogCollectionManager: Fixed up redirectors for 0 collections in 0.000003 seconds (updated 0 objects)
[2022.11.10-08.37.39:625][  0]LogPython: Using Python 3.7.7
[2022.11.10-08.37.40:394][  0]LogTcpMessaging: Initializing TcpMessaging bridge
[2022.11.10-08.37.40:399][  0]LogUdpMessaging: Initializing bridge on interface 0.0.0.0:0 to multicast group 230.0.0.1:6666.
[2022.11.10-08.37.40:538][  0]SourceControl: Source control is disabled
[2022.11.10-08.37.40:538][  0]SourceControl: Source control is disabled
[2022.11.10-08.37.40:541][  0]SourceControl: Source control is disabled
[2022.11.10-08.37.40:550][  0]LogUProjectInfo: Found projects:
[2022.11.10-08.37.40:701][  0]LogOpenImageDenoise: OIDN starting up
[2022.11.10-08.37.40:714][  0]LogAndroidPermission: UAndroidPermissionCallbackProxy::GetInstance
[2022.11.10-08.37.40:746][  0]LogAudioCaptureCore: Display: No Audio Capture implementations found. Audio input will be silent.
[2022.11.10-08.37.40:746][  0]LogAudioCaptureCore: Display: No Audio Capture implementations found. Audio input will be silent.
[2022.11.10-08.37.40:851][  0]LogOcInput: OculusInput pre-init called
[2022.11.10-08.37.40:858][  0]LogSockets: SteamSockets: Initializing Network Relay
[2022.11.10-08.37.40:872][  0]LogUObjectArray: 22135 objects as part of root set at end of initial load.
[2022.11.10-08.37.40:872][  0]LogUObjectAllocator: 5998504 out of 0 bytes used by permanent object pool.
[2022.11.10-08.37.40:872][  0]LogUObjectArray: CloseDisregardForGC: 0/0 objects in disregard for GC pool
[2022.11.10-08.37.40:939][  0]LogSteamSocketsAPI: Verbose: SteamSockets API: Log Certificate expires in 47h44m at 1668241307 (current time 1668069459), will renew in 45h44m
[2022.11.10-08.37.40:939][  0]LogSteamSocketsAPI: Verbose: SteamSockets API: Log Got SDR network config.  Loaded revision 1667866099 OK
[2022.11.10-08.37.40:939][  0]LogSteamSocketsAPI: Verbose: SteamSockets API: Log Performing ping measurement
[2022.11.10-08.37.40:939][  0]LogSteamSocketsAPI: Verbose: SteamSockets API: Log SDR RelayNetworkStatus:  avail=Attempting  config=OK  anyrelay=Attempting   (Performing ping measurement)
[2022.11.10-08.37.40:939][  0]LogSteamSocketsAPI: Verbose: SteamSockets API: Log AuthStatus (steamid:76561199417418176):  OK  (OK)
[2022.11.10-08.37.40:939][  0]LogEngine: Initializing Engine...
[2022.11.10-08.37.40:946][  0]LogHMD: Failed to enumerate extensions. Please check that you have a valid OpenXR runtime installed.
[2022.11.10-08.37.40:946][  0]LogHMD: Failed to initialize OpenVR with code 110
[2022.11.10-08.37.40:946][  0]LogMagicLeap: Warning: VR disabled because ZI is not enabled.  To enable, in the editor, Edit -> Project Settings -> Plugins -> Magic Leap Plugin -> Enable Zero Iteration
[2022.11.10-08.37.40:948][  0]LogStats: UGameplayTagsManager::InitializeManager -  0.000 s
[2022.11.10-08.37.41:127][  0]LogInit: Initializing FReadOnlyCVARCache
[2022.11.10-08.37.41:127][  0]LogAudio: Display: Initializing Audio Device Manager...
[2022.11.10-08.37.41:133][  0]LogAudio: Display: Loading Default Audio Settings Objects...
[2022.11.10-08.37.41:134][  0]LogAudio: Display: No default SoundConcurrencyObject specified (or failed to load).
[2022.11.10-08.37.41:134][  0]LogAudio: Display: Audio Device Manager Initialized
[2022.11.10-08.37.41:134][  0]LogAudio: Display: Creating Audio Device:                 Id: 1, Scope: Shared, Realtime: True
[2022.11.10-08.37.41:134][  0]LogAudioMixer: Display: Audio Mixer Platform Settings:
[2022.11.10-08.37.41:134][  0]LogAudioMixer: Display: 	Sample Rate:						  48000
[2022.11.10-08.37.41:134][  0]LogAudioMixer: Display: 	Callback Buffer Frame Size Requested: 1024
[2022.11.10-08.37.41:134][  0]LogAudioMixer: Display: 	Callback Buffer Frame Size To Use:	  1024
[2022.11.10-08.37.41:134][  0]LogAudioMixer: Display: 	Number of buffers to queue:			  2
[2022.11.10-08.37.41:134][  0]LogAudioMixer: Display: 	Max Channels (voices):				  32
[2022.11.10-08.37.41:134][  0]LogAudioMixer: Display: 	Number of Async Source Workers:		  0
[2022.11.10-08.37.41:134][  0]LogAudio: Display: AudioDevice MaxSources: 32
[2022.11.10-08.37.41:135][  0]LogAudio: Display: Audio Spatialization Plugin: None (built-in).
[2022.11.10-08.37.41:135][  0]LogAudio: Display: Audio Reverb Plugin: None (built-in).
[2022.11.10-08.37.41:135][  0]LogAudio: Display: Audio Occlusion Plugin: None (built-in).
[2022.11.10-08.37.41:135][  0]LogAudioMixer: Display: Initializing audio mixer.
[2022.11.10-08.37.41:158][  0]LogAudioMixer: Display: 0: FrontLeft
[2022.11.10-08.37.41:158][  0]LogAudioMixer: Display: 1: FrontRight
[2022.11.10-08.37.41:186][  0]LogAudioMixer: Display: Using Audio Device Динамики (Realtek High Definition Audio)
[2022.11.10-08.37.41:193][  0]LogAudioMixer: Display: Initializing Sound Submixes...
[2022.11.10-08.37.41:195][  0]LogAudioMixer: Display: Creating Master Submix 'MasterSubmixDefault'
[2022.11.10-08.37.41:195][  0]LogAudioMixer: Display: Creating Master Submix 'MasterReverbSubmixDefault'
[2022.11.10-08.37.41:197][  0]LogAudioMixer: Display: Creating Master Submix 'MasterEQSubmixDefault'
[2022.11.10-08.37.41:197][  0]LogAudioMixer: FMixerPlatformXAudio2::StartAudioStream() called
[2022.11.10-08.37.41:197][  0]LogAudioMixer: Display: Output buffers initialized: Frames=1024, Channels=2, Samples=2048
[2022.11.10-08.37.41:199][  0]LogAudioMixer: Display: Starting AudioMixerPlatformInterface::RunInternal()
[2022.11.10-08.37.41:199][  0]LogAudioMixer: Display: FMixerPlatformXAudio2::SubmitBuffer() called for the first time
[2022.11.10-08.37.41:199][  0]LogInit: FAudioDevice initialized.
[2022.11.10-08.37.41:200][  0]LogNetVersion: Set ProjectVersion to 1.0.0.0. Version Checksum will be recalculated on next use.
[2022.11.10-08.37.41:206][  0]LogInit: Texture streaming: Enabled
[2022.11.10-08.37.41:470][  0]LogAudio: Display: Audio Device (ID: 1) registered with world 'Untitled'.
[2022.11.10-08.37.41:471][  0]LogSlate: Updating window title bar state: overlay mode, drag disabled, window buttons hidden, title bar hidden
[2022.11.10-08.37.41:471][  0]LogInit: Display: Game Engine Initialized.
[2022.11.10-08.37.41:472][  0]LogNiagaraEditor: GEditor isn't valid! Particle reset commands will not work for Niagara components!
[2022.11.10-08.37.41:664][  0]LogInit: Display: Starting Game.
[2022.11.10-08.37.41:664][  0]LogNet: Browse: /Game/TopDownBP/Maps/MainMenu?Name=Player
[2022.11.10-08.37.41:664][  0]LogLoad: LoadMap: /Game/TopDownBP/Maps/MainMenu?Name=Player
[2022.11.10-08.37.41:664][  0]LogWorld: BeginTearingDown for /Temp/Untitled_0
[2022.11.10-08.37.41:666][  0]LogWorld: UWorld::CleanupWorld for Untitled, bSessionEnded=true, bCleanupResources=true
[2022.11.10-08.37.41:666][  0]LogSlate: InvalidateAllWidgets triggered.  All widgets were invalidated
[2022.11.10-08.37.41:682][  0]LogAudio: Display: Audio Device unregistered from world 'None'.
[2022.11.10-08.37.41:687][  0]LogUObjectHash: Compacting FUObjectHashTables data took   1.93ms
[2022.11.10-08.37.41:696][  0]LogAudio: Display: Audio Device (ID: 1) registered with world 'MainMenu'.
[2022.11.10-08.37.41:708][  0]LogAIModule: Creating AISystem for world MainMenu
[2022.11.10-08.37.41:709][  0]LogUObjectGlobals: Warning: [AssetLog] D:\Projects\Hungry-Felhounds\Content\TopDownBP\Blueprints\TopDownGameMode.uasset: Failed to load '/Game/TopDownBP/Blueprints/Other/TopDownGameMode': Can't find file.
[2022.11.10-08.37.41:709][  0]LogUObjectGlobals: Warning: [AssetLog] D:\Projects\Hungry-Felhounds\Content\TopDownBP\Blueprints\TopDownGameMode.uasset: Failed to load '/Game/TopDownBP/Blueprints/Other/TopDownGameMode': Can't find file.
[2022.11.10-08.37.41:710][  0]LogUObjectGlobals: Warning: [AssetLog] D:\Projects\Hungry-Felhounds\Content\TopDownBP\Blueprints\TopDownGameMode.uasset: Failed to load '/Game/TopDownBP/Blueprints/Other/TopDownGameMode': Can't find file.
[2022.11.10-08.37.41:710][  0]LogUObjectGlobals: Warning: [AssetLog] D:\Projects\Hungry-Felhounds\Content\TopDownBP\Blueprints\TopDownGameMode.uasset: Failed to load '/Game/TopDownBP/Blueprints/Other/TopDownGameMode': Can't find file.
[2022.11.10-08.37.41:710][  0]LogUObjectGlobals: Warning: Failed to find object 'Class /Game/TopDownBP/Blueprints/TopDownGameMode.TopDownGameMode_C'
[2022.11.10-08.37.41:710][  0]LogLoad: Game class is 'GameModeBase'
[2022.11.10-08.37.41:711][  0]LogWorld: Bringing World /Game/TopDownBP/Maps/MainMenu.MainMenu up for play (max tick rate 0) at 2022.11.10-13.37.41
[2022.11.10-08.37.41:711][  0]LogWorld: Bringing up level for play took: 0.000547
[2022.11.10-08.37.41:712][  0]LogGameMode: FindPlayerStart: PATHS NOT DEFINED or NO PLAYERSTART with positive rating
[2022.11.10-08.37.41:716][  0]LogLoad: Took 0.051634 seconds to LoadMap(/Game/TopDownBP/Maps/MainMenu)
[2022.11.10-08.37.41:763][  0]LogSlate: Took 0.000213 seconds to synchronously load lazily loaded font '../../../Engine/Content/Slate/Fonts/Roboto-Regular.ttf' (155K)
[2022.11.10-08.37.41:796][  0]LogRenderer: Reallocating scene render targets to support 640x480 Format 10 NumSamples 1 (Frame:1).
[2022.11.10-08.37.41:796][  0]LogInit: Display: Engine is initialized. Leaving FEngineLoop::Init()
[2022.11.10-08.37.41:796][  0]LogLoad: (Engine Initialization) Total time: 8.77 seconds
[2022.11.10-08.37.41:796][  0]LogLoad: (Engine Initialization) Total Blueprint compile time: 0.00 seconds
[2022.11.10-08.37.41:816][  0]LogContentStreaming: Texture pool size now 1000 MB
[2022.11.10-08.37.41:828][  0]LogSlate: InvalidateAllWidgets triggered.  All widgets were invalidated
[2022.11.10-08.37.41:940][  1]LogSlate: Took 0.000181 seconds to synchronously load lazily loaded font '../../../Engine/Content/Slate/Fonts/Roboto-Regular.ttf' (155K)
[2022.11.10-08.37.47:213][546]LogSteamSocketsAPI: Verbose: SteamSockets API: Log Ping measurement completed
[2022.11.10-08.37.47:213][546]LogSteamSocketsAPI: Verbose: SteamSockets API: Log Ping location: sto2=43+4,sto=44+4,ams=68+6/63+4,waw=68+6/64+4,lhr=77+7/67+4,fra=70+7/68+4,mst1=70+7/68+4,par=78+7/72+4,vie=75+7/75+4,iad=148+14/149+4,sgp=193+19/194+19,gru=270+27/282+15
[2022.11.10-08.37.47:213][546]LogSteamSocketsAPI: Verbose: SteamSockets API: Log SDR RelayNetworkStatus:  avail=OK  config=OK  anyrelay=OK   (OK)
[2022.11.10-08.37.48:420][853]LogPackageName: SearchForPackageOnDisk took   0.170s to resolve Lobby.umap.
[2022.11.10-08.37.48:581][853]LogPackageName: SearchForPackageOnDisk took   0.159s to resolve Lobby.umap.
[2022.11.10-08.37.48:581][853]LogNet: Browse: /Game/TopDownBP/Maps/Lobby?listen
[2022.11.10-08.37.48:581][853]LogLoad: LoadMap: /Game/TopDownBP/Maps/Lobby?listen
[2022.11.10-08.37.48:581][853]LogWorld: BeginTearingDown for /Game/TopDownBP/Maps/MainMenu
[2022.11.10-08.37.48:582][853]LogWorld: UWorld::CleanupWorld for MainMenu, bSessionEnded=true, bCleanupResources=true
[2022.11.10-08.37.48:582][853]LogSlate: InvalidateAllWidgets triggered.  All widgets were invalidated
[2022.11.10-08.37.48:617][853]LogAudio: Display: Audio Device unregistered from world 'None'.
[2022.11.10-08.37.48:619][853]LogUObjectHash: Compacting FUObjectHashTables data took   1.50ms
[2022.11.10-08.37.49:115][853]LogAudio: Display: Audio Device (ID: 1) registered with world 'Lobby'.
[2022.11.10-08.37.49:117][853]LogAIModule: Creating AISystem for world Lobby
[2022.11.10-08.37.49:118][853]LogLoad: Game class is 'LobbyGM_C'
[2022.11.10-08.37.49:118][853]LogModuleManager: Warning: ModuleManager: Unable to load module 'SocketsSTEAM'  - 0 instances of that module name found.
[2022.11.10-08.37.49:118][853]LogSockets: Warning: Unable to load SocketSubsystem module STEAM
[2022.11.10-08.37.49:119][853]LogNet: ReplicationDriverClass is null! Not using ReplicationDriver.
[2022.11.10-08.37.49:119][853]LogNetCore: DDoS detection status: detection enabled: 0 analytics enabled: 0
[2022.11.10-08.37.49:119][853]LogSockets: Warning: SteamSockets: Cannot get information on an invalid socket handle, returning null
[2022.11.10-08.37.49:119][853]LogNet: Warning: Could not create socket for bind address 76561199417418176, got error SteamSockets: setsockopt SO_BROADCAST failed (0)
[2022.11.10-08.37.49:119][853]LogSockets: Warning: SteamSockets: Cannot get information on an invalid socket handle, returning null
[2022.11.10-08.37.49:119][853]LogNet: Warning: Could not create socket for bind address ::, got error SteamSockets: setsockopt SO_BROADCAST failed (0)
[2022.11.10-08.37.49:119][853]LogNet: Warning: Encountered an error while creating sockets for the bind addresses. 
[2022.11.10-08.37.49:119][853]LogNet: Warning: Failed to init net driver ListenURL: /Game/TopDownBP/Maps/Lobby?listen: 
[2022.11.10-08.37.49:119][853]LogNet: Error: UEngine::BroadcastNetworkFailure: FailureType = NetDriverListenFailure, ErrorString = , Driver = GameNetDriver IpNetDriver_0
[2022.11.10-08.37.49:119][853]LogNet: Warning: Network Failure: GameNetDriver[NetDriverListenFailure]: 
[2022.11.10-08.37.49:119][853]LogNet: NetworkFailure: NetDriverListenFailure, Error: ''
[2022.11.10-08.37.49:120][853]LogWorld: Failed to listen: 
[2022.11.10-08.37.49:120][853]LogNet: DestroyNamedNetDriver IpNetDriver_0 [GameNetDriver]
[2022.11.10-08.37.49:120][853]LogNet: Error: LoadMap: failed to Listen(/Game/TopDownBP/Maps/Lobby?listen)
[2022.11.10-08.37.49:123][853]LogWorld: Bringing World /Game/TopDownBP/Maps/Lobby.Lobby up for play (max tick rate 0) at 2022.11.10-13.37.49
[2022.11.10-08.37.49:123][853]LogWorld: Bringing up level for play took: 0.002541
[2022.11.10-08.37.49:125][853]LogGameMode: Display: Match State Changed from EnteringMap to WaitingToStart
[2022.11.10-08.37.49:126][853]LogGameState: Match State Changed from EnteringMap to WaitingToStart
[2022.11.10-08.37.49:126][853]LogGameMode: Display: Match State Changed from WaitingToStart to InProgress
[2022.11.10-08.37.49:129][853]LogPhysics: Warning: Scale for /Game/TopDownBP/Maps/Lobby.Lobby:PersistentLevel.0_Base_C_0.sphere has a component set to zero, which will result in a bad body instance. Scale:X=-0.500 Y=0.000 Z=0.000
[2022.11.10-08.37.49:130][853]LogGameState: Match State Changed from WaitingToStart to InProgress
[2022.11.10-08.37.49:130][853]LogLoad: Took 0.549252 seconds to LoadMap(/Game/TopDownBP/Maps/Lobby)
[2022.11.10-08.37.49:132][854]LogGameMode: Display: Match State Changed from InProgress to LeavingMap
[2022.11.10-08.37.49:132][854]LogGameState: Match State Changed from InProgress to LeavingMap
[2022.11.10-08.37.49:132][854]LogNet: Browse: /Game/TopDownBP/Maps/MainMenu?closed
[2022.11.10-08.37.49:133][854]LogNet: Connection failed; returning to Entry
[2022.11.10-08.37.49:133][854]LogLoad: LoadMap: /Game/TopDownBP/Maps/MainMenu?closed
[2022.11.10-08.37.49:133][854]LogWorld: BeginTearingDown for /Game/TopDownBP/Maps/Lobby
[2022.11.10-08.37.49:134][854]LogWorld: UWorld::CleanupWorld for Lobby, bSessionEnded=true, bCleanupResources=true
[2022.11.10-08.37.49:134][854]LogSlate: InvalidateAllWidgets triggered.  All widgets were invalidated
[2022.11.10-08.37.49:176][854]LogAudio: Display: Audio Device unregistered from world 'None'.
[2022.11.10-08.37.49:210][854]LogUObjectHash: Compacting FUObjectHashTables data took   1.40ms
[2022.11.10-08.37.49:217][854]LogAudio: Display: Audio Device (ID: 1) registered with world 'MainMenu'.
[2022.11.10-08.37.49:218][854]LogAIModule: Creating AISystem for world MainMenu
[2022.11.10-08.37.49:219][854]LogUObjectGlobals: Warning: [AssetLog] D:\Projects\Hungry-Felhounds\Content\TopDownBP\Blueprints\TopDownGameMode.uasset: Failed to load '/Game/TopDownBP/Blueprints/Other/TopDownGameMode': Can't find file.
[2022.11.10-08.37.49:219][854]LogUObjectGlobals: Warning: [AssetLog] D:\Projects\Hungry-Felhounds\Content\TopDownBP\Blueprints\TopDownGameMode.uasset: Failed to load '/Game/TopDownBP/Blueprints/Other/TopDownGameMode': Can't find file.
[2022.11.10-08.37.49:220][854]LogUObjectGlobals: Warning: [AssetLog] D:\Projects\Hungry-Felhounds\Content\TopDownBP\Blueprints\TopDownGameMode.uasset: Failed to load '/Game/TopDownBP/Blueprints/Other/TopDownGameMode': Can't find file.
[2022.11.10-08.37.49:220][854]LogUObjectGlobals: Warning: [AssetLog] D:\Projects\Hungry-Felhounds\Content\TopDownBP\Blueprints\TopDownGameMode.uasset: Failed to load '/Game/TopDownBP/Blueprints/Other/TopDownGameMode': Can't find file.
[2022.11.10-08.37.49:220][854]LogLoad: Game class is 'GameModeBase'
[2022.11.10-08.37.49:221][854]LogWorld: Bringing World /Game/TopDownBP/Maps/MainMenu.MainMenu up for play (max tick rate 0) at 2022.11.10-13.37.49
[2022.11.10-08.37.49:221][854]LogWorld: Bringing up level for play took: 0.000397
[2022.11.10-08.37.49:222][854]LogGameMode: FindPlayerStart: PATHS NOT DEFINED or NO PLAYERSTART with positive rating
[2022.11.10-08.37.49:223][854]LogLoad: Took 0.089714 seconds to LoadMap(/Game/TopDownBP/Maps/MainMenu)
[2022.11.10-08.37.49:241][854]LogUObjectHash: Compacting FUObjectHashTables data took   1.75ms
[2022.11.10-08.37.50:328][ 93]Closing by request
[2022.11.10-08.37.50:329][ 93]LogWindows: FPlatformMisc::RequestExit(0)
[2022.11.10-08.37.50:329][ 93]LogWindows: FPlatformMisc::RequestExitWithStatus(0, 0)
[2022.11.10-08.37.50:329][ 93]LogCore: Engine exit requested (reason: Win RequestExit)
[2022.11.10-08.37.50:330][ 94]LogCore: Engine exit requested (reason: EngineExit() was called; note: exit was already requested)
[2022.11.10-08.37.50:330][ 94]LogInit: Display: PreExit Game.
[2022.11.10-08.37.50:343][ 94]LogWorld: BeginTearingDown for /Game/TopDownBP/Maps/MainMenu
[2022.11.10-08.37.50:344][ 94]LogWorld: UWorld::CleanupWorld for MainMenu, bSessionEnded=true, bCleanupResources=true
[2022.11.10-08.37.50:344][ 94]LogSlate: InvalidateAllWidgets triggered.  All widgets were invalidated
[2022.11.10-08.37.50:959][ 94]LogAudio: Display: Beginning Audio Device Manager Shutdown (Module: AudioMixerXAudio2)...
[2022.11.10-08.37.50:960][ 94]LogAudio: Display: Destroying 1 Remaining Audio Device(s)...
[2022.11.10-08.37.50:960][ 94]LogAudio: Display: Audio Device unregistered from world 'MainMenu'.
[2022.11.10-08.37.50:997][ 94]LogAudioMixer: FMixerPlatformXAudio2::StopAudioStream() called
[2022.11.10-08.37.51:000][ 94]LogAudioMixer: FMixerPlatformXAudio2::StopAudioStream() called
[2022.11.10-08.37.51:009][ 94]LogAudio: Display: Audio Device Manager Shutdown
[2022.11.10-08.37.51:020][ 94]LogSlate: Window 'Game1 (64-bit Development PCD3D_SM5) ' being destroyed
[2022.11.10-08.37.51:022][ 94]LogWindowsTextInputMethodSystem: Display: IME system deactivated.
[2022.11.10-08.37.51:029][ 94]LogWindowsTextInputMethodSystem: Display: IME system deactivated.
[2022.11.10-08.37.51:050][ 94]LogExit: Preparing to exit.
[2022.11.10-08.37.51:420][ 94]LogUObjectHash: Compacting FUObjectHashTables data took   1.14ms
[2022.11.10-08.37.51:466][ 94]LogMoviePlayer: Shutting down movie player
[2022.11.10-08.37.51:528][ 94]LogSlate: Updating window title bar state: overlay mode, drag disabled, window buttons hidden, title bar hidden
[2022.11.10-08.37.51:543][ 94]LogDemo: Cleaned up 0 splitscreen connections with owner deletion
[2022.11.10-08.37.51:551][ 94]LogExit: Game engine shut down
[2022.11.10-08.37.51:607][ 94]LogExit: Object subsystem successfully closed.
[2022.11.10-08.37.51:621][ 94]LogShaderCompilers: Display: === FShaderJobCache stats ===
[2022.11.10-08.37.51:621][ 94]LogShaderCompilers: Display: Total job queries 0, among them cache hits 0 (0.00%)
[2022.11.10-08.37.51:621][ 94]LogShaderCompilers: Display: Tracking 0 distinct input hashes that result in 0 distinct outputs (0.00%)
[2022.11.10-08.37.51:621][ 94]LogShaderCompilers: Display: RAM used: 0.00 MB (0.00 GB) of 409.60 MB (0.40 GB) budget. Usage: 0.00%
[2022.11.10-08.37.51:621][ 94]LogShaderCompilers: Display: ================================================
[2022.11.10-08.37.51:627][ 94]LogShaderCompilers: Display: Shaders left to compile 0
[2022.11.10-08.37.51:656][ 94]LogModuleManager: Shutting down and abandoning module AnimGraph (568)
[2022.11.10-08.37.51:657][ 94]LogModuleManager: Shutting down and abandoning module SequenceRecorderSections (566)
[2022.11.10-08.37.51:657][ 94]LogModuleManager: Shutting down and abandoning module SequenceRecorder (564)
[2022.11.10-08.37.51:657][ 94]LogModuleManager: Shutting down and abandoning module AutomationController (562)
[2022.11.10-08.37.51:657][ 94]LogModuleManager: Shutting down and abandoning module AutomationWorker (560)
[2022.11.10-08.37.51:657][ 94]LogModuleManager: Shutting down and abandoning module Voice (558)
[2022.11.10-08.37.51:657][ 94]LogModuleManager: Shutting down and abandoning module AIModule (556)
[2022.11.10-08.37.51:657][ 94]LogModuleManager: Shutting down and abandoning module GameplayDebugger (555)
[2022.11.10-08.37.51:657][ 94]LogModuleManager: Shutting down and abandoning module AITestSuite (553)
[2022.11.10-08.37.51:657][ 94]LogModuleManager: Shutting down and abandoning module NavigationSystem (551)
[2022.11.10-08.37.51:657][ 94]LogModuleManager: Shutting down and abandoning module SteamVREditor (548)
[2022.11.10-08.37.51:657][ 94]LogModuleManager: Shutting down and abandoning module ToolMenus (547)
[2022.11.10-08.37.51:657][ 94]LogModuleManager: Shutting down and abandoning module OculusMR (544)
[2022.11.10-08.37.51:657][ 94]LogModuleManager: Shutting down and abandoning module TakeRecorderSources (542)
[2022.11.10-08.37.51:657][ 94]LogModuleManager: Shutting down and abandoning module TakeRecorder (541)
[2022.11.10-08.37.51:657][ 94]LogModuleManager: Shutting down and abandoning module TakeTrackRecorders (538)
[2022.11.10-08.37.51:657][ 94]LogModuleManager: Shutting down and abandoning module TakesCore (536)
[2022.11.10-08.37.51:657][ 94]LogModuleManager: Shutting down and abandoning module OpenXRInput (534)
[2022.11.10-08.37.51:657][ 94]LogModuleManager: Shutting down and abandoning module PlanarCut (532)
[2022.11.10-08.37.51:657][ 94]LogModuleManager: Shutting down and abandoning module WmfMediaFactory (530)
[2022.11.10-08.37.51:657][ 94]LogModuleManager: Shutting down and abandoning module WebMMediaFactory (528)
[2022.11.10-08.37.51:657][ 94]LogModuleManager: Shutting down and abandoning module WebMMedia (526)
[2022.11.10-08.37.51:657][ 94]LogModuleManager: Shutting down and abandoning module MagicLeapMediaCodecFactory (524)
[2022.11.10-08.37.51:657][ 94]LogModuleManager: Shutting down and abandoning module MagicLeapMediaFactory (522)
[2022.11.10-08.37.51:657][ 94]LogModuleManager: Shutting down and abandoning module OpenExrWrapper (520)
[2022.11.10-08.37.51:657][ 94]LogModuleManager: Shutting down and abandoning module ImgMediaFactory (518)
[2022.11.10-08.37.51:657][ 94]LogModuleManager: Shutting down and abandoning module AvfMediaFactory (516)
[2022.11.10-08.37.51:657][ 94]LogModuleManager: Shutting down and abandoning module CharacterAI (514)
[2022.11.10-08.37.51:657][ 94]LogModuleManager: Shutting down and abandoning module SessionServices (512)
[2022.11.10-08.37.51:657][ 94]LogModuleManager: Shutting down and abandoning module MovieSceneCapture (510)
[2022.11.10-08.37.51:657][ 94]LogModuleManager: Shutting down and abandoning module LiveCoding (508)
[2022.11.10-08.37.51:658][ 94]LogModuleManager: Shutting down and abandoning module LevelSequence (506)
[2022.11.10-08.37.51:658][ 94]LogModuleManager: Shutting down and abandoning module MovieSceneTracks (504)
[2022.11.10-08.37.51:658][ 94]LogModuleManager: Shutting down and abandoning module MovieScene (502)
[2022.11.10-08.37.51:658][ 94]LogModuleManager: Shutting down and abandoning module StreamingPauseRendering (500)
[2022.11.10-08.37.51:658][ 94]LogModuleManager: Shutting down and abandoning module PortalServices (498)
[2022.11.10-08.37.51:658][ 94]LogModuleManager: Shutting down and abandoning module PortalRpc (496)
[2022.11.10-08.37.51:658][ 94]LogModuleManager: Shutting down and abandoning module MessagingRpc (494)
[2022.11.10-08.37.51:658][ 94]LogModuleManager: Shutting down and abandoning module AudioMixerXAudio2 (492)
[2022.11.10-08.37.51:658][ 94]LogModuleManager: Shutting down and abandoning module AudioMixerCore (491)
[2022.11.10-08.37.51:658][ 94]LogModuleManager: Shutting down and abandoning module ImageWriteQueue (488)
[2022.11.10-08.37.51:658][ 94]LogModuleManager: Shutting down and abandoning module ProfilerService (486)
[2022.11.10-08.37.51:908][ 94]LogModuleManager: Shutting down and abandoning module TaskGraph (484)
[2022.11.10-08.37.51:908][ 94]LogModuleManager: Shutting down and abandoning module SteamSockets (482)
[2022.11.10-08.37.51:908][ 94]LogSockets: SteamSockets: Cleaning up
[2022.11.10-08.37.51:908][ 94]LogModuleManager: Shutting down and abandoning module OculusInput (480)
[2022.11.10-08.37.51:908][ 94]LogModuleManager: Shutting down and abandoning module Synthesis (478)
[2022.11.10-08.37.51:908][ 94]LogModuleManager: Shutting down and abandoning module TakeMovieScene (476)
[2022.11.10-08.37.51:908][ 94]LogModuleManager: Shutting down and abandoning module ProceduralMeshComponent (474)
[2022.11.10-08.37.51:908][ 94]LogModuleManager: Shutting down and abandoning module MobilePatchingUtils (472)
[2022.11.10-08.37.51:908][ 94]LogModuleManager: Shutting down and abandoning module GooglePAD (470)
[2022.11.10-08.37.51:908][ 94]LogModuleManager: Shutting down and abandoning module EditableMesh (468)
[2022.11.10-08.37.51:908][ 94]LogModuleManager: Shutting down and abandoning module CustomMeshComponent (466)
[2022.11.10-08.37.51:908][ 94]LogModuleManager: Shutting down and abandoning module CableComponent (464)
[2022.11.10-08.37.51:908][ 94]LogModuleManager: Shutting down and abandoning module AudioCapture (462)
[2022.11.10-08.37.51:908][ 94]LogModuleManager: Shutting down and abandoning module AudioCaptureRtAudio (461)
[2022.11.10-08.37.51:908][ 94]LogModuleManager: Shutting down and abandoning module ArchVisCharacter (458)
[2022.11.10-08.37.51:908][ 94]LogModuleManager: Shutting down and abandoning module AssetTags (456)
[2022.11.10-08.37.51:908][ 94]LogModuleManager: Shutting down and abandoning module AppleImageUtilsBlueprintSupport (454)
[2022.11.10-08.37.51:908][ 94]LogModuleManager: Shutting down and abandoning module AppleImageUtils (452)
[2022.11.10-08.37.51:908][ 94]LogModuleManager: Shutting down and abandoning module AndroidPermission (450)
[2022.11.10-08.37.51:908][ 94]LogModuleManager: Shutting down and abandoning module ActorLayerUtilities (448)
[2022.11.10-08.37.51:908][ 94]LogModuleManager: Shutting down and abandoning module TemplateSequence (444)
[2022.11.10-08.37.51:908][ 94]LogModuleManager: Shutting down and abandoning module OpenImageDenoise (442)
[2022.11.10-08.37.51:908][ 94]LogOpenImageDenoise: OIDN shutting down
[2022.11.10-08.37.51:908][ 94]LogModuleManager: Shutting down and abandoning module MotoSynth (440)
[2022.11.10-08.37.51:908][ 94]LogModuleManager: Shutting down and abandoning module GeometryCollectionTracks (438)
[2022.11.10-08.37.51:908][ 94]LogModuleManager: Shutting down and abandoning module GeometryCollectionSequencer (437)
[2022.11.10-08.37.51:910][ 94]LogModuleManager: Shutting down and abandoning module MeshConversion (434)
[2022.11.10-08.37.51:910][ 94]LogModuleManager: Shutting down and abandoning module DynamicMesh (432)
[2022.11.10-08.37.51:910][ 94]LogModuleManager: Shutting down and abandoning module GeometryAlgorithms (430)
[2022.11.10-08.37.51:910][ 94]LogModuleManager: Shutting down and abandoning module GeometricObjects (428)
[2022.11.10-08.37.51:910][ 94]LogModuleManager: Shutting down and abandoning module GeometryCacheTracks (426)
[2022.11.10-08.37.51:910][ 94]LogModuleManager: Shutting down and abandoning module GeometryCacheSequencer (425)
[2022.11.10-08.37.51:910][ 94]LogModuleManager: Shutting down and abandoning module GeometryCache (422)
[2022.11.10-08.37.51:910][ 94]LogModuleManager: Shutting down and abandoning module GeometryCacheEd (421)
[2022.11.10-08.37.51:910][ 94]LogModuleManager: Shutting down and abandoning module MagicLeapSharedWorld (418)
[2022.11.10-08.37.51:910][ 94]LogModuleManager: Shutting down and abandoning module MagicLeapLightEstimation (416)
[2022.11.10-08.37.51:910][ 94]LogModuleManager: Shutting down and abandoning module MediaCompositing (414)
[2022.11.10-08.37.51:910][ 94]LogModuleManager: Shutting down and abandoning module MagicLeapHelperVulkan (412)
[2022.11.10-08.37.51:910][ 94]LogModuleManager: Shutting down and abandoning module MagicLeapHelperOpenGL (410)
[2022.11.10-08.37.51:910][ 94]LogModuleManager: Shutting down and abandoning module MagicLeapAudio (408)
[2022.11.10-08.37.51:910][ 94]LogModuleManager: Shutting down and abandoning module ImgMedia (406)
[2022.11.10-08.37.51:910][ 94]LogModuleManager: Shutting down and abandoning module ChaosNiagara (404)
[2022.11.10-08.37.51:910][ 94]LogModuleManager: Shutting down and abandoning module FieldSystemEngine (403)
[2022.11.10-08.37.51:910][ 94]LogModuleManager: Shutting down and abandoning module BackChannel (400)
[2022.11.10-08.37.51:910][ 94]LogModuleManager: Shutting down and abandoning module AutomationUtils (398)
[2022.11.10-08.37.51:910][ 94]LogModuleManager: Shutting down and abandoning module VisualStudioSourceCodeAccess (396)
[2022.11.10-08.37.51:910][ 94]LogModuleManager: Shutting down and abandoning module HotReload (395)
[2022.11.10-08.37.51:910][ 94]LogModuleManager: Shutting down and abandoning module VisualStudioCodeSourceCodeAccess (392)
[2022.11.10-08.37.51:910][ 94]LogModuleManager: Shutting down and abandoning module UObjectPlugin (390)
[2022.11.10-08.37.51:910][ 94]LogModuleManager: Shutting down and abandoning module SubversionSourceControl (388)
[2022.11.10-08.37.51:910][ 94]LogModuleManager: Shutting down and abandoning module PerforceSourceControl (386)
[2022.11.10-08.37.51:910][ 94]LogModuleManager: Shutting down and abandoning module SourceControl (385)
[2022.11.10-08.37.51:910][ 94]LogModuleManager: Shutting down and abandoning module OodleNetworkHandlerComponent (382)
[2022.11.10-08.37.51:910][ 94]LogModuleManager: Shutting down and abandoning module CLionSourceCodeAccess (380)
[2022.11.10-08.37.51:910][ 94]LogModuleManager: Shutting down and abandoning module LiveLinkSequencer (378)
[2022.11.10-08.37.51:910][ 94]LogModuleManager: Shutting down and abandoning module LiveLinkMovieScene (376)
[2022.11.10-08.37.51:910][ 94]LogModuleManager: Shutting down and abandoning module LiveLinkGraphNode (374)
[2022.11.10-08.37.51:910][ 94]LogModuleManager: Shutting down and abandoning module LiveLinkComponents (372)
[2022.11.10-08.37.51:910][ 94]LogModuleManager: Shutting down and abandoning module LiveLink (370)
