Log file open, 12/22/22 23:34:02
LogWindows: Failed to load 'aqProf.dll' (GetLastError=126)
LogWindows: File 'aqProf.dll' does not exist
LogWindows: Failed to load 'VtuneApi.dll' (GetLastError=126)
LogWindows: File 'VtuneApi.dll' does not exist
LogWindows: Failed to load 'VtuneApi32e.dll' (GetLastError=126)
LogWindows: File 'VtuneApi32e.dll' does not exist
LogConsoleResponse: Display: Failed to find resolution value strings in scalability ini. Falling back to default.
LogConsoleResponse: Display: Failed to find resolution value strings in scalability ini. Falling back to default.
LogInit: Display: Running engine for game: Game1
LogPlatformFile: Not using cached read wrapper
LogTaskGraph: Started task graph with 5 named threads and 35 total threads with 3 sets of task threads.
LogStats: Stats thread started at 0.457515
LogICUInternationalization: ICU TimeZone Detection - Raw Offset: +5:00, Platform Override: ''
LogInit: Display: Loading text-based GConfig....
LogPluginManager: Mounting plugin MeshPainting
LogPluginManager: Mounting plugin XGEController
LogPluginManager: Mounting plugin Paper2D
LogPluginManager: Mounting plugin LiveLink
LogPluginManager: Mounting plugin LightPropagationVolume
LogPluginManager: Mounting plugin AISupport
LogPluginManager: Mounting plugin EnvironmentQueryEditor
LogPluginManager: Mounting plugin CameraShakePreviewer
LogPluginManager: Mounting plugin AssetManagerEditor
LogPluginManager: Mounting plugin GameplayCameras
LogPluginManager: Mounting plugin OodleNetwork
LogPluginManager: Mounting plugin OodleData
LogPluginManager: Mounting plugin CryptoKeys
LogPluginManager: Mounting plugin DataValidation
LogPluginManager: Mounting plugin CurveEditorTools
LogPluginManager: Mounting plugin FacialAnimation
LogPluginManager: Mounting plugin GameplayTagsEditor
LogPluginManager: Mounting plugin GeometryMode
LogPluginManager: Mounting plugin DatasmithContent
LogPluginManager: Mounting plugin MacGraphicsSwitching
LogPluginManager: Mounting plugin MobileLauncherProfileWizard
LogPluginManager: Mounting plugin MaterialAnalyzer
LogPluginManager: Mounting plugin SpeedTreeImporter
LogPluginManager: Mounting plugin VariantManagerContent
LogPluginManager: Mounting plugin PluginBrowser
LogPluginManager: Mounting plugin Niagara
LogPluginManager: Mounting plugin CodeLiteSourceCodeAccess
LogPluginManager: Mounting plugin GitSourceControl
LogPluginManager: Mounting plugin CLionSourceCodeAccess
LogPluginManager: Mounting plugin AnimationSharing
LogPluginManager: Mounting plugin NullSourceCodeAccess
LogPluginManager: Mounting plugin KDevelopSourceCodeAccess
LogPluginManager: Mounting plugin PerforceSourceControl
LogPluginManager: Mounting plugin PropertyAccessNode
LogPluginManager: Mounting plugin RiderSourceCodeAccess
LogPluginManager: Mounting plugin PlasticSourceControl
LogPluginManager: Mounting plugin PluginUtils
LogPluginManager: Mounting plugin PixWinPlugin
LogPluginManager: Mounting plugin SubversionSourceControl
LogPluginManager: Mounting plugin TextureFormatOodle
LogPluginManager: Mounting plugin UObjectPlugin
LogPluginManager: Mounting plugin VisualStudioSourceCodeAccess
LogPluginManager: Mounting plugin VisualStudioCodeSourceCodeAccess
LogPluginManager: Mounting plugin XCodeSourceCodeAccess
LogPluginManager: Mounting plugin AlembicImporter
LogPluginManager: Mounting plugin AutomationUtils
LogPluginManager: Mounting plugin ChaosCloth
LogPluginManager: Mounting plugin ChaosClothEditor
LogPluginManager: Mounting plugin BackChannel
LogPluginManager: Mounting plugin ChaosEditor
LogPluginManager: Mounting plugin ChaosNiagara
LogPluginManager: Mounting plugin LuminPlatformFeatures
LogPluginManager: Mounting plugin ChaosSolverPlugin
LogPluginManager: Mounting plugin CharacterAI
LogPluginManager: Mounting plugin MagicLeap
LogPluginManager: Mounting plugin GeometryCache
LogPluginManager: Mounting plugin GeometryCollectionPlugin
LogPluginManager: Mounting plugin MagicLeapMedia
LogPluginManager: Mounting plugin MagicLeapLightEstimation
LogPluginManager: Mounting plugin MagicLeapPassableWorld
LogPluginManager: Mounting plugin GeometryProcessing
LogPluginManager: Mounting plugin MLSDK
LogPluginManager: Mounting plugin OpenImageDenoise
LogPluginManager: Mounting plugin MotoSynth
LogPluginManager: Mounting plugin PlatformCrypto
LogPluginManager: Mounting plugin ProxyLODPlugin
LogPluginManager: Mounting plugin PythonScriptPlugin
LogPluginManager: Mounting plugin PlanarCut
LogPluginManager: Mounting plugin SkeletalReduction
LogPluginManager: Mounting plugin AvfMedia
LogPluginManager: Mounting plugin AndroidMedia
LogPluginManager: Mounting plugin ImgMedia
LogPluginManager: Mounting plugin MediaCompositing
LogPluginManager: Mounting plugin MediaPlayerEditor
LogPluginManager: Mounting plugin ActorSequence
LogPluginManager: Mounting plugin UdpMessaging
LogPluginManager: Mounting plugin WmfMedia
LogPluginManager: Mounting plugin TcpMessaging
LogPluginManager: Mounting plugin WebMMedia
LogPluginManager: Mounting plugin LevelSequenceEditor
LogPluginManager: Mounting plugin TemplateSequence
LogPluginManager: Mounting plugin ActorLayerUtilities
LogPluginManager: Mounting plugin OnlineSubsystem
LogPluginManager: Mounting plugin MatineeToLevelSequence
LogPluginManager: Mounting plugin AndroidDeviceProfileSelector
LogPluginManager: Mounting plugin AndroidMoviePlayer
LogPluginManager: Mounting plugin AndroidPermission
LogPluginManager: Mounting plugin OnlineSubsystemNull
LogPluginManager: Mounting plugin AppleMoviePlayer
LogPluginManager: Mounting plugin AppleImageUtils
LogPluginManager: Mounting plugin AssetTags
LogPluginManager: Mounting plugin OnlineSubsystemSteam
LogPluginManager: Mounting plugin OnlineSubsystemUtils
LogPluginManager: Mounting plugin AudioSynesthesia
LogPluginManager: Mounting plugin CableComponent
LogPluginManager: Mounting plugin ArchVisCharacter
LogPluginManager: Mounting plugin ChunkDownloader
LogPluginManager: Mounting plugin ExampleDeviceProfileSelector
LogPluginManager: Mounting plugin AudioCapture
LogPluginManager: Mounting plugin GoogleCloudMessaging
LogPluginManager: Mounting plugin CustomMeshComponent
LogPluginManager: Mounting plugin EditableMesh
LogPluginManager: Mounting plugin GooglePAD
LogPluginManager: Mounting plugin IOSDeviceProfileSelector
LogPluginManager: Mounting plugin LinuxDeviceProfileSelector
LogPluginManager: Mounting plugin LocationServicesBPLibrary
LogPluginManager: Mounting plugin MobilePatchingUtils
LogPluginManager: Mounting plugin OpenXR
LogPluginManager: Mounting plugin OpenXRHandTracking
LogPluginManager: Mounting plugin PhysXVehicles
LogPluginManager: Mounting plugin PostSplashScreen
LogPluginManager: Mounting plugin OpenXREyeTracker
LogPluginManager: Mounting plugin PropertyAccessEditor
LogPluginManager: Mounting plugin ProceduralMeshComponent
LogPluginManager: Mounting plugin SignificanceManager
LogPluginManager: Mounting plugin RuntimePhysXCooking
LogPluginManager: Mounting plugin Synthesis
LogPluginManager: Mounting plugin SoundFields
LogPluginManager: Mounting plugin WindowsMoviePlayer
LogPluginManager: Mounting plugin WebMMoviePlayer
LogPluginManager: Mounting plugin LauncherChunkInstaller
LogPluginManager: Mounting plugin Takes
LogPluginManager: Mounting plugin ScreenshotTools
LogPluginManager: Mounting plugin ContentBrowserAssetDataSource
LogPluginManager: Mounting plugin ContentBrowserClassDataSource
LogPluginManager: Mounting plugin ContentBrowserFileDataSource
LogPluginManager: Mounting plugin OnlineSubsystemGooglePlay
LogPluginManager: Mounting plugin OnlineSubsystemIOS
LogPluginManager: Mounting plugin OculusVR
LogPluginManager: Mounting plugin SteamShared
LogPluginManager: Mounting plugin SteamVR
PixWinPlugin: PIX capture plugin failed to initialize! Check that the process is launched from PIX.
LogInit: Using libcurl 7.55.1-DEV
LogInit:  - built for x86_64-pc-win32
LogInit:  - supports SSL with OpenSSL/1.1.1
LogInit:  - supports HTTP deflate (compression) using libz 1.2.8
LogInit:  - other features:
LogInit:      CURL_VERSION_SSL
LogInit:      CURL_VERSION_LIBZ
LogInit:      CURL_VERSION_IPV6
LogInit:      CURL_VERSION_ASYNCHDNS
LogInit:      CURL_VERSION_LARGEFILE
LogInit:      CURL_VERSION_IDN
LogInit:  CurlRequestOptions (configurable via config and command line):
LogInit:  - bVerifyPeer = true  - Libcurl will verify peer certificate
LogInit:  - bUseHttpProxy = false  - Libcurl will NOT use HTTP proxy
LogInit:  - bDontReuseConnections = false  - Libcurl will reuse connections
LogInit:  - MaxHostConnections = 16  - Libcurl will limit the number of connections to a host
LogInit:  - LocalHostAddr = Default
LogInit:  - BufferSize = 65536
LogSteamShared: Display: Loading Steam SDK 1.51
LogSteamShared: Steam SDK Loaded!
LogOnline: OSS: Creating online subsystem instance for: Steam
LogOnline: STEAM: Steam User is subscribed 1
LogOnline: STEAM: [AppId: 480] Client API initialized 1
LogOnline: STEAM: Initializing SteamNetworking Layer
LogOnline: STEAM: Missing P2PCleanupTimeout key in OnlineSubsystemSteam of DefaultEngine.ini, using default
LogInit: WinSock: version 1.1 (2.2), MaxSocks=32767, MaxUdp=65467
LogOnline: OSS: TryLoadSubsystemAndSetDefault: Loaded subsystem for module [Steam]
LogOculusPluginWrapper: OculusPlugin initialized successfully
LogHMD: Failed initializing OVRPlugin 1.59.0
LogInit: Build: ++UE4+Release-4.27-CL-18319896
LogInit: Engine Version: 4.27.2-18319896+++UE4+Release-4.27
LogInit: Compatible Engine Version: 4.27.0-17155196+++UE4+Release-4.27
LogInit: Net CL: 17155196
LogInit: OS: Windows 10 (Release 2009) (), CPU: AMD Ryzen 5 5500U with Radeon Graphics         , GPU: AMD Radeon(TM) Graphics
LogInit: Compiled (64-bit): Nov 30 2021 07:12:08
LogInit: Compiled with Visual C++: 19.24.28315.00
LogInit: Build Configuration: Development
LogInit: Branch Name: ++UE4+Release-4.27
LogInit: Command Line:  /Game/TopDownBP/Maps/ArenaBase?Listen -game -PIEVIACONSOLE -Multiprocess GameUserSettingsINI=C:/Users/User/Desktop/projectory/felhounds/Hungry-Felhounds/Saved/Config/Windows/PIEGameUserSettings0.ini -MultiprocessSaveConfig -forcepassthrough -messaging -SessionName="Play in Standalone Game" -port=17777 -windowed -WinX=0 -WinY=24 SAVEWINPOS=1 -ResX=640 -ResY=480
LogInit: Base Directory: D:/unity/UE_4.27/Engine/Binaries/Win64/
LogInit: Allocator: TBB
LogInit: Installed Engine Build: 1
LogDevObjectVersion: Number of dev versions registered: 29
LogDevObjectVersion:   Dev-Blueprints (B0D832E4-1F89-4F0D-ACCF-7EB736FD4AA2): 10
LogDevObjectVersion:   Dev-Build (E1C64328-A22C-4D53-A36C-8E866417BD8C): 0
LogDevObjectVersion:   Dev-Core (375EC13C-06E4-48FB-B500-84F0262A717E): 4
LogDevObjectVersion:   Dev-Editor (E4B068ED-F494-42E9-A231-DA0B2E46BB41): 40
LogDevObjectVersion:   Dev-Framework (CFFC743F-43B0-4480-9391-14DF171D2073): 37
LogDevObjectVersion:   Dev-Mobile (B02B49B5-BB20-44E9-A304-32B752E40360): 3
LogDevObjectVersion:   Dev-Networking (A4E4105C-59A1-49B5-A7C5-40C4547EDFEE): 0
LogDevObjectVersion:   Dev-Online (39C831C9-5AE6-47DC-9A44-9C173E1C8E7C): 0
LogDevObjectVersion:   Dev-Physics (78F01B33-EBEA-4F98-B9B4-84EACCB95AA2): 14
LogDevObjectVersion:   Dev-Platform (6631380F-2D4D-43E0-8009-CF276956A95A): 0
LogDevObjectVersion:   Dev-Rendering (12F88B9F-8875-4AFC-A67C-D90C383ABD29): 45
LogDevObjectVersion:   Dev-Sequencer (7B5AE74C-D270-4C10-A958-57980B212A5A): 13
LogDevObjectVersion:   Dev-VR (D7296918-1DD6-4BDD-9DE2-64A83CC13884): 3
LogDevObjectVersion:   Dev-LoadTimes (C2A15278-BFE7-4AFE-6C17-90FF531DF755): 1
LogDevObjectVersion:   Private-Geometry (6EACA3D4-40EC-4CC1-B786-8BED09428FC5): 3
LogDevObjectVersion:   Dev-AnimPhys (29E575DD-E0A3-4627-9D10-D276232CDCEA): 17
LogDevObjectVersion:   Dev-Anim (AF43A65D-7FD3-4947-9873-3E8ED9C1BB05): 15
LogDevObjectVersion:   Dev-ReflectionCapture (6B266CEC-1EC7-4B8F-A30B-E4D90942FC07): 1
LogDevObjectVersion:   Dev-Automation (0DF73D61-A23F-47EA-B727-89E90C41499A): 1
LogDevObjectVersion:   FortniteMain (601D1886-AC64-4F84-AA16-D3DE0DEAC7D6): 47
LogDevObjectVersion:   FortniteRelease (E7086368-6B23-4C58-8439-1B7016265E91): 1
LogDevObjectVersion:   Dev-Enterprise (9DFFBCD6-494F-0158-E221-12823C92A888): 10
LogDevObjectVersion:   Dev-Niagara (F2AED0AC-9AFE-416F-8664-AA7FFA26D6FC): 1
LogDevObjectVersion:   Dev-Destruction (174F1F0B-B4C6-45A5-B13F-2EE8D0FB917D): 10
LogDevObjectVersion:   Dev-Physics-Ext (35F94A83-E258-406C-A318-09F59610247C): 41
LogDevObjectVersion:   Dev-PhysicsMaterial-Chaos (B68FC16E-8B1B-42E2-B453-215C058844FE): 1
LogDevObjectVersion:   Dev-CineCamera (B2E18506-4273-CFC2-A54E-F4BB758BBA07): 1
LogDevObjectVersion:   Dev-VirtualProduction (64F58936-FD1B-42BA-BA96-7289D5D0FA4E): 1
LogDevObjectVersion:   Dev-MediaFramework (6F0ED827-A609-4895-9C91-998D90180EA4): 2
LogInit: Presizing for max 25165824 objects, including 0 objects not considered by GC, pre-allocating 0 bytes for permanent pool.
LogConfig: Applying CVar settings from Section [/Script/Engine.StreamingSettings] File [C:/Users/User/Desktop/projectory/felhounds/Hungry-Felhounds/Saved/Config/Windows/Engine.ini]
LogConfig: Setting CVar [[s.MinBulkDataSizeForAsyncLoading:131072]]
LogConfig: Setting CVar [[s.AsyncLoadingThreadEnabled:0]]
LogConfig: Setting CVar [[s.EventDrivenLoaderEnabled:1]]
LogConfig: Setting CVar [[s.WarnIfTimeLimitExceeded:0]]
LogConfig: Setting CVar [[s.TimeLimitExceededMultiplier:1.5]]
LogConfig: Setting CVar [[s.TimeLimitExceededMinTime:0.005]]
LogConfig: Setting CVar [[s.UseBackgroundLevelStreaming:1]]
LogConfig: Setting CVar [[s.PriorityAsyncLoadingExtraTime:15.0]]
LogConfig: Setting CVar [[s.LevelStreamingActorsUpdateTimeLimit:5.0]]
LogConfig: Setting CVar [[s.PriorityLevelStreamingActorsUpdateExtraTime:5.0]]
LogConfig: Setting CVar [[s.LevelStreamingComponentsRegistrationGranularity:10]]
LogConfig: Setting CVar [[s.UnregisterComponentsTimeLimit:1.0]]
LogConfig: Setting CVar [[s.LevelStreamingComponentsUnregistrationGranularity:5]]
LogConfig: Setting CVar [[s.FlushStreamingOnExit:1]]
LogInit: Object subsystem initialized
LogConfig: Setting CVar [[con.DebugEarlyDefault:1]]
LogConfig: Setting CVar [[r.setres:1280x720]]
[2022.12.22-18.34.03:655][  0]LogConfig: Setting CVar [[con.DebugEarlyDefault:1]]
[2022.12.22-18.34.03:655][  0]LogConfig: Setting CVar [[r.setres:1280x720]]
[2022.12.22-18.34.03:655][  0]LogConfig: Applying CVar settings from Section [/Script/Engine.RendererSettings] File [C:/Users/User/Desktop/projectory/felhounds/Hungry-Felhounds/Saved/Config/Windows/Engine.ini]
[2022.12.22-18.34.03:655][  0]LogConfig: Setting CVar [[r.GPUCrashDebugging:0]]
[2022.12.22-18.34.03:655][  0]LogConfig: Applying CVar settings from Section [/Script/Engine.RendererOverrideSettings] File [C:/Users/User/Desktop/projectory/felhounds/Hungry-Felhounds/Saved/Config/Windows/Engine.ini]
[2022.12.22-18.34.03:655][  0]LogConfig: Applying CVar settings from Section [/Script/Engine.StreamingSettings] File [C:/Users/User/Desktop/projectory/felhounds/Hungry-Felhounds/Saved/Config/Windows/Engine.ini]
[2022.12.22-18.34.03:655][  0]LogConfig: Setting CVar [[s.MinBulkDataSizeForAsyncLoading:131072]]
[2022.12.22-18.34.03:655][  0]LogConfig: Setting CVar [[s.AsyncLoadingThreadEnabled:0]]
[2022.12.22-18.34.03:655][  0]LogConfig: Setting CVar [[s.EventDrivenLoaderEnabled:1]]
[2022.12.22-18.34.03:655][  0]LogConfig: Setting CVar [[s.WarnIfTimeLimitExceeded:0]]
[2022.12.22-18.34.03:655][  0]LogConfig: Setting CVar [[s.TimeLimitExceededMultiplier:1.5]]
[2022.12.22-18.34.03:655][  0]LogConfig: Setting CVar [[s.TimeLimitExceededMinTime:0.005]]
[2022.12.22-18.34.03:655][  0]LogConfig: Setting CVar [[s.UseBackgroundLevelStreaming:1]]
[2022.12.22-18.34.03:655][  0]LogConfig: Setting CVar [[s.PriorityAsyncLoadingExtraTime:15.0]]
[2022.12.22-18.34.03:655][  0]LogConfig: Setting CVar [[s.LevelStreamingActorsUpdateTimeLimit:5.0]]
[2022.12.22-18.34.03:655][  0]LogConfig: Setting CVar [[s.PriorityLevelStreamingActorsUpdateExtraTime:5.0]]
[2022.12.22-18.34.03:655][  0]LogConfig: Setting CVar [[s.LevelStreamingComponentsRegistrationGranularity:10]]
[2022.12.22-18.34.03:655][  0]LogConfig: Setting CVar [[s.UnregisterComponentsTimeLimit:1.0]]
[2022.12.22-18.34.03:655][  0]LogConfig: Setting CVar [[s.LevelStreamingComponentsUnregistrationGranularity:5]]
[2022.12.22-18.34.03:655][  0]LogConfig: Setting CVar [[s.FlushStreamingOnExit:1]]
[2022.12.22-18.34.03:655][  0]LogConfig: Applying CVar settings from Section [/Script/Engine.GarbageCollectionSettings] File [C:/Users/User/Desktop/projectory/felhounds/Hungry-Felhounds/Saved/Config/Windows/Engine.ini]
[2022.12.22-18.34.03:655][  0]LogConfig: Setting CVar [[gc.MaxObjectsNotConsideredByGC:1]]
[2022.12.22-18.34.03:655][  0]LogConfig: Setting CVar [[gc.SizeOfPermanentObjectPool:0]]
[2022.12.22-18.34.03:655][  0]LogConfig: Setting CVar [[gc.FlushStreamingOnGC:0]]
[2022.12.22-18.34.03:655][  0]LogConfig: Setting CVar [[gc.NumRetriesBeforeForcingGC:10]]
[2022.12.22-18.34.03:655][  0]LogConfig: Setting CVar [[gc.AllowParallelGC:1]]
[2022.12.22-18.34.03:655][  0]LogConfig: Setting CVar [[gc.TimeBetweenPurgingPendingKillObjects:61.1]]
[2022.12.22-18.34.03:655][  0]LogConfig: Setting CVar [[gc.MaxObjectsInEditor:25165824]]
[2022.12.22-18.34.03:655][  0]LogConfig: Setting CVar [[gc.IncrementalBeginDestroyEnabled:1]]
[2022.12.22-18.34.03:655][  0]LogConfig: Setting CVar [[gc.CreateGCClusters:1]]
[2022.12.22-18.34.03:655][  0]LogConfig: Setting CVar [[gc.MinGCClusterSize:5]]
[2022.12.22-18.34.03:655][  0]LogConfig: Setting CVar [[gc.ActorClusteringEnabled:0]]
[2022.12.22-18.34.03:655][  0]LogConfig: Setting CVar [[gc.BlueprintClusteringEnabled:0]]
[2022.12.22-18.34.03:655][  0]LogConfig: Setting CVar [[gc.UseDisregardForGCOnDedicatedServers:0]]
[2022.12.22-18.34.03:655][  0]LogConfig: Setting CVar [[gc.MultithreadedDestructionEnabled:1]]
[2022.12.22-18.34.03:655][  0]LogConfig: Applying CVar settings from Section [/Script/Engine.NetworkSettings] File [C:/Users/User/Desktop/projectory/felhounds/Hungry-Felhounds/Saved/Config/Windows/Engine.ini]
[2022.12.22-18.34.03:655][  0]LogConfig: Applying CVar settings from Section [/Script/UnrealEd.CookerSettings] File [C:/Users/User/Desktop/projectory/felhounds/Hungry-Felhounds/Saved/Config/Windows/Engine.ini]
[2022.12.22-18.34.03:673][  0]LogConfig: Applying CVar settings from Section [ViewDistanceQuality@3] File [C:/Users/User/Desktop/projectory/felhounds/Hungry-Felhounds/Saved/Config/Windows/Scalability.ini]
[2022.12.22-18.34.03:673][  0]LogConfig: Setting CVar [[r.SkeletalMeshLODBias:0]]
[2022.12.22-18.34.03:673][  0]LogConfig: Setting CVar [[r.ViewDistanceScale:1.0]]
[2022.12.22-18.34.03:673][  0]LogConfig: Applying CVar settings from Section [AntiAliasingQuality@3] File [C:/Users/User/Desktop/projectory/felhounds/Hungry-Felhounds/Saved/Config/Windows/Scalability.ini]
[2022.12.22-18.34.03:673][  0]LogConfig: Setting CVar [[r.PostProcessAAQuality:4]]
[2022.12.22-18.34.03:673][  0]LogConfig: Applying CVar settings from Section [ShadowQuality@3] File [C:/Users/User/Desktop/projectory/felhounds/Hungry-Felhounds/Saved/Config/Windows/Scalability.ini]
[2022.12.22-18.34.03:673][  0]LogConfig: Setting CVar [[r.LightFunctionQuality:1]]
[2022.12.22-18.34.03:673][  0]LogConfig: Setting CVar [[r.ShadowQuality:5]]
[2022.12.22-18.34.03:673][  0]LogConfig: Setting CVar [[r.Shadow.CSM.MaxCascades:10]]
[2022.12.22-18.34.03:673][  0]LogConfig: Setting CVar [[r.Shadow.MaxResolution:2048]]
[2022.12.22-18.34.03:673][  0]LogConfig: Setting CVar [[r.Shadow.MaxCSMResolution:2048]]
[2022.12.22-18.34.03:673][  0]LogConfig: Setting CVar [[r.Shadow.RadiusThreshold:0.01]]
[2022.12.22-18.34.03:673][  0]LogConfig: Setting CVar [[r.Shadow.DistanceScale:1.0]]
[2022.12.22-18.34.03:673][  0]LogConfig: Setting CVar [[r.Shadow.CSM.TransitionScale:1.0]]
[2022.12.22-18.34.03:673][  0]LogConfig: Setting CVar [[r.Shadow.PreShadowResolutionFactor:1.0]]
[2022.12.22-18.34.03:673][  0]LogConfig: Setting CVar [[r.DistanceFieldShadowing:1]]
[2022.12.22-18.34.03:673][  0]LogConfig: Setting CVar [[r.DistanceFieldAO:1]]
[2022.12.22-18.34.03:673][  0]LogConfig: Setting CVar [[r.AOQuality:2]]
[2022.12.22-18.34.03:673][  0]LogConfig: Setting CVar [[r.VolumetricFog:1]]
[2022.12.22-18.34.03:673][  0]LogConfig: Setting CVar [[r.VolumetricFog.GridPixelSize:8]]
[2022.12.22-18.34.03:673][  0]LogConfig: Setting CVar [[r.VolumetricFog.GridSizeZ:128]]
[2022.12.22-18.34.03:673][  0]LogConfig: Setting CVar [[r.VolumetricFog.HistoryMissSupersampleCount:4]]
[2022.12.22-18.34.03:673][  0]LogConfig: Setting CVar [[r.LightMaxDrawDistanceScale:1]]
[2022.12.22-18.34.03:673][  0]LogConfig: Setting CVar [[r.CapsuleShadows:1]]
[2022.12.22-18.34.03:673][  0]LogConfig: Applying CVar settings from Section [PostProcessQuality@3] File [C:/Users/User/Desktop/projectory/felhounds/Hungry-Felhounds/Saved/Config/Windows/Scalability.ini]
[2022.12.22-18.34.03:673][  0]LogConfig: Setting CVar [[r.MotionBlurQuality:4]]
[2022.12.22-18.34.03:673][  0]LogConfig: Setting CVar [[r.AmbientOcclusionMipLevelFactor:0.4]]
[2022.12.22-18.34.03:673][  0]LogConfig: Setting CVar [[r.AmbientOcclusionMaxQuality:100]]
[2022.12.22-18.34.03:673][  0]LogConfig: Setting CVar [[r.AmbientOcclusionLevels:-1]]
[2022.12.22-18.34.03:673][  0]LogConfig: Setting CVar [[r.AmbientOcclusionRadiusScale:1.0]]
[2022.12.22-18.34.03:673][  0]LogConfig: Setting CVar [[r.DepthOfFieldQuality:2]]
[2022.12.22-18.34.03:673][  0]LogConfig: Setting CVar [[r.RenderTargetPoolMin:400]]
[2022.12.22-18.34.03:673][  0]LogConfig: Setting CVar [[r.LensFlareQuality:2]]
[2022.12.22-18.34.03:673][  0]LogConfig: Setting CVar [[r.SceneColorFringeQuality:1]]
[2022.12.22-18.34.03:673][  0]LogConfig: Setting CVar [[r.EyeAdaptationQuality:2]]
[2022.12.22-18.34.03:673][  0]LogConfig: Setting CVar [[r.BloomQuality:5]]
[2022.12.22-18.34.03:673][  0]LogConfig: Setting CVar [[r.FastBlurThreshold:100]]
[2022.12.22-18.34.03:673][  0]LogConfig: Setting CVar [[r.Upscale.Quality:3]]
[2022.12.22-18.34.03:673][  0]LogConfig: Setting CVar [[r.Tonemapper.GrainQuantization:1]]
[2022.12.22-18.34.03:673][  0]LogConfig: Setting CVar [[r.LightShaftQuality:1]]
[2022.12.22-18.34.03:673][  0]LogConfig: Setting CVar [[r.Filter.SizeScale:1]]
[2022.12.22-18.34.03:673][  0]LogConfig: Setting CVar [[r.Tonemapper.Quality:5]]
[2022.12.22-18.34.03:673][  0]LogConfig: Setting CVar [[r.DOF.Gather.AccumulatorQuality:1        ; higher gathering accumulator quality]]
[2022.12.22-18.34.03:673][  0]LogConfig: Setting CVar [[r.DOF.Gather.PostfilterMethod:1          ; Median3x3 postfilering method]]
[2022.12.22-18.34.03:673][  0]LogConfig: Setting CVar [[r.DOF.Gather.EnableBokehSettings:0       ; no bokeh simulation when gathering]]
[2022.12.22-18.34.03:673][  0]LogConfig: Setting CVar [[r.DOF.Gather.RingCount:4                 ; medium number of samples when gathering]]
[2022.12.22-18.34.03:673][  0]LogConfig: Setting CVar [[r.DOF.Scatter.ForegroundCompositing:1    ; additive foreground scattering]]
[2022.12.22-18.34.03:673][  0]LogConfig: Setting CVar [[r.DOF.Scatter.BackgroundCompositing:2    ; additive background scattering]]
[2022.12.22-18.34.03:673][  0]LogConfig: Setting CVar [[r.DOF.Scatter.EnableBokehSettings:1      ; bokeh simulation when scattering]]
[2022.12.22-18.34.03:673][  0]LogConfig: Setting CVar [[r.DOF.Scatter.MaxSpriteRatio:0.1         ; only a maximum of 10% of scattered bokeh]]
[2022.12.22-18.34.03:673][  0]LogConfig: Setting CVar [[r.DOF.Recombine.Quality:1                ; cheap slight out of focus]]
[2022.12.22-18.34.03:673][  0]LogConfig: Setting CVar [[r.DOF.Recombine.EnableBokehSettings:0    ; no bokeh simulation on slight out of focus]]
[2022.12.22-18.34.03:673][  0]LogConfig: Setting CVar [[r.DOF.TemporalAAQuality:1                ; more stable temporal accumulation]]
[2022.12.22-18.34.03:673][  0]LogConfig: Setting CVar [[r.DOF.Kernel.MaxForegroundRadius:0.025]]
[2022.12.22-18.34.03:673][  0]LogConfig: Setting CVar [[r.DOF.Kernel.MaxBackgroundRadius:0.025]]
[2022.12.22-18.34.03:673][  0]LogConfig: Applying CVar settings from Section [TextureQuality@3] File [C:/Users/User/Desktop/projectory/felhounds/Hungry-Felhounds/Saved/Config/Windows/Scalability.ini]
[2022.12.22-18.34.03:673][  0]LogConfig: Setting CVar [[r.Streaming.MipBias:0]]
[2022.12.22-18.34.03:673][  0]LogConfig: Setting CVar [[r.Streaming.AmortizeCPUToGPUCopy:0]]
[2022.12.22-18.34.03:673][  0]LogConfig: Setting CVar [[r.Streaming.MaxNumTexturesToStreamPerFrame:0]]
[2022.12.22-18.34.03:673][  0]LogConfig: Setting CVar [[r.Streaming.Boost:1]]
[2022.12.22-18.34.03:673][  0]LogConfig: Setting CVar [[r.MaxAnisotropy:8]]
[2022.12.22-18.34.03:673][  0]LogConfig: Setting CVar [[r.VT.MaxAnisotropy:8]]
[2022.12.22-18.34.03:673][  0]LogConfig: Setting CVar [[r.Streaming.LimitPoolSizeToVRAM:0]]
[2022.12.22-18.34.03:673][  0]LogConfig: Setting CVar [[r.Streaming.PoolSize:1000]]
[2022.12.22-18.34.03:673][  0]LogConfig: Setting CVar [[r.Streaming.MaxEffectiveScreenSize:0]]
[2022.12.22-18.34.03:673][  0]LogConfig: Applying CVar settings from Section [EffectsQuality@3] File [C:/Users/User/Desktop/projectory/felhounds/Hungry-Felhounds/Saved/Config/Windows/Scalability.ini]
[2022.12.22-18.34.03:673][  0]LogConfig: Setting CVar [[r.TranslucencyLightingVolumeDim:64]]
[2022.12.22-18.34.03:673][  0]LogConfig: Setting CVar [[r.RefractionQuality:2]]
[2022.12.22-18.34.03:673][  0]LogConfig: Setting CVar [[r.SSR.Quality:3]]
[2022.12.22-18.34.03:673][  0]LogConfig: Setting CVar [[r.SSR.HalfResSceneColor:0]]
[2022.12.22-18.34.03:673][  0]LogConfig: Setting CVar [[r.SceneColorFormat:4]]
[2022.12.22-18.34.03:673][  0]LogConfig: Setting CVar [[r.DetailMode:2]]
[2022.12.22-18.34.03:673][  0]LogConfig: Setting CVar [[r.TranslucencyVolumeBlur:1]]
[2022.12.22-18.34.03:673][  0]LogConfig: Setting CVar [[r.MaterialQualityLevel:1 ; High quality]]
[2022.12.22-18.34.03:673][  0]LogConfig: Setting CVar [[r.AnisotropicMaterials:1]]
[2022.12.22-18.34.03:673][  0]LogConfig: Setting CVar [[r.SSS.Scale:1]]
[2022.12.22-18.34.03:673][  0]LogConfig: Setting CVar [[r.SSS.SampleSet:2]]
[2022.12.22-18.34.03:673][  0]LogConfig: Setting CVar [[r.SSS.Quality:1]]
[2022.12.22-18.34.03:673][  0]LogConfig: Setting CVar [[r.SSS.HalfRes:0]]
[2022.12.22-18.34.03:673][  0]LogConfig: Setting CVar [[r.SSGI.Quality:3]]
[2022.12.22-18.34.03:674][  0]LogConfig: Setting CVar [[r.EmitterSpawnRateScale:1.0]]
[2022.12.22-18.34.03:674][  0]LogConfig: Setting CVar [[r.ParticleLightQuality:2]]
[2022.12.22-18.34.03:674][  0]LogConfig: Setting CVar [[r.SkyAtmosphere.AerialPerspectiveLUT.FastApplyOnOpaque:1 ; Always have FastSkyLUT 1 in this case to avoid wrong sky]]
[2022.12.22-18.34.03:674][  0]LogConfig: Setting CVar [[r.SkyAtmosphere.AerialPerspectiveLUT.SampleCountMaxPerSlice:4]]
[2022.12.22-18.34.03:674][  0]LogConfig: Setting CVar [[r.SkyAtmosphere.AerialPerspectiveLUT.DepthResolution:16.0]]
[2022.12.22-18.34.03:674][  0]LogConfig: Setting CVar [[r.SkyAtmosphere.FastSkyLUT:1]]
[2022.12.22-18.34.03:674][  0]LogConfig: Setting CVar [[r.SkyAtmosphere.FastSkyLUT.SampleCountMin:4.0]]
[2022.12.22-18.34.03:675][  0]LogConfig: Setting CVar [[r.SkyAtmosphere.FastSkyLUT.SampleCountMax:128.0]]
[2022.12.22-18.34.03:675][  0]LogConfig: Setting CVar [[r.SkyAtmosphere.SampleCountMin:4.0]]
[2022.12.22-18.34.03:675][  0]LogConfig: Setting CVar [[r.SkyAtmosphere.SampleCountMax:128.0]]
[2022.12.22-18.34.03:675][  0]LogConfig: Setting CVar [[r.SkyAtmosphere.TransmittanceLUT.UseSmallFormat:0]]
[2022.12.22-18.34.03:675][  0]LogConfig: Setting CVar [[r.SkyAtmosphere.TransmittanceLUT.SampleCount:10.0]]
[2022.12.22-18.34.03:675][  0]LogConfig: Setting CVar [[r.SkyAtmosphere.MultiScatteringLUT.SampleCount:15.0]]
[2022.12.22-18.34.03:675][  0]LogConfig: Setting CVar [[r.SkyLight.RealTimeReflectionCapture:1]]
[2022.12.22-18.34.03:675][  0]LogConfig: Applying CVar settings from Section [FoliageQuality@3] File [C:/Users/User/Desktop/projectory/felhounds/Hungry-Felhounds/Saved/Config/Windows/Scalability.ini]
[2022.12.22-18.34.03:675][  0]LogConfig: Setting CVar [[foliage.DensityScale:1.0]]
[2022.12.22-18.34.03:675][  0]LogConfig: Setting CVar [[grass.DensityScale:1.0]]
[2022.12.22-18.34.03:675][  0]LogConfig: Applying CVar settings from Section [ShadingQuality@3] File [C:/Users/User/Desktop/projectory/felhounds/Hungry-Felhounds/Saved/Config/Windows/Scalability.ini]
[2022.12.22-18.34.03:675][  0]LogConfig: Setting CVar [[r.HairStrands.SkyLighting.IntegrationType:2]]
[2022.12.22-18.34.03:675][  0]LogConfig: Setting CVar [[r.HairStrands.SkyAO.SampleCount:4]]
[2022.12.22-18.34.03:675][  0]LogConfig: Setting CVar [[r.HairStrands.Visibility.MSAA.SamplePerPixel:4]]
[2022.12.22-18.34.03:675][  0]LogInit: Selected Device Profile: [Windows]
[2022.12.22-18.34.03:675][  0]LogInit: Applying CVar settings loaded from the selected device profile: [Windows]
[2022.12.22-18.34.03:675][  0]LogHAL: Display: Platform has ~ 8 GB [7879585792 / 8589934592 / 8], which maps to Default [LargestMinGB=32, LargerMinGB=12, DefaultMinGB=8, SmallerMinGB=6, SmallestMinGB=0)
[2022.12.22-18.34.03:675][  0]LogInit: Going up to parent DeviceProfile []
[2022.12.22-18.34.03:675][  0]LogConfig: Applying CVar settings from Section [ViewDistanceQuality@3] File [C:/Users/User/Desktop/projectory/felhounds/Hungry-Felhounds/Saved/Config/Windows/Scalability.ini]
[2022.12.22-18.34.03:675][  0]LogConfig: Setting CVar [[r.SkeletalMeshLODBias:0]]
[2022.12.22-18.34.03:675][  0]LogConfig: Setting CVar [[r.ViewDistanceScale:1.0]]
[2022.12.22-18.34.03:675][  0]LogConfig: Applying CVar settings from Section [AntiAliasingQuality@3] File [C:/Users/User/Desktop/projectory/felhounds/Hungry-Felhounds/Saved/Config/Windows/Scalability.ini]
[2022.12.22-18.34.03:675][  0]LogConfig: Setting CVar [[r.PostProcessAAQuality:4]]
[2022.12.22-18.34.03:675][  0]LogConfig: Applying CVar settings from Section [ShadowQuality@3] File [C:/Users/User/Desktop/projectory/felhounds/Hungry-Felhounds/Saved/Config/Windows/Scalability.ini]
[2022.12.22-18.34.03:675][  0]LogConfig: Setting CVar [[r.LightFunctionQuality:1]]
[2022.12.22-18.34.03:675][  0]LogConfig: Setting CVar [[r.ShadowQuality:5]]
[2022.12.22-18.34.03:675][  0]LogConfig: Setting CVar [[r.Shadow.CSM.MaxCascades:10]]
[2022.12.22-18.34.03:675][  0]LogConfig: Setting CVar [[r.Shadow.MaxResolution:2048]]
[2022.12.22-18.34.03:675][  0]LogConfig: Setting CVar [[r.Shadow.MaxCSMResolution:2048]]
[2022.12.22-18.34.03:675][  0]LogConfig: Setting CVar [[r.Shadow.RadiusThreshold:0.01]]
[2022.12.22-18.34.03:675][  0]LogConfig: Setting CVar [[r.Shadow.DistanceScale:1.0]]
[2022.12.22-18.34.03:675][  0]LogConfig: Setting CVar [[r.Shadow.CSM.TransitionScale:1.0]]
[2022.12.22-18.34.03:675][  0]LogConfig: Setting CVar [[r.Shadow.PreShadowResolutionFactor:1.0]]
[2022.12.22-18.34.03:675][  0]LogConfig: Setting CVar [[r.DistanceFieldShadowing:1]]
[2022.12.22-18.34.03:675][  0]LogConfig: Setting CVar [[r.DistanceFieldAO:1]]
[2022.12.22-18.34.03:675][  0]LogConfig: Setting CVar [[r.AOQuality:2]]
[2022.12.22-18.34.03:675][  0]LogConfig: Setting CVar [[r.VolumetricFog:1]]
[2022.12.22-18.34.03:675][  0]LogConfig: Setting CVar [[r.VolumetricFog.GridPixelSize:8]]
[2022.12.22-18.34.03:675][  0]LogConfig: Setting CVar [[r.VolumetricFog.GridSizeZ:128]]
[2022.12.22-18.34.03:675][  0]LogConfig: Setting CVar [[r.VolumetricFog.HistoryMissSupersampleCount:4]]
[2022.12.22-18.34.03:675][  0]LogConfig: Setting CVar [[r.LightMaxDrawDistanceScale:1]]
[2022.12.22-18.34.03:675][  0]LogConfig: Setting CVar [[r.CapsuleShadows:1]]
[2022.12.22-18.34.03:675][  0]LogConfig: Applying CVar settings from Section [PostProcessQuality@3] File [C:/Users/User/Desktop/projectory/felhounds/Hungry-Felhounds/Saved/Config/Windows/Scalability.ini]
[2022.12.22-18.34.03:675][  0]LogConfig: Setting CVar [[r.MotionBlurQuality:4]]
[2022.12.22-18.34.03:675][  0]LogConfig: Setting CVar [[r.AmbientOcclusionMipLevelFactor:0.4]]
[2022.12.22-18.34.03:675][  0]LogConfig: Setting CVar [[r.AmbientOcclusionMaxQuality:100]]
[2022.12.22-18.34.03:675][  0]LogConfig: Setting CVar [[r.AmbientOcclusionLevels:-1]]
[2022.12.22-18.34.03:675][  0]LogConfig: Setting CVar [[r.AmbientOcclusionRadiusScale:1.0]]
[2022.12.22-18.34.03:675][  0]LogConfig: Setting CVar [[r.DepthOfFieldQuality:2]]
[2022.12.22-18.34.03:675][  0]LogConfig: Setting CVar [[r.RenderTargetPoolMin:400]]
[2022.12.22-18.34.03:675][  0]LogConfig: Setting CVar [[r.LensFlareQuality:2]]
[2022.12.22-18.34.03:675][  0]LogConfig: Setting CVar [[r.SceneColorFringeQuality:1]]
[2022.12.22-18.34.03:675][  0]LogConfig: Setting CVar [[r.EyeAdaptationQuality:2]]
[2022.12.22-18.34.03:675][  0]LogConfig: Setting CVar [[r.BloomQuality:5]]
[2022.12.22-18.34.03:675][  0]LogConfig: Setting CVar [[r.FastBlurThreshold:100]]
[2022.12.22-18.34.03:675][  0]LogConfig: Setting CVar [[r.Upscale.Quality:3]]
[2022.12.22-18.34.03:675][  0]LogConfig: Setting CVar [[r.Tonemapper.GrainQuantization:1]]
[2022.12.22-18.34.03:675][  0]LogConfig: Setting CVar [[r.LightShaftQuality:1]]
[2022.12.22-18.34.03:675][  0]LogConfig: Setting CVar [[r.Filter.SizeScale:1]]
[2022.12.22-18.34.03:675][  0]LogConfig: Setting CVar [[r.Tonemapper.Quality:5]]
[2022.12.22-18.34.03:675][  0]LogConfig: Setting CVar [[r.DOF.Gather.AccumulatorQuality:1        ; higher gathering accumulator quality]]
[2022.12.22-18.34.03:675][  0]LogConfig: Setting CVar [[r.DOF.Gather.PostfilterMethod:1          ; Median3x3 postfilering method]]
[2022.12.22-18.34.03:675][  0]LogConfig: Setting CVar [[r.DOF.Gather.EnableBokehSettings:0       ; no bokeh simulation when gathering]]
[2022.12.22-18.34.03:675][  0]LogConfig: Setting CVar [[r.DOF.Gather.RingCount:4                 ; medium number of samples when gathering]]
[2022.12.22-18.34.03:675][  0]LogConfig: Setting CVar [[r.DOF.Scatter.ForegroundCompositing:1    ; additive foreground scattering]]
[2022.12.22-18.34.03:675][  0]LogConfig: Setting CVar [[r.DOF.Scatter.BackgroundCompositing:2    ; additive background scattering]]
[2022.12.22-18.34.03:675][  0]LogConfig: Setting CVar [[r.DOF.Scatter.EnableBokehSettings:1      ; bokeh simulation when scattering]]
[2022.12.22-18.34.03:675][  0]LogConfig: Setting CVar [[r.DOF.Scatter.MaxSpriteRatio:0.1         ; only a maximum of 10% of scattered bokeh]]
[2022.12.22-18.34.03:675][  0]LogConfig: Setting CVar [[r.DOF.Recombine.Quality:1                ; cheap slight out of focus]]
[2022.12.22-18.34.03:675][  0]LogConfig: Setting CVar [[r.DOF.Recombine.EnableBokehSettings:0    ; no bokeh simulation on slight out of focus]]
[2022.12.22-18.34.03:675][  0]LogConfig: Setting CVar [[r.DOF.TemporalAAQuality:1                ; more stable temporal accumulation]]
[2022.12.22-18.34.03:675][  0]LogConfig: Setting CVar [[r.DOF.Kernel.MaxForegroundRadius:0.025]]
[2022.12.22-18.34.03:675][  0]LogConfig: Setting CVar [[r.DOF.Kernel.MaxBackgroundRadius:0.025]]
[2022.12.22-18.34.03:676][  0]LogConfig: Applying CVar settings from Section [TextureQuality@3] File [C:/Users/User/Desktop/projectory/felhounds/Hungry-Felhounds/Saved/Config/Windows/Scalability.ini]
[2022.12.22-18.34.03:676][  0]LogConfig: Setting CVar [[r.Streaming.MipBias:0]]
[2022.12.22-18.34.03:676][  0]LogConfig: Setting CVar [[r.Streaming.AmortizeCPUToGPUCopy:0]]
[2022.12.22-18.34.03:676][  0]LogConfig: Setting CVar [[r.Streaming.MaxNumTexturesToStreamPerFrame:0]]
[2022.12.22-18.34.03:676][  0]LogConfig: Setting CVar [[r.Streaming.Boost:1]]
[2022.12.22-18.34.03:676][  0]LogConfig: Setting CVar [[r.MaxAnisotropy:8]]
[2022.12.22-18.34.03:676][  0]LogConfig: Setting CVar [[r.VT.MaxAnisotropy:8]]
[2022.12.22-18.34.03:676][  0]LogConfig: Setting CVar [[r.Streaming.LimitPoolSizeToVRAM:0]]
[2022.12.22-18.34.03:676][  0]LogConfig: Setting CVar [[r.Streaming.PoolSize:1000]]
[2022.12.22-18.34.03:676][  0]LogConfig: Setting CVar [[r.Streaming.MaxEffectiveScreenSize:0]]
[2022.12.22-18.34.03:676][  0]LogConfig: Applying CVar settings from Section [EffectsQuality@3] File [C:/Users/User/Desktop/projectory/felhounds/Hungry-Felhounds/Saved/Config/Windows/Scalability.ini]
[2022.12.22-18.34.03:676][  0]LogConfig: Setting CVar [[r.TranslucencyLightingVolumeDim:64]]
[2022.12.22-18.34.03:676][  0]LogConfig: Setting CVar [[r.RefractionQuality:2]]
[2022.12.22-18.34.03:676][  0]LogConfig: Setting CVar [[r.SSR.Quality:3]]
[2022.12.22-18.34.03:676][  0]LogConfig: Setting CVar [[r.SSR.HalfResSceneColor:0]]
[2022.12.22-18.34.03:676][  0]LogConfig: Setting CVar [[r.SceneColorFormat:4]]
[2022.12.22-18.34.03:676][  0]LogConfig: Setting CVar [[r.DetailMode:2]]
[2022.12.22-18.34.03:676][  0]LogConfig: Setting CVar [[r.TranslucencyVolumeBlur:1]]
[2022.12.22-18.34.03:676][  0]LogConfig: Setting CVar [[r.MaterialQualityLevel:1 ; High quality]]
[2022.12.22-18.34.03:676][  0]LogConfig: Setting CVar [[r.AnisotropicMaterials:1]]
[2022.12.22-18.34.03:676][  0]LogConfig: Setting CVar [[r.SSS.Scale:1]]
[2022.12.22-18.34.03:676][  0]LogConfig: Setting CVar [[r.SSS.SampleSet:2]]
[2022.12.22-18.34.03:676][  0]LogConfig: Setting CVar [[r.SSS.Quality:1]]
[2022.12.22-18.34.03:676][  0]LogConfig: Setting CVar [[r.SSS.HalfRes:0]]
[2022.12.22-18.34.03:676][  0]LogConfig: Setting CVar [[r.SSGI.Quality:3]]
[2022.12.22-18.34.03:676][  0]LogConfig: Setting CVar [[r.EmitterSpawnRateScale:1.0]]
[2022.12.22-18.34.03:676][  0]LogConfig: Setting CVar [[r.ParticleLightQuality:2]]
[2022.12.22-18.34.03:676][  0]LogConfig: Setting CVar [[r.SkyAtmosphere.AerialPerspectiveLUT.FastApplyOnOpaque:1 ; Always have FastSkyLUT 1 in this case to avoid wrong sky]]
[2022.12.22-18.34.03:676][  0]LogConfig: Setting CVar [[r.SkyAtmosphere.AerialPerspectiveLUT.SampleCountMaxPerSlice:4]]
[2022.12.22-18.34.03:676][  0]LogConfig: Setting CVar [[r.SkyAtmosphere.AerialPerspectiveLUT.DepthResolution:16.0]]
[2022.12.22-18.34.03:676][  0]LogConfig: Setting CVar [[r.SkyAtmosphere.FastSkyLUT:1]]
[2022.12.22-18.34.03:676][  0]LogConfig: Setting CVar [[r.SkyAtmosphere.FastSkyLUT.SampleCountMin:4.0]]
[2022.12.22-18.34.03:676][  0]LogConfig: Setting CVar [[r.SkyAtmosphere.FastSkyLUT.SampleCountMax:128.0]]
[2022.12.22-18.34.03:676][  0]LogConfig: Setting CVar [[r.SkyAtmosphere.SampleCountMin:4.0]]
[2022.12.22-18.34.03:676][  0]LogConfig: Setting CVar [[r.SkyAtmosphere.SampleCountMax:128.0]]
[2022.12.22-18.34.03:676][  0]LogConfig: Setting CVar [[r.SkyAtmosphere.TransmittanceLUT.UseSmallFormat:0]]
[2022.12.22-18.34.03:676][  0]LogConfig: Setting CVar [[r.SkyAtmosphere.TransmittanceLUT.SampleCount:10.0]]
[2022.12.22-18.34.03:676][  0]LogConfig: Setting CVar [[r.SkyAtmosphere.MultiScatteringLUT.SampleCount:15.0]]
[2022.12.22-18.34.03:676][  0]LogConfig: Setting CVar [[r.SkyLight.RealTimeReflectionCapture:1]]
[2022.12.22-18.34.03:676][  0]LogConfig: Applying CVar settings from Section [FoliageQuality@3] File [C:/Users/User/Desktop/projectory/felhounds/Hungry-Felhounds/Saved/Config/Windows/Scalability.ini]
[2022.12.22-18.34.03:676][  0]LogConfig: Setting CVar [[foliage.DensityScale:1.0]]
[2022.12.22-18.34.03:676][  0]LogConfig: Setting CVar [[grass.DensityScale:1.0]]
[2022.12.22-18.34.03:676][  0]LogConfig: Applying CVar settings from Section [ShadingQuality@3] File [C:/Users/User/Desktop/projectory/felhounds/Hungry-Felhounds/Saved/Config/Windows/Scalability.ini]
[2022.12.22-18.34.03:676][  0]LogConfig: Setting CVar [[r.HairStrands.SkyLighting.IntegrationType:2]]
[2022.12.22-18.34.03:676][  0]LogConfig: Setting CVar [[r.HairStrands.SkyAO.SampleCount:4]]
[2022.12.22-18.34.03:676][  0]LogConfig: Setting CVar [[r.HairStrands.Visibility.MSAA.SamplePerPixel:4]]
[2022.12.22-18.34.03:676][  0]LogConfig: Applying CVar settings from Section [Startup] File [../../../Engine/Config/ConsoleVariables.ini]
[2022.12.22-18.34.03:676][  0]LogConfig: Setting CVar [[net.UseAdaptiveNetUpdateFrequency:0]]
[2022.12.22-18.34.03:676][  0]LogConfig: Setting CVar [[p.chaos.AllowCreatePhysxBodies:1]]
[2022.12.22-18.34.03:676][  0]LogConfig: Setting CVar [[fx.SkipVectorVMBackendOptimizations:1]]
[2022.12.22-18.34.03:676][  0]LogConfig: Applying CVar settings from Section [ConsoleVariables] File [C:/Users/User/Desktop/projectory/felhounds/Hungry-Felhounds/Saved/Config/Windows/Engine.ini]
[2022.12.22-18.34.03:676][  0]LogConfig: Applying CVar settings from Section [ConsoleVariables] File [C:/Users/User/Desktop/projectory/felhounds/Hungry-Felhounds/Saved/Config/Windows/Editor.ini]
[2022.12.22-18.34.03:677][  0]LogInit: Computer: МИШКА
[2022.12.22-18.34.03:677][  0]LogInit: User: User
[2022.12.22-18.34.03:677][  0]LogInit: CPU Page size=4096, Cores=6
[2022.12.22-18.34.03:677][  0]LogInit: High frequency timer resolution =10.000000 MHz
[2022.12.22-18.34.03:677][  0]LogMemory: Memory total: Physical=7.3GB (8GB approx)
[2022.12.22-18.34.03:677][  0]LogMemory: Platform Memory Stats for Windows
[2022.12.22-18.34.03:677][  0]LogMemory: Process Physical Memory: 171.21 MB used, 171.21 MB peak
[2022.12.22-18.34.03:677][  0]LogMemory: Process Virtual Memory: 125.78 MB used, 125.78 MB peak
[2022.12.22-18.34.03:677][  0]LogMemory: Physical Memory: 4804.44 MB used,  2710.12 MB free, 7514.56 MB total
[2022.12.22-18.34.03:677][  0]LogMemory: Virtual Memory: 134212776.00 MB used,  4948.02 MB free, 134217728.00 MB total
[2022.12.22-18.34.03:727][  0]LogWindows: WindowsPlatformFeatures enabled
[2022.12.22-18.34.03:825][  0]LogInit: Physics initialised using underlying interface: PhysX
[2022.12.22-18.34.03:825][  0]LogInit: Using OS detected language (ru-RU).
[2022.12.22-18.34.03:825][  0]LogInit: Using OS detected locale (ru-RU).
[2022.12.22-18.34.03:827][  0]LogTextLocalizationManager: No specific localization for 'ru-RU' exists, so the 'ru' localization will be used.
[2022.12.22-18.34.03:829][  0]LogTextLocalizationResource: LocRes '../../../Engine/Content/Localization/Editor/ru/Editor.locres' could not be opened for reading!
[2022.12.22-18.34.03:829][  0]LogTextLocalizationResource: LocRes '../../../Engine/Content/Localization/EditorTutorials/ru/EditorTutorials.locres' could not be opened for reading!
[2022.12.22-18.34.03:829][  0]LogTextLocalizationResource: LocRes '../../../Engine/Content/Localization/Keywords/ru/Keywords.locres' could not be opened for reading!
[2022.12.22-18.34.03:829][  0]LogTextLocalizationResource: LocRes '../../../Engine/Content/Localization/Category/ru/Category.locres' could not be opened for reading!
[2022.12.22-18.34.03:829][  0]LogTextLocalizationResource: LocRes '../../../Engine/Content/Localization/ToolTips/ru/ToolTips.locres' could not be opened for reading!
[2022.12.22-18.34.03:829][  0]LogTextLocalizationResource: LocRes '../../../Engine/Content/Localization/PropertyNames/ru/PropertyNames.locres' could not be opened for reading!
[2022.12.22-18.34.03:829][  0]LogTextLocalizationResource: LocRes '../../../Engine/Content/Localization/Engine/ru/Engine.locres' could not be opened for reading!
[2022.12.22-18.34.03:855][  0]LogWindowsTextInputMethodSystem: Display: IME system deactivated.
[2022.12.22-18.34.03:916][  0]LogSlate: New Slate User Created.  User Index 0, Is Virtual User: 0
[2022.12.22-18.34.03:916][  0]LogSlate: Slate User Registered.  User Index 0, Is Virtual User: 0
[2022.12.22-18.34.03:938][  0]LogD3D11RHI: Loaded GFSDK_Aftermath_Lib.x64.dll
[2022.12.22-18.34.03:944][  0]LogHMD: Failed to initialize OpenVR with code 110
[2022.12.22-18.34.03:944][  0]LogD3D11RHI: D3D11 min allowed feature level: 11_0
[2022.12.22-18.34.03:945][  0]LogD3D11RHI: D3D11 max allowed feature level: 11_0
[2022.12.22-18.34.03:945][  0]LogD3D11RHI: D3D11 adapters:
[2022.12.22-18.34.04:015][  0]LogD3D11RHI:    0. 'AMD Radeon(TM) Graphics' (Feature Level 11_0)
[2022.12.22-18.34.04:015][  0]LogD3D11RHI:       496/0/3757 MB DedicatedVideo/DedicatedSystem/SharedSystem, Outputs:1, VendorId:0x1002
[2022.12.22-18.34.04:021][  0]LogD3D11RHI:    1. 'Microsoft Basic Render Driver' (Feature Level 11_0)
[2022.12.22-18.34.04:021][  0]LogD3D11RHI:       0/0/3757 MB DedicatedVideo/DedicatedSystem/SharedSystem, Outputs:0, VendorId:0x1414
[2022.12.22-18.34.04:021][  0]LogD3D11RHI: Chosen D3D11 Adapter:
[2022.12.22-18.34.04:021][  0]LogD3D11RHI:     Description : AMD Radeon(TM) Graphics
[2022.12.22-18.34.04:021][  0]LogD3D11RHI:     VendorId    : 1002
[2022.12.22-18.34.04:021][  0]LogD3D11RHI:     DeviceId    : 164c
[2022.12.22-18.34.04:021][  0]LogD3D11RHI:     SubSysId    : 1413152d
[2022.12.22-18.34.04:021][  0]LogD3D11RHI:     Revision    : 00c2
[2022.12.22-18.34.04:021][  0]LogD3D11RHI:     DedicatedVideoMemory : 520679424 bytes
[2022.12.22-18.34.04:021][  0]LogD3D11RHI:     DedicatedSystemMemory : 0 bytes
[2022.12.22-18.34.04:021][  0]LogD3D11RHI:     SharedSystemMemory : 3939792896 bytes
[2022.12.22-18.34.04:021][  0]LogD3D11RHI:     AdapterLuid : 0 50382
[2022.12.22-18.34.04:031][  0]LogD3D11RHI: Creating new Direct3DDevice
[2022.12.22-18.34.04:032][  0]LogD3D11RHI:     GPU DeviceId: 0x164c (for the marketing name, search the web for "GPU Device Id")
[2022.12.22-18.34.04:032][  0]LogWindows: EnumDisplayDevices:
[2022.12.22-18.34.04:032][  0]LogWindows:    0. 'AMD Radeon(TM) Graphics' (P:1 D:1)
[2022.12.22-18.34.04:032][  0]LogWindows:    1. 'AMD Radeon(TM) Graphics' (P:0 D:0)
[2022.12.22-18.34.04:032][  0]LogWindows:    2. 'AMD Radeon(TM) Graphics' (P:0 D:0)
[2022.12.22-18.34.04:033][  0]LogWindows:    3. 'AMD Radeon(TM) Graphics' (P:0 D:0)
[2022.12.22-18.34.04:033][  0]LogWindows: DebugString: FoundDriverCount:4 
[2022.12.22-18.34.04:033][  0]LogD3D11RHI:     Adapter Name: AMD Radeon(TM) Graphics
[2022.12.22-18.34.04:033][  0]LogD3D11RHI:   Driver Version: Adrenalin 20.40.64 (internal:27.20.14064.3, unified:27.20.14064.3)
[2022.12.22-18.34.04:033][  0]LogD3D11RHI:      Driver Date: 4-13-2021
[2022.12.22-18.34.04:033][  0]LogRHI: Texture pool is 2679 MB (70% of 3828 MB)
[2022.12.22-18.34.04:191][  0]LogD3D11RHI: Creating D3DDevice with AMD AGS, using adapter:
[2022.12.22-18.34.04:191][  0]LogD3D11RHI:     Description : AMD Radeon(TM) Graphics
[2022.12.22-18.34.04:192][  0]LogD3D11RHI:     VendorId    : 1002
[2022.12.22-18.34.04:192][  0]LogD3D11RHI:     DeviceId    : 164c
[2022.12.22-18.34.04:192][  0]LogD3D11RHI:     SubSysId    : 1413152d
[2022.12.22-18.34.04:192][  0]LogD3D11RHI:     Revision    : 00c2
[2022.12.22-18.34.04:192][  0]LogD3D11RHI:     DedicatedVideoMemory : 520679424 bytes
[2022.12.22-18.34.04:192][  0]LogD3D11RHI:     DedicatedSystemMemory : 0 bytes
[2022.12.22-18.34.04:192][  0]LogD3D11RHI:     SharedSystemMemory : 3939792896 bytes
[2022.12.22-18.34.04:192][  0]LogD3D11RHI:     AdapterLuid : 0 50382
[2022.12.22-18.34.04:235][  0]LogD3D11RHI: Created device via AGS, feature level 11_0, supported extensions 1fffffbf.
[2022.12.22-18.34.04:235][  0]LogD3D11RHI: RHI has support for 64 bit atomics
[2022.12.22-18.34.04:235][  0]LogD3D11RHI: Async texture creation enabled
[2022.12.22-18.34.04:235][  0]LogD3D11RHI: Array index from any shader is supported
[2022.12.22-18.34.04:251][  0]LogD3D11RHI: GPU Timing Frequency: 100.000000 (Debug: 2 1)
[2022.12.22-18.34.04:693][  0]LogTargetPlatformManager: Display: Loaded TargetPlatform 'WindowsNoEditor'
[2022.12.22-18.34.04:700][  0]LogTargetPlatformManager: Display: Loaded TargetPlatform 'Windows'
[2022.12.22-18.34.04:709][  0]LogTargetPlatformManager: Display: Loaded TargetPlatform 'WindowsClient'
[2022.12.22-18.34.04:717][  0]LogTargetPlatformManager: Display: Loaded TargetPlatform 'WindowsServer'
[2022.12.22-18.34.04:717][  0]LogTargetPlatformManager: Display: Building Assets For Windows
[2022.12.22-18.34.04:736][  0]LogAudioDebug: Display: Lib vorbis DLL was dynamically loaded.
[2022.12.22-18.34.04:809][  0]LogTextureFormatOodle: Display: Oodle Texture 2.9.0 init RDO Off
[2022.12.22-18.34.04:896][  0]LogRendererCore: Ray tracing is disabled. Reason: r.RayTracing=0.
[2022.12.22-18.34.04:896][  0]LogShaderCompilers: Guid format shader working directory is -15 characters bigger than the processId version (C:/Users/User/Desktop/projectory/felhounds/Hungry-Felhounds/Intermediate/Shaders/WorkingDirectory/18452/).
[2022.12.22-18.34.04:896][  0]LogShaderCompilers: Cleaned the shader compiler working directory 'C:/Users/User/AppData/Local/Temp/UnrealShaderWorkingDir/6BBA77F34465E8A8D4128886C513E621/'.
[2022.12.22-18.34.04:896][  0]LogXGEController: Cannot use XGE Controller as Incredibuild is not installed on this machine.
[2022.12.22-18.34.04:896][  0]LogShaderCompilers: Cannot use XGE Shader Compiler as Incredibuild is not installed on this machine.
[2022.12.22-18.34.04:897][  0]LogShaderCompilers: Display: Using Local Shader Compiler.
[2022.12.22-18.34.05:774][  0]LogDerivedDataCache: Display: Max Cache Size: 512 MB
[2022.12.22-18.34.05:892][  0]LogDerivedDataCache: Loaded boot cache 0.12s 94MB C:/Users/User/AppData/Local/UnrealEngine/4.27/DerivedDataCache/Boot.ddc.
[2022.12.22-18.34.05:892][  0]LogDerivedDataCache: Display: Loaded Boot cache: C:/Users/User/AppData/Local/UnrealEngine/4.27/DerivedDataCache/Boot.ddc
[2022.12.22-18.34.05:892][  0]LogDerivedDataCache: FDerivedDataBackendGraph:  Pak pak cache file C:/Users/User/Desktop/projectory/felhounds/Hungry-Felhounds/DerivedDataCache/DDC.ddp not found, will not use a pak cache.
[2022.12.22-18.34.05:892][  0]LogDerivedDataCache: Unable to find inner node Pak for hierarchical cache Hierarchy.
[2022.12.22-18.34.05:892][  0]LogDerivedDataCache: FDerivedDataBackendGraph:  CompressedPak pak cache file C:/Users/User/Desktop/projectory/felhounds/Hungry-Felhounds/DerivedDataCache/Compressed.ddp not found, will not use a pak cache.
[2022.12.22-18.34.05:892][  0]LogDerivedDataCache: Unable to find inner node CompressedPak for hierarchical cache Hierarchy.
[2022.12.22-18.34.05:913][  0]LogDerivedDataCache: Display: Pak cache opened for reading ../../../Engine/DerivedDataCache/Compressed.ddp.
[2022.12.22-18.34.05:913][  0]LogDerivedDataCache: FDerivedDataBackendGraph:  EnterprisePak pak cache file ../../../Enterprise/DerivedDataCache/Compressed.ddp not found, will not use a pak cache.
[2022.12.22-18.34.05:913][  0]LogDerivedDataCache: Unable to find inner node EnterprisePak for hierarchical cache Hierarchy.
[2022.12.22-18.34.05:928][  0]LogDerivedDataCache: Speed tests for C:/Users/User/AppData/Local/UnrealEngine/Common/DerivedDataCache took 0.01 seconds
[2022.12.22-18.34.05:928][  0]LogDerivedDataCache: Display: Performance to C:/Users/User/AppData/Local/UnrealEngine/Common/DerivedDataCache: Latency=0.07ms. RandomReadSpeed=1209.90MBs, RandomWriteSpeed=70.88MBs. Assigned SpeedClass 'Local'
[2022.12.22-18.34.05:931][  0]LogDerivedDataCache: Using Local data cache path C:/Users/User/AppData/Local/UnrealEngine/Common/DerivedDataCache: Writable
[2022.12.22-18.34.05:931][  0]LogDerivedDataCache: Shared data cache path not found in *engine.ini, will not use an Shared cache.
[2022.12.22-18.34.05:931][  0]LogDerivedDataCache: Unable to find inner node Shared for hierarchical cache Hierarchy.
[2022.12.22-18.34.05:976][  0]LogSlate: Using FreeType 2.10.0
[2022.12.22-18.34.05:976][  0]LogSlate: SlateFontServices - WITH_FREETYPE: 1, WITH_HARFBUZZ: 1
[2022.12.22-18.34.06:179][  0]LogInit: Using OS detected language (ru-RU).
[2022.12.22-18.34.06:179][  0]LogInit: Using OS detected locale (ru-RU).
[2022.12.22-18.34.06:179][  0]LogTextLocalizationManager: No localization for 'ru-RU' exists, so 'en' will be used for the language.
[2022.12.22-18.34.06:179][  0]LogTextLocalizationManager: No localization for 'ru-RU' exists, so 'en' will be used for the locale.
[2022.12.22-18.34.06:179][  0]LogSlate: FontCache flush requested. Reason: Culture for localization was changed
[2022.12.22-18.34.06:179][  0]LogSlate: FontCache flush requested. Reason: Culture for localization was changed
[2022.12.22-18.34.06:187][  0]LogAssetRegistry: FAssetRegistry took 0.0035 seconds to start up
[2022.12.22-18.34.06:445][  0]LogTextLocalizationManager: Compacting localization data took   0.01ms
[2022.12.22-18.34.06:445][  0]LogPackageLocalizationCache: Processed 27 localized package path(s) for 1 prioritized culture(s) in 0.001540 seconds
[2022.12.22-18.34.06:604][  0]LogInit: Selected Device Profile: [Windows]
[2022.12.22-18.34.06:604][  0]LogInit: Active device profile: [000001E25C4A8900][000001E25B1C6900 49] Windows
[2022.12.22-18.34.06:605][  0]LogInit: Profiles: [000001E25C4A8900][000001E25B1C6900 49] Windows, [000001E25C467800][000001E25B1CEA80 49] WindowsNoEditor, [000001E25C4AB500][000001E25B1D2C00 49] WindowsServer, [000001E25C464E00][000001E25B1D6D80 49] WindowsClient, [000001E25C4AB800][000001E25B1DAF00 49] IOS, [000001E25C466800][000001E25B1DF080 49] iPadAir, [000001E25C4AA000][000001E25B1E3200 49] iPadAir2, [000001E25C404A00][000001E25B1EB4C0 49] IPadPro, [000001E25C404B00][000001E25B1E7500 49] iPadAir3, [000001E25C465700][000001E25B1CB640 49] iPadAir4, [000001E25C407400][000001E25B1EF780 49] iPadMini2, [000001E25C466A00][000001E25B1F38C0 49] iPadMini3, [000001E25C405700][000001E25B1FBA40 49] iPadMini4, [000001E25C4A8F00][000001E2564EBBC0 49] iPadMini5, [000001E25C418300][000001E2564F2300 49] iPhone6, [000001E25C418400][000001E2564EE340 49] iPodTouch6, [000001E25C407600][000001E2564FA600 49] iPhone7, [000001E25C405800][000001E2564F6640 49] iPodTouch7, [000001E25C41BF00][000001E2564FE7C0 49] iPhone5S, [000001E25C466300][000001E256502940 49] iPhone6Plus, [000001E25C404200][000001E256506AC0 49] iPhone6S, [000001E25C466200][000001E25650AC40 49] iPhone6SPlus, [000001E25C407C00][000001E25650EDC0 49] iPhone7Plus, [000001E25C467D00][000001E256512F40 49] iPhoneSE, [000001E25C407500][000001E2565170C0 49] iPhone8, [000001E25C465E00][000001E25651B240 49] iPhone8Plus, [000001E25C406600][000001E25651F3C0 49] iPhoneX, [000001E25C466500][000001E255E4F540 49] iPhoneXS, [000001E25C406000][000001E255E536C0 49] iPhoneXSMax, [000001E25C467A00][000001E25B1F7800 49] iPhoneXR, [000001E25C407700][000001E255E57940 49] iPhone11, [000001E25C464D00][000001E255E5BA80 49] iPhone11Pro, [000001E25C407800][000001E255E63C00 49] iPhone11ProMax, [000001E25C464F00][000001E255E66200 49] iPhoneSE2, [000001E25C406E00][000001E255E6A380 49] iPhone12Mini, [000001E25C466700][000001E255E6E500 49] iPhone12, [000001E25C405100][000001E255E72680 49] iPhone12Pro, [000001E25C467600][000001E255E76800 49] iPhone12ProMax, [000001E25C406300][000001E255E7A980 49] iPadPro105, [000001E25C464C00][000001E255E7EB00 49] iPadPro129, [000001E25C407300][000001E255E82C80 49] iPadPro97, [000001E25C465F00][000001E255E86E00 49] iPadPro2_129, [000001E25C405400][000001E255E8AF80 49] iPad5, [000001E25C467400][000001E255E8F100 49] iPad6, [000001E25C407100][000001E255E93280 49] iPad7, [000001E25C465A00][000001E255E97400 49] iPad8, [000001E25C405A00][000001E255E9B580 49] iPadPro11, [000001E25C465D00][000001E255E9F700 49] iPadPro2_11, [000001E25C405B00][000001E255EA3880 49] iPadPro3_129, [000001E25C466600][000001E255E5F9C0 49] iPadPro4_129, [000001E25C407200][000001E255EA7B00 49] AppleTV, [000001E25C467200][000001E255EAA0C0 49] AppleTV4K, [000001E25C404100][000001E255EB2240 49] TVOS, [000001E25C466400][000001E255EB63C0 49] Mac, [000001E25C405600][000001E255EBA540 49] MacClient, [000001E25C464700][000001E255EBE6C0 49] MacNoEditor, [000001E25C407900][000001E255EC2840 49] MacServer, [000001E25C467700][000001E255EC69C0 49] Linux, [000001E25C406200][000001E255ECAB40 49] LinuxAArch64, [000001E25C467000][000001E255ECECC0 49] LinuxNoEditor, [000001E25C407B00][000001E255ED2E40 49] LinuxAArch64NoEditor, [000001E25C466900][000001E255ED6FC0 49] LinuxClient, [000001E25C405F00][000001E255EDB140 49] LinuxAArch64Client, [000001E25C465900][000001E255EDF2C0 49] LinuxServer, [000001E25C406100][000001E255EE3440 49] LinuxAArch64Server, [000001E25C465800][000001E255EE75C0 49] Android, [000001E25C404500][000001E255EEB740 49] Android_Low, [000001E25C467900][000001E255EEF8C0 49] Android_Mid, [000001E25C4ABA00][000001E255EF3A40 49] Android_High, [000001E25C419C00][000001E255EAFB80 49] Android_Default, [000001E25C4AA100][000001E255EF6140 49] Android_Adreno4xx, [000001E25C41A700][000001E255EFA280 49] Android_Adreno5xx_Low, [000001E25C4A8B00][000001E255EFE3C0 49] Android_Adreno5xx, [000001E25C41AD00][000001E255F06540 49] Android_Adreno6xx, [000001E25C4A9200][000001E255F0A6C0 49] Android_Adreno6xx_Vulkan, [000001E25C41A800][000001E255F0E840 49] Android_Mali_T6xx, [000001E25C4AB200][000001E255F129C0 49] Android_Mali_T7xx, [000001E25C41AE00][000001E255F16B40 49] Android_Mali_T8xx, [000001E25C4AA500][000001E255F1ACC0 49] Android_Mali_G71, [000001E25C41BE00][000001E255F1EE40 49] Android_Mali_G72, [000001E25C4AAA00][000001E255F22FC0 49] Android_Mali_G72_Vulkan, [000001E25C419B00][000001E255F27140 49] Android_Mali_G76, [000001E25C4A9D00][000001E255F2B2C0 49] Android_Mali_G76_Vulkan, [000001E25C41B000][000001E255F2F440 49] Android_Mali_G77, [000001E25C4AAD00][000001E255F335C0 49] Android_Mali_G77_Vulkan, [000001E25C41BA00][000001E255F37740 49] Android_Mali_G78, [000001E25C4A8D00][000001E255F3B8C0 49] Android_Mali_G78_Vulkan, [000001E25C418500][000001E255F3FA40 49] Android_Mali_G710, [000001E25C4A9300][000001E255F43BC0 49] Android_Mali_G710_Vulkan, [000001E25C419D00][000001E255F02180 49] Android_Vulkan_SM5, [000001E25C4AB300][000001E255F462C0 49] Android_PowerVR_G6xxx, [000001E25C41AC00][000001E255F4A400 49] Android_PowerVR_GT7xxx, [000001E25C4ABC00][000001E255F4E540 49] Android_PowerVR_GE8xxx, [000001E25C419200][000001E255F566C0 49] Android_PowerVR_GM9xxx, [000001E25C4AB000][000001E255F5A840 49] Android_PowerVR_GM9xxx_Vulkan, [000001E25C41A900][000001E255F5E9C0 49] Android_TegraK1, [000001E25C4A9100][000001E255F62B40 49] Android_Unknown_Vulkan, [000001E25C464800][000001E255F66CC0 49] Lumin, [000001E25C4AA900][000001E255F6AE40 49] Lumin_Desktop, [000001E25C464A00][000001E255F6EFC0 49] HoloLens, 
[2022.12.22-18.34.06:749][  0]LogMeshReduction: Using QuadricMeshReduction for automatic static mesh reduction
[2022.12.22-18.34.06:749][  0]LogMeshReduction: Using SimplygonMeshReduction for automatic skeletal mesh reduction
[2022.12.22-18.34.06:749][  0]LogMeshReduction: Using ProxyLODMeshReduction for automatic mesh merging
[2022.12.22-18.34.06:749][  0]LogMeshReduction: No distributed automatic mesh merging module available
[2022.12.22-18.34.06:750][  0]LogMeshMerging: No distributed automatic mesh merging module available
[2022.12.22-18.34.06:960][  0]LogNetVersion: Game1 1.0.0, NetCL: 17155196, EngineNetVer: 17, GameNetVer: 0 (Checksum: 3464310289)
[2022.12.22-18.34.07:406][  0]LogTexture: Default maximum texture size for cubemaps generated from long-lat sources has been changed from 512 to unlimited. In order to preserve old behaiour for '/Engine/MapTemplates/Sky/DaylightAmbientCubemap.DaylightAmbientCubemap', its maximum texture size has been explicitly set to 512.
[2022.12.22-18.34.07:491][  0]LogHMD: PokeAHoleMaterial loaded successfully
[2022.12.22-18.34.07:793][  0]LogMoviePlayer: Initializing movie player
[2022.12.22-18.34.07:957][  0]LogNiagaraDebuggerClient: Niagara Debugger Client Initialized | Session: 979B2E81406E4FDE5D542B9EF1FE202C | Instance: 7B0F0DA54B68F8D719AACD9C598CB7B5 (МИШКА-18452).
[2022.12.22-18.34.08:025][  0]LogCollectionManager: Loaded 0 collections in 0.000888 seconds
[2022.12.22-18.34.08:031][  0]LogFileCache: Scanning file cache for directory 'C:/Users/User/Desktop/projectory/felhounds/Hungry-Felhounds/Saved/Collections/' took 0.00s
[2022.12.22-18.34.08:031][  0]LogFileCache: Scanning file cache for directory 'C:/Users/User/Desktop/projectory/felhounds/Hungry-Felhounds/Content/Developers/User/Collections/' took 0.00s
[2022.12.22-18.34.08:031][  0]LogCollectionManager: Fixed up redirectors for 0 collections in 0.000002 seconds (updated 0 objects)
[2022.12.22-18.34.08:239][  0]LogFileCache: Scanning file cache for directory 'C:/Users/User/Desktop/projectory/felhounds/Hungry-Felhounds/Content/Collections/' took 0.00s
[2022.12.22-18.34.08:239][  0]LogPython: Using Python 3.7.7
[2022.12.22-18.34.08:740][  0]LogUdpMessaging: Initializing bridge on interface 0.0.0.0:0 to multicast group 230.0.0.1:6666.
[2022.12.22-18.34.08:749][  0]LogTcpMessaging: Initializing TcpMessaging bridge
[2022.12.22-18.34.08:900][  0]SourceControl: Source control is disabled
[2022.12.22-18.34.08:900][  0]SourceControl: Source control is disabled
[2022.12.22-18.34.08:906][  0]SourceControl: Source control is disabled
[2022.12.22-18.34.08:924][  0]LogUProjectInfo: Found projects:
[2022.12.22-18.34.08:926][  0]LogVSAccessor: Display: Unable to create Visual Studio setup instance: 80040154
[2022.12.22-18.34.08:927][  0]LogVSAccessor: Display: Unable to create Visual Studio setup instance: 80040154
[2022.12.22-18.34.08:928][  0]LogVSAccessor: Display: Unable to create Visual Studio setup instance: 80040154
[2022.12.22-18.34.09:008][  0]LogOpenImageDenoise: OIDN starting up
[2022.12.22-18.34.09:055][  0]LogAndroidPermission: UAndroidPermissionCallbackProxy::GetInstance
[2022.12.22-18.34.09:092][  0]LogAudioCaptureCore: Display: No Audio Capture implementations found. Audio input will be silent.
[2022.12.22-18.34.09:092][  0]LogAudioCaptureCore: Display: No Audio Capture implementations found. Audio input will be silent.
[2022.12.22-18.34.09:199][  0]LogOcInput: OculusInput pre-init called
[2022.12.22-18.34.09:210][  0]LogUObjectArray: 22129 objects as part of root set at end of initial load.
[2022.12.22-18.34.09:210][  0]LogUObjectAllocator: 5987536 out of 0 bytes used by permanent object pool.
[2022.12.22-18.34.09:210][  0]LogUObjectArray: CloseDisregardForGC: 0/0 objects in disregard for GC pool
[2022.12.22-18.34.09:284][  0]LogEngine: Initializing Engine...
[2022.12.22-18.34.09:297][  0]LogHMD: Failed to enumerate extensions. Please check that you have a valid OpenXR runtime installed.
[2022.12.22-18.34.09:297][  0]LogHMD: Failed to initialize OpenVR with code 110
[2022.12.22-18.34.09:297][  0]LogMagicLeap: Warning: VR disabled because ZI is not enabled.  To enable, in the editor, Edit -> Project Settings -> Plugins -> Magic Leap Plugin -> Enable Zero Iteration
[2022.12.22-18.34.09:298][  0]LogStats: UGameplayTagsManager::InitializeManager -  0.000 s
[2022.12.22-18.34.09:442][  0]LogInit: Initializing FReadOnlyCVARCache
[2022.12.22-18.34.09:443][  0]LogAudio: Display: Initializing Audio Device Manager...
[2022.12.22-18.34.09:463][  0]LogAudio: Display: Loading Default Audio Settings Objects...
[2022.12.22-18.34.09:464][  0]LogAudio: Display: No default SoundConcurrencyObject specified (or failed to load).
[2022.12.22-18.34.09:464][  0]LogAudio: Display: Audio Device Manager Initialized
[2022.12.22-18.34.09:464][  0]LogAudio: Display: Creating Audio Device:                 Id: 1, Scope: Shared, Realtime: True
[2022.12.22-18.34.09:464][  0]LogAudioMixer: Display: Audio Mixer Platform Settings:
[2022.12.22-18.34.09:464][  0]LogAudioMixer: Display: 	Sample Rate:						  48000
[2022.12.22-18.34.09:464][  0]LogAudioMixer: Display: 	Callback Buffer Frame Size Requested: 1024
[2022.12.22-18.34.09:464][  0]LogAudioMixer: Display: 	Callback Buffer Frame Size To Use:	  1024
[2022.12.22-18.34.09:464][  0]LogAudioMixer: Display: 	Number of buffers to queue:			  2
[2022.12.22-18.34.09:464][  0]LogAudioMixer: Display: 	Max Channels (voices):				  32
[2022.12.22-18.34.09:464][  0]LogAudioMixer: Display: 	Number of Async Source Workers:		  0
[2022.12.22-18.34.09:464][  0]LogAudio: Display: AudioDevice MaxSources: 32
[2022.12.22-18.34.09:465][  0]LogAudio: Display: Audio Spatialization Plugin: None (built-in).
[2022.12.22-18.34.09:465][  0]LogAudio: Display: Audio Reverb Plugin: None (built-in).
[2022.12.22-18.34.09:465][  0]LogAudio: Display: Audio Occlusion Plugin: None (built-in).
[2022.12.22-18.34.09:465][  0]LogAudioMixer: Display: Initializing audio mixer.
[2022.12.22-18.34.09:494][  0]LogAudioMixer: Display: 0: FrontLeft
[2022.12.22-18.34.09:494][  0]LogAudioMixer: Display: 1: FrontRight
[2022.12.22-18.34.09:521][  0]LogAudioMixer: Display: Using Audio Device Наушники (Mi True Wireless EBs Basic 2)
[2022.12.22-18.34.09:524][  0]LogAudioMixer: Display: Initializing Sound Submixes...
[2022.12.22-18.34.09:528][  0]LogAudioMixer: Display: Creating Master Submix 'MasterSubmixDefault'
[2022.12.22-18.34.09:528][  0]LogAudioMixer: Display: Creating Master Submix 'MasterReverbSubmixDefault'
[2022.12.22-18.34.09:529][  0]LogAudioMixer: Display: Creating Master Submix 'MasterEQSubmixDefault'
[2022.12.22-18.34.09:529][  0]LogAudioMixer: FMixerPlatformXAudio2::StartAudioStream() called
[2022.12.22-18.34.09:529][  0]LogAudioMixer: Display: Output buffers initialized: Frames=1024, Channels=2, Samples=2048
[2022.12.22-18.34.09:531][  0]LogAudioMixer: Display: Starting AudioMixerPlatformInterface::RunInternal()
[2022.12.22-18.34.09:531][  0]LogAudioMixer: Display: FMixerPlatformXAudio2::SubmitBuffer() called for the first time
[2022.12.22-18.34.09:531][  0]LogInit: FAudioDevice initialized.
[2022.12.22-18.34.09:533][  0]LogNetVersion: Set ProjectVersion to 1.0.0.0. Version Checksum will be recalculated on next use.
[2022.12.22-18.34.09:536][  0]LogInit: Texture streaming: Enabled
[2022.12.22-18.34.09:821][  0]LogAudio: Display: Audio Device (ID: 1) registered with world 'Untitled'.
[2022.12.22-18.34.09:831][  0]LogInit: Error: Failed to load cursor 'C:/Users/User/Desktop/projectory/felhounds/Hungry-Felhounds/Content/coursor.png'
[2022.12.22-18.34.09:831][  0]LogSlate: Updating window title bar state: overlay mode, drag disabled, window buttons hidden, title bar hidden
[2022.12.22-18.34.09:831][  0]LogInit: Display: Game Engine Initialized.
[2022.12.22-18.34.09:832][  0]LogNiagaraEditor: GEditor isn't valid! Particle reset commands will not work for Niagara components!
[2022.12.22-18.34.10:024][  0]LogInit: Display: Starting Game.
[2022.12.22-18.34.10:024][  0]LogNet: Browse: /Game/TopDownBP/Maps/ArenaBase?Name=Player?Listen
[2022.12.22-18.34.10:024][  0]LogLoad: LoadMap: /Game/TopDownBP/Maps/ArenaBase?Name=Player?Listen
[2022.12.22-18.34.10:024][  0]LogWorld: BeginTearingDown for /Temp/Untitled_0
[2022.12.22-18.34.10:026][  0]LogWorld: UWorld::CleanupWorld for Untitled, bSessionEnded=true, bCleanupResources=true
[2022.12.22-18.34.10:026][  0]LogSlate: InvalidateAllWidgets triggered.  All widgets were invalidated
[2022.12.22-18.34.10:034][  0]LogAudio: Display: Audio Device unregistered from world 'None'.
[2022.12.22-18.34.10:040][  0]LogUObjectHash: Compacting FUObjectHashTables data took   1.36ms
[2022.12.22-18.34.10:188][  0]LogUObjectGlobals: Warning: Failed to load '/Game/TopDownBP/Blueprints/Personazh/TopDownCharacter': Can't find file.
[2022.12.22-18.34.10:188][  0]LogUObjectGlobals: Warning: Failed to load '/Game/TopDownBP/Blueprints/Personazh/TopDownCharacter': Can't find file.
[2022.12.22-18.34.10:191][  0]LogUObjectGlobals: Warning: [AssetLog] C:\Users\User\Desktop\projectory\felhounds\Hungry-Felhounds\Content\TopDownBP\Interface\Other\Widget_UI.uasset: Failed to load '/Game/TopDownBP/Blueprints/Personazh/TopDownCharacter': Can't find file.
[2022.12.22-18.34.10:191][  0]LogUObjectGlobals: Warning: [AssetLog] C:\Users\User\Desktop\projectory\felhounds\Hungry-Felhounds\Content\TopDownBP\Interface\Other\Widget_UI.uasset: Failed to load '/Game/TopDownBP/Blueprints/Personazh/TopDownCharacter': Can't find file.
[2022.12.22-18.34.10:192][  0]LogUObjectGlobals: Warning: [AssetLog] C:\Users\User\Desktop\projectory\felhounds\Hungry-Felhounds\Content\TopDownBP\Interface\Other\Widget_UI.uasset: Failed to load '/Game/TopDownBP/Blueprints/Personazh/TopDownCharacter': Can't find file.
[2022.12.22-18.34.10:192][  0]LogUObjectGlobals: Warning: [AssetLog] C:\Users\User\Desktop\projectory\felhounds\Hungry-Felhounds\Content\TopDownBP\Interface\Other\Widget_UI.uasset: Failed to load '/Game/TopDownBP/Blueprints/Personazh/TopDownCharacter': Can't find file.
[2022.12.22-18.34.10:193][  0]LogUObjectGlobals: Warning: [AssetLog] C:\Users\User\Desktop\projectory\felhounds\Hungry-Felhounds\Content\TopDownBP\Interface\Other\Widget_UI.uasset: Failed to load '/Game/TopDownBP/Blueprints/Personazh/TopDownCharacter': Can't find file.
[2022.12.22-18.34.10:193][  0]LogUObjectGlobals: Warning: [AssetLog] C:\Users\User\Desktop\projectory\felhounds\Hungry-Felhounds\Content\TopDownBP\Interface\Other\Widget_UI.uasset: Failed to load '/Game/TopDownBP/Blueprints/Personazh/TopDownCharacter': Can't find file.
[2022.12.22-18.34.10:194][  0]LogUObjectGlobals: Warning: [AssetLog] C:\Users\User\Desktop\projectory\felhounds\Hungry-Felhounds\Content\TopDownBP\Interface\Other\Widget_UI.uasset: Failed to load '/Game/TopDownBP/Blueprints/Personazh/TopDownCharacter': Can't find file.
[2022.12.22-18.34.10:194][  0]LogUObjectGlobals: Warning: [AssetLog] C:\Users\User\Desktop\projectory\felhounds\Hungry-Felhounds\Content\TopDownBP\Interface\Other\Widget_UI.uasset: Failed to load '/Game/TopDownBP/Blueprints/Personazh/TopDownCharacter': Can't find file.
[2022.12.22-18.34.10:195][  0]LogUObjectGlobals: Warning: [AssetLog] C:\Users\User\Desktop\projectory\felhounds\Hungry-Felhounds\Content\TopDownBP\Interface\Other\Widget_UI.uasset: Failed to load '/Game/TopDownBP/Blueprints/Personazh/TopDownCharacter': Can't find file.
[2022.12.22-18.34.10:195][  0]LogUObjectGlobals: Warning: [AssetLog] C:\Users\User\Desktop\projectory\felhounds\Hungry-Felhounds\Content\TopDownBP\Interface\Other\Widget_UI.uasset: Failed to load '/Game/TopDownBP/Blueprints/Personazh/TopDownCharacter': Can't find file.
[2022.12.22-18.34.10:195][  0]LogUObjectGlobals: Warning: [AssetLog] C:\Users\User\Desktop\projectory\felhounds\Hungry-Felhounds\Content\TopDownBP\Interface\Other\Widget_UI.uasset: Failed to load '/Game/TopDownBP/Blueprints/Personazh/TopDownCharacter': Can't find file.
[2022.12.22-18.34.10:195][  0]LogUObjectGlobals: Warning: [AssetLog] C:\Users\User\Desktop\projectory\felhounds\Hungry-Felhounds\Content\TopDownBP\Interface\Other\Widget_UI.uasset: Failed to load '/Game/TopDownBP/Blueprints/Personazh/TopDownCharacter': Can't find file.
[2022.12.22-18.34.10:196][  0]LogUObjectGlobals: Warning: [AssetLog] C:\Users\User\Desktop\projectory\felhounds\Hungry-Felhounds\Content\TopDownBP\Interface\Other\Widget_UI.uasset: Failed to load '/Game/TopDownBP/Blueprints/Personazh/TopDownCharacter': Can't find file.
[2022.12.22-18.34.10:196][  0]LogUObjectGlobals: Warning: [AssetLog] C:\Users\User\Desktop\projectory\felhounds\Hungry-Felhounds\Content\TopDownBP\Interface\Other\Widget_UI.uasset: Failed to load '/Game/TopDownBP/Blueprints/Personazh/TopDownCharacter': Can't find file.
[2022.12.22-18.34.10:197][  0]LogUObjectGlobals: Warning: [AssetLog] C:\Users\User\Desktop\projectory\felhounds\Hungry-Felhounds\Content\TopDownBP\Interface\Other\Widget_UI.uasset: Failed to load '/Game/TopDownBP/Blueprints/Personazh/TopDownCharacter': Can't find file.
[2022.12.22-18.34.10:197][  0]LogUObjectGlobals: Warning: [AssetLog] C:\Users\User\Desktop\projectory\felhounds\Hungry-Felhounds\Content\TopDownBP\Interface\Other\Widget_UI.uasset: Failed to load '/Game/TopDownBP/Blueprints/Personazh/TopDownCharacter': Can't find file.
[2022.12.22-18.34.10:229][  0]LogBlueprint: Warning: [AssetLog] C:\Users\User\Desktop\projectory\felhounds\Hungry-Felhounds\Content\TopDownBP\Interface\Other\Positive_cards\Card1_pick_up.uasset: [Compiler] Could not find a variable named "pos_card_number" in 'Card1_pick_up'.
Make sure 'Card1_pick_up' has been compiled for  Set pos_card_number
[2022.12.22-18.34.10:229][  0]LogBlueprint: Warning: [AssetLog] C:\Users\User\Desktop\projectory\felhounds\Hungry-Felhounds\Content\TopDownBP\Interface\Other\Positive_cards\Card1_pick_up.uasset: [Compiler] Could not find a variable named "slot1_item" in 'Card1_pick_up'.
Make sure 'Card1_pick_up' has been compiled for  Set slot1_item
[2022.12.22-18.34.10:230][  0]LogBlueprint: Warning: [AssetLog] C:\Users\User\Desktop\projectory\felhounds\Hungry-Felhounds\Content\TopDownBP\Interface\Other\Positive_cards\Card1_pick_up.uasset: [Compiler] Could not find a variable named "slot1_item" in 'Card1_pick_up'.
Make sure 'Card1_pick_up' has been compiled for  Get slot1_item
[2022.12.22-18.34.10:230][  0]LogBlueprint: Error: [AssetLog] C:\Users\User\Desktop\projectory\felhounds\Hungry-Felhounds\Content\TopDownBP\Interface\Other\Positive_cards\Card1_pick_up.uasset: [Compiler] Can't connect pins  ReturnValue  and  Object : This cast has an invalid target type (was the class deleted without a redirect?).
[2022.12.22-18.34.10:231][  0]LogBlueprint: Error: [AssetLog] C:\Users\User\Desktop\projectory\felhounds\Hungry-Felhounds\Content\TopDownBP\Interface\Other\Positive_cards\Card1_pick_up.uasset: [Compiler] Can't connect pins  Object  and  ReturnValue : This cast has an invalid target type (was the class deleted without a redirect?).
[2022.12.22-18.34.10:231][  0]LogBlueprint: Error: [AssetLog] C:\Users\User\Desktop\projectory\felhounds\Hungry-Felhounds\Content\TopDownBP\Interface\Other\Positive_cards\Card1_pick_up.uasset: [Compiler] In use pin  AsTop Down Character  no longer exists on node  Bad cast node . Please refresh node or break links to remove pin.
[2022.12.22-18.34.10:235][  0]LogBlueprint: Warning: [AssetLog] C:\Users\User\Desktop\projectory\felhounds\Hungry-Felhounds\Content\TopDownBP\Interface\Other\Negative_cards\Card2_pick_up.uasset: [Compiler] Could not find a variable named "neg_card_number" in 'Card2_pick_up'.
Make sure 'Card2_pick_up' has been compiled for  Set neg_card_number
[2022.12.22-18.34.10:235][  0]LogBlueprint: Warning: [AssetLog] C:\Users\User\Desktop\projectory\felhounds\Hungry-Felhounds\Content\TopDownBP\Interface\Other\Negative_cards\Card2_pick_up.uasset: [Compiler] Could not find a variable named "slot2_item" in 'Card2_pick_up'.
Make sure 'Card2_pick_up' has been compiled for  Set slot2_item
[2022.12.22-18.34.10:235][  0]LogBlueprint: Warning: [AssetLog] C:\Users\User\Desktop\projectory\felhounds\Hungry-Felhounds\Content\TopDownBP\Interface\Other\Negative_cards\Card2_pick_up.uasset: [Compiler] Could not find a variable named "slot2_item" in 'Card2_pick_up'.
Make sure 'Card2_pick_up' has been compiled for  Get slot2_item
[2022.12.22-18.34.10:236][  0]LogBlueprint: Error: [AssetLog] C:\Users\User\Desktop\projectory\felhounds\Hungry-Felhounds\Content\TopDownBP\Interface\Other\Negative_cards\Card2_pick_up.uasset: [Compiler] Can't connect pins  ReturnValue  and  Object : This cast has an invalid target type (was the class deleted without a redirect?).
[2022.12.22-18.34.10:236][  0]LogBlueprint: Error: [AssetLog] C:\Users\User\Desktop\projectory\felhounds\Hungry-Felhounds\Content\TopDownBP\Interface\Other\Negative_cards\Card2_pick_up.uasset: [Compiler] Can't connect pins  Object  and  ReturnValue : This cast has an invalid target type (was the class deleted without a redirect?).
[2022.12.22-18.34.10:236][  0]LogBlueprint: Error: [AssetLog] C:\Users\User\Desktop\projectory\felhounds\Hungry-Felhounds\Content\TopDownBP\Interface\Other\Negative_cards\Card2_pick_up.uasset: [Compiler] In use pin  AsTop Down Character  no longer exists on node  Bad cast node . Please refresh node or break links to remove pin.
[2022.12.22-18.34.10:238][  0]LogBlueprint: Warning: [AssetLog] C:\Users\User\Desktop\projectory\felhounds\Hungry-Felhounds\Content\TopDownBP\Interface\Other\Positive_cards\Card3_pick_up.uasset: [Compiler] Could not find a variable named "pos_card_number" in 'Card3_pick_up'.
Make sure 'Card3_pick_up' has been compiled for  Set pos_card_number
[2022.12.22-18.34.10:239][  0]LogBlueprint: Warning: [AssetLog] C:\Users\User\Desktop\projectory\felhounds\Hungry-Felhounds\Content\TopDownBP\Interface\Other\Positive_cards\Card3_pick_up.uasset: [Compiler] Could not find a variable named "slot1_item" in 'Card3_pick_up'.
Make sure 'Card3_pick_up' has been compiled for  Set slot1_item
[2022.12.22-18.34.10:239][  0]LogBlueprint: Warning: [AssetLog] C:\Users\User\Desktop\projectory\felhounds\Hungry-Felhounds\Content\TopDownBP\Interface\Other\Positive_cards\Card3_pick_up.uasset: [Compiler] Could not find a variable named "slot1_item" in 'Card3_pick_up'.
Make sure 'Card3_pick_up' has been compiled for  Get slot1_item
[2022.12.22-18.34.10:239][  0]LogBlueprint: Error: [AssetLog] C:\Users\User\Desktop\projectory\felhounds\Hungry-Felhounds\Content\TopDownBP\Interface\Other\Positive_cards\Card3_pick_up.uasset: [Compiler] Can't connect pins  ReturnValue  and  Object : This cast has an invalid target type (was the class deleted without a redirect?).
[2022.12.22-18.34.10:239][  0]LogBlueprint: Error: [AssetLog] C:\Users\User\Desktop\projectory\felhounds\Hungry-Felhounds\Content\TopDownBP\Interface\Other\Positive_cards\Card3_pick_up.uasset: [Compiler] Can't connect pins  Object  and  ReturnValue : This cast has an invalid target type (was the class deleted without a redirect?).
[2022.12.22-18.34.10:240][  0]LogBlueprint: Error: [AssetLog] C:\Users\User\Desktop\projectory\felhounds\Hungry-Felhounds\Content\TopDownBP\Interface\Other\Positive_cards\Card3_pick_up.uasset: [Compiler] In use pin  AsTop Down Character  no longer exists on node  Bad cast node . Please refresh node or break links to remove pin.
[2022.12.22-18.34.10:245][  0]LogBlueprint: Warning: [AssetLog] C:\Users\User\Desktop\projectory\felhounds\Hungry-Felhounds\Content\TopDownBP\Interface\Other\Widget_UI.uasset: [Compiler] Could not find a variable named "slot2_item" in 'Widget_UI'.
Make sure 'Widget_UI' has been compiled for  Get slot2_item
[2022.12.22-18.34.10:245][  0]LogBlueprint: Error: [AssetLog] C:\Users\User\Desktop\projectory\felhounds\Hungry-Felhounds\Content\TopDownBP\Interface\Other\Widget_UI.uasset: [Compiler] Can't connect pins  ReturnValue  and  Object : This cast has an invalid target type (was the class deleted without a redirect?).
[2022.12.22-18.34.10:246][  0]LogBlueprint: Error: [AssetLog] C:\Users\User\Desktop\projectory\felhounds\Hungry-Felhounds\Content\TopDownBP\Interface\Other\Widget_UI.uasset: [Compiler] Can't connect pins  Object  and  ReturnValue : This cast has an invalid target type (was the class deleted without a redirect?).
[2022.12.22-18.34.10:246][  0]LogBlueprint: Error: [AssetLog] C:\Users\User\Desktop\projectory\felhounds\Hungry-Felhounds\Content\TopDownBP\Interface\Other\Widget_UI.uasset: [Compiler] In use pin  AsTop Down Character  no longer exists on node  Bad cast node . Please refresh node or break links to remove pin.
[2022.12.22-18.34.10:246][  0]LogBlueprint: Warning: [AssetLog] C:\Users\User\Desktop\projectory\felhounds\Hungry-Felhounds\Content\TopDownBP\Interface\Other\Widget_UI.uasset: [Compiler] Could not find a variable named "slot1_item" in 'Widget_UI'.
Make sure 'Widget_UI' has been compiled for  Get slot1_item
[2022.12.22-18.34.10:246][  0]LogBlueprint: Error: [AssetLog] C:\Users\User\Desktop\projectory\felhounds\Hungry-Felhounds\Content\TopDownBP\Interface\Other\Widget_UI.uasset: [Compiler] Can't connect pins  ReturnValue  and  Object : This cast has an invalid target type (was the class deleted without a redirect?).
[2022.12.22-18.34.10:246][  0]LogBlueprint: Error: [AssetLog] C:\Users\User\Desktop\projectory\felhounds\Hungry-Felhounds\Content\TopDownBP\Interface\Other\Widget_UI.uasset: [Compiler] Can't connect pins  Object  and  ReturnValue : This cast has an invalid target type (was the class deleted without a redirect?).
[2022.12.22-18.34.10:246][  0]LogBlueprint: Error: [AssetLog] C:\Users\User\Desktop\projectory\felhounds\Hungry-Felhounds\Content\TopDownBP\Interface\Other\Widget_UI.uasset: [Compiler] In use pin  AsTop Down Character  no longer exists on node  Bad cast node . Please refresh node or break links to remove pin.
[2022.12.22-18.34.10:248][  0]LogBlueprint: Error: [AssetLog] C:\Users\User\Desktop\projectory\felhounds\Hungry-Felhounds\Content\TopDownBP\Interface\Other\Widget_UI.uasset: [Compiler] Can't connect pins  Object  and  ReturnValue : This cast has an invalid target type (was the class deleted without a redirect?).
[2022.12.22-18.34.10:248][  0]LogBlueprint: Error: [AssetLog] C:\Users\User\Desktop\projectory\felhounds\Hungry-Felhounds\Content\TopDownBP\Interface\Other\Widget_UI.uasset: [Compiler] In use pin  AsTop Down Character  no longer exists on node  Bad cast node . Please refresh node or break links to remove pin.
[2022.12.22-18.34.10:248][  0]LogBlueprint: Error: [AssetLog] C:\Users\User\Desktop\projectory\felhounds\Hungry-Felhounds\Content\TopDownBP\Interface\Other\Widget_UI.uasset: [Compiler] Can't connect pins  ReturnValue  and  Object : This cast has an invalid target type (was the class deleted without a redirect?).
[2022.12.22-18.34.10:249][  0]LogBlueprint: Warning: [AssetLog] C:\Users\User\Desktop\projectory\felhounds\Hungry-Felhounds\Content\TopDownBP\Interface\Other\Widget_UI.uasset: [Compiler] Could not find a variable named "slot1_item" in 'Widget_UI'.
Make sure 'Widget_UI' has been compiled for  Get slot1_item
[2022.12.22-18.34.10:250][  0]LogBlueprint: Error: [AssetLog] C:\Users\User\Desktop\projectory\felhounds\Hungry-Felhounds\Content\TopDownBP\Interface\Other\Widget_UI.uasset: [Compiler] Can't connect pins  Object  and  ReturnValue : This cast has an invalid target type (was the class deleted without a redirect?).
[2022.12.22-18.34.10:250][  0]LogBlueprint: Error: [AssetLog] C:\Users\User\Desktop\projectory\felhounds\Hungry-Felhounds\Content\TopDownBP\Interface\Other\Widget_UI.uasset: [Compiler] In use pin  AsTop Down Character  no longer exists on node  Bad cast node . Please refresh node or break links to remove pin.
[2022.12.22-18.34.10:250][  0]LogBlueprint: Error: [AssetLog] C:\Users\User\Desktop\projectory\felhounds\Hungry-Felhounds\Content\TopDownBP\Interface\Other\Widget_UI.uasset: [Compiler] Can't connect pins  ReturnValue  and  Object : This cast has an invalid target type (was the class deleted without a redirect?).
[2022.12.22-18.34.10:251][  0]LogBlueprint: Warning: [AssetLog] C:\Users\User\Desktop\projectory\felhounds\Hungry-Felhounds\Content\TopDownBP\Interface\Other\Widget_UI.uasset: [Compiler] Could not find a variable named "slot2_item" in 'Widget_UI'.
Make sure 'Widget_UI' has been compiled for  Get slot2_item
[2022.12.22-18.34.10:252][  0]LogBlueprint: Error: [AssetLog] C:\Users\User\Desktop\projectory\felhounds\Hungry-Felhounds\Content\TopDownBP\Interface\Other\Positive_cards\Card1_pick_up.uasset: [Compiler] The property associated with  pos_card_number  could not be found in '/Game/TopDownBP/Interface/Other/Positive_cards/Card1_pick_up.Card1_pick_up_C'
[2022.12.22-18.34.10:252][  0]LogBlueprint: Error: [AssetLog] C:\Users\User\Desktop\projectory\felhounds\Hungry-Felhounds\Content\TopDownBP\Interface\Other\Positive_cards\Card1_pick_up.uasset: [Compiler] The property associated with  slot1_item  could not be found in '/Game/TopDownBP/Interface/Other/Positive_cards/Card1_pick_up.Card1_pick_up_C'
[2022.12.22-18.34.10:252][  0]LogBlueprint: Error: [AssetLog] C:\Users\User\Desktop\projectory\felhounds\Hungry-Felhounds\Content\TopDownBP\Interface\Other\Positive_cards\Card1_pick_up.uasset: [Compiler] The property associated with  slot1_item  could not be found in '/Game/TopDownBP/Interface/Other/Positive_cards/Card1_pick_up.Card1_pick_up_C'
[2022.12.22-18.34.10:253][  0]LogBlueprint: Error: [AssetLog] C:\Users\User\Desktop\projectory\felhounds\Hungry-Felhounds\Content\TopDownBP\Interface\Other\Negative_cards\Card2_pick_up.uasset: [Compiler] The property associated with  neg_card_number  could not be found in '/Game/TopDownBP/Interface/Other/Negative_cards/Card2_pick_up.Card2_pick_up_C'
[2022.12.22-18.34.10:253][  0]LogBlueprint: Error: [AssetLog] C:\Users\User\Desktop\projectory\felhounds\Hungry-Felhounds\Content\TopDownBP\Interface\Other\Negative_cards\Card2_pick_up.uasset: [Compiler] The property associated with  slot2_item  could not be found in '/Game/TopDownBP/Interface/Other/Negative_cards/Card2_pick_up.Card2_pick_up_C'
[2022.12.22-18.34.10:253][  0]LogBlueprint: Error: [AssetLog] C:\Users\User\Desktop\projectory\felhounds\Hungry-Felhounds\Content\TopDownBP\Interface\Other\Negative_cards\Card2_pick_up.uasset: [Compiler] The property associated with  slot2_item  could not be found in '/Game/TopDownBP/Interface/Other/Negative_cards/Card2_pick_up.Card2_pick_up_C'
[2022.12.22-18.34.10:253][  0]LogBlueprint: Error: [AssetLog] C:\Users\User\Desktop\projectory\felhounds\Hungry-Felhounds\Content\TopDownBP\Interface\Other\Positive_cards\Card3_pick_up.uasset: [Compiler] The property associated with  pos_card_number  could not be found in '/Game/TopDownBP/Interface/Other/Positive_cards/Card3_pick_up.Card3_pick_up_C'
[2022.12.22-18.34.10:254][  0]LogBlueprint: Error: [AssetLog] C:\Users\User\Desktop\projectory\felhounds\Hungry-Felhounds\Content\TopDownBP\Interface\Other\Positive_cards\Card3_pick_up.uasset: [Compiler] The property associated with  slot1_item  could not be found in '/Game/TopDownBP/Interface/Other/Positive_cards/Card3_pick_up.Card3_pick_up_C'
[2022.12.22-18.34.10:254][  0]LogBlueprint: Error: [AssetLog] C:\Users\User\Desktop\projectory\felhounds\Hungry-Felhounds\Content\TopDownBP\Interface\Other\Positive_cards\Card3_pick_up.uasset: [Compiler] The property associated with  slot1_item  could not be found in '/Game/TopDownBP/Interface/Other/Positive_cards/Card3_pick_up.Card3_pick_up_C'
[2022.12.22-18.34.10:255][  0]LogBlueprint: Error: [AssetLog] C:\Users\User\Desktop\projectory\felhounds\Hungry-Felhounds\Content\TopDownBP\Interface\Other\Widget_UI.uasset: [Compiler] The property associated with  slot1_item  could not be found in '/Game/TopDownBP/Interface/Other/Widget_UI.Widget_UI_C'
[2022.12.22-18.34.10:256][  0]LogBlueprint: Error: [AssetLog] C:\Users\User\Desktop\projectory\felhounds\Hungry-Felhounds\Content\TopDownBP\Interface\Other\Widget_UI.uasset: [Compiler] The property associated with  slot2_item  could not be found in '/Game/TopDownBP/Interface/Other/Widget_UI.Widget_UI_C'
[2022.12.22-18.34.10:512][  0]LogAudio: Display: Audio Device (ID: 1) registered with world 'ArenaBase'.
[2022.12.22-18.34.10:533][  0]LogAIModule: Creating AISystem for world ArenaBase
[2022.12.22-18.34.10:534][  0]LogLoad: Game class is 'GameplayGM_C'
[2022.12.22-18.34.10:534][  0]LogNet: ReplicationDriverClass is null! Not using ReplicationDriver.
[2022.12.22-18.34.10:535][  0]LogNetCore: DDoS detection status: detection enabled: 0 analytics enabled: 0
[2022.12.22-18.34.10:535][  0]LogInit: WinSock: Socket queue. Rx: 131072 (config 131072) Tx: 131072 (config 131072)
[2022.12.22-18.34.10:536][  0]LogNet: Created socket for bind address: 0.0.0.0 on port 17777
[2022.12.22-18.34.10:537][  0]PacketHandlerLog: Loaded PacketHandler component: Engine.EngineHandlerComponentFactory (StatelessConnectHandlerComponent)
[2022.12.22-18.34.10:537][  0]LogNet: GameNetDriver SteamNetDriver_0 IpNetDriver listening on port 17777
[2022.12.22-18.34.10:544][  0]LogWorld: Bringing World /Game/TopDownBP/Maps/ArenaBase.ArenaBase up for play (max tick rate 0) at 2022.12.22-23.34.10
[2022.12.22-18.34.10:545][  0]LogOnlineIdentity: STEAM: Obtained steam authticket
[2022.12.22-18.34.10:650][  0]LogWorld: Bringing up level for play took: 0.111853
[2022.12.22-18.34.10:652][  0]LogOnlineSession: Warning: STEAM: No game present to join for session (GameSession)
[2022.12.22-18.34.10:655][  0]LogGameMode: Display: Match State Changed from EnteringMap to WaitingToStart
[2022.12.22-18.34.10:655][  0]LogGameState: Match State Changed from EnteringMap to WaitingToStart
[2022.12.22-18.34.10:655][  0]LogGameMode: Display: Match State Changed from WaitingToStart to InProgress
[2022.12.22-18.34.10:661][  0]LogGameState: Match State Changed from WaitingToStart to InProgress
[2022.12.22-18.34.10:661][  0]LogLoad: Took 0.636998 seconds to LoadMap(/Game/TopDownBP/Maps/ArenaBase)
[2022.12.22-18.34.10:700][  0]LogSlate: Took 0.001066 seconds to synchronously load lazily loaded font '../../../Engine/Content/Slate/Fonts/Roboto-Regular.ttf' (155K)
[2022.12.22-18.34.10:736][  0]LogRenderer: Reallocating scene render targets to support 640x480 Format 10 NumSamples 1 (Frame:1).
[2022.12.22-18.34.10:736][  0]LogInit: Display: Engine is initialized. Leaving FEngineLoop::Init()
[2022.12.22-18.34.10:736][  0]LogLoad: (Engine Initialization) Total time: 9.12 seconds
[2022.12.22-18.34.10:736][  0]LogLoad: (Engine Initialization) Total Blueprint compile time: 0.00 seconds
[2022.12.22-18.34.10:752][  0]LogContentStreaming: Texture pool size now 1000 MB
[2022.12.22-18.34.10:755][  0]LogSlate: InvalidateAllWidgets triggered.  All widgets were invalidated
[2022.12.22-18.34.10:875][  0]LogRenderer: Reallocating scene render targets to support 128x128 Format 10 NumSamples 1 (Frame:1).
[2022.12.22-18.34.10:987][  0]LogRenderer: Reallocating scene render targets to support 640x480 Format 10 NumSamples 1 (Frame:2).
[2022.12.22-18.34.11:020][  1]LogSlate: Took 0.000224 seconds to synchronously load lazily loaded font '../../../Engine/Content/Slate/Fonts/Roboto-Regular.ttf' (155K)
[2022.12.22-18.34.11:062][  4]LogNet: NotifyAcceptingConnection accepted from: 127.0.0.1:58954
[2022.12.22-18.34.11:062][  4]LogHandshake: SendConnectChallenge. Timestamp: 0.315727, Cookie: 073228016068132209013131250074243209010136155247067233119151
[2022.12.22-18.34.11:081][  5]LogNet: NotifyAcceptingConnection accepted from: 127.0.0.1:58954
[2022.12.22-18.34.11:082][  5]LogHandshake: SendChallengeAck. InCookie: 073228016068132209013131250074243209010136155247067233119151
[2022.12.22-18.34.11:082][  5]LogNet: Server accepting post-challenge connection from: 127.0.0.1:58954
[2022.12.22-18.34.11:083][  5]PacketHandlerLog: Loaded PacketHandler component: Engine.EngineHandlerComponentFactory (StatelessConnectHandlerComponent)
[2022.12.22-18.34.11:083][  5]LogNet: NotifyAcceptedConnection: Name: ArenaBase, TimeStamp: 12/22/22 23:34:11, [UNetConnection] RemoteAddr: 127.0.0.1:58954, Name: SteamNetConnection_0, Driver: GameNetDriver SteamNetDriver_0, IsServer: YES, PC: NULL, Owner: NULL, UniqueId: INVALID
[2022.12.22-18.34.11:083][  5]LogNet: AddClientConnection: Added client connection: [UNetConnection] RemoteAddr: 127.0.0.1:58954, Name: SteamNetConnection_0, Driver: GameNetDriver SteamNetDriver_0, IsServer: YES, PC: NULL, Owner: NULL, UniqueId: INVALID
[2022.12.22-18.34.11:093][  6]LogNet: NotifyAcceptingChannel Control 0 server World /Game/TopDownBP/Maps/ArenaBase.ArenaBase: Accepted
[2022.12.22-18.34.11:093][  6]LogNet: Remote platform little endian=1
[2022.12.22-18.34.11:093][  6]LogNet: This platform little endian=1
[2022.12.22-18.34.11:093][  6]LogNetVersion: Game1 1.0.0.0, NetCL: 17155196, EngineNetVer: 17, GameNetVer: 0 (Checksum: 3925865969)
[2022.12.22-18.34.11:115][  7]LogNet: Login request: ?Name=fadgejon[dfasgjbljnl'fasnfadk userId: STEAM:fadgejon[dfasgjbljnl'fasnfadk [0x11000010CC3A7B6] platform: STEAM
[2022.12.22-18.34.11:135][  8]LogNet: Client netspeed is 100000
[2022.12.22-18.34.11:954][ 49]LogNet: Join request: /Game/TopDownBP/Maps/MainMenu?Name=fadgejon[dfasgjbljnl'fasnfadk?SplitscreenCount=1
[2022.12.22-18.34.11:955][ 49]LogOnlineSession: Warning: STEAM: No game present to join for session (GameSession)
[2022.12.22-18.34.11:973][ 49]LogNet: Join succeeded: fadgejon[dfasgjbljnl
