Log file open, 12/23/22 20:00:37
LogWindows: Failed to load 'aqProf.dll' (GetLastError=126)
LogWindows: File 'aqProf.dll' does not exist
LogWindows: Failed to load 'VtuneApi.dll' (GetLastError=126)
LogWindows: File 'VtuneApi.dll' does not exist
LogWindows: Failed to load 'VtuneApi32e.dll' (GetLastError=126)
LogWindows: File 'VtuneApi32e.dll' does not exist
LogConsoleResponse: Display: Failed to find resolution value strings in scalability ini. Falling back to default.
LogConsoleResponse: Display: Failed to find resolution value strings in scalability ini. Falling back to default.
LogInit: Display: Running engine for game: Game1
LogPlatformFile: Not using cached read wrapper
LogTaskGraph: Started task graph with 5 named threads and 23 total threads with 3 sets of task threads.
LogStats: Stats thread started at 0.364398
LogICUInternationalization: ICU TimeZone Detection - Raw Offset: +5:00, Platform Override: ''
LogInit: Display: Loading text-based GConfig....
LogPluginManager: Mounting plugin MeshPainting
LogPluginManager: Mounting plugin XGEController
LogPluginManager: Mounting plugin Paper2D
LogPluginManager: Mounting plugin LightPropagationVolume
LogPluginManager: Mounting plugin AISupport
LogPluginManager: Mounting plugin EnvironmentQueryEditor
LogPluginManager: Mounting plugin LiveLink
LogPluginManager: Mounting plugin CameraShakePreviewer
LogPluginManager: Mounting plugin GameplayCameras
LogPluginManager: Mounting plugin OodleData
LogPluginManager: Mounting plugin OodleNetwork
LogPluginManager: Mounting plugin AssetManagerEditor
LogPluginManager: Mounting plugin CryptoKeys
LogPluginManager: Mounting plugin DataValidation
LogPluginManager: Mounting plugin CurveEditorTools
LogPluginManager: Mounting plugin FacialAnimation
LogPluginManager: Mounting plugin GameplayTagsEditor
LogPluginManager: Mounting plugin GeometryMode
LogPluginManager: Mounting plugin MacGraphicsSwitching
LogPluginManager: Mounting plugin MaterialAnalyzer
LogPluginManager: Mounting plugin MobileLauncherProfileWizard
LogPluginManager: Mounting plugin PluginBrowser
LogPluginManager: Mounting plugin SpeedTreeImporter
LogPluginManager: Mounting plugin AnimationSharing
LogPluginManager: Mounting plugin CodeLiteSourceCodeAccess
LogPluginManager: Mounting plugin GitSourceControl
LogPluginManager: Mounting plugin KDevelopSourceCodeAccess
LogPluginManager: Mounting plugin NullSourceCodeAccess
LogPluginManager: Mounting plugin PerforceSourceControl
LogPluginManager: Mounting plugin PixWinPlugin
LogPluginManager: Mounting plugin PlasticSourceControl
LogPluginManager: Mounting plugin PluginUtils
LogPluginManager: Mounting plugin PropertyAccessNode
LogPluginManager: Mounting plugin RiderSourceCodeAccess
LogPluginManager: Mounting plugin SubversionSourceControl
LogPluginManager: Mounting plugin AlembicImporter
LogPluginManager: Mounting plugin TextureFormatOodle
LogPluginManager: Mounting plugin UObjectPlugin
LogPluginManager: Mounting plugin DatasmithContent
LogPluginManager: Mounting plugin AutomationUtils
LogPluginManager: Mounting plugin BackChannel
LogPluginManager: Mounting plugin ChaosCloth
LogPluginManager: Mounting plugin ChaosClothEditor
LogPluginManager: Mounting plugin ChaosEditor
LogPluginManager: Mounting plugin VariantManagerContent
LogPluginManager: Mounting plugin ChaosNiagara
LogPluginManager: Mounting plugin CharacterAI
LogPluginManager: Mounting plugin VisualStudioCodeSourceCodeAccess
LogPluginManager: Mounting plugin VisualStudioSourceCodeAccess
LogPluginManager: Mounting plugin XCodeSourceCodeAccess
LogPluginManager: Mounting plugin ChaosSolverPlugin
LogPluginManager: Mounting plugin LuminPlatformFeatures
LogPluginManager: Mounting plugin MagicLeap
LogPluginManager: Mounting plugin MagicLeapLightEstimation
LogPluginManager: Mounting plugin CLionSourceCodeAccess
LogPluginManager: Mounting plugin MagicLeapMedia
LogPluginManager: Mounting plugin MagicLeapPassableWorld
LogPluginManager: Mounting plugin MLSDK
LogPluginManager: Mounting plugin GeometryCache
LogPluginManager: Mounting plugin GeometryCollectionPlugin
LogPluginManager: Mounting plugin GeometryProcessing
LogPluginManager: Mounting plugin OpenImageDenoise
LogPluginManager: Mounting plugin PlanarCut
LogPluginManager: Mounting plugin PlatformCrypto
LogPluginManager: Mounting plugin ProxyLODPlugin
LogPluginManager: Mounting plugin PythonScriptPlugin
LogPluginManager: Mounting plugin SkeletalReduction
LogPluginManager: Mounting plugin AndroidMedia
LogPluginManager: Mounting plugin AvfMedia
LogPluginManager: Mounting plugin ImgMedia
LogPluginManager: Mounting plugin MediaCompositing
LogPluginManager: Mounting plugin MediaPlayerEditor
LogPluginManager: Mounting plugin WebMMedia
LogPluginManager: Mounting plugin WmfMedia
LogPluginManager: Mounting plugin TcpMessaging
LogPluginManager: Mounting plugin UdpMessaging
LogPluginManager: Mounting plugin ActorSequence
LogPluginManager: Mounting plugin LevelSequenceEditor
LogPluginManager: Mounting plugin MatineeToLevelSequence
LogPluginManager: Mounting plugin TemplateSequence
LogPluginManager: Mounting plugin OnlineSubsystem
LogPluginManager: Mounting plugin OnlineSubsystemNull
LogPluginManager: Mounting plugin OnlineSubsystemSteam
LogPluginManager: Mounting plugin OnlineSubsystemUtils
LogPluginManager: Mounting plugin LauncherChunkInstaller
LogPluginManager: Mounting plugin ActorLayerUtilities
LogPluginManager: Mounting plugin AndroidDeviceProfileSelector
LogPluginManager: Mounting plugin AndroidMoviePlayer
LogPluginManager: Mounting plugin AndroidPermission
LogPluginManager: Mounting plugin AppleMoviePlayer
LogPluginManager: Mounting plugin AppleImageUtils
LogPluginManager: Mounting plugin ArchVisCharacter
LogPluginManager: Mounting plugin AssetTags
LogPluginManager: Mounting plugin AudioCapture
LogPluginManager: Mounting plugin AudioSynesthesia
LogPluginManager: Mounting plugin CableComponent
LogPluginManager: Mounting plugin ChunkDownloader
LogPluginManager: Mounting plugin CustomMeshComponent
LogPluginManager: Mounting plugin EditableMesh
LogPluginManager: Mounting plugin ExampleDeviceProfileSelector
LogPluginManager: Mounting plugin GoogleCloudMessaging
LogPluginManager: Mounting plugin GooglePAD
LogPluginManager: Mounting plugin IOSDeviceProfileSelector
LogPluginManager: Mounting plugin LinuxDeviceProfileSelector
LogPluginManager: Mounting plugin MotoSynth
LogPluginManager: Mounting plugin LocationServicesBPLibrary
LogPluginManager: Mounting plugin MobilePatchingUtils
LogPluginManager: Mounting plugin OpenXR
LogPluginManager: Mounting plugin OpenXREyeTracker
LogPluginManager: Mounting plugin OpenXRHandTracking
LogPluginManager: Mounting plugin PhysXVehicles
LogPluginManager: Mounting plugin PostSplashScreen
LogPluginManager: Mounting plugin ProceduralMeshComponent
LogPluginManager: Mounting plugin PropertyAccessEditor
LogPluginManager: Mounting plugin RuntimePhysXCooking
LogPluginManager: Mounting plugin SignificanceManager
LogPluginManager: Mounting plugin SoundFields
LogPluginManager: Mounting plugin Synthesis
LogPluginManager: Mounting plugin ScreenshotTools
LogPluginManager: Mounting plugin WebMMoviePlayer
LogPluginManager: Mounting plugin WindowsMoviePlayer
LogPluginManager: Mounting plugin Takes
LogPluginManager: Mounting plugin Niagara
LogPluginManager: Mounting plugin ContentBrowserAssetDataSource
LogPluginManager: Mounting plugin ContentBrowserClassDataSource
LogPluginManager: Mounting plugin ContentBrowserFileDataSource
LogPluginManager: Mounting plugin OnlineSubsystemGooglePlay
LogPluginManager: Mounting plugin OnlineSubsystemIOS
LogPluginManager: Mounting plugin OculusVR
LogPluginManager: Mounting plugin SteamShared
LogPluginManager: Mounting plugin SteamVR
PixWinPlugin: PIX capture plugin failed to initialize! Check that the process is launched from PIX.
LogInit: Using libcurl 7.55.1-DEV
LogInit:  - built for x86_64-pc-win32
LogInit:  - supports SSL with OpenSSL/1.1.1
LogInit:  - supports HTTP deflate (compression) using libz 1.2.8
LogInit:  - other features:
LogInit:      CURL_VERSION_SSL
LogInit:      CURL_VERSION_LIBZ
LogInit:      CURL_VERSION_IPV6
LogInit:      CURL_VERSION_ASYNCHDNS
LogInit:      CURL_VERSION_LARGEFILE
LogInit:      CURL_VERSION_IDN
LogInit:  CurlRequestOptions (configurable via config and command line):
LogInit:  - bVerifyPeer = true  - Libcurl will verify peer certificate
LogInit:  - bUseHttpProxy = false  - Libcurl will NOT use HTTP proxy
LogInit:  - bDontReuseConnections = false  - Libcurl will reuse connections
LogInit:  - MaxHostConnections = 16  - Libcurl will limit the number of connections to a host
LogInit:  - LocalHostAddr = Default
LogInit:  - BufferSize = 65536
LogSteamShared: Display: Loading Steam SDK 1.51
LogSteamShared: Steam SDK Loaded!
LogOnline: OSS: Creating online subsystem instance for: Steam
LogOnline: Display: STEAM: OnlineSubsystemSteam::Shutdown()
LogOnline: OSS: Unable to create OnlineSubsystem module Steam
LogOnline: OSS: Creating online subsystem instance for: NULL
LogInit: WinSock: version 1.1 (2.2), MaxSocks=32767, MaxUdp=65467
LogOnline: OSS: TryLoadSubsystemAndSetDefault: Loaded subsystem for module [NULL]
LogOculusPluginWrapper: OculusPlugin initialized successfully
LogHMD: Failed initializing OVRPlugin 1.59.0
LogInit: Build: ++UE4+Release-4.27-CL-18319896
LogInit: Engine Version: 4.27.2-18319896+++UE4+Release-4.27
LogInit: Compatible Engine Version: 4.27.0-17155196+++UE4+Release-4.27
LogInit: Net CL: 17155196
LogInit: OS: Windows 10 (Release 2009) (), CPU: AMD FX-8320E Eight-Core Processor              , GPU: NVIDIA GeForce GT 1030
LogInit: Compiled (64-bit): Nov 30 2021 07:12:08
LogInit: Compiled with Visual C++: 19.24.28315.00
LogInit: Build Configuration: Development
LogInit: Branch Name: ++UE4+Release-4.27
LogInit: Command Line: 
LogInit: Base Directory: C:/Program Files/Epic Games/UE_4.27/Engine/Binaries/Win64/
LogInit: Allocator: TBB
LogInit: Installed Engine Build: 1
LogDevObjectVersion: Number of dev versions registered: 29
LogDevObjectVersion:   Dev-Blueprints (B0D832E4-1F89-4F0D-ACCF-7EB736FD4AA2): 10
LogDevObjectVersion:   Dev-Build (E1C64328-A22C-4D53-A36C-8E866417BD8C): 0
LogDevObjectVersion:   Dev-Core (375EC13C-06E4-48FB-B500-84F0262A717E): 4
LogDevObjectVersion:   Dev-Editor (E4B068ED-F494-42E9-A231-DA0B2E46BB41): 40
LogDevObjectVersion:   Dev-Framework (CFFC743F-43B0-4480-9391-14DF171D2073): 37
LogDevObjectVersion:   Dev-Mobile (B02B49B5-BB20-44E9-A304-32B752E40360): 3
LogDevObjectVersion:   Dev-Networking (A4E4105C-59A1-49B5-A7C5-40C4547EDFEE): 0
LogDevObjectVersion:   Dev-Online (39C831C9-5AE6-47DC-9A44-9C173E1C8E7C): 0
LogDevObjectVersion:   Dev-Physics (78F01B33-EBEA-4F98-B9B4-84EACCB95AA2): 14
LogDevObjectVersion:   Dev-Platform (6631380F-2D4D-43E0-8009-CF276956A95A): 0
LogDevObjectVersion:   Dev-Rendering (12F88B9F-8875-4AFC-A67C-D90C383ABD29): 45
LogDevObjectVersion:   Dev-Sequencer (7B5AE74C-D270-4C10-A958-57980B212A5A): 13
LogDevObjectVersion:   Dev-VR (D7296918-1DD6-4BDD-9DE2-64A83CC13884): 3
LogDevObjectVersion:   Dev-LoadTimes (C2A15278-BFE7-4AFE-6C17-90FF531DF755): 1
LogDevObjectVersion:   Private-Geometry (6EACA3D4-40EC-4CC1-B786-8BED09428FC5): 3
LogDevObjectVersion:   Dev-AnimPhys (29E575DD-E0A3-4627-9D10-D276232CDCEA): 17
LogDevObjectVersion:   Dev-Anim (AF43A65D-7FD3-4947-9873-3E8ED9C1BB05): 15
LogDevObjectVersion:   Dev-ReflectionCapture (6B266CEC-1EC7-4B8F-A30B-E4D90942FC07): 1
LogDevObjectVersion:   Dev-Automation (0DF73D61-A23F-47EA-B727-89E90C41499A): 1
LogDevObjectVersion:   FortniteMain (601D1886-AC64-4F84-AA16-D3DE0DEAC7D6): 47
LogDevObjectVersion:   FortniteRelease (E7086368-6B23-4C58-8439-1B7016265E91): 1
LogDevObjectVersion:   Dev-Enterprise (9DFFBCD6-494F-0158-E221-12823C92A888): 10
LogDevObjectVersion:   Dev-Niagara (F2AED0AC-9AFE-416F-8664-AA7FFA26D6FC): 1
LogDevObjectVersion:   Dev-Destruction (174F1F0B-B4C6-45A5-B13F-2EE8D0FB917D): 10
LogDevObjectVersion:   Dev-Physics-Ext (35F94A83-E258-406C-A318-09F59610247C): 41
LogDevObjectVersion:   Dev-PhysicsMaterial-Chaos (B68FC16E-8B1B-42E2-B453-215C058844FE): 1
LogDevObjectVersion:   Dev-CineCamera (B2E18506-4273-CFC2-A54E-F4BB758BBA07): 1
LogDevObjectVersion:   Dev-VirtualProduction (64F58936-FD1B-42BA-BA96-7289D5D0FA4E): 1
LogDevObjectVersion:   Dev-MediaFramework (6F0ED827-A609-4895-9C91-998D90180EA4): 2
LogInit: Presizing for max 25165824 objects, including 0 objects not considered by GC, pre-allocating 0 bytes for permanent pool.
LogConfig: Applying CVar settings from Section [/Script/Engine.StreamingSettings] File [D:/Projects/Hungry-Felhounds/Saved/Config/Windows/Engine.ini]
LogConfig: Setting CVar [[s.MinBulkDataSizeForAsyncLoading:131072]]
LogConfig: Setting CVar [[s.AsyncLoadingThreadEnabled:0]]
LogConfig: Setting CVar [[s.EventDrivenLoaderEnabled:1]]
LogConfig: Setting CVar [[s.WarnIfTimeLimitExceeded:0]]
LogConfig: Setting CVar [[s.TimeLimitExceededMultiplier:1.5]]
LogConfig: Setting CVar [[s.TimeLimitExceededMinTime:0.005]]
LogConfig: Setting CVar [[s.UseBackgroundLevelStreaming:1]]
LogConfig: Setting CVar [[s.PriorityAsyncLoadingExtraTime:15.0]]
LogConfig: Setting CVar [[s.LevelStreamingActorsUpdateTimeLimit:5.0]]
LogConfig: Setting CVar [[s.PriorityLevelStreamingActorsUpdateExtraTime:5.0]]
LogConfig: Setting CVar [[s.LevelStreamingComponentsRegistrationGranularity:10]]
LogConfig: Setting CVar [[s.UnregisterComponentsTimeLimit:1.0]]
LogConfig: Setting CVar [[s.LevelStreamingComponentsUnregistrationGranularity:5]]
LogConfig: Setting CVar [[s.FlushStreamingOnExit:1]]
LogInit: Object subsystem initialized
LogConfig: Setting CVar [[con.DebugEarlyDefault:1]]
LogConfig: Setting CVar [[r.setres:1280x720]]
[2022.12.23-15.00.38:208][  0]LogConfig: Setting CVar [[r.VSync:0]]
[2022.12.23-15.00.38:208][  0]LogConfig: Setting CVar [[r.RHICmdBypass:0]]
[2022.12.23-15.00.38:208][  0]LogConfig: Applying CVar settings from Section [/Script/Engine.RendererSettings] File [D:/Projects/Hungry-Felhounds/Saved/Config/Windows/Engine.ini]
[2022.12.23-15.00.38:208][  0]LogConfig: Setting CVar [[r.GPUCrashDebugging:0]]
[2022.12.23-15.00.38:208][  0]LogConfig: Applying CVar settings from Section [/Script/Engine.RendererOverrideSettings] File [D:/Projects/Hungry-Felhounds/Saved/Config/Windows/Engine.ini]
[2022.12.23-15.00.38:208][  0]LogConfig: Applying CVar settings from Section [/Script/Engine.StreamingSettings] File [D:/Projects/Hungry-Felhounds/Saved/Config/Windows/Engine.ini]
[2022.12.23-15.00.38:208][  0]LogConfig: Setting CVar [[s.MinBulkDataSizeForAsyncLoading:131072]]
[2022.12.23-15.00.38:208][  0]LogConfig: Setting CVar [[s.AsyncLoadingThreadEnabled:0]]
[2022.12.23-15.00.38:208][  0]LogConfig: Setting CVar [[s.EventDrivenLoaderEnabled:1]]
[2022.12.23-15.00.38:208][  0]LogConfig: Setting CVar [[s.WarnIfTimeLimitExceeded:0]]
[2022.12.23-15.00.38:208][  0]LogConfig: Setting CVar [[s.TimeLimitExceededMultiplier:1.5]]
[2022.12.23-15.00.38:208][  0]LogConfig: Setting CVar [[s.TimeLimitExceededMinTime:0.005]]
[2022.12.23-15.00.38:208][  0]LogConfig: Setting CVar [[s.UseBackgroundLevelStreaming:1]]
[2022.12.23-15.00.38:208][  0]LogConfig: Setting CVar [[s.PriorityAsyncLoadingExtraTime:15.0]]
[2022.12.23-15.00.38:208][  0]LogConfig: Setting CVar [[s.LevelStreamingActorsUpdateTimeLimit:5.0]]
[2022.12.23-15.00.38:208][  0]LogConfig: Setting CVar [[s.PriorityLevelStreamingActorsUpdateExtraTime:5.0]]
[2022.12.23-15.00.38:208][  0]LogConfig: Setting CVar [[s.LevelStreamingComponentsRegistrationGranularity:10]]
[2022.12.23-15.00.38:208][  0]LogConfig: Setting CVar [[s.UnregisterComponentsTimeLimit:1.0]]
[2022.12.23-15.00.38:208][  0]LogConfig: Setting CVar [[s.LevelStreamingComponentsUnregistrationGranularity:5]]
[2022.12.23-15.00.38:208][  0]LogConfig: Setting CVar [[s.FlushStreamingOnExit:1]]
[2022.12.23-15.00.38:208][  0]LogConfig: Applying CVar settings from Section [/Script/Engine.GarbageCollectionSettings] File [D:/Projects/Hungry-Felhounds/Saved/Config/Windows/Engine.ini]
[2022.12.23-15.00.38:208][  0]LogConfig: Setting CVar [[gc.MaxObjectsNotConsideredByGC:1]]
[2022.12.23-15.00.38:208][  0]LogConfig: Setting CVar [[gc.SizeOfPermanentObjectPool:0]]
[2022.12.23-15.00.38:208][  0]LogConfig: Setting CVar [[gc.FlushStreamingOnGC:0]]
[2022.12.23-15.00.38:208][  0]LogConfig: Setting CVar [[gc.NumRetriesBeforeForcingGC:10]]
[2022.12.23-15.00.38:208][  0]LogConfig: Setting CVar [[gc.AllowParallelGC:1]]
[2022.12.23-15.00.38:208][  0]LogConfig: Setting CVar [[gc.TimeBetweenPurgingPendingKillObjects:61.1]]
[2022.12.23-15.00.38:208][  0]LogConfig: Setting CVar [[gc.MaxObjectsInEditor:25165824]]
[2022.12.23-15.00.38:208][  0]LogConfig: Setting CVar [[gc.IncrementalBeginDestroyEnabled:1]]
[2022.12.23-15.00.38:208][  0]LogConfig: Setting CVar [[gc.CreateGCClusters:1]]
[2022.12.23-15.00.38:208][  0]LogConfig: Setting CVar [[gc.MinGCClusterSize:5]]
[2022.12.23-15.00.38:208][  0]LogConfig: Setting CVar [[gc.ActorClusteringEnabled:0]]
[2022.12.23-15.00.38:208][  0]LogConfig: Setting CVar [[gc.BlueprintClusteringEnabled:0]]
[2022.12.23-15.00.38:208][  0]LogConfig: Setting CVar [[gc.UseDisregardForGCOnDedicatedServers:0]]
[2022.12.23-15.00.38:208][  0]LogConfig: Setting CVar [[gc.MultithreadedDestructionEnabled:1]]
[2022.12.23-15.00.38:208][  0]LogConfig: Applying CVar settings from Section [/Script/Engine.NetworkSettings] File [D:/Projects/Hungry-Felhounds/Saved/Config/Windows/Engine.ini]
[2022.12.23-15.00.38:209][  0]LogConfig: Applying CVar settings from Section [/Script/UnrealEd.CookerSettings] File [D:/Projects/Hungry-Felhounds/Saved/Config/Windows/Engine.ini]
[2022.12.23-15.00.38:217][  0]LogConfig: Applying CVar settings from Section [ViewDistanceQuality@3] File [D:/Projects/Hungry-Felhounds/Saved/Config/Windows/Scalability.ini]
[2022.12.23-15.00.38:217][  0]LogConfig: Setting CVar [[r.SkeletalMeshLODBias:0]]
[2022.12.23-15.00.38:217][  0]LogConfig: Setting CVar [[r.ViewDistanceScale:1.0]]
[2022.12.23-15.00.38:217][  0]LogConfig: Applying CVar settings from Section [AntiAliasingQuality@3] File [D:/Projects/Hungry-Felhounds/Saved/Config/Windows/Scalability.ini]
[2022.12.23-15.00.38:217][  0]LogConfig: Setting CVar [[r.PostProcessAAQuality:4]]
[2022.12.23-15.00.38:217][  0]LogConfig: Applying CVar settings from Section [ShadowQuality@3] File [D:/Projects/Hungry-Felhounds/Saved/Config/Windows/Scalability.ini]
[2022.12.23-15.00.38:217][  0]LogConfig: Setting CVar [[r.LightFunctionQuality:1]]
[2022.12.23-15.00.38:217][  0]LogConfig: Setting CVar [[r.ShadowQuality:5]]
[2022.12.23-15.00.38:217][  0]LogConfig: Setting CVar [[r.Shadow.CSM.MaxCascades:10]]
[2022.12.23-15.00.38:217][  0]LogConfig: Setting CVar [[r.Shadow.MaxResolution:2048]]
[2022.12.23-15.00.38:217][  0]LogConfig: Setting CVar [[r.Shadow.MaxCSMResolution:2048]]
[2022.12.23-15.00.38:217][  0]LogConfig: Setting CVar [[r.Shadow.RadiusThreshold:0.01]]
[2022.12.23-15.00.38:217][  0]LogConfig: Setting CVar [[r.Shadow.DistanceScale:1.0]]
[2022.12.23-15.00.38:217][  0]LogConfig: Setting CVar [[r.Shadow.CSM.TransitionScale:1.0]]
[2022.12.23-15.00.38:217][  0]LogConfig: Setting CVar [[r.Shadow.PreShadowResolutionFactor:1.0]]
[2022.12.23-15.00.38:217][  0]LogConfig: Setting CVar [[r.DistanceFieldShadowing:1]]
[2022.12.23-15.00.38:217][  0]LogConfig: Setting CVar [[r.DistanceFieldAO:1]]
[2022.12.23-15.00.38:217][  0]LogConfig: Setting CVar [[r.AOQuality:2]]
[2022.12.23-15.00.38:217][  0]LogConfig: Setting CVar [[r.VolumetricFog:1]]
[2022.12.23-15.00.38:217][  0]LogConfig: Setting CVar [[r.VolumetricFog.GridPixelSize:8]]
[2022.12.23-15.00.38:217][  0]LogConfig: Setting CVar [[r.VolumetricFog.GridSizeZ:128]]
[2022.12.23-15.00.38:217][  0]LogConfig: Setting CVar [[r.VolumetricFog.HistoryMissSupersampleCount:4]]
[2022.12.23-15.00.38:217][  0]LogConfig: Setting CVar [[r.LightMaxDrawDistanceScale:1]]
[2022.12.23-15.00.38:217][  0]LogConfig: Setting CVar [[r.CapsuleShadows:1]]
[2022.12.23-15.00.38:217][  0]LogConfig: Applying CVar settings from Section [PostProcessQuality@3] File [D:/Projects/Hungry-Felhounds/Saved/Config/Windows/Scalability.ini]
[2022.12.23-15.00.38:217][  0]LogConfig: Setting CVar [[r.MotionBlurQuality:4]]
[2022.12.23-15.00.38:217][  0]LogConfig: Setting CVar [[r.AmbientOcclusionMipLevelFactor:0.4]]
[2022.12.23-15.00.38:217][  0]LogConfig: Setting CVar [[r.AmbientOcclusionMaxQuality:100]]
[2022.12.23-15.00.38:217][  0]LogConfig: Setting CVar [[r.AmbientOcclusionLevels:-1]]
[2022.12.23-15.00.38:217][  0]LogConfig: Setting CVar [[r.AmbientOcclusionRadiusScale:1.0]]
[2022.12.23-15.00.38:217][  0]LogConfig: Setting CVar [[r.DepthOfFieldQuality:2]]
[2022.12.23-15.00.38:217][  0]LogConfig: Setting CVar [[r.RenderTargetPoolMin:400]]
[2022.12.23-15.00.38:217][  0]LogConfig: Setting CVar [[r.LensFlareQuality:2]]
[2022.12.23-15.00.38:217][  0]LogConfig: Setting CVar [[r.SceneColorFringeQuality:1]]
[2022.12.23-15.00.38:217][  0]LogConfig: Setting CVar [[r.EyeAdaptationQuality:2]]
[2022.12.23-15.00.38:217][  0]LogConfig: Setting CVar [[r.BloomQuality:5]]
[2022.12.23-15.00.38:217][  0]LogConfig: Setting CVar [[r.FastBlurThreshold:100]]
[2022.12.23-15.00.38:217][  0]LogConfig: Setting CVar [[r.Upscale.Quality:3]]
[2022.12.23-15.00.38:217][  0]LogConfig: Setting CVar [[r.Tonemapper.GrainQuantization:1]]
[2022.12.23-15.00.38:217][  0]LogConfig: Setting CVar [[r.LightShaftQuality:1]]
[2022.12.23-15.00.38:218][  0]LogConfig: Setting CVar [[r.Filter.SizeScale:1]]
[2022.12.23-15.00.38:218][  0]LogConfig: Setting CVar [[r.Tonemapper.Quality:5]]
[2022.12.23-15.00.38:218][  0]LogConfig: Setting CVar [[r.DOF.Gather.AccumulatorQuality:1        ; higher gathering accumulator quality]]
[2022.12.23-15.00.38:218][  0]LogConfig: Setting CVar [[r.DOF.Gather.PostfilterMethod:1          ; Median3x3 postfilering method]]
[2022.12.23-15.00.38:218][  0]LogConfig: Setting CVar [[r.DOF.Gather.EnableBokehSettings:0       ; no bokeh simulation when gathering]]
[2022.12.23-15.00.38:218][  0]LogConfig: Setting CVar [[r.DOF.Gather.RingCount:4                 ; medium number of samples when gathering]]
[2022.12.23-15.00.38:218][  0]LogConfig: Setting CVar [[r.DOF.Scatter.ForegroundCompositing:1    ; additive foreground scattering]]
[2022.12.23-15.00.38:218][  0]LogConfig: Setting CVar [[r.DOF.Scatter.BackgroundCompositing:2    ; additive background scattering]]
[2022.12.23-15.00.38:218][  0]LogConfig: Setting CVar [[r.DOF.Scatter.EnableBokehSettings:1      ; bokeh simulation when scattering]]
[2022.12.23-15.00.38:218][  0]LogConfig: Setting CVar [[r.DOF.Scatter.MaxSpriteRatio:0.1         ; only a maximum of 10% of scattered bokeh]]
[2022.12.23-15.00.38:218][  0]LogConfig: Setting CVar [[r.DOF.Recombine.Quality:1                ; cheap slight out of focus]]
[2022.12.23-15.00.38:218][  0]LogConfig: Setting CVar [[r.DOF.Recombine.EnableBokehSettings:0    ; no bokeh simulation on slight out of focus]]
[2022.12.23-15.00.38:218][  0]LogConfig: Setting CVar [[r.DOF.TemporalAAQuality:1                ; more stable temporal accumulation]]
[2022.12.23-15.00.38:218][  0]LogConfig: Setting CVar [[r.DOF.Kernel.MaxForegroundRadius:0.025]]
[2022.12.23-15.00.38:218][  0]LogConfig: Setting CVar [[r.DOF.Kernel.MaxBackgroundRadius:0.025]]
[2022.12.23-15.00.38:218][  0]LogConfig: Applying CVar settings from Section [TextureQuality@3] File [D:/Projects/Hungry-Felhounds/Saved/Config/Windows/Scalability.ini]
[2022.12.23-15.00.38:218][  0]LogConfig: Setting CVar [[r.Streaming.MipBias:0]]
[2022.12.23-15.00.38:218][  0]LogConfig: Setting CVar [[r.Streaming.AmortizeCPUToGPUCopy:0]]
[2022.12.23-15.00.38:218][  0]LogConfig: Setting CVar [[r.Streaming.MaxNumTexturesToStreamPerFrame:0]]
[2022.12.23-15.00.38:218][  0]LogConfig: Setting CVar [[r.Streaming.Boost:1]]
[2022.12.23-15.00.38:218][  0]LogConfig: Setting CVar [[r.MaxAnisotropy:8]]
[2022.12.23-15.00.38:218][  0]LogConfig: Setting CVar [[r.VT.MaxAnisotropy:8]]
[2022.12.23-15.00.38:218][  0]LogConfig: Setting CVar [[r.Streaming.LimitPoolSizeToVRAM:0]]
[2022.12.23-15.00.38:218][  0]LogConfig: Setting CVar [[r.Streaming.PoolSize:1000]]
[2022.12.23-15.00.38:218][  0]LogConfig: Setting CVar [[r.Streaming.MaxEffectiveScreenSize:0]]
[2022.12.23-15.00.38:218][  0]LogConfig: Applying CVar settings from Section [EffectsQuality@3] File [D:/Projects/Hungry-Felhounds/Saved/Config/Windows/Scalability.ini]
[2022.12.23-15.00.38:218][  0]LogConfig: Setting CVar [[r.TranslucencyLightingVolumeDim:64]]
[2022.12.23-15.00.38:218][  0]LogConfig: Setting CVar [[r.RefractionQuality:2]]
[2022.12.23-15.00.38:218][  0]LogConfig: Setting CVar [[r.SSR.Quality:3]]
[2022.12.23-15.00.38:218][  0]LogConfig: Setting CVar [[r.SSR.HalfResSceneColor:0]]
[2022.12.23-15.00.38:218][  0]LogConfig: Setting CVar [[r.SceneColorFormat:4]]
[2022.12.23-15.00.38:218][  0]LogConfig: Setting CVar [[r.DetailMode:2]]
[2022.12.23-15.00.38:218][  0]LogConfig: Setting CVar [[r.TranslucencyVolumeBlur:1]]
[2022.12.23-15.00.38:218][  0]LogConfig: Setting CVar [[r.MaterialQualityLevel:1 ; High quality]]
[2022.12.23-15.00.38:218][  0]LogConfig: Setting CVar [[r.AnisotropicMaterials:1]]
[2022.12.23-15.00.38:218][  0]LogConfig: Setting CVar [[r.SSS.Scale:1]]
[2022.12.23-15.00.38:218][  0]LogConfig: Setting CVar [[r.SSS.SampleSet:2]]
[2022.12.23-15.00.38:218][  0]LogConfig: Setting CVar [[r.SSS.Quality:1]]
[2022.12.23-15.00.38:218][  0]LogConfig: Setting CVar [[r.SSS.HalfRes:0]]
[2022.12.23-15.00.38:218][  0]LogConfig: Setting CVar [[r.SSGI.Quality:3]]
[2022.12.23-15.00.38:218][  0]LogConfig: Setting CVar [[r.EmitterSpawnRateScale:1.0]]
[2022.12.23-15.00.38:218][  0]LogConfig: Setting CVar [[r.ParticleLightQuality:2]]
[2022.12.23-15.00.38:218][  0]LogConfig: Setting CVar [[r.SkyAtmosphere.AerialPerspectiveLUT.FastApplyOnOpaque:1 ; Always have FastSkyLUT 1 in this case to avoid wrong sky]]
[2022.12.23-15.00.38:218][  0]LogConfig: Setting CVar [[r.SkyAtmosphere.AerialPerspectiveLUT.SampleCountMaxPerSlice:4]]
[2022.12.23-15.00.38:218][  0]LogConfig: Setting CVar [[r.SkyAtmosphere.AerialPerspectiveLUT.DepthResolution:16.0]]
[2022.12.23-15.00.38:218][  0]LogConfig: Setting CVar [[r.SkyAtmosphere.FastSkyLUT:1]]
[2022.12.23-15.00.38:218][  0]LogConfig: Setting CVar [[r.SkyAtmosphere.FastSkyLUT.SampleCountMin:4.0]]
[2022.12.23-15.00.38:219][  0]LogConfig: Setting CVar [[r.SkyAtmosphere.FastSkyLUT.SampleCountMax:128.0]]
[2022.12.23-15.00.38:219][  0]LogConfig: Setting CVar [[r.SkyAtmosphere.SampleCountMin:4.0]]
[2022.12.23-15.00.38:219][  0]LogConfig: Setting CVar [[r.SkyAtmosphere.SampleCountMax:128.0]]
[2022.12.23-15.00.38:219][  0]LogConfig: Setting CVar [[r.SkyAtmosphere.TransmittanceLUT.UseSmallFormat:0]]
[2022.12.23-15.00.38:219][  0]LogConfig: Setting CVar [[r.SkyAtmosphere.TransmittanceLUT.SampleCount:10.0]]
[2022.12.23-15.00.38:219][  0]LogConfig: Setting CVar [[r.SkyAtmosphere.MultiScatteringLUT.SampleCount:15.0]]
[2022.12.23-15.00.38:219][  0]LogConfig: Setting CVar [[r.SkyLight.RealTimeReflectionCapture:1]]
[2022.12.23-15.00.38:219][  0]LogConfig: Applying CVar settings from Section [FoliageQuality@3] File [D:/Projects/Hungry-Felhounds/Saved/Config/Windows/Scalability.ini]
[2022.12.23-15.00.38:219][  0]LogConfig: Setting CVar [[foliage.DensityScale:1.0]]
[2022.12.23-15.00.38:219][  0]LogConfig: Setting CVar [[grass.DensityScale:1.0]]
[2022.12.23-15.00.38:219][  0]LogConfig: Applying CVar settings from Section [ShadingQuality@3] File [D:/Projects/Hungry-Felhounds/Saved/Config/Windows/Scalability.ini]
[2022.12.23-15.00.38:219][  0]LogConfig: Setting CVar [[r.HairStrands.SkyLighting.IntegrationType:2]]
[2022.12.23-15.00.38:219][  0]LogConfig: Setting CVar [[r.HairStrands.SkyAO.SampleCount:4]]
[2022.12.23-15.00.38:219][  0]LogConfig: Setting CVar [[r.HairStrands.Visibility.MSAA.SamplePerPixel:4]]
[2022.12.23-15.00.38:219][  0]LogInit: Selected Device Profile: [Windows]
[2022.12.23-15.00.38:219][  0]LogInit: Applying CVar settings loaded from the selected device profile: [Windows]
[2022.12.23-15.00.38:219][  0]LogHAL: Display: Platform has ~ 8 GB [8571179008 / 8589934592 / 8], which maps to Default [LargestMinGB=32, LargerMinGB=12, DefaultMinGB=8, SmallerMinGB=6, SmallestMinGB=0)
[2022.12.23-15.00.38:219][  0]LogInit: Going up to parent DeviceProfile []
[2022.12.23-15.00.38:219][  0]LogConfig: Applying CVar settings from Section [ViewDistanceQuality@3] File [D:/Projects/Hungry-Felhounds/Saved/Config/Windows/Scalability.ini]
[2022.12.23-15.00.38:219][  0]LogConfig: Setting CVar [[r.SkeletalMeshLODBias:0]]
[2022.12.23-15.00.38:219][  0]LogConfig: Setting CVar [[r.ViewDistanceScale:1.0]]
[2022.12.23-15.00.38:219][  0]LogConfig: Applying CVar settings from Section [AntiAliasingQuality@3] File [D:/Projects/Hungry-Felhounds/Saved/Config/Windows/Scalability.ini]
[2022.12.23-15.00.38:219][  0]LogConfig: Setting CVar [[r.PostProcessAAQuality:4]]
[2022.12.23-15.00.38:219][  0]LogConfig: Applying CVar settings from Section [ShadowQuality@3] File [D:/Projects/Hungry-Felhounds/Saved/Config/Windows/Scalability.ini]
[2022.12.23-15.00.38:219][  0]LogConfig: Setting CVar [[r.LightFunctionQuality:1]]
[2022.12.23-15.00.38:219][  0]LogConfig: Setting CVar [[r.ShadowQuality:5]]
[2022.12.23-15.00.38:219][  0]LogConfig: Setting CVar [[r.Shadow.CSM.MaxCascades:10]]
[2022.12.23-15.00.38:219][  0]LogConfig: Setting CVar [[r.Shadow.MaxResolution:2048]]
[2022.12.23-15.00.38:219][  0]LogConfig: Setting CVar [[r.Shadow.MaxCSMResolution:2048]]
[2022.12.23-15.00.38:219][  0]LogConfig: Setting CVar [[r.Shadow.RadiusThreshold:0.01]]
[2022.12.23-15.00.38:219][  0]LogConfig: Setting CVar [[r.Shadow.DistanceScale:1.0]]
[2022.12.23-15.00.38:219][  0]LogConfig: Setting CVar [[r.Shadow.CSM.TransitionScale:1.0]]
[2022.12.23-15.00.38:219][  0]LogConfig: Setting CVar [[r.Shadow.PreShadowResolutionFactor:1.0]]
[2022.12.23-15.00.38:219][  0]LogConfig: Setting CVar [[r.DistanceFieldShadowing:1]]
[2022.12.23-15.00.38:219][  0]LogConfig: Setting CVar [[r.DistanceFieldAO:1]]
[2022.12.23-15.00.38:219][  0]LogConfig: Setting CVar [[r.AOQuality:2]]
[2022.12.23-15.00.38:219][  0]LogConfig: Setting CVar [[r.VolumetricFog:1]]
[2022.12.23-15.00.38:219][  0]LogConfig: Setting CVar [[r.VolumetricFog.GridPixelSize:8]]
[2022.12.23-15.00.38:219][  0]LogConfig: Setting CVar [[r.VolumetricFog.GridSizeZ:128]]
[2022.12.23-15.00.38:219][  0]LogConfig: Setting CVar [[r.VolumetricFog.HistoryMissSupersampleCount:4]]
[2022.12.23-15.00.38:220][  0]LogConfig: Setting CVar [[r.LightMaxDrawDistanceScale:1]]
[2022.12.23-15.00.38:220][  0]LogConfig: Setting CVar [[r.CapsuleShadows:1]]
[2022.12.23-15.00.38:220][  0]LogConfig: Applying CVar settings from Section [PostProcessQuality@3] File [D:/Projects/Hungry-Felhounds/Saved/Config/Windows/Scalability.ini]
[2022.12.23-15.00.38:220][  0]LogConfig: Setting CVar [[r.MotionBlurQuality:4]]
[2022.12.23-15.00.38:220][  0]LogConfig: Setting CVar [[r.AmbientOcclusionMipLevelFactor:0.4]]
[2022.12.23-15.00.38:220][  0]LogConfig: Setting CVar [[r.AmbientOcclusionMaxQuality:100]]
[2022.12.23-15.00.38:220][  0]LogConfig: Setting CVar [[r.AmbientOcclusionLevels:-1]]
[2022.12.23-15.00.38:220][  0]LogConfig: Setting CVar [[r.AmbientOcclusionRadiusScale:1.0]]
[2022.12.23-15.00.38:220][  0]LogConfig: Setting CVar [[r.DepthOfFieldQuality:2]]
[2022.12.23-15.00.38:220][  0]LogConfig: Setting CVar [[r.RenderTargetPoolMin:400]]
[2022.12.23-15.00.38:220][  0]LogConfig: Setting CVar [[r.LensFlareQuality:2]]
[2022.12.23-15.00.38:220][  0]LogConfig: Setting CVar [[r.SceneColorFringeQuality:1]]
[2022.12.23-15.00.38:220][  0]LogConfig: Setting CVar [[r.EyeAdaptationQuality:2]]
[2022.12.23-15.00.38:220][  0]LogConfig: Setting CVar [[r.BloomQuality:5]]
[2022.12.23-15.00.38:220][  0]LogConfig: Setting CVar [[r.FastBlurThreshold:100]]
[2022.12.23-15.00.38:220][  0]LogConfig: Setting CVar [[r.Upscale.Quality:3]]
[2022.12.23-15.00.38:220][  0]LogConfig: Setting CVar [[r.Tonemapper.GrainQuantization:1]]
[2022.12.23-15.00.38:220][  0]LogConfig: Setting CVar [[r.LightShaftQuality:1]]
[2022.12.23-15.00.38:220][  0]LogConfig: Setting CVar [[r.Filter.SizeScale:1]]
[2022.12.23-15.00.38:220][  0]LogConfig: Setting CVar [[r.Tonemapper.Quality:5]]
[2022.12.23-15.00.38:220][  0]LogConfig: Setting CVar [[r.DOF.Gather.AccumulatorQuality:1        ; higher gathering accumulator quality]]
[2022.12.23-15.00.38:220][  0]LogConfig: Setting CVar [[r.DOF.Gather.PostfilterMethod:1          ; Median3x3 postfilering method]]
[2022.12.23-15.00.38:220][  0]LogConfig: Setting CVar [[r.DOF.Gather.EnableBokehSettings:0       ; no bokeh simulation when gathering]]
[2022.12.23-15.00.38:220][  0]LogConfig: Setting CVar [[r.DOF.Gather.RingCount:4                 ; medium number of samples when gathering]]
[2022.12.23-15.00.38:220][  0]LogConfig: Setting CVar [[r.DOF.Scatter.ForegroundCompositing:1    ; additive foreground scattering]]
[2022.12.23-15.00.38:220][  0]LogConfig: Setting CVar [[r.DOF.Scatter.BackgroundCompositing:2    ; additive background scattering]]
[2022.12.23-15.00.38:220][  0]LogConfig: Setting CVar [[r.DOF.Scatter.EnableBokehSettings:1      ; bokeh simulation when scattering]]
[2022.12.23-15.00.38:220][  0]LogConfig: Setting CVar [[r.DOF.Scatter.MaxSpriteRatio:0.1         ; only a maximum of 10% of scattered bokeh]]
[2022.12.23-15.00.38:220][  0]LogConfig: Setting CVar [[r.DOF.Recombine.Quality:1                ; cheap slight out of focus]]
[2022.12.23-15.00.38:220][  0]LogConfig: Setting CVar [[r.DOF.Recombine.EnableBokehSettings:0    ; no bokeh simulation on slight out of focus]]
[2022.12.23-15.00.38:220][  0]LogConfig: Setting CVar [[r.DOF.TemporalAAQuality:1                ; more stable temporal accumulation]]
[2022.12.23-15.00.38:220][  0]LogConfig: Setting CVar [[r.DOF.Kernel.MaxForegroundRadius:0.025]]
[2022.12.23-15.00.38:220][  0]LogConfig: Setting CVar [[r.DOF.Kernel.MaxBackgroundRadius:0.025]]
[2022.12.23-15.00.38:220][  0]LogConfig: Applying CVar settings from Section [TextureQuality@3] File [D:/Projects/Hungry-Felhounds/Saved/Config/Windows/Scalability.ini]
[2022.12.23-15.00.38:220][  0]LogConfig: Setting CVar [[r.Streaming.MipBias:0]]
[2022.12.23-15.00.38:220][  0]LogConfig: Setting CVar [[r.Streaming.AmortizeCPUToGPUCopy:0]]
[2022.12.23-15.00.38:220][  0]LogConfig: Setting CVar [[r.Streaming.MaxNumTexturesToStreamPerFrame:0]]
[2022.12.23-15.00.38:220][  0]LogConfig: Setting CVar [[r.Streaming.Boost:1]]
[2022.12.23-15.00.38:220][  0]LogConfig: Setting CVar [[r.MaxAnisotropy:8]]
[2022.12.23-15.00.38:220][  0]LogConfig: Setting CVar [[r.VT.MaxAnisotropy:8]]
[2022.12.23-15.00.38:220][  0]LogConfig: Setting CVar [[r.Streaming.LimitPoolSizeToVRAM:0]]
[2022.12.23-15.00.38:220][  0]LogConfig: Setting CVar [[r.Streaming.PoolSize:1000]]
[2022.12.23-15.00.38:220][  0]LogConfig: Setting CVar [[r.Streaming.MaxEffectiveScreenSize:0]]
[2022.12.23-15.00.38:220][  0]LogConfig: Applying CVar settings from Section [EffectsQuality@3] File [D:/Projects/Hungry-Felhounds/Saved/Config/Windows/Scalability.ini]
[2022.12.23-15.00.38:220][  0]LogConfig: Setting CVar [[r.TranslucencyLightingVolumeDim:64]]
[2022.12.23-15.00.38:220][  0]LogConfig: Setting CVar [[r.RefractionQuality:2]]
[2022.12.23-15.00.38:220][  0]LogConfig: Setting CVar [[r.SSR.Quality:3]]
[2022.12.23-15.00.38:220][  0]LogConfig: Setting CVar [[r.SSR.HalfResSceneColor:0]]
[2022.12.23-15.00.38:220][  0]LogConfig: Setting CVar [[r.SceneColorFormat:4]]
[2022.12.23-15.00.38:220][  0]LogConfig: Setting CVar [[r.DetailMode:2]]
[2022.12.23-15.00.38:221][  0]LogConfig: Setting CVar [[r.TranslucencyVolumeBlur:1]]
[2022.12.23-15.00.38:221][  0]LogConfig: Setting CVar [[r.MaterialQualityLevel:1 ; High quality]]
[2022.12.23-15.00.38:221][  0]LogConfig: Setting CVar [[r.AnisotropicMaterials:1]]
[2022.12.23-15.00.38:221][  0]LogConfig: Setting CVar [[r.SSS.Scale:1]]
[2022.12.23-15.00.38:221][  0]LogConfig: Setting CVar [[r.SSS.SampleSet:2]]
[2022.12.23-15.00.38:221][  0]LogConfig: Setting CVar [[r.SSS.Quality:1]]
[2022.12.23-15.00.38:221][  0]LogConfig: Setting CVar [[r.SSS.HalfRes:0]]
[2022.12.23-15.00.38:221][  0]LogConfig: Setting CVar [[r.SSGI.Quality:3]]
[2022.12.23-15.00.38:221][  0]LogConfig: Setting CVar [[r.EmitterSpawnRateScale:1.0]]
[2022.12.23-15.00.38:221][  0]LogConfig: Setting CVar [[r.ParticleLightQuality:2]]
[2022.12.23-15.00.38:221][  0]LogConfig: Setting CVar [[r.SkyAtmosphere.AerialPerspectiveLUT.FastApplyOnOpaque:1 ; Always have FastSkyLUT 1 in this case to avoid wrong sky]]
[2022.12.23-15.00.38:221][  0]LogConfig: Setting CVar [[r.SkyAtmosphere.AerialPerspectiveLUT.SampleCountMaxPerSlice:4]]
[2022.12.23-15.00.38:221][  0]LogConfig: Setting CVar [[r.SkyAtmosphere.AerialPerspectiveLUT.DepthResolution:16.0]]
[2022.12.23-15.00.38:221][  0]LogConfig: Setting CVar [[r.SkyAtmosphere.FastSkyLUT:1]]
[2022.12.23-15.00.38:221][  0]LogConfig: Setting CVar [[r.SkyAtmosphere.FastSkyLUT.SampleCountMin:4.0]]
[2022.12.23-15.00.38:221][  0]LogConfig: Setting CVar [[r.SkyAtmosphere.FastSkyLUT.SampleCountMax:128.0]]
[2022.12.23-15.00.38:221][  0]LogConfig: Setting CVar [[r.SkyAtmosphere.SampleCountMin:4.0]]
[2022.12.23-15.00.38:221][  0]LogConfig: Setting CVar [[r.SkyAtmosphere.SampleCountMax:128.0]]
[2022.12.23-15.00.38:221][  0]LogConfig: Setting CVar [[r.SkyAtmosphere.TransmittanceLUT.UseSmallFormat:0]]
[2022.12.23-15.00.38:221][  0]LogConfig: Setting CVar [[r.SkyAtmosphere.TransmittanceLUT.SampleCount:10.0]]
[2022.12.23-15.00.38:221][  0]LogConfig: Setting CVar [[r.SkyAtmosphere.MultiScatteringLUT.SampleCount:15.0]]
[2022.12.23-15.00.38:221][  0]LogConfig: Setting CVar [[r.SkyLight.RealTimeReflectionCapture:1]]
[2022.12.23-15.00.38:221][  0]LogConfig: Applying CVar settings from Section [FoliageQuality@3] File [D:/Projects/Hungry-Felhounds/Saved/Config/Windows/Scalability.ini]
[2022.12.23-15.00.38:221][  0]LogConfig: Setting CVar [[foliage.DensityScale:1.0]]
[2022.12.23-15.00.38:221][  0]LogConfig: Setting CVar [[grass.DensityScale:1.0]]
[2022.12.23-15.00.38:221][  0]LogConfig: Applying CVar settings from Section [ShadingQuality@3] File [D:/Projects/Hungry-Felhounds/Saved/Config/Windows/Scalability.ini]
[2022.12.23-15.00.38:221][  0]LogConfig: Setting CVar [[r.HairStrands.SkyLighting.IntegrationType:2]]
[2022.12.23-15.00.38:221][  0]LogConfig: Setting CVar [[r.HairStrands.SkyAO.SampleCount:4]]
[2022.12.23-15.00.38:221][  0]LogConfig: Setting CVar [[r.HairStrands.Visibility.MSAA.SamplePerPixel:4]]
[2022.12.23-15.00.38:221][  0]LogConfig: Applying CVar settings from Section [Startup] File [../../../Engine/Config/ConsoleVariables.ini]
[2022.12.23-15.00.38:221][  0]LogConfig: Setting CVar [[net.UseAdaptiveNetUpdateFrequency:0]]
[2022.12.23-15.00.38:221][  0]LogConfig: Setting CVar [[p.chaos.AllowCreatePhysxBodies:1]]
[2022.12.23-15.00.38:221][  0]LogConfig: Setting CVar [[fx.SkipVectorVMBackendOptimizations:1]]
[2022.12.23-15.00.38:221][  0]LogConfig: Applying CVar settings from Section [ConsoleVariables] File [D:/Projects/Hungry-Felhounds/Saved/Config/Windows/Engine.ini]
[2022.12.23-15.00.38:221][  0]LogConfig: Applying CVar settings from Section [ConsoleVariables] File [D:/Projects/Hungry-Felhounds/Saved/Config/Windows/Editor.ini]
[2022.12.23-15.00.38:221][  0]LogInit: Computer: DESKTOP-OB0F6KV
[2022.12.23-15.00.38:222][  0]LogInit: User: MadMax
[2022.12.23-15.00.38:222][  0]LogInit: CPU Page size=4096, Cores=4
[2022.12.23-15.00.38:222][  0]LogInit: High frequency timer resolution =10.000000 MHz
[2022.12.23-15.00.38:222][  0]LogMemory: Memory total: Physical=8.0GB (8GB approx)
[2022.12.23-15.00.38:222][  0]LogMemory: Platform Memory Stats for Windows
[2022.12.23-15.00.38:222][  0]LogMemory: Process Physical Memory: 141.50 MB used, 141.50 MB peak
[2022.12.23-15.00.38:222][  0]LogMemory: Process Virtual Memory: 114.51 MB used, 114.51 MB peak
[2022.12.23-15.00.38:222][  0]LogMemory: Physical Memory: 4420.96 MB used,  3753.15 MB free, 8174.11 MB total
[2022.12.23-15.00.38:222][  0]LogMemory: Virtual Memory: 134209976.00 MB used,  7754.58 MB free, 134217728.00 MB total
[2022.12.23-15.00.38:229][  0]LogWindows: WindowsPlatformFeatures enabled
[2022.12.23-15.00.38:287][  0]LogInit: Physics initialised using underlying interface: PhysX
[2022.12.23-15.00.38:288][  0]LogInit: Using OS detected language (ru-RU).
[2022.12.23-15.00.38:288][  0]LogInit: Using OS detected locale (ru-RU).
[2022.12.23-15.00.38:293][  0]LogTextLocalizationManager: No specific localization for 'ru-RU' exists, so the 'ru' localization will be used.
[2022.12.23-15.00.38:294][  0]LogTextLocalizationResource: LocRes '../../../Engine/Content/Localization/Editor/ru/Editor.locres' could not be opened for reading!
[2022.12.23-15.00.38:294][  0]LogTextLocalizationResource: LocRes '../../../Engine/Content/Localization/EditorTutorials/ru/EditorTutorials.locres' could not be opened for reading!
[2022.12.23-15.00.38:294][  0]LogTextLocalizationResource: LocRes '../../../Engine/Content/Localization/Keywords/ru/Keywords.locres' could not be opened for reading!
[2022.12.23-15.00.38:294][  0]LogTextLocalizationResource: LocRes '../../../Engine/Content/Localization/Category/ru/Category.locres' could not be opened for reading!
[2022.12.23-15.00.38:294][  0]LogTextLocalizationResource: LocRes '../../../Engine/Content/Localization/ToolTips/ru/ToolTips.locres' could not be opened for reading!
[2022.12.23-15.00.38:295][  0]LogTextLocalizationResource: LocRes '../../../Engine/Content/Localization/PropertyNames/ru/PropertyNames.locres' could not be opened for reading!
[2022.12.23-15.00.38:295][  0]LogTextLocalizationResource: LocRes '../../../Engine/Content/Localization/Engine/ru/Engine.locres' could not be opened for reading!
[2022.12.23-15.00.38:296][  0]LogInit: Setting process to per monitor DPI aware
[2022.12.23-15.00.38:314][  0]LogWindowsTextInputMethodSystem: Display: IME system deactivated.
[2022.12.23-15.00.38:332][  0]LogSlate: New Slate User Created.  User Index 0, Is Virtual User: 0
[2022.12.23-15.00.38:332][  0]LogSlate: Slate User Registered.  User Index 0, Is Virtual User: 0
[2022.12.23-15.00.38:527][  0]LogD3D11RHI: Loaded GFSDK_Aftermath_Lib.x64.dll
[2022.12.23-15.00.38:531][  0]LogHMD: Failed to initialize OpenVR with code 110
[2022.12.23-15.00.38:531][  0]LogD3D11RHI: D3D11 min allowed feature level: 11_0
[2022.12.23-15.00.38:531][  0]LogD3D11RHI: D3D11 max allowed feature level: 11_0
[2022.12.23-15.00.38:531][  0]LogD3D11RHI: D3D11 adapters:
[2022.12.23-15.00.38:674][  0]LogD3D11RHI:    0. 'NVIDIA GeForce GT 1030' (Feature Level 11_0)
[2022.12.23-15.00.38:674][  0]LogD3D11RHI:       1982/0/4087 MB DedicatedVideo/DedicatedSystem/SharedSystem, Outputs:1, VendorId:0x10de
[2022.12.23-15.00.38:677][  0]LogD3D11RHI:    1. 'Microsoft Basic Render Driver' (Feature Level 11_0)
[2022.12.23-15.00.38:677][  0]LogD3D11RHI:       0/0/4087 MB DedicatedVideo/DedicatedSystem/SharedSystem, Outputs:0, VendorId:0x1414
[2022.12.23-15.00.38:677][  0]LogD3D11RHI: Chosen D3D11 Adapter:
[2022.12.23-15.00.38:677][  0]LogD3D11RHI:     Description : NVIDIA GeForce GT 1030
[2022.12.23-15.00.38:677][  0]LogD3D11RHI:     VendorId    : 10de
[2022.12.23-15.00.38:677][  0]LogD3D11RHI:     DeviceId    : 1d01
[2022.12.23-15.00.38:677][  0]LogD3D11RHI:     SubSysId    : 85f51043
[2022.12.23-15.00.38:677][  0]LogD3D11RHI:     Revision    : 00a1
[2022.12.23-15.00.38:677][  0]LogD3D11RHI:     DedicatedVideoMemory : 2078597120 bytes
[2022.12.23-15.00.38:677][  0]LogD3D11RHI:     DedicatedSystemMemory : 0 bytes
[2022.12.23-15.00.38:677][  0]LogD3D11RHI:     SharedSystemMemory : 4285589504 bytes
[2022.12.23-15.00.38:677][  0]LogD3D11RHI:     AdapterLuid : 0 43557
[2022.12.23-15.00.38:684][  0]LogD3D11RHI: Creating new Direct3DDevice
[2022.12.23-15.00.38:684][  0]LogD3D11RHI:     GPU DeviceId: 0x1d01 (for the marketing name, search the web for "GPU Device Id")
[2022.12.23-15.00.38:684][  0]LogWindows: EnumDisplayDevices:
[2022.12.23-15.00.38:685][  0]LogWindows:    0. 'NVIDIA GeForce GT 1030' (P:1 D:1)
[2022.12.23-15.00.38:685][  0]LogWindows:    1. 'NVIDIA GeForce GT 1030' (P:0 D:0)
[2022.12.23-15.00.38:685][  0]LogWindows: DebugString: FoundDriverCount:2 
[2022.12.23-15.00.38:685][  0]LogD3D11RHI:     Adapter Name: NVIDIA GeForce GT 1030
[2022.12.23-15.00.38:685][  0]LogD3D11RHI:   Driver Version: 511.79 (internal:30.0.15.1179, unified:511.79)
[2022.12.23-15.00.38:685][  0]LogD3D11RHI:      Driver Date: 2-10-2022
[2022.12.23-15.00.38:685][  0]LogRHI: Texture pool is 1387 MB (70% of 1982 MB)
[2022.12.23-15.00.38:685][  0]LogD3D11RHI: Creating D3DDevice using adapter:
[2022.12.23-15.00.38:685][  0]LogD3D11RHI:     Description : NVIDIA GeForce GT 1030
[2022.12.23-15.00.38:685][  0]LogD3D11RHI:     VendorId    : 10de
[2022.12.23-15.00.38:685][  0]LogD3D11RHI:     DeviceId    : 1d01
[2022.12.23-15.00.38:685][  0]LogD3D11RHI:     SubSysId    : 85f51043
[2022.12.23-15.00.38:685][  0]LogD3D11RHI:     Revision    : 00a1
[2022.12.23-15.00.38:685][  0]LogD3D11RHI:     DedicatedVideoMemory : 2078597120 bytes
[2022.12.23-15.00.38:685][  0]LogD3D11RHI:     DedicatedSystemMemory : 0 bytes
[2022.12.23-15.00.38:685][  0]LogD3D11RHI:     SharedSystemMemory : 4285589504 bytes
[2022.12.23-15.00.38:685][  0]LogD3D11RHI:     AdapterLuid : 0 43557
[2022.12.23-15.00.38:781][  0]LogD3D11RHI: RHI has support for 64 bit atomics
[2022.12.23-15.00.38:781][  0]LogD3D11RHI: Async texture creation enabled
[2022.12.23-15.00.38:781][  0]LogD3D11RHI: Array index from any shader is supported
[2022.12.23-15.00.38:803][  0]LogD3D11RHI: GPU Timing Frequency: 1000.000000 (Debug: 2 1)
[2022.12.23-15.00.38:861][  0]LogRHI: GeForceNow SDK initialized: 1
[2022.12.23-15.00.39:343][  0]LogTargetPlatformManager: Display: Loaded TargetPlatform 'AllDesktop'
[2022.12.23-15.00.39:388][  0]LogTargetPlatformManager: Display: Loaded TargetPlatform 'Android'
[2022.12.23-15.00.39:388][  0]LogTargetPlatformManager: Display: Loaded TargetPlatform 'Android_ASTC'
[2022.12.23-15.00.39:388][  0]LogTargetPlatformManager: Display: Loaded TargetPlatform 'Android_DXT'
[2022.12.23-15.00.39:388][  0]LogTargetPlatformManager: Display: Loaded TargetPlatform 'Android_ETC2'
[2022.12.23-15.00.39:388][  0]LogTargetPlatformManager: Display: Loaded TargetPlatform 'AndroidClient'
[2022.12.23-15.00.39:388][  0]LogTargetPlatformManager: Display: Loaded TargetPlatform 'Android_ASTCClient'
[2022.12.23-15.00.39:388][  0]LogTargetPlatformManager: Display: Loaded TargetPlatform 'Android_DXTClient'
[2022.12.23-15.00.39:388][  0]LogTargetPlatformManager: Display: Loaded TargetPlatform 'Android_ETC2Client'
[2022.12.23-15.00.39:388][  0]LogTargetPlatformManager: Display: Loaded TargetPlatform 'Android_Multi'
[2022.12.23-15.00.39:388][  0]LogTargetPlatformManager: Display: Loaded TargetPlatform 'Android_MultiClient'
[2022.12.23-15.00.39:425][  0]LogTargetPlatformManager: Display: Loaded TargetPlatform 'IOSClient'
[2022.12.23-15.00.39:425][  0]LogTargetPlatformManager: Display: Loaded TargetPlatform 'IOS'
[2022.12.23-15.00.39:444][  0]LogTargetPlatformManager: Display: Loaded TargetPlatform 'Linux'
[2022.12.23-15.00.39:453][  0]LogTargetPlatformManager: Display: Loaded TargetPlatform 'LinuxNoEditor'
[2022.12.23-15.00.39:462][  0]LogTargetPlatformManager: Display: Loaded TargetPlatform 'LinuxClient'
[2022.12.23-15.00.39:471][  0]LogTargetPlatformManager: Display: Loaded TargetPlatform 'LinuxServer'
[2022.12.23-15.00.39:490][  0]LogTargetPlatformManager: Display: Loaded TargetPlatform 'LinuxAArch64NoEditor'
[2022.12.23-15.00.39:499][  0]LogTargetPlatformManager: Display: Loaded TargetPlatform 'LinuxAArch64Client'
[2022.12.23-15.00.39:507][  0]LogTargetPlatformManager: Display: Loaded TargetPlatform 'LinuxAArch64Server'
[2022.12.23-15.00.39:556][  0]LogTargetPlatformManager: Display: Loaded TargetPlatform 'Lumin'
[2022.12.23-15.00.39:556][  0]LogTargetPlatformManager: Display: Loaded TargetPlatform 'LuminClient'
[2022.12.23-15.00.39:575][  0]LogTargetPlatformManager: Display: Loaded TargetPlatform 'MacNoEditor'
[2022.12.23-15.00.39:582][  0]LogTargetPlatformManager: Display: Loaded TargetPlatform 'Mac'
[2022.12.23-15.00.39:589][  0]LogTargetPlatformManager: Display: Loaded TargetPlatform 'MacClient'
[2022.12.23-15.00.39:596][  0]LogTargetPlatformManager: Display: Loaded TargetPlatform 'MacServer'
[2022.12.23-15.00.39:613][  0]LogTargetPlatformManager: Display: Loaded TargetPlatform 'TVOSClient'
[2022.12.23-15.00.39:614][  0]LogTargetPlatformManager: Display: Loaded TargetPlatform 'TVOS'
[2022.12.23-15.00.39:628][  0]LogTargetPlatformManager: Display: Loaded TargetPlatform 'WindowsNoEditor'
[2022.12.23-15.00.39:636][  0]LogTargetPlatformManager: Display: Loaded TargetPlatform 'Windows'
[2022.12.23-15.00.39:642][  0]LogTargetPlatformManager: Display: Loaded TargetPlatform 'WindowsClient'
[2022.12.23-15.00.39:650][  0]LogTargetPlatformManager: Display: Loaded TargetPlatform 'WindowsServer'
[2022.12.23-15.00.39:650][  0]LogTargetPlatformManager: Display: Building Assets For Windows
[2022.12.23-15.00.39:659][  0]LogAudioDebug: Display: Lib vorbis DLL was dynamically loaded.
[2022.12.23-15.00.39:707][  0]LogTextureFormatOodle: Display: Oodle Texture 2.9.0 init RDO Off
[2022.12.23-15.00.39:754][  0]LogRendererCore: Ray tracing is disabled. Reason: r.RayTracing=0.
[2022.12.23-15.00.39:754][  0]LogShaderCompilers: Guid format shader working directory is 19 characters bigger than the processId version (D:/Projects/Hungry-Felhounds/Intermediate/Shaders/WorkingDirectory/4644/).
[2022.12.23-15.00.39:755][  0]LogShaderCompilers: Cleaned the shader compiler working directory 'C:/Users/MadMax/AppData/Local/Temp/UnrealShaderWorkingDir/EF1888AE4370A6D0EF3A46B6F913C4CA/'.
[2022.12.23-15.00.39:755][  0]LogXGEController: Cannot use XGE Controller as Incredibuild is not installed on this machine.
[2022.12.23-15.00.39:755][  0]LogShaderCompilers: Cannot use XGE Shader Compiler as Incredibuild is not installed on this machine.
[2022.12.23-15.00.39:755][  0]LogShaderCompilers: Display: Using Local Shader Compiler.
[2022.12.23-15.00.41:304][  0]LogDerivedDataCache: Display: Max Cache Size: 512 MB
[2022.12.23-15.00.41:419][  0]LogDerivedDataCache: Loaded boot cache 0.12s 94MB C:/Users/MadMax/AppData/Local/UnrealEngine/4.27/DerivedDataCache/Boot.ddc.
[2022.12.23-15.00.41:419][  0]LogDerivedDataCache: Display: Loaded Boot cache: C:/Users/MadMax/AppData/Local/UnrealEngine/4.27/DerivedDataCache/Boot.ddc
[2022.12.23-15.00.41:420][  0]LogDerivedDataCache: FDerivedDataBackendGraph:  Pak pak cache file D:/Projects/Hungry-Felhounds/DerivedDataCache/DDC.ddp not found, will not use a pak cache.
[2022.12.23-15.00.41:420][  0]LogDerivedDataCache: Unable to find inner node Pak for hierarchical cache Hierarchy.
[2022.12.23-15.00.41:420][  0]LogDerivedDataCache: FDerivedDataBackendGraph:  CompressedPak pak cache file D:/Projects/Hungry-Felhounds/DerivedDataCache/Compressed.ddp not found, will not use a pak cache.
[2022.12.23-15.00.41:420][  0]LogDerivedDataCache: Unable to find inner node CompressedPak for hierarchical cache Hierarchy.
[2022.12.23-15.00.41:443][  0]LogDerivedDataCache: Display: Pak cache opened for reading ../../../Engine/DerivedDataCache/Compressed.ddp.
[2022.12.23-15.00.41:443][  0]LogDerivedDataCache: FDerivedDataBackendGraph:  EnterprisePak pak cache file ../../../Enterprise/DerivedDataCache/Compressed.ddp not found, will not use a pak cache.
[2022.12.23-15.00.41:443][  0]LogDerivedDataCache: Unable to find inner node EnterprisePak for hierarchical cache Hierarchy.
[2022.12.23-15.00.41:452][  0]LogDerivedDataCache: Speed tests for C:/Users/MadMax/AppData/Local/UnrealEngine/Common/DerivedDataCache took 0.01 seconds
[2022.12.23-15.00.41:452][  0]LogDerivedDataCache: Display: Performance to C:/Users/MadMax/AppData/Local/UnrealEngine/Common/DerivedDataCache: Latency=0.04ms. RandomReadSpeed=977.28MBs, RandomWriteSpeed=123.20MBs. Assigned SpeedClass 'Local'
[2022.12.23-15.00.41:453][  0]LogDerivedDataCache: Using Local data cache path C:/Users/MadMax/AppData/Local/UnrealEngine/Common/DerivedDataCache: Writable
[2022.12.23-15.00.41:453][  0]LogDerivedDataCache: Shared data cache path not found in *engine.ini, will not use an Shared cache.
[2022.12.23-15.00.41:453][  0]LogDerivedDataCache: Unable to find inner node Shared for hierarchical cache Hierarchy.
[2022.12.23-15.00.41:535][  0]LogSlate: Using FreeType 2.10.0
[2022.12.23-15.00.41:535][  0]LogSlate: SlateFontServices - WITH_FREETYPE: 1, WITH_HARFBUZZ: 1
[2022.12.23-15.00.41:575][  0]LogAssetRegistry: FAssetRegistry took 0.0039 seconds to start up
[2022.12.23-15.00.42:014][  0]LogInit: Selected Device Profile: [Windows]
[2022.12.23-15.00.42:014][  0]LogInit: Active device profile: [00000203B5E6BD00][00000203AB9CF240 49] Windows
[2022.12.23-15.00.42:014][  0]LogInit: Profiles: [00000203B5E6BD00][00000203AB9CF240 49] Windows, [00000203B5E7BC00][00000203AA1873C0 49] WindowsNoEditor, [00000203B5E68400][00000203AA18B540 49] WindowsServer, [00000203B5E78400][00000203B3C9D6C0 49] WindowsClient, [00000203B5E6BB00][00000203B3CA1840 49] IOS, [00000203B5E7B800][00000203B3CA59C0 49] iPadAir, [00000203B5E68700][00000203B3CA9B40 49] iPadAir2, [00000203B5DF8D00][00000203B3CB0280 49] IPadPro, [00000203B5DF8E00][00000203B3CAC2C0 49] iPadAir3, [00000203B5E6B800][00000203B3CB4440 49] iPadAir4, [00000203B5DF8800][00000203AA182580 49] iPadMini2, [00000203B5E68800][00000203B3D106C0 49] iPadMini3, [00000203B5DF9600][00000203B3D14800 49] iPadMini4, [00000203B5E6B500][00000203B3D18940 49] iPadMini5, [00000203B5E79100][00000203B3D28C00 49] iPhone6, [00000203B5E79200][00000203B3D20C40 49] iPodTouch6, [00000203B5DFBA00][00000203B3AB8F00 49] iPhone7, [00000203B5DFB600][00000203B3D2CF40 49] iPodTouch7, [00000203B5E78800][00000203B38E70C0 49] iPhone5S, [00000203B5DF8200][00000203B38EB240 49] iPhone6Plus, [00000203B5E7B200][00000203B38F73C0 49] iPhone6S, [00000203B5DF8700][00000203B390F540 49] iPhone6SPlus, [00000203B5E7A400][00000203B391B6C0 49] iPhone7Plus, [00000203B5DF9300][00000203AB959840 49] iPhoneSE, [00000203B5E79C00][00000203AB9979C0 49] iPhone8, [00000203B5DFAC00][00000203AB99BB40 49] iPhone8Plus, [00000203B5E7AE00][00000203AB99E140 49] iPhoneX, [00000203B5DFA600][00000203AB9A22C0 49] iPhoneXS, [00000203B5E79F00][00000203AB9A6440 49] iPhoneXSMax, [00000203B5DF8C00][00000203AB9AA5C0 49] iPhoneXR, [00000203B5E7A900][00000203AB9AE740 49] iPhone11, [00000203B5DF9E00][00000203B3D1C880 49] iPhone11Pro, [00000203B5E79400][00000203AB9B29C0 49] iPhone11ProMax, [00000203B5DF8400][00000203AB9B6B00 49] iPhoneSE2, [00000203B5E7BF00][00000203B2EB2C80 49] iPhone12Mini, [00000203B5DF8900][00000203B2EB6E00 49] iPhone12, [00000203B5E78200][00000203B2EBAF80 49] iPhone12Pro, [00000203B5DF8600][00000203B2EBF100 49] iPhone12ProMax, [00000203B5E7BD00][00000203B34C1280 49] iPadPro105, [00000203B5DF9900][00000203B3501400 49] iPadPro129, [00000203B5E79B00][00000203B3505580 49] iPadPro97, [00000203B5DFBE00][00000203B3509700 49] iPadPro2_129, [00000203B5E7B300][00000203B350D880 49] iPad5, [00000203B5DFAA00][00000203B3653A00 49] iPad6, [00000203B5E7A200][00000203B36D5B80 49] iPad7, [00000203B5DFA400][00000203B36EC180 49] iPad8, [00000203B5E7B900][00000203B377A300 49] iPadPro11, [00000203B5DFAD00][00000203B37F0480 49] iPadPro2_11, [00000203B5E78600][00000203B6DB4600 49] iPadPro3_129, [00000203B5DF8F00][00000203B6EEC780 49] iPadPro4_129, [00000203B5E78E00][00000203B6F0C900 49] AppleTV, [00000203B5DF9000][00000203B2EAEA40 49] AppleTV4K, [00000203B5E7B400][00000203B6F1AB80 49] TVOS, [00000203B5DF8300][00000203B6F1ECC0 49] Mac, [00000203B5E7BB00][00000203B6F32E40 49] MacClient, [00000203B5DFB000][00000203B6F4AFC0 49] MacNoEditor, [00000203B5E79E00][00000203B6F9B140 49] MacServer, [00000203B5DFA900][00000203B6F9F2C0 49] Linux, [00000203B5E7A100][00000203B6FA3440 49] LinuxAArch64, [00000203B5DFB900][00000203B6FA75C0 49] LinuxNoEditor, [00000203B5E78C00][00000203B2E13740 49] LinuxAArch64NoEditor, [00000203B5DF9400][00000203B2E178C0 49] LinuxClient, [00000203B5E78700][00000203B2E1BA40 49] LinuxAArch64Client, [00000203B5DF8B00][00000203B2E1FBC0 49] LinuxServer, [00000203B5E78900][00000203B2E221C0 49] LinuxAArch64Server, [00000203B5DFA200][00000203B2E4E340 49] Android, [00000203B5E79900][00000203B2E524C0 49] Android_Low, [00000203B5DFAB00][00000203B2E56640 49] Android_Mid, [00000203B5E68C00][00000203B2E5A7C0 49] Android_High, [00000203B5F05400][00000203B2E5E940 49] Android_Default, [00000203B5E6A600][00000203B383EAC0 49] Android_Adreno4xx, [00000203B5F05500][00000203B6F2EC00 49] Android_Adreno5xx_Low, [00000203B5E6B100][00000203B3842D40 49] Android_Adreno5xx, [00000203B5F06100][00000203B3846E80 49] Android_Adreno6xx, [00000203B5E68D00][00000203B384AFC0 49] Android_Adreno6xx_Vulkan, [00000203B5F04A00][00000203B3893140 49] Android_Mali_T6xx, [00000203B5E68900][00000203B38972C0 49] Android_Mali_T7xx, [00000203B5F05D00][00000203B389B440 49] Android_Mali_T8xx, [00000203B5E69100][00000203B389F5C0 49] Android_Mali_G71, [00000203B5F04C00][00000203B38A3740 49] Android_Mali_G72, [00000203B5E68F00][00000203B2E638C0 49] Android_Mali_G72_Vulkan, [00000203B5F05E00][00000203B2E67A40 49] Android_Mali_G76, [00000203B5E68A00][00000203B2E6BBC0 49] Android_Mali_G76_Vulkan, [00000203B5F05800][00000203B2E6E1C0 49] Android_Mali_G77, [00000203B5E6B300][00000203B2E72340 49] Android_Mali_G77_Vulkan, [00000203B5F04E00][00000203B2E764C0 49] Android_Mali_G78, [00000203B5E6AD00][00000203B38D8640 49] Android_Mali_G78_Vulkan, [00000203B5F06C00][00000203B38F27C0 49] Android_Mali_G710, [00000203B5DFB300][00000203B2E7A940 49] Android_Mali_G710_Vulkan, [00000203B5E7AF00][00000203B2E7EAC0 49] Android_Vulkan_SM5, [00000203B5F05B00][00000203B33FAC40 49] Android_PowerVR_G6xxx, [00000203B5E79500][00000203B388ED80 49] Android_PowerVR_GT7xxx, [00000203B5F05F00][00000203B3480EC0 49] Android_PowerVR_GE8xxx, [00000203B5E7AA00][00000203B3485000 49] Android_PowerVR_GM9xxx, [00000203B5F04300][00000203B3489140 49] Android_PowerVR_GM9xxx_Vulkan, [00000203B5E7A700][00000203B35C32C0 49] Android_TegraK1, [00000203B5F05200][00000203B35C7440 49] Android_Unknown_Vulkan, [00000203B5E7B000][00000203B35CB5C0 49] Lumin, [00000203B5F06300][00000203B35CF740 49] Lumin_Desktop, [00000203B5E7B700][00000203B35D38C0 49] HoloLens, 
[2022.12.23-15.00.42:219][  0]LogMeshReduction: Using QuadricMeshReduction for automatic static mesh reduction
[2022.12.23-15.00.42:219][  0]LogMeshReduction: Using SimplygonMeshReduction for automatic skeletal mesh reduction
[2022.12.23-15.00.42:219][  0]LogMeshReduction: Using ProxyLODMeshReduction for automatic mesh merging
[2022.12.23-15.00.42:219][  0]LogMeshReduction: No distributed automatic mesh merging module available
[2022.12.23-15.00.42:219][  0]LogMeshMerging: No distributed automatic mesh merging module available
[2022.12.23-15.00.42:240][  0]LogNetVersion: Game1 1.0.0, NetCL: 17155196, EngineNetVer: 17, GameNetVer: 0 (Checksum: 3464310289)
[2022.12.23-15.00.42:839][  0]LogTexture: Default maximum texture size for cubemaps generated from long-lat sources has been changed from 512 to unlimited. In order to preserve old behaiour for '/Engine/MapTemplates/Sky/DaylightAmbientCubemap.DaylightAmbientCubemap', its maximum texture size has been explicitly set to 512.
[2022.12.23-15.00.42:946][  0]LogHMD: PokeAHoleMaterial loaded successfully
[2022.12.23-15.00.42:955][  0]LogUObjectArray: 17186 objects as part of root set at end of initial load.
[2022.12.23-15.00.42:955][  0]LogUObjectAllocator: 4313952 out of 0 bytes used by permanent object pool.
[2022.12.23-15.00.42:955][  0]LogUObjectArray: CloseDisregardForGC: 0/0 objects in disregard for GC pool
[2022.12.23-15.00.43:469][  0]LogPython: Using Python 3.7.7
[2022.12.23-15.00.44:319][  0]LogTcpMessaging: Initializing TcpMessaging bridge
[2022.12.23-15.00.44:325][  0]LogUdpMessaging: Initializing bridge on interface 0.0.0.0:0 to multicast group 230.0.0.1:6666.
[2022.12.23-15.00.44:419][  0]LogNiagaraDebuggerClient: Niagara Debugger Client Initialized | Session: 82586476446B4EBF8B8C4F942B464559 | Instance: 2B2A0E444818FCC07F80F6A5CE6AB734 (DESKTOP-OB0F6KV-4644).
[2022.12.23-15.00.44:735][  0]SourceControl: Source control is disabled
[2022.12.23-15.00.45:419][  0]LogUProjectInfo: Found projects:
[2022.12.23-15.00.45:487][  0]LogOpenImageDenoise: OIDN starting up
[2022.12.23-15.00.45:528][  0]LogAndroidPermission: UAndroidPermissionCallbackProxy::GetInstance
[2022.12.23-15.00.45:559][  0]LogAudioCaptureCore: Display: No Audio Capture implementations found. Audio input will be silent.
[2022.12.23-15.00.45:559][  0]LogAudioCaptureCore: Display: No Audio Capture implementations found. Audio input will be silent.
[2022.12.23-15.00.45:778][  0]LogCollectionManager: Loaded 0 collections in 0.003066 seconds
[2022.12.23-15.00.45:818][  0]LogFileCache: Scanning file cache for directory 'D:/Projects/Hungry-Felhounds/Saved/Collections/' took 0.00s
[2022.12.23-15.00.45:818][  0]LogFileCache: Scanning file cache for directory 'D:/Projects/Hungry-Felhounds/Content/Developers/MadMax/Collections/' took 0.00s
[2022.12.23-15.00.45:818][  0]LogFileCache: Scanning file cache for directory 'D:/Projects/Hungry-Felhounds/Content/Collections/' took 0.00s
[2022.12.23-15.00.45:818][  0]LogOcInput: OculusInput pre-init called
[2022.12.23-15.00.46:188][  0]LogEngine: Initializing Engine...
[2022.12.23-15.00.46:191][  0]LogHMD: Failed to enumerate extensions. Please check that you have a valid OpenXR runtime installed.
[2022.12.23-15.00.46:191][  0]LogHMD: Failed to initialize OpenVR with code 110
[2022.12.23-15.00.46:191][  0]LogMagicLeap: Warning: VR disabled because ZI is not enabled.  To enable, in the editor, Edit -> Project Settings -> Plugins -> Magic Leap Plugin -> Enable Zero Iteration
[2022.12.23-15.00.46:193][  0]LogStats: UGameplayTagsManager::InitializeManager -  0.000 s
[2022.12.23-15.00.46:405][  0]LogInit: Initializing FReadOnlyCVARCache
[2022.12.23-15.00.46:421][  0]LogAIModule: Creating AISystem for world Untitled
[2022.12.23-15.00.46:441][  0]LogAudio: Display: Initializing Audio Device Manager...
[2022.12.23-15.00.46:446][  0]LogAudio: Display: Loading Default Audio Settings Objects...
[2022.12.23-15.00.46:447][  0]LogAudio: Display: No default SoundConcurrencyObject specified (or failed to load).
[2022.12.23-15.00.46:447][  0]LogAudio: Display: Audio Device Manager Initialized
[2022.12.23-15.00.46:447][  0]LogAudio: Display: Creating Audio Device:                 Id: 1, Scope: Shared, Realtime: True
[2022.12.23-15.00.46:448][  0]LogAudioMixer: Display: Audio Mixer Platform Settings:
[2022.12.23-15.00.46:448][  0]LogAudioMixer: Display: 	Sample Rate:						  48000
[2022.12.23-15.00.46:448][  0]LogAudioMixer: Display: 	Callback Buffer Frame Size Requested: 1024
[2022.12.23-15.00.46:448][  0]LogAudioMixer: Display: 	Callback Buffer Frame Size To Use:	  1024
[2022.12.23-15.00.46:448][  0]LogAudioMixer: Display: 	Number of buffers to queue:			  2
[2022.12.23-15.00.46:448][  0]LogAudioMixer: Display: 	Max Channels (voices):				  32
[2022.12.23-15.00.46:448][  0]LogAudioMixer: Display: 	Number of Async Source Workers:		  0
[2022.12.23-15.00.46:448][  0]LogAudio: Display: AudioDevice MaxSources: 32
[2022.12.23-15.00.46:448][  0]LogAudio: Display: Audio Spatialization Plugin: None (built-in).
[2022.12.23-15.00.46:448][  0]LogAudio: Display: Audio Reverb Plugin: None (built-in).
[2022.12.23-15.00.46:448][  0]LogAudio: Display: Audio Occlusion Plugin: None (built-in).
[2022.12.23-15.00.46:448][  0]LogAudioMixer: Display: Initializing audio mixer.
[2022.12.23-15.00.46:468][  0]LogAudioMixer: Display: 0: FrontLeft
[2022.12.23-15.00.46:468][  0]LogAudioMixer: Display: 1: FrontRight
[2022.12.23-15.00.46:505][  0]LogAudioMixer: Display: Using Audio Device Динамики (2- USB Audio Device)
[2022.12.23-15.00.46:510][  0]LogAudioMixer: Display: Initializing Sound Submixes...
[2022.12.23-15.00.46:512][  0]LogAudioMixer: Display: Creating Master Submix 'MasterSubmixDefault'
[2022.12.23-15.00.46:512][  0]LogAudioMixer: Display: Creating Master Submix 'MasterReverbSubmixDefault'
[2022.12.23-15.00.46:515][  0]LogAudioMixer: Display: Creating Master Submix 'MasterEQSubmixDefault'
[2022.12.23-15.00.46:515][  0]LogAudioMixer: FMixerPlatformXAudio2::StartAudioStream() called
[2022.12.23-15.00.46:515][  0]LogAudioMixer: Display: Output buffers initialized: Frames=1024, Channels=2, Samples=2048
[2022.12.23-15.00.46:516][  0]LogAudioMixer: Display: Starting AudioMixerPlatformInterface::RunInternal()
[2022.12.23-15.00.46:517][  0]LogAudioMixer: Display: FMixerPlatformXAudio2::SubmitBuffer() called for the first time
[2022.12.23-15.00.46:517][  0]LogInit: FAudioDevice initialized.
[2022.12.23-15.00.46:517][  0]LogAudio: Display: Audio Device (ID: 1) registered with world 'Untitled'.
[2022.12.23-15.00.46:517][  0]LogNetVersion: Set ProjectVersion to 1.0.0.0. Version Checksum will be recalculated on next use.
[2022.12.23-15.00.46:690][  0]LogDerivedDataCache: Saved boot cache 0.17s 94MB C:/Users/MadMax/AppData/Local/UnrealEngine/4.27/DerivedDataCache/Boot.ddc.
[2022.12.23-15.00.46:695][  0]LogInit: Texture streaming: Enabled
[2022.12.23-15.00.46:712][  0]LogAnalytics: Display: [UEEditor.Rocket.Release] APIServer = https://datarouter.ol.epicgames.com/. AppVersion = 4.27.2-18319896+++UE4+Release-4.27
[2022.12.23-15.00.46:717][  0]LogEngineSessionManager: EngineSessionManager initialized
[2022.12.23-15.00.46:717][  0]LogEditorSessionSummary: Verbose: Initializing EditorSessionSummaryWriter for editor session tracking
[2022.12.23-15.00.46:720][  0]LogEditorSessionSummary: EditorSessionSummaryWriter initialized
[2022.12.23-15.00.46:753][  0]LogInit: Transaction tracking system initialized
[2022.12.23-15.00.46:782][  0]BlueprintLog: New page: Editor Load
[2022.12.23-15.00.46:865][  0]LocalizationService: Localization service is disabled
[2022.12.23-15.00.46:897][  0]TimingProfiler: Initialize
[2022.12.23-15.00.46:897][  0]TimingProfiler: OnSessionChanged
[2022.12.23-15.00.46:897][  0]LoadingProfiler: Initialize
[2022.12.23-15.00.46:897][  0]LoadingProfiler: OnSessionChanged
[2022.12.23-15.00.46:897][  0]NetworkingProfiler: Initialize
[2022.12.23-15.00.46:897][  0]NetworkingProfiler: OnSessionChanged
[2022.12.23-15.00.46:897][  0]MemoryProfiler: Initialize
[2022.12.23-15.00.46:897][  0]MemoryProfiler: OnSessionChanged
[2022.12.23-15.00.47:119][  0]LogCook: Display: CookSettings for Memory: MemoryMaxUsedVirtual 0MiB, MemoryMaxUsedPhysical 16384MiB, MemoryMinFreeVirtual 0MiB, MemoryMinFreePhysical 1024MiB
[2022.12.23-15.00.47:119][  0]LogCook: Display: Mobile HDR setting 1
[2022.12.23-15.00.47:419][  0]LogFileCache: Scanning file cache for directory 'D:/Projects/Hungry-Felhounds/Content/' took 0.01s
[2022.12.23-15.00.47:709][  0]LogInit: Display: Engine is initialized. Leaving FEngineLoop::Init()
[2022.12.23-15.00.47:714][  0]LogUnrealEdMisc: Loading editor; pre map load, took 11.062
[2022.12.23-15.00.47:714][  0]Cmd: MAP LOAD FILE="D:/Projects/Hungry-Felhounds/Content/TopDownBP/Maps/MainMenu.umap" TEMPLATE=0 SHOWPROGRESS=1 FEATURELEVEL=3
[2022.12.23-15.00.47:714][  0]LightingResults: New page: Lighting Build
[2022.12.23-15.00.47:716][  0]LogWorld: UWorld::CleanupWorld for Untitled, bSessionEnded=true, bCleanupResources=true
[2022.12.23-15.00.47:716][  0]LogSlate: InvalidateAllWidgets triggered.  All widgets were invalidated
[2022.12.23-15.00.47:716][  0]MapCheck: New page: Map Check
[2022.12.23-15.00.47:716][  0]LightingResults: New page: Lighting Build
[2022.12.23-15.00.47:727][  0]LogAudio: Display: Audio Device unregistered from world 'None'.
[2022.12.23-15.00.47:731][  0]LogUObjectHash: Compacting FUObjectHashTables data took   1.55ms
[2022.12.23-15.00.47:920][  0]LogAudio: Display: Audio Device (ID: 1) registered with world 'MainMenu'.
[2022.12.23-15.00.47:921][  0]LogAIModule: Creating AISystem for world MainMenu
[2022.12.23-15.00.47:922][  0]LogEditorServer: Finished looking for orphan Actors (0.000 secs)
[2022.12.23-15.00.47:947][  0]LogUObjectHash: Compacting FUObjectHashTables data took   1.84ms
[2022.12.23-15.00.47:948][  0]Cmd: MAP CHECKDEP NOCLEARLOG
[2022.12.23-15.00.47:948][  0]MapCheck: Map check complete: 0 Error(s), 0 Warning(s), took 0,175ms to complete.
[2022.12.23-15.00.47:948][  0]LogFileHelpers: Loading map 'MainMenu' took 0.234
[2022.12.23-15.00.47:951][  0]LogUnrealEdMisc: Total Editor Startup Time, took 11.299
[2022.12.23-15.00.48:096][  0]LogSlate: Updating window title bar state: overlay mode, drag disabled, window buttons hidden, title bar hidden
[2022.12.23-15.00.48:110][  0]LogSlate: Updating window title bar state: overlay mode, drag disabled, window buttons hidden, title bar hidden
[2022.12.23-15.00.48:121][  0]LogSlate: Updating window title bar state: overlay mode, drag disabled, window buttons hidden, title bar hidden
[2022.12.23-15.00.48:135][  0]LogSlate: Updating window title bar state: overlay mode, drag disabled, window buttons hidden, title bar hidden
[2022.12.23-15.00.48:162][  0]LogNativeClassHierarchy: Verbose: Native class hierarchy populated in 0.0178 seconds. Added 3825 classes and 932 folders.
[2022.12.23-15.00.48:165][  0]LogNativeClassHierarchy: Verbose: Native class hierarchy updated for 'WidgetCarousel' in 0.0004 seconds. Added 0 classes and 0 folders.
[2022.12.23-15.00.48:167][  0]LogPakFile: PakFile PrimaryIndexSize=187
[2022.12.23-15.00.48:168][  0]LogPakFile: PakFile PathHashIndexSize=101
[2022.12.23-15.00.48:168][  0]LogPakFile: PakFile FullDirectoryIndexSize=148
[2022.12.23-15.00.48:168][  0]LogShaderLibrary: Display: ShaderCodeLibraryPakFileMountedCallback: PakFile 'C:/Program Files/Epic Games/UE_4.27/FeaturePacks/FP_FirstPerson.upack' (chunk index -1, root 'root:/') mounted
[2022.12.23-15.00.48:168][  0]LogShaderLibrary: Display: ShaderCodeLibraryPakFileMountedCallback: pending pak file info (ChunkID:-1 Root:root:/ File:C:/Program Files/Epic Games/UE_4.27/FeaturePacks/FP_FirstPerson.upack)
[2022.12.23-15.00.48:168][  0]LogPakFile: OnPakFileMounted2Time == 0.000090
[2022.12.23-15.00.48:169][  0]LogPakFile: PakFile PrimaryIndexSize=189
[2022.12.23-15.00.48:169][  0]LogPakFile: PakFile PathHashIndexSize=101
[2022.12.23-15.00.48:169][  0]LogPakFile: PakFile FullDirectoryIndexSize=152
[2022.12.23-15.00.48:169][  0]LogShaderLibrary: Display: ShaderCodeLibraryPakFileMountedCallback: PakFile 'C:/Program Files/Epic Games/UE_4.27/FeaturePacks/FP_FirstPersonBP.upack' (chunk index -1, root 'root:/') mounted
[2022.12.23-15.00.48:169][  0]LogShaderLibrary: Display: ShaderCodeLibraryPakFileMountedCallback: pending pak file info (ChunkID:-1 Root:root:/ File:C:/Program Files/Epic Games/UE_4.27/FeaturePacks/FP_FirstPersonBP.upack)
[2022.12.23-15.00.48:169][  0]LogPakFile: OnPakFileMounted2Time == 0.000066
[2022.12.23-15.00.48:169][  0]LogPakFile: PakFile PrimaryIndexSize=191
[2022.12.23-15.00.48:170][  0]LogPakFile: PakFile PathHashIndexSize=101
[2022.12.23-15.00.48:170][  0]LogPakFile: PakFile FullDirectoryIndexSize=160
[2022.12.23-15.00.48:170][  0]LogShaderLibrary: Display: ShaderCodeLibraryPakFileMountedCallback: PakFile 'C:/Program Files/Epic Games/UE_4.27/FeaturePacks/MobileStarterContent.upack' (chunk index -1, root 'root:/') mounted
[2022.12.23-15.00.48:170][  0]LogShaderLibrary: Display: ShaderCodeLibraryPakFileMountedCallback: pending pak file info (ChunkID:-1 Root:root:/ File:C:/Program Files/Epic Games/UE_4.27/FeaturePacks/MobileStarterContent.upack)
[2022.12.23-15.00.48:170][  0]LogPakFile: OnPakFileMounted2Time == 0.000082
[2022.12.23-15.00.48:171][  0]LogPakFile: PakFile PrimaryIndexSize=185
[2022.12.23-15.00.48:171][  0]LogPakFile: PakFile PathHashIndexSize=101
[2022.12.23-15.00.48:171][  0]LogPakFile: PakFile FullDirectoryIndexSize=148
[2022.12.23-15.00.48:171][  0]LogShaderLibrary: Display: ShaderCodeLibraryPakFileMountedCallback: PakFile 'C:/Program Files/Epic Games/UE_4.27/FeaturePacks/StarterContent.upack' (chunk index -1, root 'root:/') mounted
[2022.12.23-15.00.48:171][  0]LogShaderLibrary: Display: ShaderCodeLibraryPakFileMountedCallback: pending pak file info (ChunkID:-1 Root:root:/ File:C:/Program Files/Epic Games/UE_4.27/FeaturePacks/StarterContent.upack)
[2022.12.23-15.00.48:171][  0]LogPakFile: OnPakFileMounted2Time == 0.000067
[2022.12.23-15.00.48:172][  0]LogPakFile: PakFile PrimaryIndexSize=190
[2022.12.23-15.00.48:172][  0]LogPakFile: PakFile PathHashIndexSize=101
[2022.12.23-15.00.48:172][  0]LogPakFile: PakFile FullDirectoryIndexSize=154
[2022.12.23-15.00.48:172][  0]LogShaderLibrary: Display: ShaderCodeLibraryPakFileMountedCallback: PakFile 'C:/Program Files/Epic Games/UE_4.27/FeaturePacks/TP_2DSideScroller.upack' (chunk index -1, root 'root:/') mounted
[2022.12.23-15.00.48:172][  0]LogShaderLibrary: Display: ShaderCodeLibraryPakFileMountedCallback: pending pak file info (ChunkID:-1 Root:root:/ File:C:/Program Files/Epic Games/UE_4.27/FeaturePacks/TP_2DSideScroller.upack)
[2022.12.23-15.00.48:172][  0]LogPakFile: OnPakFileMounted2Time == 0.000061
[2022.12.23-15.00.48:173][  0]LogPakFile: PakFile PrimaryIndexSize=192
[2022.12.23-15.00.48:173][  0]LogPakFile: PakFile PathHashIndexSize=101
[2022.12.23-15.00.48:173][  0]LogPakFile: PakFile FullDirectoryIndexSize=158
[2022.12.23-15.00.48:173][  0]LogShaderLibrary: Display: ShaderCodeLibraryPakFileMountedCallback: PakFile 'C:/Program Files/Epic Games/UE_4.27/FeaturePacks/TP_2DSideScrollerBP.upack' (chunk index -1, root 'root:/') mounted
[2022.12.23-15.00.48:173][  0]LogShaderLibrary: Display: ShaderCodeLibraryPakFileMountedCallback: pending pak file info (ChunkID:-1 Root:root:/ File:C:/Program Files/Epic Games/UE_4.27/FeaturePacks/TP_2DSideScrollerBP.upack)
[2022.12.23-15.00.48:173][  0]LogPakFile: OnPakFileMounted2Time == 0.000066
[2022.12.23-15.00.48:174][  0]LogPakFile: PakFile PrimaryIndexSize=182
[2022.12.23-15.00.48:174][  0]LogPakFile: PakFile PathHashIndexSize=101
[2022.12.23-15.00.48:174][  0]LogPakFile: PakFile FullDirectoryIndexSize=138
[2022.12.23-15.00.48:174][  0]LogShaderLibrary: Display: ShaderCodeLibraryPakFileMountedCallback: PakFile 'C:/Program Files/Epic Games/UE_4.27/FeaturePacks/TP_Flying.upack' (chunk index -1, root 'root:/') mounted
[2022.12.23-15.00.48:174][  0]LogShaderLibrary: Display: ShaderCodeLibraryPakFileMountedCallback: pending pak file info (ChunkID:-1 Root:root:/ File:C:/Program Files/Epic Games/UE_4.27/FeaturePacks/TP_Flying.upack)
[2022.12.23-15.00.48:174][  0]LogPakFile: OnPakFileMounted2Time == 0.000071
[2022.12.23-15.00.48:175][  0]LogPakFile: PakFile PrimaryIndexSize=184
[2022.12.23-15.00.48:175][  0]LogPakFile: PakFile PathHashIndexSize=101
[2022.12.23-15.00.48:175][  0]LogPakFile: PakFile FullDirectoryIndexSize=142
[2022.12.23-15.00.48:175][  0]LogShaderLibrary: Display: ShaderCodeLibraryPakFileMountedCallback: PakFile 'C:/Program Files/Epic Games/UE_4.27/FeaturePacks/TP_FlyingBP.upack' (chunk index -1, root 'root:/') mounted
[2022.12.23-15.00.48:175][  0]LogShaderLibrary: Display: ShaderCodeLibraryPakFileMountedCallback: pending pak file info (ChunkID:-1 Root:root:/ File:C:/Program Files/Epic Games/UE_4.27/FeaturePacks/TP_FlyingBP.upack)
[2022.12.23-15.00.48:175][  0]LogPakFile: OnPakFileMounted2Time == 0.000065
[2022.12.23-15.00.48:175][  0]LogPakFile: PakFile PrimaryIndexSize=188
[2022.12.23-15.00.48:176][  0]LogPakFile: PakFile PathHashIndexSize=101
[2022.12.23-15.00.48:176][  0]LogPakFile: PakFile FullDirectoryIndexSize=150
[2022.12.23-15.00.48:176][  0]LogShaderLibrary: Display: ShaderCodeLibraryPakFileMountedCallback: PakFile 'C:/Program Files/Epic Games/UE_4.27/FeaturePacks/TP_HandheldARBP.upack' (chunk index -1, root 'root:/') mounted
[2022.12.23-15.00.48:176][  0]LogShaderLibrary: Display: ShaderCodeLibraryPakFileMountedCallback: pending pak file info (ChunkID:-1 Root:root:/ File:C:/Program Files/Epic Games/UE_4.27/FeaturePacks/TP_HandheldARBP.upack)
[2022.12.23-15.00.48:176][  0]LogPakFile: OnPakFileMounted2Time == 0.000060
[2022.12.23-15.00.48:177][  0]LogPakFile: PakFile PrimaryIndexSize=182
[2022.12.23-15.00.48:177][  0]LogPakFile: PakFile PathHashIndexSize=101
[2022.12.23-15.00.48:177][  0]LogPakFile: PakFile FullDirectoryIndexSize=138
[2022.12.23-15.00.48:177][  0]LogShaderLibrary: Display: ShaderCodeLibraryPakFileMountedCallback: PakFile 'C:/Program Files/Epic Games/UE_4.27/FeaturePacks/TP_Puzzle.upack' (chunk index -1, root 'root:/') mounted
[2022.12.23-15.00.48:177][  0]LogShaderLibrary: Display: ShaderCodeLibraryPakFileMountedCallback: pending pak file info (ChunkID:-1 Root:root:/ File:C:/Program Files/Epic Games/UE_4.27/FeaturePacks/TP_Puzzle.upack)
[2022.12.23-15.00.48:177][  0]LogPakFile: OnPakFileMounted2Time == 0.000062
[2022.12.23-15.00.48:178][  0]LogPakFile: PakFile PrimaryIndexSize=184
[2022.12.23-15.00.48:178][  0]LogPakFile: PakFile PathHashIndexSize=101
[2022.12.23-15.00.48:178][  0]LogPakFile: PakFile FullDirectoryIndexSize=142
[2022.12.23-15.00.48:178][  0]LogShaderLibrary: Display: ShaderCodeLibraryPakFileMountedCallback: PakFile 'C:/Program Files/Epic Games/UE_4.27/FeaturePacks/TP_PuzzleBP.upack' (chunk index -1, root 'root:/') mounted
[2022.12.23-15.00.48:178][  0]LogShaderLibrary: Display: ShaderCodeLibraryPakFileMountedCallback: pending pak file info (ChunkID:-1 Root:root:/ File:C:/Program Files/Epic Games/UE_4.27/FeaturePacks/TP_PuzzleBP.upack)
[2022.12.23-15.00.48:178][  0]LogPakFile: OnPakFileMounted2Time == 0.000060
[2022.12.23-15.00.48:178][  0]LogPakFile: PakFile PrimaryIndexSize=183
[2022.12.23-15.00.48:179][  0]LogPakFile: PakFile PathHashIndexSize=101
[2022.12.23-15.00.48:179][  0]LogPakFile: PakFile FullDirectoryIndexSize=140
[2022.12.23-15.00.48:179][  0]LogShaderLibrary: Display: ShaderCodeLibraryPakFileMountedCallback: PakFile 'C:/Program Files/Epic Games/UE_4.27/FeaturePacks/TP_Rolling.upack' (chunk index -1, root 'root:/') mounted
[2022.12.23-15.00.48:179][  0]LogShaderLibrary: Display: ShaderCodeLibraryPakFileMountedCallback: pending pak file info (ChunkID:-1 Root:root:/ File:C:/Program Files/Epic Games/UE_4.27/FeaturePacks/TP_Rolling.upack)
[2022.12.23-15.00.48:179][  0]LogPakFile: OnPakFileMounted2Time == 0.000060
[2022.12.23-15.00.48:179][  0]LogPakFile: PakFile PrimaryIndexSize=185
[2022.12.23-15.00.48:179][  0]LogPakFile: PakFile PathHashIndexSize=101
[2022.12.23-15.00.48:179][  0]LogPakFile: PakFile FullDirectoryIndexSize=144
[2022.12.23-15.00.48:179][  0]LogShaderLibrary: Display: ShaderCodeLibraryPakFileMountedCallback: PakFile 'C:/Program Files/Epic Games/UE_4.27/FeaturePacks/TP_RollingBP.upack' (chunk index -1, root 'root:/') mounted
[2022.12.23-15.00.48:179][  0]LogShaderLibrary: Display: ShaderCodeLibraryPakFileMountedCallback: pending pak file info (ChunkID:-1 Root:root:/ File:C:/Program Files/Epic Games/UE_4.27/FeaturePacks/TP_RollingBP.upack)
[2022.12.23-15.00.48:180][  0]LogPakFile: OnPakFileMounted2Time == 0.000086
[2022.12.23-15.00.48:180][  0]LogPakFile: PakFile PrimaryIndexSize=188
[2022.12.23-15.00.48:180][  0]LogPakFile: PakFile PathHashIndexSize=101
[2022.12.23-15.00.48:180][  0]LogPakFile: PakFile FullDirectoryIndexSize=150
[2022.12.23-15.00.48:180][  0]LogShaderLibrary: Display: ShaderCodeLibraryPakFileMountedCallback: PakFile 'C:/Program Files/Epic Games/UE_4.27/FeaturePacks/TP_SideScroller.upack' (chunk index -1, root 'root:/') mounted
[2022.12.23-15.00.48:180][  0]LogShaderLibrary: Display: ShaderCodeLibraryPakFileMountedCallback: pending pak file info (ChunkID:-1 Root:root:/ File:C:/Program Files/Epic Games/UE_4.27/FeaturePacks/TP_SideScroller.upack)
[2022.12.23-15.00.48:180][  0]LogPakFile: OnPakFileMounted2Time == 0.000060
[2022.12.23-15.00.48:181][  0]LogPakFile: PakFile PrimaryIndexSize=190
[2022.12.23-15.00.48:181][  0]LogPakFile: PakFile PathHashIndexSize=101
[2022.12.23-15.00.48:181][  0]LogPakFile: PakFile FullDirectoryIndexSize=154
[2022.12.23-15.00.48:181][  0]LogShaderLibrary: Display: ShaderCodeLibraryPakFileMountedCallback: PakFile 'C:/Program Files/Epic Games/UE_4.27/FeaturePacks/TP_SideScrollerBP.upack' (chunk index -1, root 'root:/') mounted
[2022.12.23-15.00.48:181][  0]LogShaderLibrary: Display: ShaderCodeLibraryPakFileMountedCallback: pending pak file info (ChunkID:-1 Root:root:/ File:C:/Program Files/Epic Games/UE_4.27/FeaturePacks/TP_SideScrollerBP.upack)
[2022.12.23-15.00.48:181][  0]LogPakFile: OnPakFileMounted2Time == 0.000066
[2022.12.23-15.00.48:182][  0]LogPakFile: PakFile PrimaryIndexSize=187
[2022.12.23-15.00.48:182][  0]LogPakFile: PakFile PathHashIndexSize=101
[2022.12.23-15.00.48:182][  0]LogPakFile: PakFile FullDirectoryIndexSize=148
[2022.12.23-15.00.48:182][  0]LogShaderLibrary: Display: ShaderCodeLibraryPakFileMountedCallback: PakFile 'C:/Program Files/Epic Games/UE_4.27/FeaturePacks/TP_ThirdPerson.upack' (chunk index -1, root 'root:/') mounted
[2022.12.23-15.00.48:182][  0]LogShaderLibrary: Display: ShaderCodeLibraryPakFileMountedCallback: pending pak file info (ChunkID:-1 Root:root:/ File:C:/Program Files/Epic Games/UE_4.27/FeaturePacks/TP_ThirdPerson.upack)
[2022.12.23-15.00.48:182][  0]LogPakFile: OnPakFileMounted2Time == 0.000066
[2022.12.23-15.00.48:183][  0]LogPakFile: PakFile PrimaryIndexSize=189
[2022.12.23-15.00.48:183][  0]LogPakFile: PakFile PathHashIndexSize=101
[2022.12.23-15.00.48:183][  0]LogPakFile: PakFile FullDirectoryIndexSize=152
[2022.12.23-15.00.48:183][  0]LogShaderLibrary: Display: ShaderCodeLibraryPakFileMountedCallback: PakFile 'C:/Program Files/Epic Games/UE_4.27/FeaturePacks/TP_ThirdPersonBP.upack' (chunk index -1, root 'root:/') mounted
[2022.12.23-15.00.48:183][  0]LogShaderLibrary: Display: ShaderCodeLibraryPakFileMountedCallback: pending pak file info (ChunkID:-1 Root:root:/ File:C:/Program Files/Epic Games/UE_4.27/FeaturePacks/TP_ThirdPersonBP.upack)
[2022.12.23-15.00.48:183][  0]LogPakFile: OnPakFileMounted2Time == 0.000060
[2022.12.23-15.00.48:184][  0]LogPakFile: PakFile PrimaryIndexSize=183
[2022.12.23-15.00.48:184][  0]LogPakFile: PakFile PathHashIndexSize=101
[2022.12.23-15.00.48:184][  0]LogPakFile: PakFile FullDirectoryIndexSize=140
[2022.12.23-15.00.48:184][  0]LogShaderLibrary: Display: ShaderCodeLibraryPakFileMountedCallback: PakFile 'C:/Program Files/Epic Games/UE_4.27/FeaturePacks/TP_TopDown.upack' (chunk index -1, root 'root:/') mounted
[2022.12.23-15.00.48:184][  0]LogShaderLibrary: Display: ShaderCodeLibraryPakFileMountedCallback: pending pak file info (ChunkID:-1 Root:root:/ File:C:/Program Files/Epic Games/UE_4.27/FeaturePacks/TP_TopDown.upack)
[2022.12.23-15.00.48:185][  0]LogPakFile: OnPakFileMounted2Time == 0.000076
[2022.12.23-15.00.48:185][  0]LogPakFile: PakFile PrimaryIndexSize=185
[2022.12.23-15.00.48:185][  0]LogPakFile: PakFile PathHashIndexSize=101
[2022.12.23-15.00.48:185][  0]LogPakFile: PakFile FullDirectoryIndexSize=144
[2022.12.23-15.00.48:185][  0]LogShaderLibrary: Display: ShaderCodeLibraryPakFileMountedCallback: PakFile 'C:/Program Files/Epic Games/UE_4.27/FeaturePacks/TP_TopDownBP.upack' (chunk index -1, root 'root:/') mounted
[2022.12.23-15.00.48:185][  0]LogShaderLibrary: Display: ShaderCodeLibraryPakFileMountedCallback: pending pak file info (ChunkID:-1 Root:root:/ File:C:/Program Files/Epic Games/UE_4.27/FeaturePacks/TP_TopDownBP.upack)
[2022.12.23-15.00.48:185][  0]LogPakFile: OnPakFileMounted2Time == 0.000060
[2022.12.23-15.00.48:186][  0]LogPakFile: PakFile PrimaryIndexSize=185
[2022.12.23-15.00.48:186][  0]LogPakFile: PakFile PathHashIndexSize=101
[2022.12.23-15.00.48:186][  0]LogPakFile: PakFile FullDirectoryIndexSize=144
[2022.12.23-15.00.48:186][  0]LogShaderLibrary: Display: ShaderCodeLibraryPakFileMountedCallback: PakFile 'C:/Program Files/Epic Games/UE_4.27/FeaturePacks/TP_TwinStick.upack' (chunk index -1, root 'root:/') mounted
[2022.12.23-15.00.48:186][  0]LogShaderLibrary: Display: ShaderCodeLibraryPakFileMountedCallback: pending pak file info (ChunkID:-1 Root:root:/ File:C:/Program Files/Epic Games/UE_4.27/FeaturePacks/TP_TwinStick.upack)
[2022.12.23-15.00.48:186][  0]LogPakFile: OnPakFileMounted2Time == 0.000060
[2022.12.23-15.00.48:187][  0]LogPakFile: PakFile PrimaryIndexSize=187
[2022.12.23-15.00.48:187][  0]LogPakFile: PakFile PathHashIndexSize=101
[2022.12.23-15.00.48:187][  0]LogPakFile: PakFile FullDirectoryIndexSize=148
[2022.12.23-15.00.48:187][  0]LogShaderLibrary: Display: ShaderCodeLibraryPakFileMountedCallback: PakFile 'C:/Program Files/Epic Games/UE_4.27/FeaturePacks/TP_TwinStickBP.upack' (chunk index -1, root 'root:/') mounted
[2022.12.23-15.00.48:187][  0]LogShaderLibrary: Display: ShaderCodeLibraryPakFileMountedCallback: pending pak file info (ChunkID:-1 Root:root:/ File:C:/Program Files/Epic Games/UE_4.27/FeaturePacks/TP_TwinStickBP.upack)
[2022.12.23-15.00.48:187][  0]LogPakFile: OnPakFileMounted2Time == 0.000060
[2022.12.23-15.00.48:188][  0]LogPakFile: PakFile PrimaryIndexSize=183
[2022.12.23-15.00.48:188][  0]LogPakFile: PakFile PathHashIndexSize=101
[2022.12.23-15.00.48:188][  0]LogPakFile: PakFile FullDirectoryIndexSize=140
[2022.12.23-15.00.48:188][  0]LogShaderLibrary: Display: ShaderCodeLibraryPakFileMountedCallback: PakFile 'C:/Program Files/Epic Games/UE_4.27/FeaturePacks/TP_Vehicle.upack' (chunk index -1, root 'root:/') mounted
[2022.12.23-15.00.48:188][  0]LogShaderLibrary: Display: ShaderCodeLibraryPakFileMountedCallback: pending pak file info (ChunkID:-1 Root:root:/ File:C:/Program Files/Epic Games/UE_4.27/FeaturePacks/TP_Vehicle.upack)
[2022.12.23-15.00.48:188][  0]LogPakFile: OnPakFileMounted2Time == 0.000066
[2022.12.23-15.00.48:189][  0]LogPakFile: PakFile PrimaryIndexSize=186
[2022.12.23-15.00.48:189][  0]LogPakFile: PakFile PathHashIndexSize=101
[2022.12.23-15.00.48:189][  0]LogPakFile: PakFile FullDirectoryIndexSize=146
[2022.12.23-15.00.48:189][  0]LogShaderLibrary: Display: ShaderCodeLibraryPakFileMountedCallback: PakFile 'C:/Program Files/Epic Games/UE_4.27/FeaturePacks/TP_VehicleAdv.upack' (chunk index -1, root 'root:/') mounted
[2022.12.23-15.00.48:189][  0]LogShaderLibrary: Display: ShaderCodeLibraryPakFileMountedCallback: pending pak file info (ChunkID:-1 Root:root:/ File:C:/Program Files/Epic Games/UE_4.27/FeaturePacks/TP_VehicleAdv.upack)
[2022.12.23-15.00.48:189][  0]LogPakFile: OnPakFileMounted2Time == 0.000067
[2022.12.23-15.00.48:190][  0]LogPakFile: PakFile PrimaryIndexSize=188
[2022.12.23-15.00.48:190][  0]LogPakFile: PakFile PathHashIndexSize=101
[2022.12.23-15.00.48:190][  0]LogPakFile: PakFile FullDirectoryIndexSize=150
[2022.12.23-15.00.48:190][  0]LogShaderLibrary: Display: ShaderCodeLibraryPakFileMountedCallback: PakFile 'C:/Program Files/Epic Games/UE_4.27/FeaturePacks/TP_VehicleAdvBP.upack' (chunk index -1, root 'root:/') mounted
[2022.12.23-15.00.48:190][  0]LogShaderLibrary: Display: ShaderCodeLibraryPakFileMountedCallback: pending pak file info (ChunkID:-1 Root:root:/ File:C:/Program Files/Epic Games/UE_4.27/FeaturePacks/TP_VehicleAdvBP.upack)
[2022.12.23-15.00.48:190][  0]LogPakFile: OnPakFileMounted2Time == 0.000073
[2022.12.23-15.00.48:191][  0]LogPakFile: PakFile PrimaryIndexSize=185
[2022.12.23-15.00.48:191][  0]LogPakFile: PakFile PathHashIndexSize=101
[2022.12.23-15.00.48:191][  0]LogPakFile: PakFile FullDirectoryIndexSize=144
[2022.12.23-15.00.48:191][  0]LogShaderLibrary: Display: ShaderCodeLibraryPakFileMountedCallback: PakFile 'C:/Program Files/Epic Games/UE_4.27/FeaturePacks/TP_VehicleBP.upack' (chunk index -1, root 'root:/') mounted
[2022.12.23-15.00.48:191][  0]LogShaderLibrary: Display: ShaderCodeLibraryPakFileMountedCallback: pending pak file info (ChunkID:-1 Root:root:/ File:C:/Program Files/Epic Games/UE_4.27/FeaturePacks/TP_VehicleBP.upack)
[2022.12.23-15.00.48:191][  0]LogPakFile: OnPakFileMounted2Time == 0.000060
[2022.12.23-15.00.48:192][  0]LogPakFile: PakFile PrimaryIndexSize=192
[2022.12.23-15.00.48:192][  0]LogPakFile: PakFile PathHashIndexSize=101
[2022.12.23-15.00.48:192][  0]LogPakFile: PakFile FullDirectoryIndexSize=158
[2022.12.23-15.00.48:192][  0]LogShaderLibrary: Display: ShaderCodeLibraryPakFileMountedCallback: PakFile 'C:/Program Files/Epic Games/UE_4.27/FeaturePacks/TP_VirtualRealityBP.upack' (chunk index -1, root 'root:/') mounted
[2022.12.23-15.00.48:192][  0]LogShaderLibrary: Display: ShaderCodeLibraryPakFileMountedCallback: pending pak file info (ChunkID:-1 Root:root:/ File:C:/Program Files/Epic Games/UE_4.27/FeaturePacks/TP_VirtualRealityBP.upack)
[2022.12.23-15.00.48:192][  0]LogPakFile: OnPakFileMounted2Time == 0.000062
[2022.12.23-15.00.48:272][  0]LogNativeClassHierarchy: Verbose: Native class hierarchy updated for 'AddContentDialog' in 0.0004 seconds. Added 0 classes and 0 folders.
[2022.12.23-15.00.48:279][  0]LogNativeClassHierarchy: Verbose: Native class hierarchy updated for 'SceneOutliner' in 0.0004 seconds. Added 2 classes and 0 folders.
[2022.12.23-15.00.48:384][  0]LogSlate: Took 0.000197 seconds to synchronously load lazily loaded font '../../../Engine/Content/Slate/Fonts/Roboto-Regular.ttf' (155K)
[2022.12.23-15.00.48:385][  0]LogSlate: Took 0.000142 seconds to synchronously load lazily loaded font '../../../Engine/Content/Editor/Slate/Fonts/FontAwesome.ttf' (139K)
[2022.12.23-15.00.48:387][  0]LogSlate: Took 0.000150 seconds to synchronously load lazily loaded font '../../../Engine/Content/Slate/Fonts/Roboto-Bold.ttf' (160K)
[2022.12.23-15.00.48:539][  0]LogRenderer: Reallocating scene render targets to support 1064x572 Format 10 NumSamples 1 (Frame:1).
[2022.12.23-15.00.48:705][  0]LogNativeClassHierarchy: Verbose: Native class hierarchy updated for 'HierarchicalLODOutliner' in 0.0004 seconds. Added 0 classes and 0 folders.
[2022.12.23-15.00.48:705][  0]LogInput: Warning: Action SetDestination uses invalid key OculusGo_Left_Trigger_Click.
[2022.12.23-15.00.48:705][  0]LogInput: Warning: Use -RemoveInvalidKeys to remove instances of these keys from the action mapping.
[2022.12.23-15.00.48:705][  0]LogLoad: (Engine Initialization) Total time: 12.05 seconds
[2022.12.23-15.00.48:705][  0]LogLoad: (Engine Initialization) Total Blueprint compile time: 0.00 seconds
[2022.12.23-15.00.48:773][  0]LogContentStreaming: Texture pool size now 1000 MB
[2022.12.23-15.00.48:817][  1]LogAssetRegistry: Asset discovery search completed in 7.2432 seconds
[2022.12.23-15.00.48:828][  1]LogCollectionManager: Fixed up redirectors for 0 collections in 0.000005 seconds (updated 0 objects)
[2022.12.23-15.00.48:883][  3]LogSlate: Took 0.000184 seconds to synchronously load lazily loaded font '../../../Engine/Content/Slate/Fonts/Roboto-Light.ttf' (167K)
[2022.12.23-15.00.53:213][498]LogTemp: Repeating last play command: Standalone Game
[2022.12.23-15.00.53:241][498]LogUObjectHash: Compacting FUObjectHashTables data took   1.34ms
[2022.12.23-15.01.25:613][909]LogSlate: Took 0.001963 seconds to synchronously load lazily loaded font '../../../Engine/Content/Slate/Fonts/Roboto-Italic.ttf' (157K)
[2022.12.23-15.01.28:075][976]LogUObjectHash: Compacting FUObjectHashTables data took   1.39ms
[2022.12.23-15.01.28:109][976]LogSlate: Window 'Game1 - Unreal Editor' being destroyed
[2022.12.23-15.01.28:214][977]Cmd: QUIT_EDITOR
[2022.12.23-15.01.28:214][977]LogCore: Engine exit requested (reason: UUnrealEdEngine::CloseEditor())
[2022.12.23-15.01.28:218][977]LogCore: Engine exit requested (reason: EngineExit() was called; note: exit was already requested)
[2022.12.23-15.01.28:221][977]LogAudio: Display: Beginning Audio Device Manager Shutdown (Module: AudioMixerXAudio2)...
[2022.12.23-15.01.28:221][977]LogAudio: Display: Destroying 1 Remaining Audio Device(s)...
[2022.12.23-15.01.28:221][977]LogAudio: Display: Audio Device unregistered from world 'MainMenu'.
[2022.12.23-15.01.28:221][977]LogAudioMixer: FMixerPlatformXAudio2::StopAudioStream() called
[2022.12.23-15.01.28:223][977]LogAudioMixer: FMixerPlatformXAudio2::StopAudioStream() called
[2022.12.23-15.01.28:249][977]LogAudio: Display: Audio Device Manager Shutdown
[2022.12.23-15.01.31:223][977]LogWindows: Error: === Critical error: ===
[2022.12.23-15.01.31:223][977]LogWindows: Error: 
[2022.12.23-15.01.31:223][977]LogWindows: Error: Fatal error!
[2022.12.23-15.01.31:223][977]LogWindows: Error: 
[2022.12.23-15.01.31:223][977]LogWindows: Error: Unhandled Exception: EXCEPTION_ACCESS_VIOLATION reading address 0x0000000000000000
[2022.12.23-15.01.31:224][977]LogWindows: Error: 
[2022.12.23-15.01.31:224][977]LogWindows: Error: [Callstack] 0x00007ff94f3a3145 msctf.dll!UnknownFunction []
[2022.12.23-15.01.31:224][977]LogWindows: Error: [Callstack] 0x00007ff94f38e2f9 msctf.dll!UnknownFunction []
[2022.12.23-15.01.31:224][977]LogWindows: Error: [Callstack] 0x00007ff94f3a2016 msctf.dll!UnknownFunction []
[2022.12.23-15.01.31:224][977]LogWindows: Error: [Callstack] 0x00007ff94f38f5d8 msctf.dll!UnknownFunction []
[2022.12.23-15.01.31:224][977]LogWindows: Error: [Callstack] 0x00007ff94f388fd4 msctf.dll!UnknownFunction []
[2022.12.23-15.01.31:224][977]LogWindows: Error: [Callstack] 0x00007ff94f388ef3 msctf.dll!UnknownFunction []
[2022.12.23-15.01.31:224][977]LogWindows: Error: [Callstack] 0x00007ff94f388d8f msctf.dll!UnknownFunction []
[2022.12.23-15.01.31:224][977]LogWindows: Error: [Callstack] 0x00007ff94f9d3b52 IMM32.dll!UnknownFunction []
[2022.12.23-15.01.31:224][977]LogWindows: Error: [Callstack] 0x00007ff94f9d7dfc IMM32.dll!UnknownFunction []
[2022.12.23-15.01.31:224][977]LogWindows: Error: [Callstack] 0x00007ff94f39783c msctf.dll!UnknownFunction []
[2022.12.23-15.01.31:224][977]LogWindows: Error: [Callstack] 0x00007ff94f388575 msctf.dll!UnknownFunction []
[2022.12.23-15.01.31:224][977]LogWindows: Error: [Callstack] 0x00007ff94f3ca438 msctf.dll!UnknownFunction []
[2022.12.23-15.01.31:224][977]LogWindows: Error: [Callstack] 0x00007ff94f9d99cc IMM32.dll!UnknownFunction []
[2022.12.23-15.01.31:224][977]LogWindows: Error: [Callstack] 0x00007ff94f9d9e9e IMM32.dll!UnknownFunction []
[2022.12.23-15.01.31:224][977]LogWindows: Error: [Callstack] 0x00007ff93600bf50 UE4Editor-ApplicationCore.dll!UnknownFunction []
[2022.12.23-15.01.31:224][977]LogWindows: Error: [Callstack] 0x00007ff935fdaa6b UE4Editor-ApplicationCore.dll!UnknownFunction []
[2022.12.23-15.01.31:224][977]LogWindows: Error: [Callstack] 0x00007ff935fdfd9a UE4Editor-ApplicationCore.dll!UnknownFunction []
[2022.12.23-15.01.31:224][977]LogWindows: Error: [Callstack] 0x00007ff925e2601d UE4Editor-Slate.dll!UnknownFunction []
[2022.12.23-15.01.31:224][977]LogWindows: Error: [Callstack] 0x00007ff6488703be UE4Editor.exe!UnknownFunction []
[2022.12.23-15.01.31:224][977]LogWindows: Error: [Callstack] 0x00007ff648871063 UE4Editor.exe!UnknownFunction []
[2022.12.23-15.01.31:224][977]LogWindows: Error: [Callstack] 0x00007ff6488710ba UE4Editor.exe!UnknownFunction []
[2022.12.23-15.01.31:224][977]LogWindows: Error: [Callstack] 0x00007ff6488740dd UE4Editor.exe!UnknownFunction []
[2022.12.23-15.01.31:224][977]LogWindows: Error: [Callstack] 0x00007ff648885984 UE4Editor.exe!UnknownFunction []
[2022.12.23-15.01.31:224][977]LogWindows: Error: [Callstack] 0x00007ff64888853a UE4Editor.exe!UnknownFunction []
[2022.12.23-15.01.31:224][977]LogWindows: Error: [Callstack] 0x00007ff94f4b7034 KERNEL32.DLL!UnknownFunction []
[2022.12.23-15.01.31:224][977]LogWindows: Error: [Callstack] 0x00007ff94fae2651 ntdll.dll!UnknownFunction []
[2022.12.23-15.01.31:224][977]LogWindows: Error: 
[2022.12.23-15.01.31:348][977]LogExit: Executing StaticShutdownAfterError
[2022.12.23-15.01.31:353][977]LogWindows: FPlatformMisc::RequestExit(1)
[2022.12.23-15.01.31:353][977]LogWindows: FPlatformMisc::RequestExitWithStatus(1, 3)
[2022.12.23-15.01.31:353][977]LogCore: Engine exit requested (reason: Win RequestExit; note: exit was already requested)
