Log file open, 12/22/22 23:34:02
LogWindows: Failed to load 'aqProf.dll' (GetLastError=126)
LogWindows: File 'aqProf.dll' does not exist
LogWindows: Failed to load 'VtuneApi.dll' (GetLastError=126)
LogWindows: File 'VtuneApi.dll' does not exist
LogWindows: Failed to load 'VtuneApi32e.dll' (GetLastError=126)
LogWindows: File 'VtuneApi32e.dll' does not exist
LogConsoleResponse: Display: Failed to find resolution value strings in scalability ini. Falling back to default.
LogConsoleResponse: Display: Failed to find resolution value strings in scalability ini. Falling back to default.
LogInit: Display: Running engine for game: Game1
LogPlatformFile: Not using cached read wrapper
LogTaskGraph: Started task graph with 5 named threads and 35 total threads with 3 sets of task threads.
LogStats: Stats thread started at 0.480658
LogICUInternationalization: ICU TimeZone Detection - Raw Offset: +5:00, Platform Override: ''
LogInit: Display: Loading text-based GConfig....
LogPluginManager: Mounting plugin MeshPainting
LogPluginManager: Mounting plugin XGEController
LogPluginManager: Mounting plugin Paper2D
LogPluginManager: Mounting plugin AISupport
LogPluginManager: Mounting plugin EnvironmentQueryEditor
LogPluginManager: Mounting plugin CameraShakePreviewer
LogPluginManager: Mounting plugin LiveLink
LogPluginManager: Mounting plugin GameplayCameras
LogPluginManager: Mounting plugin LightPropagationVolume
LogPluginManager: Mounting plugin OodleData
LogPluginManager: Mounting plugin OodleNetwork
LogPluginManager: Mounting plugin AnimationSharing
LogPluginManager: Mounting plugin AssetManagerEditor
LogPluginManager: Mounting plugin Niagara
LogPluginManager: Mounting plugin CurveEditorTools
LogPluginManager: Mounting plugin DataValidation
LogPluginManager: Mounting plugin GeometryMode
LogPluginManager: Mounting plugin GameplayTagsEditor
LogPluginManager: Mounting plugin CryptoKeys
LogPluginManager: Mounting plugin MacGraphicsSwitching
LogPluginManager: Mounting plugin MaterialAnalyzer
LogPluginManager: Mounting plugin PluginBrowser
LogPluginManager: Mounting plugin MobileLauncherProfileWizard
LogPluginManager: Mounting plugin FacialAnimation
LogPluginManager: Mounting plugin SpeedTreeImporter
LogPluginManager: Mounting plugin AlembicImporter
LogPluginManager: Mounting plugin AutomationUtils
LogPluginManager: Mounting plugin BackChannel
LogPluginManager: Mounting plugin ChaosEditor
LogPluginManager: Mounting plugin ChaosCloth
LogPluginManager: Mounting plugin ChaosNiagara
LogPluginManager: Mounting plugin ChaosSolverPlugin
LogPluginManager: Mounting plugin CharacterAI
LogPluginManager: Mounting plugin ChaosClothEditor
LogPluginManager: Mounting plugin GeometryCache
LogPluginManager: Mounting plugin GeometryCollectionPlugin
LogPluginManager: Mounting plugin GeometryProcessing
LogPluginManager: Mounting plugin AndroidMedia
LogPluginManager: Mounting plugin AvfMedia
LogPluginManager: Mounting plugin OpenImageDenoise
LogPluginManager: Mounting plugin MotoSynth
LogPluginManager: Mounting plugin PlatformCrypto
LogPluginManager: Mounting plugin ProxyLODPlugin
LogPluginManager: Mounting plugin VariantManagerContent
LogPluginManager: Mounting plugin MediaCompositing
LogPluginManager: Mounting plugin PythonScriptPlugin
LogPluginManager: Mounting plugin ImgMedia
LogPluginManager: Mounting plugin PlanarCut
LogPluginManager: Mounting plugin SkeletalReduction
LogPluginManager: Mounting plugin MediaPlayerEditor
LogPluginManager: Mounting plugin WebMMedia
LogPluginManager: Mounting plugin WmfMedia
LogPluginManager: Mounting plugin TcpMessaging
LogPluginManager: Mounting plugin UdpMessaging
LogPluginManager: Mounting plugin DatasmithContent
LogPluginManager: Mounting plugin LevelSequenceEditor
LogPluginManager: Mounting plugin MatineeToLevelSequence
LogPluginManager: Mounting plugin TemplateSequence
LogPluginManager: Mounting plugin ActorSequence
LogPluginManager: Mounting plugin LauncherChunkInstaller
LogPluginManager: Mounting plugin ActorLayerUtilities
LogPluginManager: Mounting plugin AndroidDeviceProfileSelector
LogPluginManager: Mounting plugin AndroidMoviePlayer
LogPluginManager: Mounting plugin AndroidPermission
LogPluginManager: Mounting plugin AppleImageUtils
LogPluginManager: Mounting plugin AssetTags
LogPluginManager: Mounting plugin ArchVisCharacter
LogPluginManager: Mounting plugin AudioCapture
LogPluginManager: Mounting plugin AudioSynesthesia
LogPluginManager: Mounting plugin CableComponent
LogPluginManager: Mounting plugin ChunkDownloader
LogPluginManager: Mounting plugin LuminPlatformFeatures
LogPluginManager: Mounting plugin CustomMeshComponent
LogPluginManager: Mounting plugin MagicLeap
LogPluginManager: Mounting plugin EditableMesh
LogPluginManager: Mounting plugin ExampleDeviceProfileSelector
LogPluginManager: Mounting plugin GooglePAD
LogPluginManager: Mounting plugin AppleMoviePlayer
LogPluginManager: Mounting plugin MagicLeapLightEstimation
LogPluginManager: Mounting plugin MagicLeapPassableWorld
LogPluginManager: Mounting plugin MLSDK
LogPluginManager: Mounting plugin MagicLeapMedia
LogPluginManager: Mounting plugin GoogleCloudMessaging
LogPluginManager: Mounting plugin OnlineSubsystemNull
LogPluginManager: Mounting plugin OnlineSubsystemUtils
LogPluginManager: Mounting plugin ScreenshotTools
LogPluginManager: Mounting plugin IOSDeviceProfileSelector
LogPluginManager: Mounting plugin LinuxDeviceProfileSelector
LogPluginManager: Mounting plugin LocationServicesBPLibrary
LogPluginManager: Mounting plugin OnlineSubsystemSteam
LogPluginManager: Mounting plugin MobilePatchingUtils
LogPluginManager: Mounting plugin OpenXR
LogPluginManager: Mounting plugin OpenXREyeTracker
LogPluginManager: Mounting plugin OpenXRHandTracking
LogPluginManager: Mounting plugin PostSplashScreen
LogPluginManager: Mounting plugin PhysXVehicles
LogPluginManager: Mounting plugin ProceduralMeshComponent
LogPluginManager: Mounting plugin PropertyAccessEditor
LogPluginManager: Mounting plugin RuntimePhysXCooking
LogPluginManager: Mounting plugin SignificanceManager
LogPluginManager: Mounting plugin SoundFields
LogPluginManager: Mounting plugin Synthesis
LogPluginManager: Mounting plugin WebMMoviePlayer
LogPluginManager: Mounting plugin WindowsMoviePlayer
LogPluginManager: Mounting plugin Takes
LogPluginManager: Mounting plugin CodeLiteSourceCodeAccess
LogPluginManager: Mounting plugin CLionSourceCodeAccess
LogPluginManager: Mounting plugin GitSourceControl
LogPluginManager: Mounting plugin KDevelopSourceCodeAccess
LogPluginManager: Mounting plugin NullSourceCodeAccess
LogPluginManager: Mounting plugin PerforceSourceControl
LogPluginManager: Mounting plugin PixWinPlugin
LogPluginManager: Mounting plugin PlasticSourceControl
LogPluginManager: Mounting plugin PluginUtils
LogPluginManager: Mounting plugin PropertyAccessNode
LogPluginManager: Mounting plugin RiderSourceCodeAccess
LogPluginManager: Mounting plugin SubversionSourceControl
LogPluginManager: Mounting plugin TextureFormatOodle
LogPluginManager: Mounting plugin UObjectPlugin
LogPluginManager: Mounting plugin VisualStudioCodeSourceCodeAccess
LogPluginManager: Mounting plugin VisualStudioSourceCodeAccess
LogPluginManager: Mounting plugin XCodeSourceCodeAccess
LogPluginManager: Mounting plugin OnlineSubsystem
LogPluginManager: Mounting plugin ContentBrowserClassDataSource
LogPluginManager: Mounting plugin ContentBrowserFileDataSource
LogPluginManager: Mounting plugin ContentBrowserAssetDataSource
LogPluginManager: Mounting plugin OnlineSubsystemGooglePlay
LogPluginManager: Mounting plugin OnlineSubsystemIOS
LogPluginManager: Mounting plugin OculusVR
LogPluginManager: Mounting plugin SteamShared
LogPluginManager: Mounting plugin SteamVR
PixWinPlugin: PIX capture plugin failed to initialize! Check that the process is launched from PIX.
LogInit: Using libcurl 7.55.1-DEV
LogInit:  - built for x86_64-pc-win32
LogInit:  - supports SSL with OpenSSL/1.1.1
LogInit:  - supports HTTP deflate (compression) using libz 1.2.8
LogInit:  - other features:
LogInit:      CURL_VERSION_SSL
LogInit:      CURL_VERSION_LIBZ
LogInit:      CURL_VERSION_IPV6
LogInit:      CURL_VERSION_ASYNCHDNS
LogInit:      CURL_VERSION_LARGEFILE
LogInit:      CURL_VERSION_IDN
LogInit:  CurlRequestOptions (configurable via config and command line):
LogInit:  - bVerifyPeer = true  - Libcurl will verify peer certificate
LogInit:  - bUseHttpProxy = false  - Libcurl will NOT use HTTP proxy
LogInit:  - bDontReuseConnections = false  - Libcurl will reuse connections
LogInit:  - MaxHostConnections = 16  - Libcurl will limit the number of connections to a host
LogInit:  - LocalHostAddr = Default
LogInit:  - BufferSize = 65536
LogSteamShared: Display: Loading Steam SDK 1.51
LogSteamShared: Steam SDK Loaded!
LogOnline: OSS: Creating online subsystem instance for: Steam
LogOnline: STEAM: Steam User is subscribed 1
LogOnline: STEAM: [AppId: 480] Client API initialized 1
LogOnline: STEAM: Initializing SteamNetworking Layer
LogOnline: STEAM: Missing P2PCleanupTimeout key in OnlineSubsystemSteam of DefaultEngine.ini, using default
LogInit: WinSock: version 1.1 (2.2), MaxSocks=32767, MaxUdp=65467
LogOnline: OSS: TryLoadSubsystemAndSetDefault: Loaded subsystem for module [Steam]
LogOculusPluginWrapper: OculusPlugin initialized successfully
LogHMD: Failed initializing OVRPlugin 1.59.0
LogInit: Build: ++UE4+Release-4.27-CL-18319896
LogInit: Engine Version: 4.27.2-18319896+++UE4+Release-4.27
LogInit: Compatible Engine Version: 4.27.0-17155196+++UE4+Release-4.27
LogInit: Net CL: 17155196
LogInit: OS: Windows 10 (Release 2009) (), CPU: AMD Ryzen 5 5500U with Radeon Graphics         , GPU: AMD Radeon(TM) Graphics
LogInit: Compiled (64-bit): Nov 30 2021 07:12:08
LogInit: Compiled with Visual C++: 19.24.28315.00
LogInit: Build Configuration: Development
LogInit: Branch Name: ++UE4+Release-4.27
LogInit: Command Line:  127.0.0.1:17777 -game -PIEVIACONSOLE -Multiprocess GameUserSettingsINI=C:/Users/User/Desktop/projectory/felhounds/Hungry-Felhounds/Saved/Config/Windows/PIEGameUserSettings1.ini -MultiprocessSaveConfig -forcepassthrough -messaging -SessionName="Play in Standalone Game" -windowed -WinX=0 -WinY=24 SAVEWINPOS=1 -ResX=640 -ResY=480
LogInit: Base Directory: D:/unity/UE_4.27/Engine/Binaries/Win64/
LogInit: Allocator: TBB
LogInit: Installed Engine Build: 1
LogDevObjectVersion: Number of dev versions registered: 29
LogDevObjectVersion:   Dev-Blueprints (B0D832E4-1F89-4F0D-ACCF-7EB736FD4AA2): 10
LogDevObjectVersion:   Dev-Build (E1C64328-A22C-4D53-A36C-8E866417BD8C): 0
LogDevObjectVersion:   Dev-Core (375EC13C-06E4-48FB-B500-84F0262A717E): 4
LogDevObjectVersion:   Dev-Editor (E4B068ED-F494-42E9-A231-DA0B2E46BB41): 40
LogDevObjectVersion:   Dev-Framework (CFFC743F-43B0-4480-9391-14DF171D2073): 37
LogDevObjectVersion:   Dev-Mobile (B02B49B5-BB20-44E9-A304-32B752E40360): 3
LogDevObjectVersion:   Dev-Networking (A4E4105C-59A1-49B5-A7C5-40C4547EDFEE): 0
LogDevObjectVersion:   Dev-Online (39C831C9-5AE6-47DC-9A44-9C173E1C8E7C): 0
LogDevObjectVersion:   Dev-Physics (78F01B33-EBEA-4F98-B9B4-84EACCB95AA2): 14
LogDevObjectVersion:   Dev-Platform (6631380F-2D4D-43E0-8009-CF276956A95A): 0
LogDevObjectVersion:   Dev-Rendering (12F88B9F-8875-4AFC-A67C-D90C383ABD29): 45
LogDevObjectVersion:   Dev-Sequencer (7B5AE74C-D270-4C10-A958-57980B212A5A): 13
LogDevObjectVersion:   Dev-VR (D7296918-1DD6-4BDD-9DE2-64A83CC13884): 3
LogDevObjectVersion:   Dev-LoadTimes (C2A15278-BFE7-4AFE-6C17-90FF531DF755): 1
LogDevObjectVersion:   Private-Geometry (6EACA3D4-40EC-4CC1-B786-8BED09428FC5): 3
LogDevObjectVersion:   Dev-AnimPhys (29E575DD-E0A3-4627-9D10-D276232CDCEA): 17
LogDevObjectVersion:   Dev-Anim (AF43A65D-7FD3-4947-9873-3E8ED9C1BB05): 15
LogDevObjectVersion:   Dev-ReflectionCapture (6B266CEC-1EC7-4B8F-A30B-E4D90942FC07): 1
LogDevObjectVersion:   Dev-Automation (0DF73D61-A23F-47EA-B727-89E90C41499A): 1
LogDevObjectVersion:   FortniteMain (601D1886-AC64-4F84-AA16-D3DE0DEAC7D6): 47
LogDevObjectVersion:   FortniteRelease (E7086368-6B23-4C58-8439-1B7016265E91): 1
LogDevObjectVersion:   Dev-Enterprise (9DFFBCD6-494F-0158-E221-12823C92A888): 10
LogDevObjectVersion:   Dev-Niagara (F2AED0AC-9AFE-416F-8664-AA7FFA26D6FC): 1
LogDevObjectVersion:   Dev-Destruction (174F1F0B-B4C6-45A5-B13F-2EE8D0FB917D): 10
LogDevObjectVersion:   Dev-Physics-Ext (35F94A83-E258-406C-A318-09F59610247C): 41
LogDevObjectVersion:   Dev-PhysicsMaterial-Chaos (B68FC16E-8B1B-42E2-B453-215C058844FE): 1
LogDevObjectVersion:   Dev-CineCamera (B2E18506-4273-CFC2-A54E-F4BB758BBA07): 1
LogDevObjectVersion:   Dev-VirtualProduction (64F58936-FD1B-42BA-BA96-7289D5D0FA4E): 1
LogDevObjectVersion:   Dev-MediaFramework (6F0ED827-A609-4895-9C91-998D90180EA4): 2
LogInit: Presizing for max 25165824 objects, including 0 objects not considered by GC, pre-allocating 0 bytes for permanent pool.
LogConfig: Applying CVar settings from Section [/Script/Engine.StreamingSettings] File [C:/Users/User/Desktop/projectory/felhounds/Hungry-Felhounds/Saved/Config/Windows/Engine.ini]
LogConfig: Setting CVar [[s.MinBulkDataSizeForAsyncLoading:131072]]
LogConfig: Setting CVar [[s.AsyncLoadingThreadEnabled:0]]
LogConfig: Setting CVar [[s.EventDrivenLoaderEnabled:1]]
LogConfig: Setting CVar [[s.WarnIfTimeLimitExceeded:0]]
LogConfig: Setting CVar [[s.TimeLimitExceededMultiplier:1.5]]
LogConfig: Setting CVar [[s.TimeLimitExceededMinTime:0.005]]
LogConfig: Setting CVar [[s.UseBackgroundLevelStreaming:1]]
LogConfig: Setting CVar [[s.PriorityAsyncLoadingExtraTime:15.0]]
LogConfig: Setting CVar [[s.LevelStreamingActorsUpdateTimeLimit:5.0]]
LogConfig: Setting CVar [[s.PriorityLevelStreamingActorsUpdateExtraTime:5.0]]
LogConfig: Setting CVar [[s.LevelStreamingComponentsRegistrationGranularity:10]]
LogConfig: Setting CVar [[s.UnregisterComponentsTimeLimit:1.0]]
LogConfig: Setting CVar [[s.LevelStreamingComponentsUnregistrationGranularity:5]]
LogConfig: Setting CVar [[s.FlushStreamingOnExit:1]]
LogInit: Object subsystem initialized
LogConfig: Setting CVar [[con.DebugEarlyDefault:1]]
LogConfig: Setting CVar [[r.setres:1280x720]]
[2022.12.22-18.34.03:655][  0]LogConfig: Setting CVar [[con.DebugEarlyDefault:1]]
[2022.12.22-18.34.03:655][  0]LogConfig: Setting CVar [[r.setres:1280x720]]
[2022.12.22-18.34.03:655][  0]LogConfig: Applying CVar settings from Section [/Script/Engine.RendererSettings] File [C:/Users/User/Desktop/projectory/felhounds/Hungry-Felhounds/Saved/Config/Windows/Engine.ini]
[2022.12.22-18.34.03:655][  0]LogConfig: Setting CVar [[r.GPUCrashDebugging:0]]
[2022.12.22-18.34.03:655][  0]LogConfig: Applying CVar settings from Section [/Script/Engine.RendererOverrideSettings] File [C:/Users/User/Desktop/projectory/felhounds/Hungry-Felhounds/Saved/Config/Windows/Engine.ini]
[2022.12.22-18.34.03:655][  0]LogConfig: Applying CVar settings from Section [/Script/Engine.StreamingSettings] File [C:/Users/User/Desktop/projectory/felhounds/Hungry-Felhounds/Saved/Config/Windows/Engine.ini]
[2022.12.22-18.34.03:655][  0]LogConfig: Setting CVar [[s.MinBulkDataSizeForAsyncLoading:131072]]
[2022.12.22-18.34.03:655][  0]LogConfig: Setting CVar [[s.AsyncLoadingThreadEnabled:0]]
[2022.12.22-18.34.03:655][  0]LogConfig: Setting CVar [[s.EventDrivenLoaderEnabled:1]]
[2022.12.22-18.34.03:655][  0]LogConfig: Setting CVar [[s.WarnIfTimeLimitExceeded:0]]
[2022.12.22-18.34.03:655][  0]LogConfig: Setting CVar [[s.TimeLimitExceededMultiplier:1.5]]
[2022.12.22-18.34.03:655][  0]LogConfig: Setting CVar [[s.TimeLimitExceededMinTime:0.005]]
[2022.12.22-18.34.03:655][  0]LogConfig: Setting CVar [[s.UseBackgroundLevelStreaming:1]]
[2022.12.22-18.34.03:655][  0]LogConfig: Setting CVar [[s.PriorityAsyncLoadingExtraTime:15.0]]
[2022.12.22-18.34.03:655][  0]LogConfig: Setting CVar [[s.LevelStreamingActorsUpdateTimeLimit:5.0]]
[2022.12.22-18.34.03:655][  0]LogConfig: Setting CVar [[s.PriorityLevelStreamingActorsUpdateExtraTime:5.0]]
[2022.12.22-18.34.03:655][  0]LogConfig: Setting CVar [[s.LevelStreamingComponentsRegistrationGranularity:10]]
[2022.12.22-18.34.03:655][  0]LogConfig: Setting CVar [[s.UnregisterComponentsTimeLimit:1.0]]
[2022.12.22-18.34.03:655][  0]LogConfig: Setting CVar [[s.LevelStreamingComponentsUnregistrationGranularity:5]]
[2022.12.22-18.34.03:655][  0]LogConfig: Setting CVar [[s.FlushStreamingOnExit:1]]
[2022.12.22-18.34.03:655][  0]LogConfig: Applying CVar settings from Section [/Script/Engine.GarbageCollectionSettings] File [C:/Users/User/Desktop/projectory/felhounds/Hungry-Felhounds/Saved/Config/Windows/Engine.ini]
[2022.12.22-18.34.03:655][  0]LogConfig: Setting CVar [[gc.MaxObjectsNotConsideredByGC:1]]
[2022.12.22-18.34.03:655][  0]LogConfig: Setting CVar [[gc.SizeOfPermanentObjectPool:0]]
[2022.12.22-18.34.03:655][  0]LogConfig: Setting CVar [[gc.FlushStreamingOnGC:0]]
[2022.12.22-18.34.03:655][  0]LogConfig: Setting CVar [[gc.NumRetriesBeforeForcingGC:10]]
[2022.12.22-18.34.03:655][  0]LogConfig: Setting CVar [[gc.AllowParallelGC:1]]
[2022.12.22-18.34.03:655][  0]LogConfig: Setting CVar [[gc.TimeBetweenPurgingPendingKillObjects:61.1]]
[2022.12.22-18.34.03:655][  0]LogConfig: Setting CVar [[gc.MaxObjectsInEditor:25165824]]
[2022.12.22-18.34.03:655][  0]LogConfig: Setting CVar [[gc.IncrementalBeginDestroyEnabled:1]]
[2022.12.22-18.34.03:655][  0]LogConfig: Setting CVar [[gc.CreateGCClusters:1]]
[2022.12.22-18.34.03:655][  0]LogConfig: Setting CVar [[gc.MinGCClusterSize:5]]
[2022.12.22-18.34.03:655][  0]LogConfig: Setting CVar [[gc.ActorClusteringEnabled:0]]
[2022.12.22-18.34.03:655][  0]LogConfig: Setting CVar [[gc.BlueprintClusteringEnabled:0]]
[2022.12.22-18.34.03:655][  0]LogConfig: Setting CVar [[gc.UseDisregardForGCOnDedicatedServers:0]]
[2022.12.22-18.34.03:655][  0]LogConfig: Setting CVar [[gc.MultithreadedDestructionEnabled:1]]
[2022.12.22-18.34.03:655][  0]LogConfig: Applying CVar settings from Section [/Script/Engine.NetworkSettings] File [C:/Users/User/Desktop/projectory/felhounds/Hungry-Felhounds/Saved/Config/Windows/Engine.ini]
[2022.12.22-18.34.03:655][  0]LogConfig: Applying CVar settings from Section [/Script/UnrealEd.CookerSettings] File [C:/Users/User/Desktop/projectory/felhounds/Hungry-Felhounds/Saved/Config/Windows/Engine.ini]
[2022.12.22-18.34.03:672][  0]LogConfig: Applying CVar settings from Section [ViewDistanceQuality@3] File [C:/Users/User/Desktop/projectory/felhounds/Hungry-Felhounds/Saved/Config/Windows/Scalability.ini]
[2022.12.22-18.34.03:672][  0]LogConfig: Setting CVar [[r.SkeletalMeshLODBias:0]]
[2022.12.22-18.34.03:672][  0]LogConfig: Setting CVar [[r.ViewDistanceScale:1.0]]
[2022.12.22-18.34.03:672][  0]LogConfig: Applying CVar settings from Section [AntiAliasingQuality@3] File [C:/Users/User/Desktop/projectory/felhounds/Hungry-Felhounds/Saved/Config/Windows/Scalability.ini]
[2022.12.22-18.34.03:672][  0]LogConfig: Setting CVar [[r.PostProcessAAQuality:4]]
[2022.12.22-18.34.03:672][  0]LogConfig: Applying CVar settings from Section [ShadowQuality@3] File [C:/Users/User/Desktop/projectory/felhounds/Hungry-Felhounds/Saved/Config/Windows/Scalability.ini]
[2022.12.22-18.34.03:672][  0]LogConfig: Setting CVar [[r.LightFunctionQuality:1]]
[2022.12.22-18.34.03:672][  0]LogConfig: Setting CVar [[r.ShadowQuality:5]]
[2022.12.22-18.34.03:672][  0]LogConfig: Setting CVar [[r.Shadow.CSM.MaxCascades:10]]
[2022.12.22-18.34.03:672][  0]LogConfig: Setting CVar [[r.Shadow.MaxResolution:2048]]
[2022.12.22-18.34.03:672][  0]LogConfig: Setting CVar [[r.Shadow.MaxCSMResolution:2048]]
[2022.12.22-18.34.03:672][  0]LogConfig: Setting CVar [[r.Shadow.RadiusThreshold:0.01]]
[2022.12.22-18.34.03:672][  0]LogConfig: Setting CVar [[r.Shadow.DistanceScale:1.0]]
[2022.12.22-18.34.03:672][  0]LogConfig: Setting CVar [[r.Shadow.CSM.TransitionScale:1.0]]
[2022.12.22-18.34.03:672][  0]LogConfig: Setting CVar [[r.Shadow.PreShadowResolutionFactor:1.0]]
[2022.12.22-18.34.03:672][  0]LogConfig: Setting CVar [[r.DistanceFieldShadowing:1]]
[2022.12.22-18.34.03:672][  0]LogConfig: Setting CVar [[r.DistanceFieldAO:1]]
[2022.12.22-18.34.03:672][  0]LogConfig: Setting CVar [[r.AOQuality:2]]
[2022.12.22-18.34.03:672][  0]LogConfig: Setting CVar [[r.VolumetricFog:1]]
[2022.12.22-18.34.03:672][  0]LogConfig: Setting CVar [[r.VolumetricFog.GridPixelSize:8]]
[2022.12.22-18.34.03:672][  0]LogConfig: Setting CVar [[r.VolumetricFog.GridSizeZ:128]]
[2022.12.22-18.34.03:672][  0]LogConfig: Setting CVar [[r.VolumetricFog.HistoryMissSupersampleCount:4]]
[2022.12.22-18.34.03:672][  0]LogConfig: Setting CVar [[r.LightMaxDrawDistanceScale:1]]
[2022.12.22-18.34.03:672][  0]LogConfig: Setting CVar [[r.CapsuleShadows:1]]
[2022.12.22-18.34.03:672][  0]LogConfig: Applying CVar settings from Section [PostProcessQuality@3] File [C:/Users/User/Desktop/projectory/felhounds/Hungry-Felhounds/Saved/Config/Windows/Scalability.ini]
[2022.12.22-18.34.03:672][  0]LogConfig: Setting CVar [[r.MotionBlurQuality:4]]
[2022.12.22-18.34.03:672][  0]LogConfig: Setting CVar [[r.AmbientOcclusionMipLevelFactor:0.4]]
[2022.12.22-18.34.03:672][  0]LogConfig: Setting CVar [[r.AmbientOcclusionMaxQuality:100]]
[2022.12.22-18.34.03:672][  0]LogConfig: Setting CVar [[r.AmbientOcclusionLevels:-1]]
[2022.12.22-18.34.03:672][  0]LogConfig: Setting CVar [[r.AmbientOcclusionRadiusScale:1.0]]
[2022.12.22-18.34.03:672][  0]LogConfig: Setting CVar [[r.DepthOfFieldQuality:2]]
[2022.12.22-18.34.03:672][  0]LogConfig: Setting CVar [[r.RenderTargetPoolMin:400]]
[2022.12.22-18.34.03:672][  0]LogConfig: Setting CVar [[r.LensFlareQuality:2]]
[2022.12.22-18.34.03:672][  0]LogConfig: Setting CVar [[r.SceneColorFringeQuality:1]]
[2022.12.22-18.34.03:672][  0]LogConfig: Setting CVar [[r.EyeAdaptationQuality:2]]
[2022.12.22-18.34.03:672][  0]LogConfig: Setting CVar [[r.BloomQuality:5]]
[2022.12.22-18.34.03:672][  0]LogConfig: Setting CVar [[r.FastBlurThreshold:100]]
[2022.12.22-18.34.03:672][  0]LogConfig: Setting CVar [[r.Upscale.Quality:3]]
[2022.12.22-18.34.03:672][  0]LogConfig: Setting CVar [[r.Tonemapper.GrainQuantization:1]]
[2022.12.22-18.34.03:672][  0]LogConfig: Setting CVar [[r.LightShaftQuality:1]]
[2022.12.22-18.34.03:672][  0]LogConfig: Setting CVar [[r.Filter.SizeScale:1]]
[2022.12.22-18.34.03:672][  0]LogConfig: Setting CVar [[r.Tonemapper.Quality:5]]
[2022.12.22-18.34.03:672][  0]LogConfig: Setting CVar [[r.DOF.Gather.AccumulatorQuality:1        ; higher gathering accumulator quality]]
[2022.12.22-18.34.03:672][  0]LogConfig: Setting CVar [[r.DOF.Gather.PostfilterMethod:1          ; Median3x3 postfilering method]]
[2022.12.22-18.34.03:672][  0]LogConfig: Setting CVar [[r.DOF.Gather.EnableBokehSettings:0       ; no bokeh simulation when gathering]]
[2022.12.22-18.34.03:672][  0]LogConfig: Setting CVar [[r.DOF.Gather.RingCount:4                 ; medium number of samples when gathering]]
[2022.12.22-18.34.03:672][  0]LogConfig: Setting CVar [[r.DOF.Scatter.ForegroundCompositing:1    ; additive foreground scattering]]
[2022.12.22-18.34.03:672][  0]LogConfig: Setting CVar [[r.DOF.Scatter.BackgroundCompositing:2    ; additive background scattering]]
[2022.12.22-18.34.03:672][  0]LogConfig: Setting CVar [[r.DOF.Scatter.EnableBokehSettings:1      ; bokeh simulation when scattering]]
[2022.12.22-18.34.03:672][  0]LogConfig: Setting CVar [[r.DOF.Scatter.MaxSpriteRatio:0.1         ; only a maximum of 10% of scattered bokeh]]
[2022.12.22-18.34.03:672][  0]LogConfig: Setting CVar [[r.DOF.Recombine.Quality:1                ; cheap slight out of focus]]
[2022.12.22-18.34.03:672][  0]LogConfig: Setting CVar [[r.DOF.Recombine.EnableBokehSettings:0    ; no bokeh simulation on slight out of focus]]
[2022.12.22-18.34.03:672][  0]LogConfig: Setting CVar [[r.DOF.TemporalAAQuality:1                ; more stable temporal accumulation]]
[2022.12.22-18.34.03:672][  0]LogConfig: Setting CVar [[r.DOF.Kernel.MaxForegroundRadius:0.025]]
[2022.12.22-18.34.03:672][  0]LogConfig: Setting CVar [[r.DOF.Kernel.MaxBackgroundRadius:0.025]]
[2022.12.22-18.34.03:672][  0]LogConfig: Applying CVar settings from Section [TextureQuality@3] File [C:/Users/User/Desktop/projectory/felhounds/Hungry-Felhounds/Saved/Config/Windows/Scalability.ini]
[2022.12.22-18.34.03:672][  0]LogConfig: Setting CVar [[r.Streaming.MipBias:0]]
[2022.12.22-18.34.03:672][  0]LogConfig: Setting CVar [[r.Streaming.AmortizeCPUToGPUCopy:0]]
[2022.12.22-18.34.03:672][  0]LogConfig: Setting CVar [[r.Streaming.MaxNumTexturesToStreamPerFrame:0]]
[2022.12.22-18.34.03:672][  0]LogConfig: Setting CVar [[r.Streaming.Boost:1]]
[2022.12.22-18.34.03:672][  0]LogConfig: Setting CVar [[r.MaxAnisotropy:8]]
[2022.12.22-18.34.03:672][  0]LogConfig: Setting CVar [[r.VT.MaxAnisotropy:8]]
[2022.12.22-18.34.03:672][  0]LogConfig: Setting CVar [[r.Streaming.LimitPoolSizeToVRAM:0]]
[2022.12.22-18.34.03:672][  0]LogConfig: Setting CVar [[r.Streaming.PoolSize:1000]]
[2022.12.22-18.34.03:672][  0]LogConfig: Setting CVar [[r.Streaming.MaxEffectiveScreenSize:0]]
[2022.12.22-18.34.03:672][  0]LogConfig: Applying CVar settings from Section [EffectsQuality@3] File [C:/Users/User/Desktop/projectory/felhounds/Hungry-Felhounds/Saved/Config/Windows/Scalability.ini]
[2022.12.22-18.34.03:672][  0]LogConfig: Setting CVar [[r.TranslucencyLightingVolumeDim:64]]
[2022.12.22-18.34.03:672][  0]LogConfig: Setting CVar [[r.RefractionQuality:2]]
[2022.12.22-18.34.03:672][  0]LogConfig: Setting CVar [[r.SSR.Quality:3]]
[2022.12.22-18.34.03:672][  0]LogConfig: Setting CVar [[r.SSR.HalfResSceneColor:0]]
[2022.12.22-18.34.03:672][  0]LogConfig: Setting CVar [[r.SceneColorFormat:4]]
[2022.12.22-18.34.03:672][  0]LogConfig: Setting CVar [[r.DetailMode:2]]
[2022.12.22-18.34.03:672][  0]LogConfig: Setting CVar [[r.TranslucencyVolumeBlur:1]]
[2022.12.22-18.34.03:672][  0]LogConfig: Setting CVar [[r.MaterialQualityLevel:1 ; High quality]]
[2022.12.22-18.34.03:673][  0]LogConfig: Setting CVar [[r.AnisotropicMaterials:1]]
[2022.12.22-18.34.03:673][  0]LogConfig: Setting CVar [[r.SSS.Scale:1]]
[2022.12.22-18.34.03:673][  0]LogConfig: Setting CVar [[r.SSS.SampleSet:2]]
[2022.12.22-18.34.03:673][  0]LogConfig: Setting CVar [[r.SSS.Quality:1]]
[2022.12.22-18.34.03:673][  0]LogConfig: Setting CVar [[r.SSS.HalfRes:0]]
[2022.12.22-18.34.03:673][  0]LogConfig: Setting CVar [[r.SSGI.Quality:3]]
[2022.12.22-18.34.03:673][  0]LogConfig: Setting CVar [[r.EmitterSpawnRateScale:1.0]]
[2022.12.22-18.34.03:673][  0]LogConfig: Setting CVar [[r.ParticleLightQuality:2]]
[2022.12.22-18.34.03:673][  0]LogConfig: Setting CVar [[r.SkyAtmosphere.AerialPerspectiveLUT.FastApplyOnOpaque:1 ; Always have FastSkyLUT 1 in this case to avoid wrong sky]]
[2022.12.22-18.34.03:673][  0]LogConfig: Setting CVar [[r.SkyAtmosphere.AerialPerspectiveLUT.SampleCountMaxPerSlice:4]]
[2022.12.22-18.34.03:673][  0]LogConfig: Setting CVar [[r.SkyAtmosphere.AerialPerspectiveLUT.DepthResolution:16.0]]
[2022.12.22-18.34.03:673][  0]LogConfig: Setting CVar [[r.SkyAtmosphere.FastSkyLUT:1]]
[2022.12.22-18.34.03:673][  0]LogConfig: Setting CVar [[r.SkyAtmosphere.FastSkyLUT.SampleCountMin:4.0]]
[2022.12.22-18.34.03:673][  0]LogConfig: Setting CVar [[r.SkyAtmosphere.FastSkyLUT.SampleCountMax:128.0]]
[2022.12.22-18.34.03:673][  0]LogConfig: Setting CVar [[r.SkyAtmosphere.SampleCountMin:4.0]]
[2022.12.22-18.34.03:673][  0]LogConfig: Setting CVar [[r.SkyAtmosphere.SampleCountMax:128.0]]
[2022.12.22-18.34.03:673][  0]LogConfig: Setting CVar [[r.SkyAtmosphere.TransmittanceLUT.UseSmallFormat:0]]
[2022.12.22-18.34.03:673][  0]LogConfig: Setting CVar [[r.SkyAtmosphere.TransmittanceLUT.SampleCount:10.0]]
[2022.12.22-18.34.03:673][  0]LogConfig: Setting CVar [[r.SkyAtmosphere.MultiScatteringLUT.SampleCount:15.0]]
[2022.12.22-18.34.03:673][  0]LogConfig: Setting CVar [[r.SkyLight.RealTimeReflectionCapture:1]]
[2022.12.22-18.34.03:673][  0]LogConfig: Applying CVar settings from Section [FoliageQuality@3] File [C:/Users/User/Desktop/projectory/felhounds/Hungry-Felhounds/Saved/Config/Windows/Scalability.ini]
[2022.12.22-18.34.03:673][  0]LogConfig: Setting CVar [[foliage.DensityScale:1.0]]
[2022.12.22-18.34.03:673][  0]LogConfig: Setting CVar [[grass.DensityScale:1.0]]
[2022.12.22-18.34.03:673][  0]LogConfig: Applying CVar settings from Section [ShadingQuality@3] File [C:/Users/User/Desktop/projectory/felhounds/Hungry-Felhounds/Saved/Config/Windows/Scalability.ini]
[2022.12.22-18.34.03:673][  0]LogConfig: Setting CVar [[r.HairStrands.SkyLighting.IntegrationType:2]]
[2022.12.22-18.34.03:673][  0]LogConfig: Setting CVar [[r.HairStrands.SkyAO.SampleCount:4]]
[2022.12.22-18.34.03:673][  0]LogConfig: Setting CVar [[r.HairStrands.Visibility.MSAA.SamplePerPixel:4]]
[2022.12.22-18.34.03:673][  0]LogInit: Selected Device Profile: [Windows]
[2022.12.22-18.34.03:673][  0]LogInit: Applying CVar settings loaded from the selected device profile: [Windows]
[2022.12.22-18.34.03:673][  0]LogHAL: Display: Platform has ~ 8 GB [7879585792 / 8589934592 / 8], which maps to Default [LargestMinGB=32, LargerMinGB=12, DefaultMinGB=8, SmallerMinGB=6, SmallestMinGB=0)
[2022.12.22-18.34.03:673][  0]LogInit: Going up to parent DeviceProfile []
[2022.12.22-18.34.03:673][  0]LogConfig: Applying CVar settings from Section [ViewDistanceQuality@3] File [C:/Users/User/Desktop/projectory/felhounds/Hungry-Felhounds/Saved/Config/Windows/Scalability.ini]
[2022.12.22-18.34.03:673][  0]LogConfig: Setting CVar [[r.SkeletalMeshLODBias:0]]
[2022.12.22-18.34.03:673][  0]LogConfig: Setting CVar [[r.ViewDistanceScale:1.0]]
[2022.12.22-18.34.03:673][  0]LogConfig: Applying CVar settings from Section [AntiAliasingQuality@3] File [C:/Users/User/Desktop/projectory/felhounds/Hungry-Felhounds/Saved/Config/Windows/Scalability.ini]
[2022.12.22-18.34.03:673][  0]LogConfig: Setting CVar [[r.PostProcessAAQuality:4]]
[2022.12.22-18.34.03:673][  0]LogConfig: Applying CVar settings from Section [ShadowQuality@3] File [C:/Users/User/Desktop/projectory/felhounds/Hungry-Felhounds/Saved/Config/Windows/Scalability.ini]
[2022.12.22-18.34.03:673][  0]LogConfig: Setting CVar [[r.LightFunctionQuality:1]]
[2022.12.22-18.34.03:673][  0]LogConfig: Setting CVar [[r.ShadowQuality:5]]
[2022.12.22-18.34.03:673][  0]LogConfig: Setting CVar [[r.Shadow.CSM.MaxCascades:10]]
[2022.12.22-18.34.03:673][  0]LogConfig: Setting CVar [[r.Shadow.MaxResolution:2048]]
[2022.12.22-18.34.03:673][  0]LogConfig: Setting CVar [[r.Shadow.MaxCSMResolution:2048]]
[2022.12.22-18.34.03:673][  0]LogConfig: Setting CVar [[r.Shadow.RadiusThreshold:0.01]]
[2022.12.22-18.34.03:673][  0]LogConfig: Setting CVar [[r.Shadow.DistanceScale:1.0]]
[2022.12.22-18.34.03:673][  0]LogConfig: Setting CVar [[r.Shadow.CSM.TransitionScale:1.0]]
[2022.12.22-18.34.03:673][  0]LogConfig: Setting CVar [[r.Shadow.PreShadowResolutionFactor:1.0]]
[2022.12.22-18.34.03:673][  0]LogConfig: Setting CVar [[r.DistanceFieldShadowing:1]]
[2022.12.22-18.34.03:673][  0]LogConfig: Setting CVar [[r.DistanceFieldAO:1]]
[2022.12.22-18.34.03:673][  0]LogConfig: Setting CVar [[r.AOQuality:2]]
[2022.12.22-18.34.03:673][  0]LogConfig: Setting CVar [[r.VolumetricFog:1]]
[2022.12.22-18.34.03:673][  0]LogConfig: Setting CVar [[r.VolumetricFog.GridPixelSize:8]]
[2022.12.22-18.34.03:673][  0]LogConfig: Setting CVar [[r.VolumetricFog.GridSizeZ:128]]
[2022.12.22-18.34.03:673][  0]LogConfig: Setting CVar [[r.VolumetricFog.HistoryMissSupersampleCount:4]]
[2022.12.22-18.34.03:673][  0]LogConfig: Setting CVar [[r.LightMaxDrawDistanceScale:1]]
[2022.12.22-18.34.03:673][  0]LogConfig: Setting CVar [[r.CapsuleShadows:1]]
[2022.12.22-18.34.03:673][  0]LogConfig: Applying CVar settings from Section [PostProcessQuality@3] File [C:/Users/User/Desktop/projectory/felhounds/Hungry-Felhounds/Saved/Config/Windows/Scalability.ini]
[2022.12.22-18.34.03:673][  0]LogConfig: Setting CVar [[r.MotionBlurQuality:4]]
[2022.12.22-18.34.03:673][  0]LogConfig: Setting CVar [[r.AmbientOcclusionMipLevelFactor:0.4]]
[2022.12.22-18.34.03:673][  0]LogConfig: Setting CVar [[r.AmbientOcclusionMaxQuality:100]]
[2022.12.22-18.34.03:673][  0]LogConfig: Setting CVar [[r.AmbientOcclusionLevels:-1]]
[2022.12.22-18.34.03:673][  0]LogConfig: Setting CVar [[r.AmbientOcclusionRadiusScale:1.0]]
[2022.12.22-18.34.03:673][  0]LogConfig: Setting CVar [[r.DepthOfFieldQuality:2]]
[2022.12.22-18.34.03:673][  0]LogConfig: Setting CVar [[r.RenderTargetPoolMin:400]]
[2022.12.22-18.34.03:674][  0]LogConfig: Setting CVar [[r.LensFlareQuality:2]]
[2022.12.22-18.34.03:674][  0]LogConfig: Setting CVar [[r.SceneColorFringeQuality:1]]
[2022.12.22-18.34.03:674][  0]LogConfig: Setting CVar [[r.EyeAdaptationQuality:2]]
[2022.12.22-18.34.03:674][  0]LogConfig: Setting CVar [[r.BloomQuality:5]]
[2022.12.22-18.34.03:674][  0]LogConfig: Setting CVar [[r.FastBlurThreshold:100]]
[2022.12.22-18.34.03:674][  0]LogConfig: Setting CVar [[r.Upscale.Quality:3]]
[2022.12.22-18.34.03:674][  0]LogConfig: Setting CVar [[r.Tonemapper.GrainQuantization:1]]
[2022.12.22-18.34.03:675][  0]LogConfig: Setting CVar [[r.LightShaftQuality:1]]
[2022.12.22-18.34.03:675][  0]LogConfig: Setting CVar [[r.Filter.SizeScale:1]]
[2022.12.22-18.34.03:675][  0]LogConfig: Setting CVar [[r.Tonemapper.Quality:5]]
[2022.12.22-18.34.03:675][  0]LogConfig: Setting CVar [[r.DOF.Gather.AccumulatorQuality:1        ; higher gathering accumulator quality]]
[2022.12.22-18.34.03:675][  0]LogConfig: Setting CVar [[r.DOF.Gather.PostfilterMethod:1          ; Median3x3 postfilering method]]
[2022.12.22-18.34.03:675][  0]LogConfig: Setting CVar [[r.DOF.Gather.EnableBokehSettings:0       ; no bokeh simulation when gathering]]
[2022.12.22-18.34.03:675][  0]LogConfig: Setting CVar [[r.DOF.Gather.RingCount:4                 ; medium number of samples when gathering]]
[2022.12.22-18.34.03:675][  0]LogConfig: Setting CVar [[r.DOF.Scatter.ForegroundCompositing:1    ; additive foreground scattering]]
[2022.12.22-18.34.03:675][  0]LogConfig: Setting CVar [[r.DOF.Scatter.BackgroundCompositing:2    ; additive background scattering]]
[2022.12.22-18.34.03:675][  0]LogConfig: Setting CVar [[r.DOF.Scatter.EnableBokehSettings:1      ; bokeh simulation when scattering]]
[2022.12.22-18.34.03:675][  0]LogConfig: Setting CVar [[r.DOF.Scatter.MaxSpriteRatio:0.1         ; only a maximum of 10% of scattered bokeh]]
[2022.12.22-18.34.03:675][  0]LogConfig: Setting CVar [[r.DOF.Recombine.Quality:1                ; cheap slight out of focus]]
[2022.12.22-18.34.03:675][  0]LogConfig: Setting CVar [[r.DOF.Recombine.EnableBokehSettings:0    ; no bokeh simulation on slight out of focus]]
[2022.12.22-18.34.03:675][  0]LogConfig: Setting CVar [[r.DOF.TemporalAAQuality:1                ; more stable temporal accumulation]]
[2022.12.22-18.34.03:675][  0]LogConfig: Setting CVar [[r.DOF.Kernel.MaxForegroundRadius:0.025]]
[2022.12.22-18.34.03:675][  0]LogConfig: Setting CVar [[r.DOF.Kernel.MaxBackgroundRadius:0.025]]
[2022.12.22-18.34.03:675][  0]LogConfig: Applying CVar settings from Section [TextureQuality@3] File [C:/Users/User/Desktop/projectory/felhounds/Hungry-Felhounds/Saved/Config/Windows/Scalability.ini]
[2022.12.22-18.34.03:675][  0]LogConfig: Setting CVar [[r.Streaming.MipBias:0]]
[2022.12.22-18.34.03:675][  0]LogConfig: Setting CVar [[r.Streaming.AmortizeCPUToGPUCopy:0]]
[2022.12.22-18.34.03:675][  0]LogConfig: Setting CVar [[r.Streaming.MaxNumTexturesToStreamPerFrame:0]]
[2022.12.22-18.34.03:675][  0]LogConfig: Setting CVar [[r.Streaming.Boost:1]]
[2022.12.22-18.34.03:675][  0]LogConfig: Setting CVar [[r.MaxAnisotropy:8]]
[2022.12.22-18.34.03:675][  0]LogConfig: Setting CVar [[r.VT.MaxAnisotropy:8]]
[2022.12.22-18.34.03:675][  0]LogConfig: Setting CVar [[r.Streaming.LimitPoolSizeToVRAM:0]]
[2022.12.22-18.34.03:675][  0]LogConfig: Setting CVar [[r.Streaming.PoolSize:1000]]
[2022.12.22-18.34.03:675][  0]LogConfig: Setting CVar [[r.Streaming.MaxEffectiveScreenSize:0]]
[2022.12.22-18.34.03:675][  0]LogConfig: Applying CVar settings from Section [EffectsQuality@3] File [C:/Users/User/Desktop/projectory/felhounds/Hungry-Felhounds/Saved/Config/Windows/Scalability.ini]
[2022.12.22-18.34.03:675][  0]LogConfig: Setting CVar [[r.TranslucencyLightingVolumeDim:64]]
[2022.12.22-18.34.03:675][  0]LogConfig: Setting CVar [[r.RefractionQuality:2]]
[2022.12.22-18.34.03:675][  0]LogConfig: Setting CVar [[r.SSR.Quality:3]]
[2022.12.22-18.34.03:675][  0]LogConfig: Setting CVar [[r.SSR.HalfResSceneColor:0]]
[2022.12.22-18.34.03:675][  0]LogConfig: Setting CVar [[r.SceneColorFormat:4]]
[2022.12.22-18.34.03:675][  0]LogConfig: Setting CVar [[r.DetailMode:2]]
[2022.12.22-18.34.03:675][  0]LogConfig: Setting CVar [[r.TranslucencyVolumeBlur:1]]
[2022.12.22-18.34.03:675][  0]LogConfig: Setting CVar [[r.MaterialQualityLevel:1 ; High quality]]
[2022.12.22-18.34.03:675][  0]LogConfig: Setting CVar [[r.AnisotropicMaterials:1]]
[2022.12.22-18.34.03:675][  0]LogConfig: Setting CVar [[r.SSS.Scale:1]]
[2022.12.22-18.34.03:675][  0]LogConfig: Setting CVar [[r.SSS.SampleSet:2]]
[2022.12.22-18.34.03:675][  0]LogConfig: Setting CVar [[r.SSS.Quality:1]]
[2022.12.22-18.34.03:675][  0]LogConfig: Setting CVar [[r.SSS.HalfRes:0]]
[2022.12.22-18.34.03:675][  0]LogConfig: Setting CVar [[r.SSGI.Quality:3]]
[2022.12.22-18.34.03:675][  0]LogConfig: Setting CVar [[r.EmitterSpawnRateScale:1.0]]
[2022.12.22-18.34.03:675][  0]LogConfig: Setting CVar [[r.ParticleLightQuality:2]]
[2022.12.22-18.34.03:675][  0]LogConfig: Setting CVar [[r.SkyAtmosphere.AerialPerspectiveLUT.FastApplyOnOpaque:1 ; Always have FastSkyLUT 1 in this case to avoid wrong sky]]
[2022.12.22-18.34.03:675][  0]LogConfig: Setting CVar [[r.SkyAtmosphere.AerialPerspectiveLUT.SampleCountMaxPerSlice:4]]
[2022.12.22-18.34.03:675][  0]LogConfig: Setting CVar [[r.SkyAtmosphere.AerialPerspectiveLUT.DepthResolution:16.0]]
[2022.12.22-18.34.03:675][  0]LogConfig: Setting CVar [[r.SkyAtmosphere.FastSkyLUT:1]]
[2022.12.22-18.34.03:675][  0]LogConfig: Setting CVar [[r.SkyAtmosphere.FastSkyLUT.SampleCountMin:4.0]]
[2022.12.22-18.34.03:675][  0]LogConfig: Setting CVar [[r.SkyAtmosphere.FastSkyLUT.SampleCountMax:128.0]]
[2022.12.22-18.34.03:675][  0]LogConfig: Setting CVar [[r.SkyAtmosphere.SampleCountMin:4.0]]
[2022.12.22-18.34.03:675][  0]LogConfig: Setting CVar [[r.SkyAtmosphere.SampleCountMax:128.0]]
[2022.12.22-18.34.03:675][  0]LogConfig: Setting CVar [[r.SkyAtmosphere.TransmittanceLUT.UseSmallFormat:0]]
[2022.12.22-18.34.03:675][  0]LogConfig: Setting CVar [[r.SkyAtmosphere.TransmittanceLUT.SampleCount:10.0]]
[2022.12.22-18.34.03:675][  0]LogConfig: Setting CVar [[r.SkyAtmosphere.MultiScatteringLUT.SampleCount:15.0]]
[2022.12.22-18.34.03:675][  0]LogConfig: Setting CVar [[r.SkyLight.RealTimeReflectionCapture:1]]
[2022.12.22-18.34.03:675][  0]LogConfig: Applying CVar settings from Section [FoliageQuality@3] File [C:/Users/User/Desktop/projectory/felhounds/Hungry-Felhounds/Saved/Config/Windows/Scalability.ini]
[2022.12.22-18.34.03:675][  0]LogConfig: Setting CVar [[foliage.DensityScale:1.0]]
[2022.12.22-18.34.03:675][  0]LogConfig: Setting CVar [[grass.DensityScale:1.0]]
[2022.12.22-18.34.03:675][  0]LogConfig: Applying CVar settings from Section [ShadingQuality@3] File [C:/Users/User/Desktop/projectory/felhounds/Hungry-Felhounds/Saved/Config/Windows/Scalability.ini]
[2022.12.22-18.34.03:675][  0]LogConfig: Setting CVar [[r.HairStrands.SkyLighting.IntegrationType:2]]
[2022.12.22-18.34.03:675][  0]LogConfig: Setting CVar [[r.HairStrands.SkyAO.SampleCount:4]]
[2022.12.22-18.34.03:675][  0]LogConfig: Setting CVar [[r.HairStrands.Visibility.MSAA.SamplePerPixel:4]]
[2022.12.22-18.34.03:676][  0]LogConfig: Applying CVar settings from Section [Startup] File [../../../Engine/Config/ConsoleVariables.ini]
[2022.12.22-18.34.03:676][  0]LogConfig: Setting CVar [[net.UseAdaptiveNetUpdateFrequency:0]]
[2022.12.22-18.34.03:676][  0]LogConfig: Setting CVar [[p.chaos.AllowCreatePhysxBodies:1]]
[2022.12.22-18.34.03:676][  0]LogConfig: Setting CVar [[fx.SkipVectorVMBackendOptimizations:1]]
[2022.12.22-18.34.03:676][  0]LogConfig: Applying CVar settings from Section [ConsoleVariables] File [C:/Users/User/Desktop/projectory/felhounds/Hungry-Felhounds/Saved/Config/Windows/Engine.ini]
[2022.12.22-18.34.03:676][  0]LogConfig: Applying CVar settings from Section [ConsoleVariables] File [C:/Users/User/Desktop/projectory/felhounds/Hungry-Felhounds/Saved/Config/Windows/Editor.ini]
[2022.12.22-18.34.03:677][  0]LogInit: Computer: МИШКА
[2022.12.22-18.34.03:677][  0]LogInit: User: User
[2022.12.22-18.34.03:677][  0]LogInit: CPU Page size=4096, Cores=6
[2022.12.22-18.34.03:677][  0]LogInit: High frequency timer resolution =10.000000 MHz
[2022.12.22-18.34.03:677][  0]LogMemory: Memory total: Physical=7.3GB (8GB approx)
[2022.12.22-18.34.03:677][  0]LogMemory: Platform Memory Stats for Windows
[2022.12.22-18.34.03:677][  0]LogMemory: Process Physical Memory: 170.52 MB used, 170.52 MB peak
[2022.12.22-18.34.03:677][  0]LogMemory: Process Virtual Memory: 133.96 MB used, 133.96 MB peak
[2022.12.22-18.34.03:677][  0]LogMemory: Physical Memory: 4804.44 MB used,  2710.12 MB free, 7514.56 MB total
[2022.12.22-18.34.03:677][  0]LogMemory: Virtual Memory: 134212776.00 MB used,  4948.02 MB free, 134217728.00 MB total
[2022.12.22-18.34.03:727][  0]LogWindows: WindowsPlatformFeatures enabled
[2022.12.22-18.34.03:825][  0]LogInit: Physics initialised using underlying interface: PhysX
[2022.12.22-18.34.03:825][  0]LogInit: Using OS detected language (ru-RU).
[2022.12.22-18.34.03:825][  0]LogInit: Using OS detected locale (ru-RU).
[2022.12.22-18.34.03:827][  0]LogTextLocalizationManager: No specific localization for 'ru-RU' exists, so the 'ru' localization will be used.
[2022.12.22-18.34.03:829][  0]LogTextLocalizationResource: LocRes '../../../Engine/Content/Localization/Editor/ru/Editor.locres' could not be opened for reading!
[2022.12.22-18.34.03:830][  0]LogTextLocalizationResource: LocRes '../../../Engine/Content/Localization/EditorTutorials/ru/EditorTutorials.locres' could not be opened for reading!
[2022.12.22-18.34.03:830][  0]LogTextLocalizationResource: LocRes '../../../Engine/Content/Localization/Keywords/ru/Keywords.locres' could not be opened for reading!
[2022.12.22-18.34.03:830][  0]LogTextLocalizationResource: LocRes '../../../Engine/Content/Localization/Category/ru/Category.locres' could not be opened for reading!
[2022.12.22-18.34.03:830][  0]LogTextLocalizationResource: LocRes '../../../Engine/Content/Localization/ToolTips/ru/ToolTips.locres' could not be opened for reading!
[2022.12.22-18.34.03:830][  0]LogTextLocalizationResource: LocRes '../../../Engine/Content/Localization/PropertyNames/ru/PropertyNames.locres' could not be opened for reading!
[2022.12.22-18.34.03:830][  0]LogTextLocalizationResource: LocRes '../../../Engine/Content/Localization/Engine/ru/Engine.locres' could not be opened for reading!
[2022.12.22-18.34.03:855][  0]LogWindowsTextInputMethodSystem: Display: IME system deactivated.
[2022.12.22-18.34.03:899][  0]LogSlate: New Slate User Created.  User Index 0, Is Virtual User: 0
[2022.12.22-18.34.03:899][  0]LogSlate: Slate User Registered.  User Index 0, Is Virtual User: 0
[2022.12.22-18.34.03:919][  0]LogD3D11RHI: Loaded GFSDK_Aftermath_Lib.x64.dll
[2022.12.22-18.34.03:928][  0]LogHMD: Failed to initialize OpenVR with code 110
[2022.12.22-18.34.03:928][  0]LogD3D11RHI: D3D11 min allowed feature level: 11_0
[2022.12.22-18.34.03:928][  0]LogD3D11RHI: D3D11 max allowed feature level: 11_0
[2022.12.22-18.34.03:928][  0]LogD3D11RHI: D3D11 adapters:
[2022.12.22-18.34.03:992][  0]LogD3D11RHI:    0. 'AMD Radeon(TM) Graphics' (Feature Level 11_0)
[2022.12.22-18.34.03:992][  0]LogD3D11RHI:       496/0/3757 MB DedicatedVideo/DedicatedSystem/SharedSystem, Outputs:1, VendorId:0x1002
[2022.12.22-18.34.04:000][  0]LogD3D11RHI:    1. 'Microsoft Basic Render Driver' (Feature Level 11_0)
[2022.12.22-18.34.04:000][  0]LogD3D11RHI:       0/0/3757 MB DedicatedVideo/DedicatedSystem/SharedSystem, Outputs:0, VendorId:0x1414
[2022.12.22-18.34.04:000][  0]LogD3D11RHI: Chosen D3D11 Adapter:
[2022.12.22-18.34.04:000][  0]LogD3D11RHI:     Description : AMD Radeon(TM) Graphics
[2022.12.22-18.34.04:000][  0]LogD3D11RHI:     VendorId    : 1002
[2022.12.22-18.34.04:000][  0]LogD3D11RHI:     DeviceId    : 164c
[2022.12.22-18.34.04:000][  0]LogD3D11RHI:     SubSysId    : 1413152d
[2022.12.22-18.34.04:000][  0]LogD3D11RHI:     Revision    : 00c2
[2022.12.22-18.34.04:000][  0]LogD3D11RHI:     DedicatedVideoMemory : 520679424 bytes
[2022.12.22-18.34.04:000][  0]LogD3D11RHI:     DedicatedSystemMemory : 0 bytes
[2022.12.22-18.34.04:000][  0]LogD3D11RHI:     SharedSystemMemory : 3939792896 bytes
[2022.12.22-18.34.04:000][  0]LogD3D11RHI:     AdapterLuid : 0 50382
[2022.12.22-18.34.04:010][  0]LogD3D11RHI: Creating new Direct3DDevice
[2022.12.22-18.34.04:010][  0]LogD3D11RHI:     GPU DeviceId: 0x164c (for the marketing name, search the web for "GPU Device Id")
[2022.12.22-18.34.04:010][  0]LogWindows: EnumDisplayDevices:
[2022.12.22-18.34.04:010][  0]LogWindows:    0. 'AMD Radeon(TM) Graphics' (P:1 D:1)
[2022.12.22-18.34.04:010][  0]LogWindows:    1. 'AMD Radeon(TM) Graphics' (P:0 D:0)
[2022.12.22-18.34.04:011][  0]LogWindows:    2. 'AMD Radeon(TM) Graphics' (P:0 D:0)
[2022.12.22-18.34.04:011][  0]LogWindows:    3. 'AMD Radeon(TM) Graphics' (P:0 D:0)
[2022.12.22-18.34.04:011][  0]LogWindows: DebugString: FoundDriverCount:4 
[2022.12.22-18.34.04:011][  0]LogD3D11RHI:     Adapter Name: AMD Radeon(TM) Graphics
[2022.12.22-18.34.04:011][  0]LogD3D11RHI:   Driver Version: Adrenalin 20.40.64 (internal:27.20.14064.3, unified:27.20.14064.3)
[2022.12.22-18.34.04:011][  0]LogD3D11RHI:      Driver Date: 4-13-2021
[2022.12.22-18.34.04:011][  0]LogRHI: Texture pool is 2679 MB (70% of 3828 MB)
[2022.12.22-18.34.04:182][  0]LogD3D11RHI: Creating D3DDevice with AMD AGS, using adapter:
[2022.12.22-18.34.04:182][  0]LogD3D11RHI:     Description : AMD Radeon(TM) Graphics
[2022.12.22-18.34.04:182][  0]LogD3D11RHI:     VendorId    : 1002
[2022.12.22-18.34.04:182][  0]LogD3D11RHI:     DeviceId    : 164c
[2022.12.22-18.34.04:182][  0]LogD3D11RHI:     SubSysId    : 1413152d
[2022.12.22-18.34.04:182][  0]LogD3D11RHI:     Revision    : 00c2
[2022.12.22-18.34.04:182][  0]LogD3D11RHI:     DedicatedVideoMemory : 520679424 bytes
[2022.12.22-18.34.04:182][  0]LogD3D11RHI:     DedicatedSystemMemory : 0 bytes
[2022.12.22-18.34.04:182][  0]LogD3D11RHI:     SharedSystemMemory : 3939792896 bytes
[2022.12.22-18.34.04:182][  0]LogD3D11RHI:     AdapterLuid : 0 50382
[2022.12.22-18.34.04:231][  0]LogD3D11RHI: Created device via AGS, feature level 11_0, supported extensions 1fffffbf.
[2022.12.22-18.34.04:231][  0]LogD3D11RHI: RHI has support for 64 bit atomics
[2022.12.22-18.34.04:231][  0]LogD3D11RHI: Async texture creation enabled
[2022.12.22-18.34.04:231][  0]LogD3D11RHI: Array index from any shader is supported
[2022.12.22-18.34.04:248][  0]LogD3D11RHI: GPU Timing Frequency: 100.000000 (Debug: 2 1)
[2022.12.22-18.34.04:798][  0]LogTargetPlatformManager: Display: Loaded TargetPlatform 'WindowsNoEditor'
[2022.12.22-18.34.04:803][  0]LogTargetPlatformManager: Display: Loaded TargetPlatform 'Windows'
[2022.12.22-18.34.04:807][  0]LogTargetPlatformManager: Display: Loaded TargetPlatform 'WindowsClient'
[2022.12.22-18.34.04:812][  0]LogTargetPlatformManager: Display: Loaded TargetPlatform 'WindowsServer'
[2022.12.22-18.34.04:812][  0]LogTargetPlatformManager: Display: Building Assets For Windows
[2022.12.22-18.34.04:818][  0]LogAudioDebug: Display: Lib vorbis DLL was dynamically loaded.
[2022.12.22-18.34.04:837][  0]LogTextureFormatOodle: Display: Oodle Texture 2.9.0 init RDO Off
[2022.12.22-18.34.04:880][  0]LogRendererCore: Ray tracing is disabled. Reason: r.RayTracing=0.
[2022.12.22-18.34.04:880][  0]LogShaderCompilers: Guid format shader working directory is -15 characters bigger than the processId version (C:/Users/User/Desktop/projectory/felhounds/Hungry-Felhounds/Intermediate/Shaders/WorkingDirectory/16272/).
[2022.12.22-18.34.04:881][  0]LogShaderCompilers: Cleaned the shader compiler working directory 'C:/Users/User/AppData/Local/Temp/UnrealShaderWorkingDir/DB0CC4ED44170C1804A1B7A4BD45769E/'.
[2022.12.22-18.34.04:881][  0]LogXGEController: Cannot use XGE Controller as Incredibuild is not installed on this machine.
[2022.12.22-18.34.04:881][  0]LogShaderCompilers: Cannot use XGE Shader Compiler as Incredibuild is not installed on this machine.
[2022.12.22-18.34.04:881][  0]LogShaderCompilers: Display: Using Local Shader Compiler.
[2022.12.22-18.34.05:782][  0]LogDerivedDataCache: Display: Max Cache Size: 512 MB
[2022.12.22-18.34.05:884][  0]LogDerivedDataCache: Loaded boot cache 0.10s 94MB C:/Users/User/AppData/Local/UnrealEngine/4.27/DerivedDataCache/Boot.ddc.
[2022.12.22-18.34.05:884][  0]LogDerivedDataCache: Display: Loaded Boot cache: C:/Users/User/AppData/Local/UnrealEngine/4.27/DerivedDataCache/Boot.ddc
[2022.12.22-18.34.05:884][  0]LogDerivedDataCache: FDerivedDataBackendGraph:  Pak pak cache file C:/Users/User/Desktop/projectory/felhounds/Hungry-Felhounds/DerivedDataCache/DDC.ddp not found, will not use a pak cache.
[2022.12.22-18.34.05:884][  0]LogDerivedDataCache: Unable to find inner node Pak for hierarchical cache Hierarchy.
[2022.12.22-18.34.05:884][  0]LogDerivedDataCache: FDerivedDataBackendGraph:  CompressedPak pak cache file C:/Users/User/Desktop/projectory/felhounds/Hungry-Felhounds/DerivedDataCache/Compressed.ddp not found, will not use a pak cache.
[2022.12.22-18.34.05:884][  0]LogDerivedDataCache: Unable to find inner node CompressedPak for hierarchical cache Hierarchy.
[2022.12.22-18.34.05:907][  0]LogDerivedDataCache: Display: Pak cache opened for reading ../../../Engine/DerivedDataCache/Compressed.ddp.
[2022.12.22-18.34.05:907][  0]LogDerivedDataCache: FDerivedDataBackendGraph:  EnterprisePak pak cache file ../../../Enterprise/DerivedDataCache/Compressed.ddp not found, will not use a pak cache.
[2022.12.22-18.34.05:907][  0]LogDerivedDataCache: Unable to find inner node EnterprisePak for hierarchical cache Hierarchy.
[2022.12.22-18.34.05:926][  0]LogDerivedDataCache: Speed tests for C:/Users/User/AppData/Local/UnrealEngine/Common/DerivedDataCache took 0.02 seconds
[2022.12.22-18.34.05:926][  0]LogDerivedDataCache: Display: Performance to C:/Users/User/AppData/Local/UnrealEngine/Common/DerivedDataCache: Latency=0.03ms. RandomReadSpeed=140.87MBs, RandomWriteSpeed=78.96MBs. Assigned SpeedClass 'Local'
[2022.12.22-18.34.05:929][  0]LogDerivedDataCache: Using Local data cache path C:/Users/User/AppData/Local/UnrealEngine/Common/DerivedDataCache: Writable
[2022.12.22-18.34.05:930][  0]LogDerivedDataCache: Shared data cache path not found in *engine.ini, will not use an Shared cache.
[2022.12.22-18.34.05:930][  0]LogDerivedDataCache: Unable to find inner node Shared for hierarchical cache Hierarchy.
[2022.12.22-18.34.05:974][  0]LogSlate: Using FreeType 2.10.0
[2022.12.22-18.34.05:975][  0]LogSlate: SlateFontServices - WITH_FREETYPE: 1, WITH_HARFBUZZ: 1
[2022.12.22-18.34.06:207][  0]LogInit: Using OS detected language (ru-RU).
[2022.12.22-18.34.06:207][  0]LogInit: Using OS detected locale (ru-RU).
[2022.12.22-18.34.06:207][  0]LogTextLocalizationManager: No localization for 'ru-RU' exists, so 'en' will be used for the language.
[2022.12.22-18.34.06:208][  0]LogTextLocalizationManager: No localization for 'ru-RU' exists, so 'en' will be used for the locale.
[2022.12.22-18.34.06:208][  0]LogSlate: FontCache flush requested. Reason: Culture for localization was changed
[2022.12.22-18.34.06:208][  0]LogSlate: FontCache flush requested. Reason: Culture for localization was changed
[2022.12.22-18.34.06:215][  0]LogAssetRegistry: FAssetRegistry took 0.0042 seconds to start up
[2022.12.22-18.34.06:460][  0]LogTextLocalizationManager: Compacting localization data took   0.01ms
[2022.12.22-18.34.06:460][  0]LogPackageLocalizationCache: Processed 27 localized package path(s) for 1 prioritized culture(s) in 0.001201 seconds
[2022.12.22-18.34.06:640][  0]LogInit: Selected Device Profile: [Windows]
[2022.12.22-18.34.06:641][  0]LogInit: Active device profile: [00000257DEC24900][00000257DA445040 49] Windows
[2022.12.22-18.34.06:641][  0]LogInit: Profiles: [00000257DEC24900][00000257DA445040 49] Windows, [00000257DEBFB800][00000257DA44D1C0 49] WindowsNoEditor, [00000257DEC27500][00000257D50D3340 49] WindowsServer, [00000257DEBF8E00][00000257D50D74C0 49] WindowsClient, [00000257DEC27800][00000257DA449600 49] IOS, [00000257DEBFA800][00000257D50DB740 49] iPadAir, [00000257DEC26000][00000257D50DF880 49] iPadAir2, [00000257DEB98A00][00000257D50EBB40 49] IPadPro, [00000257DEB98B00][00000257D50E7B80 49] iPadAir3, [00000257DEBF9700][00000257D50EE180 49] iPadAir4, [00000257DEB9B400][00000257D50F2300 49] iPadMini2, [00000257DEBFAA00][00000257D50F6480 49] iPadMini3, [00000257DEB99700][00000257D50FA600 49] iPadMini4, [00000257DEC24F00][00000257D50FE780 49] iPadMini5, [00000257DEB9C300][00000257D5106A40 49] iPhone6, [00000257DEB9C400][00000257D5102A80 49] iPodTouch6, [00000257DEB9B600][00000257D510ED40 49] iPhone7, [00000257DEB99800][00000257D510AD80 49] iPodTouch7, [00000257DEB9FF00][00000257D5112F00 49] iPhone5S, [00000257DEBFA300][00000257D5117080 49] iPhone6Plus, [00000257DEB98200][00000257D511B200 49] iPhone6S, [00000257DEBFA200][00000257D511F380 49] iPhone6SPlus, [00000257DEB9BC00][00000257D5123500 49] iPhone7Plus, [00000257DEBFBD00][00000257D5127680 49] iPhoneSE, [00000257DEB9B500][00000257D50E37C0 49] iPhone8, [00000257DEBF9E00][00000257D512B900 49] iPhone8Plus, [00000257DEB9A600][00000257D512FA40 49] iPhoneX, [00000257DEBFA500][00000257D5137BC0 49] iPhoneXS, [00000257DEB9A000][00000257D513A1C0 49] iPhoneXSMax, [00000257DEBFBA00][00000257D513E340 49] iPhoneXR, [00000257DEB9B700][00000257D51424C0 49] iPhone11, [00000257DEBF8D00][00000257D5146640 49] iPhone11Pro, [00000257DEB9B800][00000257D514A7C0 49] iPhone11ProMax, [00000257DEBF8F00][00000257D514E940 49] iPhoneSE2, [00000257DEB9AE00][00000257D5152AC0 49] iPhone12Mini, [00000257DEBFA700][00000257D5156C40 49] iPhone12, [00000257DEB99100][00000257D515ADC0 49] iPhone12Pro, [00000257DEBFB600][00000257D515EF40 49] iPhone12ProMax, [00000257DEB9A300][00000257D51630C0 49] iPadPro105, [00000257DEBF8C00][00000257D5167240 49] iPadPro129, [00000257DEB9B300][00000257D516B3C0 49] iPadPro97, [00000257DEBF9F00][00000257D516F540 49] iPadPro2_129, [00000257DEB99400][00000257D51736C0 49] iPad5, [00000257DEBFB400][00000257D5177840 49] iPad6, [00000257DEB9B100][00000257D5133980 49] iPad7, [00000257DEBF9A00][00000257D517BAC0 49] iPad8, [00000257DEB99A00][00000257D517FC00 49] iPadPro11, [00000257DEBF9D00][00000257D51821C0 49] iPadPro2_11, [00000257DEB99B00][00000257D518A340 49] iPadPro3_129, [00000257DEBFA600][00000257D518E4C0 49] iPadPro4_129, [00000257DEB9B200][00000257D5192640 49] AppleTV, [00000257DEBFB200][00000257D51967C0 49] AppleTV4K, [00000257DEB98100][00000257D519A940 49] TVOS, [00000257DEBFA400][00000257D519EAC0 49] Mac, [00000257DEB99600][00000257D51A2C40 49] MacClient, [00000257DEBF8700][00000257D51A6DC0 49] MacNoEditor, [00000257DEB9B900][00000257D51AAF40 49] MacServer, [00000257DEBFB700][00000257D51AF0C0 49] Linux, [00000257DEB9A200][00000257D51B3240 49] LinuxAArch64, [00000257DEBFB000][00000257D51B73C0 49] LinuxNoEditor, [00000257DEB9BB00][00000257D51BB540 49] LinuxAArch64NoEditor, [00000257DEBFA900][00000257D51BF6C0 49] LinuxClient, [00000257DEB99F00][00000257D51C3840 49] LinuxAArch64Client, [00000257DEBF9900][00000257D51C79C0 49] LinuxServer, [00000257DEB9A100][00000257D5187B00 49] LinuxAArch64Server, [00000257DEBF9800][00000257D51CA0C0 49] Android, [00000257DEB98500][00000257D51CE200 49] Android_Low, [00000257DEBFB900][00000257D51D2340 49] Android_Mid, [00000257DEC27A00][00000257D51DA4C0 49] Android_High, [00000257DEB9DC00][00000257D51DE640 49] Android_Default, [00000257DEC26100][00000257D51E27C0 49] Android_Adreno4xx, [00000257DEB9E700][00000257D51E6940 49] Android_Adreno5xx_Low, [00000257DEC24B00][00000257D51EAAC0 49] Android_Adreno5xx, [00000257DEB9ED00][00000257D51EEC40 49] Android_Adreno6xx, [00000257DEC25200][00000257D51F2DC0 49] Android_Adreno6xx_Vulkan, [00000257DEB9E800][00000257D51F6F40 49] Android_Mali_T6xx, [00000257DEC27200][00000257D51FB0C0 49] Android_Mali_T7xx, [00000257DEB9EE00][00000257D51FF240 49] Android_Mali_T8xx, [00000257DEC26500][00000257D52033C0 49] Android_Mali_G71, [00000257DEB9FE00][00000257D5207540 49] Android_Mali_G72, [00000257DEC26A00][00000257D520B6C0 49] Android_Mali_G72_Vulkan, [00000257DEB9DB00][00000257D520F840 49] Android_Mali_G76, [00000257DEC25D00][00000257D52139C0 49] Android_Mali_G76_Vulkan, [00000257DEB9F000][00000257D5217B40 49] Android_Mali_G77, [00000257DEC26D00][00000257D521A140 49] Android_Mali_G77_Vulkan, [00000257DEB9FA00][00000257D51D6280 49] Android_Mali_G78, [00000257DEC24D00][00000257D521E3C0 49] Android_Mali_G78_Vulkan, [00000257DEB9C500][00000257D5222500 49] Android_Mali_G710, [00000257DEC25300][00000257D522A680 49] Android_Mali_G710_Vulkan, [00000257DEB9DD00][00000257D522E800 49] Android_Vulkan_SM5, [00000257DEC27300][00000257D5232980 49] Android_PowerVR_G6xxx, [00000257DEB9EC00][00000257D2674B00 49] Android_PowerVR_GT7xxx, [00000257DEC27C00][00000257D2678C80 49] Android_PowerVR_GE8xxx, [00000257DEB9D200][00000257D267CE00 49] Android_PowerVR_GM9xxx, [00000257DEC27000][00000257D2680F80 49] Android_PowerVR_GM9xxx_Vulkan, [00000257DEB9E900][00000257D2685100 49] Android_TegraK1, [00000257DEC25100][00000257D2689280 49] Android_Unknown_Vulkan, [00000257DEBF8800][00000257D268D400 49] Lumin, [00000257DEC26900][00000257D2691580 49] Lumin_Desktop, [00000257DEBF8A00][00000257D2695700 49] HoloLens, 
[2022.12.22-18.34.06:751][  0]LogMeshReduction: Using QuadricMeshReduction for automatic static mesh reduction
[2022.12.22-18.34.06:752][  0]LogMeshReduction: Using SimplygonMeshReduction for automatic skeletal mesh reduction
[2022.12.22-18.34.06:752][  0]LogMeshReduction: Using ProxyLODMeshReduction for automatic mesh merging
[2022.12.22-18.34.06:752][  0]LogMeshReduction: No distributed automatic mesh merging module available
[2022.12.22-18.34.06:752][  0]LogMeshMerging: No distributed automatic mesh merging module available
[2022.12.22-18.34.06:953][  0]LogNetVersion: Game1 1.0.0, NetCL: 17155196, EngineNetVer: 17, GameNetVer: 0 (Checksum: 3464310289)
[2022.12.22-18.34.07:406][  0]LogTexture: Default maximum texture size for cubemaps generated from long-lat sources has been changed from 512 to unlimited. In order to preserve old behaiour for '/Engine/MapTemplates/Sky/DaylightAmbientCubemap.DaylightAmbientCubemap', its maximum texture size has been explicitly set to 512.
[2022.12.22-18.34.07:491][  0]LogHMD: PokeAHoleMaterial loaded successfully
[2022.12.22-18.34.07:786][  0]LogMoviePlayer: Initializing movie player
[2022.12.22-18.34.07:957][  0]LogNiagaraDebuggerClient: Niagara Debugger Client Initialized | Session: 7B8F4A454C7D97302B3D3581F979FB90 | Instance: 15B380204B7090C12C4C91B57ABAAFBA (МИШКА-16272).
[2022.12.22-18.34.08:025][  0]LogCollectionManager: Loaded 0 collections in 0.000846 seconds
[2022.12.22-18.34.08:031][  0]LogFileCache: Scanning file cache for directory 'C:/Users/User/Desktop/projectory/felhounds/Hungry-Felhounds/Saved/Collections/' took 0.00s
[2022.12.22-18.34.08:031][  0]LogFileCache: Scanning file cache for directory 'C:/Users/User/Desktop/projectory/felhounds/Hungry-Felhounds/Content/Developers/User/Collections/' took 0.00s
[2022.12.22-18.34.08:031][  0]LogCollectionManager: Fixed up redirectors for 0 collections in 0.000002 seconds (updated 0 objects)
[2022.12.22-18.34.08:084][  0]LogFileCache: Scanning file cache for directory 'C:/Users/User/Desktop/projectory/felhounds/Hungry-Felhounds/Content/Collections/' took 0.00s
[2022.12.22-18.34.08:084][  0]LogPython: Using Python 3.7.7
[2022.12.22-18.34.08:630][  0]LogTcpMessaging: Initializing TcpMessaging bridge
[2022.12.22-18.34.08:641][  0]LogUdpMessaging: Initializing bridge on interface 0.0.0.0:0 to multicast group 230.0.0.1:6666.
[2022.12.22-18.34.09:001][  0]LogOpenImageDenoise: OIDN starting up
[2022.12.22-18.34.09:049][  0]LogAndroidPermission: UAndroidPermissionCallbackProxy::GetInstance
[2022.12.22-18.34.09:090][  0]LogAudioCaptureCore: Display: No Audio Capture implementations found. Audio input will be silent.
[2022.12.22-18.34.09:090][  0]LogAudioCaptureCore: Display: No Audio Capture implementations found. Audio input will be silent.
[2022.12.22-18.34.09:180][  0]SourceControl: Source control is disabled
[2022.12.22-18.34.09:181][  0]SourceControl: Source control is disabled
[2022.12.22-18.34.09:183][  0]SourceControl: Source control is disabled
[2022.12.22-18.34.09:186][  0]LogUProjectInfo: Found projects:
[2022.12.22-18.34.09:191][  0]LogVSAccessor: Display: Unable to create Visual Studio setup instance: 80040154
[2022.12.22-18.34.09:192][  0]LogVSAccessor: Display: Unable to create Visual Studio setup instance: 80040154
[2022.12.22-18.34.09:194][  0]LogVSAccessor: Display: Unable to create Visual Studio setup instance: 80040154
[2022.12.22-18.34.09:209][  0]LogOcInput: OculusInput pre-init called
[2022.12.22-18.34.09:221][  0]LogUObjectArray: 22129 objects as part of root set at end of initial load.
[2022.12.22-18.34.09:221][  0]LogUObjectAllocator: 5987536 out of 0 bytes used by permanent object pool.
[2022.12.22-18.34.09:221][  0]LogUObjectArray: CloseDisregardForGC: 0/0 objects in disregard for GC pool
[2022.12.22-18.34.09:284][  0]LogEngine: Initializing Engine...
[2022.12.22-18.34.09:296][  0]LogHMD: Failed to enumerate extensions. Please check that you have a valid OpenXR runtime installed.
[2022.12.22-18.34.09:296][  0]LogHMD: Failed to initialize OpenVR with code 110
[2022.12.22-18.34.09:296][  0]LogMagicLeap: Warning: VR disabled because ZI is not enabled.  To enable, in the editor, Edit -> Project Settings -> Plugins -> Magic Leap Plugin -> Enable Zero Iteration
[2022.12.22-18.34.09:298][  0]LogStats: UGameplayTagsManager::InitializeManager -  0.000 s
[2022.12.22-18.34.09:442][  0]LogInit: Initializing FReadOnlyCVARCache
[2022.12.22-18.34.09:443][  0]LogAudio: Display: Initializing Audio Device Manager...
[2022.12.22-18.34.09:456][  0]LogAudio: Display: Loading Default Audio Settings Objects...
[2022.12.22-18.34.09:458][  0]LogAudio: Display: No default SoundConcurrencyObject specified (or failed to load).
[2022.12.22-18.34.09:459][  0]LogAudio: Display: Audio Device Manager Initialized
[2022.12.22-18.34.09:459][  0]LogAudio: Display: Creating Audio Device:                 Id: 1, Scope: Shared, Realtime: True
[2022.12.22-18.34.09:459][  0]LogAudioMixer: Display: Audio Mixer Platform Settings:
[2022.12.22-18.34.09:459][  0]LogAudioMixer: Display: 	Sample Rate:						  48000
[2022.12.22-18.34.09:459][  0]LogAudioMixer: Display: 	Callback Buffer Frame Size Requested: 1024
[2022.12.22-18.34.09:459][  0]LogAudioMixer: Display: 	Callback Buffer Frame Size To Use:	  1024
[2022.12.22-18.34.09:459][  0]LogAudioMixer: Display: 	Number of buffers to queue:			  2
[2022.12.22-18.34.09:459][  0]LogAudioMixer: Display: 	Max Channels (voices):				  32
[2022.12.22-18.34.09:459][  0]LogAudioMixer: Display: 	Number of Async Source Workers:		  0
[2022.12.22-18.34.09:459][  0]LogAudio: Display: AudioDevice MaxSources: 32
[2022.12.22-18.34.09:460][  0]LogAudio: Display: Audio Spatialization Plugin: None (built-in).
[2022.12.22-18.34.09:460][  0]LogAudio: Display: Audio Reverb Plugin: None (built-in).
[2022.12.22-18.34.09:460][  0]LogAudio: Display: Audio Occlusion Plugin: None (built-in).
[2022.12.22-18.34.09:460][  0]LogAudioMixer: Display: Initializing audio mixer.
[2022.12.22-18.34.09:492][  0]LogAudioMixer: Display: 0: FrontLeft
[2022.12.22-18.34.09:493][  0]LogAudioMixer: Display: 1: FrontRight
[2022.12.22-18.34.09:526][  0]LogAudioMixer: Display: Using Audio Device Наушники (Mi True Wireless EBs Basic 2)
[2022.12.22-18.34.09:528][  0]LogAudioMixer: Display: Initializing Sound Submixes...
[2022.12.22-18.34.09:530][  0]LogAudioMixer: Display: Creating Master Submix 'MasterSubmixDefault'
[2022.12.22-18.34.09:530][  0]LogAudioMixer: Display: Creating Master Submix 'MasterReverbSubmixDefault'
[2022.12.22-18.34.09:531][  0]LogAudioMixer: Display: Creating Master Submix 'MasterEQSubmixDefault'
[2022.12.22-18.34.09:531][  0]LogAudioMixer: FMixerPlatformXAudio2::StartAudioStream() called
[2022.12.22-18.34.09:531][  0]LogAudioMixer: Display: Output buffers initialized: Frames=1024, Channels=2, Samples=2048
[2022.12.22-18.34.09:533][  0]LogAudioMixer: Display: Starting AudioMixerPlatformInterface::RunInternal()
[2022.12.22-18.34.09:533][  0]LogAudioMixer: Display: FMixerPlatformXAudio2::SubmitBuffer() called for the first time
[2022.12.22-18.34.09:533][  0]LogInit: FAudioDevice initialized.
[2022.12.22-18.34.09:537][  0]LogNetVersion: Set ProjectVersion to 1.0.0.0. Version Checksum will be recalculated on next use.
[2022.12.22-18.34.09:539][  0]LogInit: Texture streaming: Enabled
[2022.12.22-18.34.09:822][  0]LogAudio: Display: Audio Device (ID: 1) registered with world 'Untitled'.
[2022.12.22-18.34.09:831][  0]LogInit: Error: Failed to load cursor 'C:/Users/User/Desktop/projectory/felhounds/Hungry-Felhounds/Content/coursor.png'
[2022.12.22-18.34.09:831][  0]LogSlate: Updating window title bar state: overlay mode, drag disabled, window buttons hidden, title bar hidden
[2022.12.22-18.34.09:833][  0]LogInit: Display: Game Engine Initialized.
[2022.12.22-18.34.09:833][  0]LogNiagaraEditor: GEditor isn't valid! Particle reset commands will not work for Niagara components!
[2022.12.22-18.34.10:024][  0]LogInit: Display: Starting Game.
[2022.12.22-18.34.10:024][  0]LogNet: Browse: 127.0.0.1:17777/Game/TopDownBP/Maps/MainMenu?Name=Player
[2022.12.22-18.34.10:025][  0]LogInit: WinSock: Socket queue. Rx: 32768 (config 32768) Tx: 32768 (config 32768)
[2022.12.22-18.34.10:026][  0]LogNet: Created socket for bind address: 0.0.0.0 on port 0
[2022.12.22-18.34.10:027][  0]PacketHandlerLog: Loaded PacketHandler component: Engine.EngineHandlerComponentFactory (StatelessConnectHandlerComponent)
[2022.12.22-18.34.10:027][  0]LogNet: Game client on port 17777, rate 100000
[2022.12.22-18.34.10:087][  0]LogInit: Display: Engine is initialized. Leaving FEngineLoop::Init()
[2022.12.22-18.34.10:087][  0]LogLoad: (Engine Initialization) Total time: 8.48 seconds
[2022.12.22-18.34.10:087][  0]LogLoad: (Engine Initialization) Total Blueprint compile time: 0.00 seconds
[2022.12.22-18.34.10:091][  0]LogContentStreaming: Texture pool size now 1000 MB
[2022.12.22-18.34.10:094][  0]LogSlate: InvalidateAllWidgets triggered.  All widgets were invalidated
[2022.12.22-18.34.11:069][282]LogHandshake: SendChallengeResponse. Timestamp: 0.315727, Cookie: 073228016068132209013131250074243209010136155247067233119151
[2022.12.22-18.34.11:088][285]LogNetVersion: Game1 1.0.0.0, NetCL: 17155196, EngineNetVer: 17, GameNetVer: 0 (Checksum: 3925865969)
[2022.12.22-18.34.11:088][285]LogNet: UPendingNetGame::SendInitialJoin: Sending hello. [UNetConnection] RemoteAddr: 127.0.0.1:17777, Name: SteamNetConnection_0, Driver: PendingNetDriver SteamNetDriver_0, IsServer: NO, PC: NULL, Owner: NULL, UniqueId: INVALID
[2022.12.22-18.34.11:123][291]LogNet: Welcomed by server (Level: /Game/TopDownBP/Maps/ArenaBase, Game: /Game/TopDownBP/Blueprints/GamePlay/GameplayGM.GameplayGM_C)
[2022.12.22-18.34.11:123][291]LogLoad: LoadMap: 127.0.0.1:17777/Game/TopDownBP/Maps/ArenaBase?Name=Player?game=/Game/TopDownBP/Blueprints/GamePlay/GameplayGM.GameplayGM_C
[2022.12.22-18.34.11:124][291]LogWorld: BeginTearingDown for /Temp/Untitled_0
[2022.12.22-18.34.11:124][291]LogWorld: UWorld::CleanupWorld for Untitled, bSessionEnded=true, bCleanupResources=true
[2022.12.22-18.34.11:124][291]LogSlate: InvalidateAllWidgets triggered.  All widgets were invalidated
[2022.12.22-18.34.11:134][291]LogAudio: Display: Audio Device unregistered from world 'None'.
[2022.12.22-18.34.11:140][291]LogUObjectHash: Compacting FUObjectHashTables data took   2.02ms
[2022.12.22-18.34.11:333][291]LogUObjectGlobals: Warning: Failed to load '/Game/TopDownBP/Blueprints/Personazh/TopDownCharacter': Can't find file.
[2022.12.22-18.34.11:334][291]LogUObjectGlobals: Warning: Failed to load '/Game/TopDownBP/Blueprints/Personazh/TopDownCharacter': Can't find file.
[2022.12.22-18.34.11:340][291]LogUObjectGlobals: Warning: [AssetLog] C:\Users\User\Desktop\projectory\felhounds\Hungry-Felhounds\Content\TopDownBP\Interface\Other\Widget_UI.uasset: Failed to load '/Game/TopDownBP/Blueprints/Personazh/TopDownCharacter': Can't find file.
[2022.12.22-18.34.11:340][291]LogUObjectGlobals: Warning: [AssetLog] C:\Users\User\Desktop\projectory\felhounds\Hungry-Felhounds\Content\TopDownBP\Interface\Other\Widget_UI.uasset: Failed to load '/Game/TopDownBP/Blueprints/Personazh/TopDownCharacter': Can't find file.
[2022.12.22-18.34.11:341][291]LogUObjectGlobals: Warning: [AssetLog] C:\Users\User\Desktop\projectory\felhounds\Hungry-Felhounds\Content\TopDownBP\Interface\Other\Widget_UI.uasset: Failed to load '/Game/TopDownBP/Blueprints/Personazh/TopDownCharacter': Can't find file.
[2022.12.22-18.34.11:341][291]LogUObjectGlobals: Warning: [AssetLog] C:\Users\User\Desktop\projectory\felhounds\Hungry-Felhounds\Content\TopDownBP\Interface\Other\Widget_UI.uasset: Failed to load '/Game/TopDownBP/Blueprints/Personazh/TopDownCharacter': Can't find file.
[2022.12.22-18.34.11:342][291]LogUObjectGlobals: Warning: [AssetLog] C:\Users\User\Desktop\projectory\felhounds\Hungry-Felhounds\Content\TopDownBP\Interface\Other\Widget_UI.uasset: Failed to load '/Game/TopDownBP/Blueprints/Personazh/TopDownCharacter': Can't find file.
[2022.12.22-18.34.11:343][291]LogUObjectGlobals: Warning: [AssetLog] C:\Users\User\Desktop\projectory\felhounds\Hungry-Felhounds\Content\TopDownBP\Interface\Other\Widget_UI.uasset: Failed to load '/Game/TopDownBP/Blueprints/Personazh/TopDownCharacter': Can't find file.
[2022.12.22-18.34.11:344][291]LogUObjectGlobals: Warning: [AssetLog] C:\Users\User\Desktop\projectory\felhounds\Hungry-Felhounds\Content\TopDownBP\Interface\Other\Widget_UI.uasset: Failed to load '/Game/TopDownBP/Blueprints/Personazh/TopDownCharacter': Can't find file.
[2022.12.22-18.34.11:344][291]LogUObjectGlobals: Warning: [AssetLog] C:\Users\User\Desktop\projectory\felhounds\Hungry-Felhounds\Content\TopDownBP\Interface\Other\Widget_UI.uasset: Failed to load '/Game/TopDownBP/Blueprints/Personazh/TopDownCharacter': Can't find file.
[2022.12.22-18.34.11:345][291]LogUObjectGlobals: Warning: [AssetLog] C:\Users\User\Desktop\projectory\felhounds\Hungry-Felhounds\Content\TopDownBP\Interface\Other\Widget_UI.uasset: Failed to load '/Game/TopDownBP/Blueprints/Personazh/TopDownCharacter': Can't find file.
[2022.12.22-18.34.11:346][291]LogUObjectGlobals: Warning: [AssetLog] C:\Users\User\Desktop\projectory\felhounds\Hungry-Felhounds\Content\TopDownBP\Interface\Other\Widget_UI.uasset: Failed to load '/Game/TopDownBP/Blueprints/Personazh/TopDownCharacter': Can't find file.
[2022.12.22-18.34.11:346][291]LogUObjectGlobals: Warning: [AssetLog] C:\Users\User\Desktop\projectory\felhounds\Hungry-Felhounds\Content\TopDownBP\Interface\Other\Widget_UI.uasset: Failed to load '/Game/TopDownBP/Blueprints/Personazh/TopDownCharacter': Can't find file.
[2022.12.22-18.34.11:347][291]LogUObjectGlobals: Warning: [AssetLog] C:\Users\User\Desktop\projectory\felhounds\Hungry-Felhounds\Content\TopDownBP\Interface\Other\Widget_UI.uasset: Failed to load '/Game/TopDownBP/Blueprints/Personazh/TopDownCharacter': Can't find file.
[2022.12.22-18.34.11:349][291]LogUObjectGlobals: Warning: [AssetLog] C:\Users\User\Desktop\projectory\felhounds\Hungry-Felhounds\Content\TopDownBP\Interface\Other\Widget_UI.uasset: Failed to load '/Game/TopDownBP/Blueprints/Personazh/TopDownCharacter': Can't find file.
[2022.12.22-18.34.11:349][291]LogUObjectGlobals: Warning: [AssetLog] C:\Users\User\Desktop\projectory\felhounds\Hungry-Felhounds\Content\TopDownBP\Interface\Other\Widget_UI.uasset: Failed to load '/Game/TopDownBP/Blueprints/Personazh/TopDownCharacter': Can't find file.
[2022.12.22-18.34.11:350][291]LogUObjectGlobals: Warning: [AssetLog] C:\Users\User\Desktop\projectory\felhounds\Hungry-Felhounds\Content\TopDownBP\Interface\Other\Widget_UI.uasset: Failed to load '/Game/TopDownBP/Blueprints/Personazh/TopDownCharacter': Can't find file.
[2022.12.22-18.34.11:351][291]LogUObjectGlobals: Warning: [AssetLog] C:\Users\User\Desktop\projectory\felhounds\Hungry-Felhounds\Content\TopDownBP\Interface\Other\Widget_UI.uasset: Failed to load '/Game/TopDownBP/Blueprints/Personazh/TopDownCharacter': Can't find file.
[2022.12.22-18.34.11:413][291]LogBlueprint: Warning: [AssetLog] C:\Users\User\Desktop\projectory\felhounds\Hungry-Felhounds\Content\TopDownBP\Interface\Other\Positive_cards\Card1_pick_up.uasset: [Compiler] Could not find a variable named "pos_card_number" in 'Card1_pick_up'.
Make sure 'Card1_pick_up' has been compiled for  Set pos_card_number
[2022.12.22-18.34.11:414][291]LogBlueprint: Warning: [AssetLog] C:\Users\User\Desktop\projectory\felhounds\Hungry-Felhounds\Content\TopDownBP\Interface\Other\Positive_cards\Card1_pick_up.uasset: [Compiler] Could not find a variable named "slot1_item" in 'Card1_pick_up'.
Make sure 'Card1_pick_up' has been compiled for  Set slot1_item
[2022.12.22-18.34.11:414][291]LogBlueprint: Warning: [AssetLog] C:\Users\User\Desktop\projectory\felhounds\Hungry-Felhounds\Content\TopDownBP\Interface\Other\Positive_cards\Card1_pick_up.uasset: [Compiler] Could not find a variable named "slot1_item" in 'Card1_pick_up'.
Make sure 'Card1_pick_up' has been compiled for  Get slot1_item
[2022.12.22-18.34.11:415][291]LogBlueprint: Error: [AssetLog] C:\Users\User\Desktop\projectory\felhounds\Hungry-Felhounds\Content\TopDownBP\Interface\Other\Positive_cards\Card1_pick_up.uasset: [Compiler] Can't connect pins  ReturnValue  and  Object : This cast has an invalid target type (was the class deleted without a redirect?).
[2022.12.22-18.34.11:415][291]LogBlueprint: Error: [AssetLog] C:\Users\User\Desktop\projectory\felhounds\Hungry-Felhounds\Content\TopDownBP\Interface\Other\Positive_cards\Card1_pick_up.uasset: [Compiler] Can't connect pins  Object  and  ReturnValue : This cast has an invalid target type (was the class deleted without a redirect?).
[2022.12.22-18.34.11:415][291]LogBlueprint: Error: [AssetLog] C:\Users\User\Desktop\projectory\felhounds\Hungry-Felhounds\Content\TopDownBP\Interface\Other\Positive_cards\Card1_pick_up.uasset: [Compiler] In use pin  AsTop Down Character  no longer exists on node  Bad cast node . Please refresh node or break links to remove pin.
[2022.12.22-18.34.11:420][291]LogBlueprint: Warning: [AssetLog] C:\Users\User\Desktop\projectory\felhounds\Hungry-Felhounds\Content\TopDownBP\Interface\Other\Negative_cards\Card2_pick_up.uasset: [Compiler] Could not find a variable named "neg_card_number" in 'Card2_pick_up'.
Make sure 'Card2_pick_up' has been compiled for  Set neg_card_number
[2022.12.22-18.34.11:420][291]LogBlueprint: Warning: [AssetLog] C:\Users\User\Desktop\projectory\felhounds\Hungry-Felhounds\Content\TopDownBP\Interface\Other\Negative_cards\Card2_pick_up.uasset: [Compiler] Could not find a variable named "slot2_item" in 'Card2_pick_up'.
Make sure 'Card2_pick_up' has been compiled for  Set slot2_item
[2022.12.22-18.34.11:420][291]LogBlueprint: Warning: [AssetLog] C:\Users\User\Desktop\projectory\felhounds\Hungry-Felhounds\Content\TopDownBP\Interface\Other\Negative_cards\Card2_pick_up.uasset: [Compiler] Could not find a variable named "slot2_item" in 'Card2_pick_up'.
Make sure 'Card2_pick_up' has been compiled for  Get slot2_item
[2022.12.22-18.34.11:421][291]LogBlueprint: Error: [AssetLog] C:\Users\User\Desktop\projectory\felhounds\Hungry-Felhounds\Content\TopDownBP\Interface\Other\Negative_cards\Card2_pick_up.uasset: [Compiler] Can't connect pins  ReturnValue  and  Object : This cast has an invalid target type (was the class deleted without a redirect?).
[2022.12.22-18.34.11:421][291]LogBlueprint: Error: [AssetLog] C:\Users\User\Desktop\projectory\felhounds\Hungry-Felhounds\Content\TopDownBP\Interface\Other\Negative_cards\Card2_pick_up.uasset: [Compiler] Can't connect pins  Object  and  ReturnValue : This cast has an invalid target type (was the class deleted without a redirect?).
[2022.12.22-18.34.11:421][291]LogBlueprint: Error: [AssetLog] C:\Users\User\Desktop\projectory\felhounds\Hungry-Felhounds\Content\TopDownBP\Interface\Other\Negative_cards\Card2_pick_up.uasset: [Compiler] In use pin  AsTop Down Character  no longer exists on node  Bad cast node . Please refresh node or break links to remove pin.
[2022.12.22-18.34.11:425][291]LogBlueprint: Warning: [AssetLog] C:\Users\User\Desktop\projectory\felhounds\Hungry-Felhounds\Content\TopDownBP\Interface\Other\Positive_cards\Card3_pick_up.uasset: [Compiler] Could not find a variable named "pos_card_number" in 'Card3_pick_up'.
Make sure 'Card3_pick_up' has been compiled for  Set pos_card_number
[2022.12.22-18.34.11:426][291]LogBlueprint: Warning: [AssetLog] C:\Users\User\Desktop\projectory\felhounds\Hungry-Felhounds\Content\TopDownBP\Interface\Other\Positive_cards\Card3_pick_up.uasset: [Compiler] Could not find a variable named "slot1_item" in 'Card3_pick_up'.
Make sure 'Card3_pick_up' has been compiled for  Set slot1_item
[2022.12.22-18.34.11:426][291]LogBlueprint: Warning: [AssetLog] C:\Users\User\Desktop\projectory\felhounds\Hungry-Felhounds\Content\TopDownBP\Interface\Other\Positive_cards\Card3_pick_up.uasset: [Compiler] Could not find a variable named "slot1_item" in 'Card3_pick_up'.
Make sure 'Card3_pick_up' has been compiled for  Get slot1_item
[2022.12.22-18.34.11:427][291]LogBlueprint: Error: [AssetLog] C:\Users\User\Desktop\projectory\felhounds\Hungry-Felhounds\Content\TopDownBP\Interface\Other\Positive_cards\Card3_pick_up.uasset: [Compiler] Can't connect pins  ReturnValue  and  Object : This cast has an invalid target type (was the class deleted without a redirect?).
[2022.12.22-18.34.11:427][291]LogBlueprint: Error: [AssetLog] C:\Users\User\Desktop\projectory\felhounds\Hungry-Felhounds\Content\TopDownBP\Interface\Other\Positive_cards\Card3_pick_up.uasset: [Compiler] Can't connect pins  Object  and  ReturnValue : This cast has an invalid target type (was the class deleted without a redirect?).
[2022.12.22-18.34.11:427][291]LogBlueprint: Error: [AssetLog] C:\Users\User\Desktop\projectory\felhounds\Hungry-Felhounds\Content\TopDownBP\Interface\Other\Positive_cards\Card3_pick_up.uasset: [Compiler] In use pin  AsTop Down Character  no longer exists on node  Bad cast node . Please refresh node or break links to remove pin.
[2022.12.22-18.34.11:436][291]LogBlueprint: Warning: [AssetLog] C:\Users\User\Desktop\projectory\felhounds\Hungry-Felhounds\Content\TopDownBP\Interface\Other\Widget_UI.uasset: [Compiler] Could not find a variable named "slot2_item" in 'Widget_UI'.
Make sure 'Widget_UI' has been compiled for  Get slot2_item
[2022.12.22-18.34.11:436][291]LogBlueprint: Error: [AssetLog] C:\Users\User\Desktop\projectory\felhounds\Hungry-Felhounds\Content\TopDownBP\Interface\Other\Widget_UI.uasset: [Compiler] Can't connect pins  ReturnValue  and  Object : This cast has an invalid target type (was the class deleted without a redirect?).
[2022.12.22-18.34.11:436][291]LogBlueprint: Error: [AssetLog] C:\Users\User\Desktop\projectory\felhounds\Hungry-Felhounds\Content\TopDownBP\Interface\Other\Widget_UI.uasset: [Compiler] Can't connect pins  Object  and  ReturnValue : This cast has an invalid target type (was the class deleted without a redirect?).
[2022.12.22-18.34.11:437][291]LogBlueprint: Error: [AssetLog] C:\Users\User\Desktop\projectory\felhounds\Hungry-Felhounds\Content\TopDownBP\Interface\Other\Widget_UI.uasset: [Compiler] In use pin  AsTop Down Character  no longer exists on node  Bad cast node . Please refresh node or break links to remove pin.
[2022.12.22-18.34.11:437][291]LogBlueprint: Warning: [AssetLog] C:\Users\User\Desktop\projectory\felhounds\Hungry-Felhounds\Content\TopDownBP\Interface\Other\Widget_UI.uasset: [Compiler] Could not find a variable named "slot1_item" in 'Widget_UI'.
Make sure 'Widget_UI' has been compiled for  Get slot1_item
[2022.12.22-18.34.11:437][291]LogBlueprint: Error: [AssetLog] C:\Users\User\Desktop\projectory\felhounds\Hungry-Felhounds\Content\TopDownBP\Interface\Other\Widget_UI.uasset: [Compiler] Can't connect pins  ReturnValue  and  Object : This cast has an invalid target type (was the class deleted without a redirect?).
[2022.12.22-18.34.11:437][291]LogBlueprint: Error: [AssetLog] C:\Users\User\Desktop\projectory\felhounds\Hungry-Felhounds\Content\TopDownBP\Interface\Other\Widget_UI.uasset: [Compiler] Can't connect pins  Object  and  ReturnValue : This cast has an invalid target type (was the class deleted without a redirect?).
[2022.12.22-18.34.11:437][291]LogBlueprint: Error: [AssetLog] C:\Users\User\Desktop\projectory\felhounds\Hungry-Felhounds\Content\TopDownBP\Interface\Other\Widget_UI.uasset: [Compiler] In use pin  AsTop Down Character  no longer exists on node  Bad cast node . Please refresh node or break links to remove pin.
[2022.12.22-18.34.11:439][291]LogBlueprint: Error: [AssetLog] C:\Users\User\Desktop\projectory\felhounds\Hungry-Felhounds\Content\TopDownBP\Interface\Other\Widget_UI.uasset: [Compiler] Can't connect pins  Object  and  ReturnValue : This cast has an invalid target type (was the class deleted without a redirect?).
[2022.12.22-18.34.11:439][291]LogBlueprint: Error: [AssetLog] C:\Users\User\Desktop\projectory\felhounds\Hungry-Felhounds\Content\TopDownBP\Interface\Other\Widget_UI.uasset: [Compiler] In use pin  AsTop Down Character  no longer exists on node  Bad cast node . Please refresh node or break links to remove pin.
[2022.12.22-18.34.11:439][291]LogBlueprint: Error: [AssetLog] C:\Users\User\Desktop\projectory\felhounds\Hungry-Felhounds\Content\TopDownBP\Interface\Other\Widget_UI.uasset: [Compiler] Can't connect pins  ReturnValue  and  Object : This cast has an invalid target type (was the class deleted without a redirect?).
[2022.12.22-18.34.11:440][291]LogBlueprint: Warning: [AssetLog] C:\Users\User\Desktop\projectory\felhounds\Hungry-Felhounds\Content\TopDownBP\Interface\Other\Widget_UI.uasset: [Compiler] Could not find a variable named "slot1_item" in 'Widget_UI'.
Make sure 'Widget_UI' has been compiled for  Get slot1_item
[2022.12.22-18.34.11:441][291]LogBlueprint: Error: [AssetLog] C:\Users\User\Desktop\projectory\felhounds\Hungry-Felhounds\Content\TopDownBP\Interface\Other\Widget_UI.uasset: [Compiler] Can't connect pins  Object  and  ReturnValue : This cast has an invalid target type (was the class deleted without a redirect?).
[2022.12.22-18.34.11:441][291]LogBlueprint: Error: [AssetLog] C:\Users\User\Desktop\projectory\felhounds\Hungry-Felhounds\Content\TopDownBP\Interface\Other\Widget_UI.uasset: [Compiler] In use pin  AsTop Down Character  no longer exists on node  Bad cast node . Please refresh node or break links to remove pin.
[2022.12.22-18.34.11:441][291]LogBlueprint: Error: [AssetLog] C:\Users\User\Desktop\projectory\felhounds\Hungry-Felhounds\Content\TopDownBP\Interface\Other\Widget_UI.uasset: [Compiler] Can't connect pins  ReturnValue  and  Object : This cast has an invalid target type (was the class deleted without a redirect?).
[2022.12.22-18.34.11:441][291]LogBlueprint: Warning: [AssetLog] C:\Users\User\Desktop\projectory\felhounds\Hungry-Felhounds\Content\TopDownBP\Interface\Other\Widget_UI.uasset: [Compiler] Could not find a variable named "slot2_item" in 'Widget_UI'.
Make sure 'Widget_UI' has been compiled for  Get slot2_item
[2022.12.22-18.34.11:443][291]LogBlueprint: Error: [AssetLog] C:\Users\User\Desktop\projectory\felhounds\Hungry-Felhounds\Content\TopDownBP\Interface\Other\Positive_cards\Card1_pick_up.uasset: [Compiler] The property associated with  pos_card_number  could not be found in '/Game/TopDownBP/Interface/Other/Positive_cards/Card1_pick_up.Card1_pick_up_C'
[2022.12.22-18.34.11:443][291]LogBlueprint: Error: [AssetLog] C:\Users\User\Desktop\projectory\felhounds\Hungry-Felhounds\Content\TopDownBP\Interface\Other\Positive_cards\Card1_pick_up.uasset: [Compiler] The property associated with  slot1_item  could not be found in '/Game/TopDownBP/Interface/Other/Positive_cards/Card1_pick_up.Card1_pick_up_C'
[2022.12.22-18.34.11:443][291]LogBlueprint: Error: [AssetLog] C:\Users\User\Desktop\projectory\felhounds\Hungry-Felhounds\Content\TopDownBP\Interface\Other\Positive_cards\Card1_pick_up.uasset: [Compiler] The property associated with  slot1_item  could not be found in '/Game/TopDownBP/Interface/Other/Positive_cards/Card1_pick_up.Card1_pick_up_C'
[2022.12.22-18.34.11:445][291]LogBlueprint: Error: [AssetLog] C:\Users\User\Desktop\projectory\felhounds\Hungry-Felhounds\Content\TopDownBP\Interface\Other\Negative_cards\Card2_pick_up.uasset: [Compiler] The property associated with  neg_card_number  could not be found in '/Game/TopDownBP/Interface/Other/Negative_cards/Card2_pick_up.Card2_pick_up_C'
[2022.12.22-18.34.11:445][291]LogBlueprint: Error: [AssetLog] C:\Users\User\Desktop\projectory\felhounds\Hungry-Felhounds\Content\TopDownBP\Interface\Other\Negative_cards\Card2_pick_up.uasset: [Compiler] The property associated with  slot2_item  could not be found in '/Game/TopDownBP/Interface/Other/Negative_cards/Card2_pick_up.Card2_pick_up_C'
[2022.12.22-18.34.11:445][291]LogBlueprint: Error: [AssetLog] C:\Users\User\Desktop\projectory\felhounds\Hungry-Felhounds\Content\TopDownBP\Interface\Other\Negative_cards\Card2_pick_up.uasset: [Compiler] The property associated with  slot2_item  could not be found in '/Game/TopDownBP/Interface/Other/Negative_cards/Card2_pick_up.Card2_pick_up_C'
[2022.12.22-18.34.11:447][291]LogBlueprint: Error: [AssetLog] C:\Users\User\Desktop\projectory\felhounds\Hungry-Felhounds\Content\TopDownBP\Interface\Other\Positive_cards\Card3_pick_up.uasset: [Compiler] The property associated with  pos_card_number  could not be found in '/Game/TopDownBP/Interface/Other/Positive_cards/Card3_pick_up.Card3_pick_up_C'
[2022.12.22-18.34.11:447][291]LogBlueprint: Error: [AssetLog] C:\Users\User\Desktop\projectory\felhounds\Hungry-Felhounds\Content\TopDownBP\Interface\Other\Positive_cards\Card3_pick_up.uasset: [Compiler] The property associated with  slot1_item  could not be found in '/Game/TopDownBP/Interface/Other/Positive_cards/Card3_pick_up.Card3_pick_up_C'
[2022.12.22-18.34.11:447][291]LogBlueprint: Error: [AssetLog] C:\Users\User\Desktop\projectory\felhounds\Hungry-Felhounds\Content\TopDownBP\Interface\Other\Positive_cards\Card3_pick_up.uasset: [Compiler] The property associated with  slot1_item  could not be found in '/Game/TopDownBP/Interface/Other/Positive_cards/Card3_pick_up.Card3_pick_up_C'
[2022.12.22-18.34.11:450][291]LogBlueprint: Error: [AssetLog] C:\Users\User\Desktop\projectory\felhounds\Hungry-Felhounds\Content\TopDownBP\Interface\Other\Widget_UI.uasset: [Compiler] The property associated with  slot1_item  could not be found in '/Game/TopDownBP/Interface/Other/Widget_UI.Widget_UI_C'
[2022.12.22-18.34.11:451][291]LogBlueprint: Error: [AssetLog] C:\Users\User\Desktop\projectory\felhounds\Hungry-Felhounds\Content\TopDownBP\Interface\Other\Widget_UI.uasset: [Compiler] The property associated with  slot2_item  could not be found in '/Game/TopDownBP/Interface/Other/Widget_UI.Widget_UI_C'
[2022.12.22-18.34.11:925][291]LogAudio: Display: Audio Device (ID: 1) registered with world 'ArenaBase'.
[2022.12.22-18.34.11:939][291]LogWorld: Bringing World /Game/TopDownBP/Maps/ArenaBase.ArenaBase up for play (max tick rate 0) at 2022.12.22-23.34.11
[2022.12.22-18.34.11:940][291]LogWorld: Bringing up level for play took: 0.009922
[2022.12.22-18.34.11:940][291]LogNavigation: Warning: NavData RegistrationFailed_DataPendingKill.
[2022.12.22-18.34.11:942][291]LogSlate: Took 0.000418 seconds to synchronously load lazily loaded font '../../../Engine/Content/Slate/Fonts/Roboto-Regular.ttf' (155K)
[2022.12.22-18.34.11:949][291]LogRenderer: Reallocating scene render targets to support 640x480 Format 10 NumSamples 1 (Frame:1).
[2022.12.22-18.34.11:949][291]LogLoad: Took 0.825788 seconds to LoadMap(/Game/TopDownBP/Maps/ArenaBase)
[2022.12.22-18.34.11:951][291]LogNavigation: Warning: NavData RegistrationFailed_DataPendingKill.
[2022.12.22-18.34.12:312][293]LogOnlineSession: Warning: STEAM: No game present to join for session (GameSession)
[2022.12.22-18.34.12:314][293]LogOnlineSession: Warning: STEAM: No game present to join for session (GameSession)
