Log file open, 12/23/22 17:47:07
LogWindows: Failed to load 'aqProf.dll' (GetLastError=126)
LogWindows: File 'aqProf.dll' does not exist
LogWindows: Failed to load 'VtuneApi.dll' (GetLastError=126)
LogWindows: File 'VtuneApi.dll' does not exist
LogWindows: Failed to load 'VtuneApi32e.dll' (GetLastError=126)
LogWindows: File 'VtuneApi32e.dll' does not exist
LogConsoleResponse: Display: Failed to find resolution value strings in scalability ini. Falling back to default.
LogConsoleResponse: Display: Failed to find resolution value strings in scalability ini. Falling back to default.
LogInit: Display: Running engine for game: Game1
LogPlatformFile: Not using cached read wrapper
LogTaskGraph: Started task graph with 5 named threads and 23 total threads with 3 sets of task threads.
LogStats: Stats thread started at 0.412154
LogICUInternationalization: ICU TimeZone Detection - Raw Offset: +5:00, Platform Override: ''
LogInit: Display: Loading text-based GConfig....
LogPluginManager: Mounting plugin MeshPainting
LogPluginManager: Mounting plugin XGEController
LogPluginManager: Mounting plugin Paper2D
LogPluginManager: Mounting plugin AISupport
LogPluginManager: Mounting plugin EnvironmentQueryEditor
LogPluginManager: Mounting plugin LiveLink
LogPluginManager: Mounting plugin LightPropagationVolume
LogPluginManager: Mounting plugin CameraShakePreviewer
LogPluginManager: Mounting plugin GameplayCameras
LogPluginManager: Mounting plugin OodleData
LogPluginManager: Mounting plugin OodleNetwork
LogPluginManager: Mounting plugin AnimationSharing
LogPluginManager: Mounting plugin CLionSourceCodeAccess
LogPluginManager: Mounting plugin CodeLiteSourceCodeAccess
LogPluginManager: Mounting plugin GitSourceControl
LogPluginManager: Mounting plugin KDevelopSourceCodeAccess
LogPluginManager: Mounting plugin NullSourceCodeAccess
LogPluginManager: Mounting plugin PerforceSourceControl
LogPluginManager: Mounting plugin PixWinPlugin
LogPluginManager: Mounting plugin PlasticSourceControl
LogPluginManager: Mounting plugin PluginUtils
LogPluginManager: Mounting plugin PropertyAccessNode
LogPluginManager: Mounting plugin RiderSourceCodeAccess
LogPluginManager: Mounting plugin SubversionSourceControl
LogPluginManager: Mounting plugin TextureFormatOodle
LogPluginManager: Mounting plugin UObjectPlugin
LogPluginManager: Mounting plugin VisualStudioCodeSourceCodeAccess
LogPluginManager: Mounting plugin VisualStudioSourceCodeAccess
LogPluginManager: Mounting plugin AssetManagerEditor
LogPluginManager: Mounting plugin CurveEditorTools
LogPluginManager: Mounting plugin CryptoKeys
LogPluginManager: Mounting plugin DataValidation
LogPluginManager: Mounting plugin FacialAnimation
LogPluginManager: Mounting plugin XCodeSourceCodeAccess
LogPluginManager: Mounting plugin GeometryMode
LogPluginManager: Mounting plugin MacGraphicsSwitching
LogPluginManager: Mounting plugin MaterialAnalyzer
LogPluginManager: Mounting plugin MobileLauncherProfileWizard
LogPluginManager: Mounting plugin PluginBrowser
LogPluginManager: Mounting plugin SpeedTreeImporter
LogPluginManager: Mounting plugin DatasmithContent
LogPluginManager: Mounting plugin VariantManagerContent
LogPluginManager: Mounting plugin AlembicImporter
LogPluginManager: Mounting plugin AutomationUtils
LogPluginManager: Mounting plugin GameplayTagsEditor
LogPluginManager: Mounting plugin BackChannel
LogPluginManager: Mounting plugin ChaosClothEditor
LogPluginManager: Mounting plugin ChaosCloth
LogPluginManager: Mounting plugin ChaosEditor
LogPluginManager: Mounting plugin ChaosNiagara
LogPluginManager: Mounting plugin ChaosSolverPlugin
LogPluginManager: Mounting plugin CharacterAI
LogPluginManager: Mounting plugin Niagara
LogPluginManager: Mounting plugin GeometryCache
LogPluginManager: Mounting plugin GeometryCollectionPlugin
LogPluginManager: Mounting plugin GeometryProcessing
LogPluginManager: Mounting plugin MotoSynth
LogPluginManager: Mounting plugin OpenImageDenoise
LogPluginManager: Mounting plugin PlatformCrypto
LogPluginManager: Mounting plugin PlanarCut
LogPluginManager: Mounting plugin ProxyLODPlugin
LogPluginManager: Mounting plugin LuminPlatformFeatures
LogPluginManager: Mounting plugin MagicLeap
LogPluginManager: Mounting plugin MagicLeapLightEstimation
LogPluginManager: Mounting plugin MagicLeapMedia
LogPluginManager: Mounting plugin MagicLeapPassableWorld
LogPluginManager: Mounting plugin MLSDK
LogPluginManager: Mounting plugin AndroidMedia
LogPluginManager: Mounting plugin AvfMedia
LogPluginManager: Mounting plugin ImgMedia
LogPluginManager: Mounting plugin MediaCompositing
LogPluginManager: Mounting plugin MediaPlayerEditor
LogPluginManager: Mounting plugin WebMMedia
LogPluginManager: Mounting plugin PythonScriptPlugin
LogPluginManager: Mounting plugin WmfMedia
LogPluginManager: Mounting plugin TcpMessaging
LogPluginManager: Mounting plugin UdpMessaging
LogPluginManager: Mounting plugin OnlineSubsystem
LogPluginManager: Mounting plugin OnlineSubsystemNull
LogPluginManager: Mounting plugin OnlineSubsystemSteam
LogPluginManager: Mounting plugin OnlineSubsystemUtils
LogPluginManager: Mounting plugin ActorSequence
LogPluginManager: Mounting plugin LevelSequenceEditor
LogPluginManager: Mounting plugin MatineeToLevelSequence
LogPluginManager: Mounting plugin TemplateSequence
LogPluginManager: Mounting plugin SkeletalReduction
LogPluginManager: Mounting plugin AndroidDeviceProfileSelector
LogPluginManager: Mounting plugin AndroidMoviePlayer
LogPluginManager: Mounting plugin AndroidPermission
LogPluginManager: Mounting plugin ActorLayerUtilities
LogPluginManager: Mounting plugin AppleImageUtils
LogPluginManager: Mounting plugin AppleMoviePlayer
LogPluginManager: Mounting plugin ArchVisCharacter
LogPluginManager: Mounting plugin AssetTags
LogPluginManager: Mounting plugin AudioCapture
LogPluginManager: Mounting plugin CableComponent
LogPluginManager: Mounting plugin ChunkDownloader
LogPluginManager: Mounting plugin AudioSynesthesia
LogPluginManager: Mounting plugin CustomMeshComponent
LogPluginManager: Mounting plugin ExampleDeviceProfileSelector
LogPluginManager: Mounting plugin EditableMesh
LogPluginManager: Mounting plugin GoogleCloudMessaging
LogPluginManager: Mounting plugin GooglePAD
LogPluginManager: Mounting plugin IOSDeviceProfileSelector
LogPluginManager: Mounting plugin LinuxDeviceProfileSelector
LogPluginManager: Mounting plugin LocationServicesBPLibrary
LogPluginManager: Mounting plugin MobilePatchingUtils
LogPluginManager: Mounting plugin OpenXREyeTracker
LogPluginManager: Mounting plugin OpenXR
LogPluginManager: Mounting plugin OpenXRHandTracking
LogPluginManager: Mounting plugin PostSplashScreen
LogPluginManager: Mounting plugin PhysXVehicles
LogPluginManager: Mounting plugin PropertyAccessEditor
LogPluginManager: Mounting plugin SignificanceManager
LogPluginManager: Mounting plugin SoundFields
LogPluginManager: Mounting plugin RuntimePhysXCooking
LogPluginManager: Mounting plugin Synthesis
LogPluginManager: Mounting plugin ScreenshotTools
LogPluginManager: Mounting plugin WebMMoviePlayer
LogPluginManager: Mounting plugin WindowsMoviePlayer
LogPluginManager: Mounting plugin Takes
LogPluginManager: Mounting plugin LauncherChunkInstaller
LogPluginManager: Mounting plugin ProceduralMeshComponent
LogPluginManager: Mounting plugin ContentBrowserAssetDataSource
LogPluginManager: Mounting plugin ContentBrowserClassDataSource
LogPluginManager: Mounting plugin ContentBrowserFileDataSource
LogPluginManager: Mounting plugin OnlineSubsystemGooglePlay
LogPluginManager: Mounting plugin OnlineSubsystemIOS
LogPluginManager: Mounting plugin OculusVR
LogPluginManager: Mounting plugin SteamShared
LogPluginManager: Mounting plugin SteamVR
PixWinPlugin: PIX capture plugin failed to initialize! Check that the process is launched from PIX.
LogInit: Using libcurl 7.55.1-DEV
LogInit:  - built for x86_64-pc-win32
LogInit:  - supports SSL with OpenSSL/1.1.1
LogInit:  - supports HTTP deflate (compression) using libz 1.2.8
LogInit:  - other features:
LogInit:      CURL_VERSION_SSL
LogInit:      CURL_VERSION_LIBZ
LogInit:      CURL_VERSION_IPV6
LogInit:      CURL_VERSION_ASYNCHDNS
LogInit:      CURL_VERSION_LARGEFILE
LogInit:      CURL_VERSION_IDN
LogInit:  CurlRequestOptions (configurable via config and command line):
LogInit:  - bVerifyPeer = true  - Libcurl will verify peer certificate
LogInit:  - bUseHttpProxy = false  - Libcurl will NOT use HTTP proxy
LogInit:  - bDontReuseConnections = false  - Libcurl will reuse connections
LogInit:  - MaxHostConnections = 16  - Libcurl will limit the number of connections to a host
LogInit:  - LocalHostAddr = Default
LogInit:  - BufferSize = 65536
LogSteamShared: Display: Loading Steam SDK 1.51
LogSteamShared: Steam SDK Loaded!
LogOnline: OSS: Creating online subsystem instance for: Steam
LogSteamShared: Warning: SteamAPI failed to initialize, conditions not met.
LogOnline: Warning: STEAM: Steamworks: SteamUtils() failed!
LogOnline: Warning: STEAM: Steamworks: SteamUser() failed!
LogOnline: Warning: STEAM: Steamworks: SteamFriends() failed!
LogOnline: Warning: STEAM: Steamworks: SteamRemoteStorage() failed!
LogOnline: Warning: STEAM: Steamworks: SteamUserStats() failed!
LogOnline: Warning: STEAM: Steamworks: SteamMatchmakingServers() failed!
LogOnline: Warning: STEAM: Steamworks: SteamApps() failed!
LogOnline: Warning: STEAM: Steamworks: SteamNetworking() failed!
LogOnline: Warning: STEAM: Steamworks: SteamMatchmaking() failed!
LogOnline: STEAM: [AppId: 0] Client API initialized 0
LogOnline: Display: STEAM: OnlineSubsystemSteam::Shutdown()
LogOnline: Warning: STEAM: Steam API failed to initialize!
LogOnline: Display: STEAM: OnlineSubsystemSteam::Shutdown()
LogOnline: OSS: Unable to create OnlineSubsystem module Steam
LogOnline: OSS: Creating online subsystem instance for: NULL
LogInit: WinSock: version 1.1 (2.2), MaxSocks=32767, MaxUdp=65467
LogOnline: OSS: TryLoadSubsystemAndSetDefault: Loaded subsystem for module [NULL]
LogOculusPluginWrapper: OculusPlugin initialized successfully
LogHMD: Failed initializing OVRPlugin 1.59.0
LogInit: Build: ++UE4+Release-4.27-CL-18319896
LogInit: Engine Version: 4.27.2-18319896+++UE4+Release-4.27
LogInit: Compatible Engine Version: 4.27.0-17155196+++UE4+Release-4.27
LogInit: Net CL: 17155196
LogInit: OS: Windows 10 (Release 2009) (), CPU: AMD FX-8320E Eight-Core Processor              , GPU: NVIDIA GeForce GT 1030
LogInit: Compiled (64-bit): Nov 30 2021 07:12:08
LogInit: Compiled with Visual C++: 19.24.28315.00
LogInit: Build Configuration: Development
LogInit: Branch Name: ++UE4+Release-4.27
LogInit: Command Line:  /Game/TopDownBP/Maps/MainMenu?Listen -game -PIEVIACONSOLE -Multiprocess GameUserSettingsINI=D:/Projects/Hungry-Felhounds/Saved/Config/Windows/PIEGameUserSettings0.ini -MultiprocessSaveConfig -forcepassthrough -messaging -SessionName="Play in Standalone Game" -port=17777 -windowed -WinX=0 -WinY=24 SAVEWINPOS=1 -ResX=640 -ResY=480
LogInit: Base Directory: C:/Program Files/Epic Games/UE_4.27/Engine/Binaries/Win64/
LogInit: Allocator: TBB
LogInit: Installed Engine Build: 1
LogDevObjectVersion: Number of dev versions registered: 29
LogDevObjectVersion:   Dev-Blueprints (B0D832E4-1F89-4F0D-ACCF-7EB736FD4AA2): 10
LogDevObjectVersion:   Dev-Build (E1C64328-A22C-4D53-A36C-8E866417BD8C): 0
LogDevObjectVersion:   Dev-Core (375EC13C-06E4-48FB-B500-84F0262A717E): 4
LogDevObjectVersion:   Dev-Editor (E4B068ED-F494-42E9-A231-DA0B2E46BB41): 40
LogDevObjectVersion:   Dev-Framework (CFFC743F-43B0-4480-9391-14DF171D2073): 37
LogDevObjectVersion:   Dev-Mobile (B02B49B5-BB20-44E9-A304-32B752E40360): 3
LogDevObjectVersion:   Dev-Networking (A4E4105C-59A1-49B5-A7C5-40C4547EDFEE): 0
LogDevObjectVersion:   Dev-Online (39C831C9-5AE6-47DC-9A44-9C173E1C8E7C): 0
LogDevObjectVersion:   Dev-Physics (78F01B33-EBEA-4F98-B9B4-84EACCB95AA2): 14
LogDevObjectVersion:   Dev-Platform (6631380F-2D4D-43E0-8009-CF276956A95A): 0
LogDevObjectVersion:   Dev-Rendering (12F88B9F-8875-4AFC-A67C-D90C383ABD29): 45
LogDevObjectVersion:   Dev-Sequencer (7B5AE74C-D270-4C10-A958-57980B212A5A): 13
LogDevObjectVersion:   Dev-VR (D7296918-1DD6-4BDD-9DE2-64A83CC13884): 3
LogDevObjectVersion:   Dev-LoadTimes (C2A15278-BFE7-4AFE-6C17-90FF531DF755): 1
LogDevObjectVersion:   Private-Geometry (6EACA3D4-40EC-4CC1-B786-8BED09428FC5): 3
LogDevObjectVersion:   Dev-AnimPhys (29E575DD-E0A3-4627-9D10-D276232CDCEA): 17
LogDevObjectVersion:   Dev-Anim (AF43A65D-7FD3-4947-9873-3E8ED9C1BB05): 15
LogDevObjectVersion:   Dev-ReflectionCapture (6B266CEC-1EC7-4B8F-A30B-E4D90942FC07): 1
LogDevObjectVersion:   Dev-Automation (0DF73D61-A23F-47EA-B727-89E90C41499A): 1
LogDevObjectVersion:   FortniteMain (601D1886-AC64-4F84-AA16-D3DE0DEAC7D6): 47
LogDevObjectVersion:   FortniteRelease (E7086368-6B23-4C58-8439-1B7016265E91): 1
LogDevObjectVersion:   Dev-Enterprise (9DFFBCD6-494F-0158-E221-12823C92A888): 10
LogDevObjectVersion:   Dev-Niagara (F2AED0AC-9AFE-416F-8664-AA7FFA26D6FC): 1
LogDevObjectVersion:   Dev-Destruction (174F1F0B-B4C6-45A5-B13F-2EE8D0FB917D): 10
LogDevObjectVersion:   Dev-Physics-Ext (35F94A83-E258-406C-A318-09F59610247C): 41
LogDevObjectVersion:   Dev-PhysicsMaterial-Chaos (B68FC16E-8B1B-42E2-B453-215C058844FE): 1
LogDevObjectVersion:   Dev-CineCamera (B2E18506-4273-CFC2-A54E-F4BB758BBA07): 1
LogDevObjectVersion:   Dev-VirtualProduction (64F58936-FD1B-42BA-BA96-7289D5D0FA4E): 1
LogDevObjectVersion:   Dev-MediaFramework (6F0ED827-A609-4895-9C91-998D90180EA4): 2
LogInit: Presizing for max 25165824 objects, including 0 objects not considered by GC, pre-allocating 0 bytes for permanent pool.
LogConfig: Applying CVar settings from Section [/Script/Engine.StreamingSettings] File [D:/Projects/Hungry-Felhounds/Saved/Config/Windows/Engine.ini]
LogConfig: Setting CVar [[s.MinBulkDataSizeForAsyncLoading:131072]]
LogConfig: Setting CVar [[s.AsyncLoadingThreadEnabled:0]]
LogConfig: Setting CVar [[s.EventDrivenLoaderEnabled:1]]
LogConfig: Setting CVar [[s.WarnIfTimeLimitExceeded:0]]
LogConfig: Setting CVar [[s.TimeLimitExceededMultiplier:1.5]]
LogConfig: Setting CVar [[s.TimeLimitExceededMinTime:0.005]]
LogConfig: Setting CVar [[s.UseBackgroundLevelStreaming:1]]
LogConfig: Setting CVar [[s.PriorityAsyncLoadingExtraTime:15.0]]
LogConfig: Setting CVar [[s.LevelStreamingActorsUpdateTimeLimit:5.0]]
LogConfig: Setting CVar [[s.PriorityLevelStreamingActorsUpdateExtraTime:5.0]]
LogConfig: Setting CVar [[s.LevelStreamingComponentsRegistrationGranularity:10]]
LogConfig: Setting CVar [[s.UnregisterComponentsTimeLimit:1.0]]
LogConfig: Setting CVar [[s.LevelStreamingComponentsUnregistrationGranularity:5]]
LogConfig: Setting CVar [[s.FlushStreamingOnExit:1]]
LogInit: Object subsystem initialized
LogConfig: Setting CVar [[con.DebugEarlyDefault:1]]
LogConfig: Setting CVar [[r.setres:1280x720]]
[2022.12.23-12.47.08:404][  0]LogConfig: Setting CVar [[con.DebugEarlyDefault:1]]
[2022.12.23-12.47.08:404][  0]LogConfig: Setting CVar [[r.setres:1280x720]]
[2022.12.23-12.47.08:404][  0]LogConfig: Applying CVar settings from Section [/Script/Engine.RendererSettings] File [D:/Projects/Hungry-Felhounds/Saved/Config/Windows/Engine.ini]
[2022.12.23-12.47.08:404][  0]LogConfig: Setting CVar [[r.GPUCrashDebugging:0]]
[2022.12.23-12.47.08:404][  0]LogConfig: Applying CVar settings from Section [/Script/Engine.RendererOverrideSettings] File [D:/Projects/Hungry-Felhounds/Saved/Config/Windows/Engine.ini]
[2022.12.23-12.47.08:404][  0]LogConfig: Applying CVar settings from Section [/Script/Engine.StreamingSettings] File [D:/Projects/Hungry-Felhounds/Saved/Config/Windows/Engine.ini]
[2022.12.23-12.47.08:404][  0]LogConfig: Setting CVar [[s.MinBulkDataSizeForAsyncLoading:131072]]
[2022.12.23-12.47.08:405][  0]LogConfig: Setting CVar [[s.AsyncLoadingThreadEnabled:0]]
[2022.12.23-12.47.08:405][  0]LogConfig: Setting CVar [[s.EventDrivenLoaderEnabled:1]]
[2022.12.23-12.47.08:405][  0]LogConfig: Setting CVar [[s.WarnIfTimeLimitExceeded:0]]
[2022.12.23-12.47.08:405][  0]LogConfig: Setting CVar [[s.TimeLimitExceededMultiplier:1.5]]
[2022.12.23-12.47.08:405][  0]LogConfig: Setting CVar [[s.TimeLimitExceededMinTime:0.005]]
[2022.12.23-12.47.08:405][  0]LogConfig: Setting CVar [[s.UseBackgroundLevelStreaming:1]]
[2022.12.23-12.47.08:405][  0]LogConfig: Setting CVar [[s.PriorityAsyncLoadingExtraTime:15.0]]
[2022.12.23-12.47.08:405][  0]LogConfig: Setting CVar [[s.LevelStreamingActorsUpdateTimeLimit:5.0]]
[2022.12.23-12.47.08:405][  0]LogConfig: Setting CVar [[s.PriorityLevelStreamingActorsUpdateExtraTime:5.0]]
[2022.12.23-12.47.08:405][  0]LogConfig: Setting CVar [[s.LevelStreamingComponentsRegistrationGranularity:10]]
[2022.12.23-12.47.08:405][  0]LogConfig: Setting CVar [[s.UnregisterComponentsTimeLimit:1.0]]
[2022.12.23-12.47.08:405][  0]LogConfig: Setting CVar [[s.LevelStreamingComponentsUnregistrationGranularity:5]]
[2022.12.23-12.47.08:405][  0]LogConfig: Setting CVar [[s.FlushStreamingOnExit:1]]
[2022.12.23-12.47.08:405][  0]LogConfig: Applying CVar settings from Section [/Script/Engine.GarbageCollectionSettings] File [D:/Projects/Hungry-Felhounds/Saved/Config/Windows/Engine.ini]
[2022.12.23-12.47.08:405][  0]LogConfig: Setting CVar [[gc.MaxObjectsNotConsideredByGC:1]]
[2022.12.23-12.47.08:405][  0]LogConfig: Setting CVar [[gc.SizeOfPermanentObjectPool:0]]
[2022.12.23-12.47.08:405][  0]LogConfig: Setting CVar [[gc.FlushStreamingOnGC:0]]
[2022.12.23-12.47.08:405][  0]LogConfig: Setting CVar [[gc.NumRetriesBeforeForcingGC:10]]
[2022.12.23-12.47.08:405][  0]LogConfig: Setting CVar [[gc.AllowParallelGC:1]]
[2022.12.23-12.47.08:405][  0]LogConfig: Setting CVar [[gc.TimeBetweenPurgingPendingKillObjects:61.1]]
[2022.12.23-12.47.08:405][  0]LogConfig: Setting CVar [[gc.MaxObjectsInEditor:25165824]]
[2022.12.23-12.47.08:405][  0]LogConfig: Setting CVar [[gc.IncrementalBeginDestroyEnabled:1]]
[2022.12.23-12.47.08:405][  0]LogConfig: Setting CVar [[gc.CreateGCClusters:1]]
[2022.12.23-12.47.08:405][  0]LogConfig: Setting CVar [[gc.MinGCClusterSize:5]]
[2022.12.23-12.47.08:405][  0]LogConfig: Setting CVar [[gc.ActorClusteringEnabled:0]]
[2022.12.23-12.47.08:405][  0]LogConfig: Setting CVar [[gc.BlueprintClusteringEnabled:0]]
[2022.12.23-12.47.08:405][  0]LogConfig: Setting CVar [[gc.UseDisregardForGCOnDedicatedServers:0]]
[2022.12.23-12.47.08:405][  0]LogConfig: Setting CVar [[gc.MultithreadedDestructionEnabled:1]]
[2022.12.23-12.47.08:405][  0]LogConfig: Applying CVar settings from Section [/Script/Engine.NetworkSettings] File [D:/Projects/Hungry-Felhounds/Saved/Config/Windows/Engine.ini]
[2022.12.23-12.47.08:405][  0]LogConfig: Applying CVar settings from Section [/Script/UnrealEd.CookerSettings] File [D:/Projects/Hungry-Felhounds/Saved/Config/Windows/Engine.ini]
[2022.12.23-12.47.08:424][  0]LogConfig: Applying CVar settings from Section [ViewDistanceQuality@3] File [D:/Projects/Hungry-Felhounds/Saved/Config/Windows/Scalability.ini]
[2022.12.23-12.47.08:424][  0]LogConfig: Setting CVar [[r.SkeletalMeshLODBias:0]]
[2022.12.23-12.47.08:424][  0]LogConfig: Setting CVar [[r.ViewDistanceScale:1.0]]
[2022.12.23-12.47.08:424][  0]LogConfig: Applying CVar settings from Section [AntiAliasingQuality@3] File [D:/Projects/Hungry-Felhounds/Saved/Config/Windows/Scalability.ini]
[2022.12.23-12.47.08:424][  0]LogConfig: Setting CVar [[r.PostProcessAAQuality:4]]
[2022.12.23-12.47.08:424][  0]LogConfig: Applying CVar settings from Section [ShadowQuality@3] File [D:/Projects/Hungry-Felhounds/Saved/Config/Windows/Scalability.ini]
[2022.12.23-12.47.08:424][  0]LogConfig: Setting CVar [[r.LightFunctionQuality:1]]
[2022.12.23-12.47.08:424][  0]LogConfig: Setting CVar [[r.ShadowQuality:5]]
[2022.12.23-12.47.08:424][  0]LogConfig: Setting CVar [[r.Shadow.CSM.MaxCascades:10]]
[2022.12.23-12.47.08:424][  0]LogConfig: Setting CVar [[r.Shadow.MaxResolution:2048]]
[2022.12.23-12.47.08:424][  0]LogConfig: Setting CVar [[r.Shadow.MaxCSMResolution:2048]]
[2022.12.23-12.47.08:424][  0]LogConfig: Setting CVar [[r.Shadow.RadiusThreshold:0.01]]
[2022.12.23-12.47.08:424][  0]LogConfig: Setting CVar [[r.Shadow.DistanceScale:1.0]]
[2022.12.23-12.47.08:424][  0]LogConfig: Setting CVar [[r.Shadow.CSM.TransitionScale:1.0]]
[2022.12.23-12.47.08:424][  0]LogConfig: Setting CVar [[r.Shadow.PreShadowResolutionFactor:1.0]]
[2022.12.23-12.47.08:424][  0]LogConfig: Setting CVar [[r.DistanceFieldShadowing:1]]
[2022.12.23-12.47.08:424][  0]LogConfig: Setting CVar [[r.DistanceFieldAO:1]]
[2022.12.23-12.47.08:424][  0]LogConfig: Setting CVar [[r.AOQuality:2]]
[2022.12.23-12.47.08:424][  0]LogConfig: Setting CVar [[r.VolumetricFog:1]]
[2022.12.23-12.47.08:424][  0]LogConfig: Setting CVar [[r.VolumetricFog.GridPixelSize:8]]
[2022.12.23-12.47.08:424][  0]LogConfig: Setting CVar [[r.VolumetricFog.GridSizeZ:128]]
[2022.12.23-12.47.08:424][  0]LogConfig: Setting CVar [[r.VolumetricFog.HistoryMissSupersampleCount:4]]
[2022.12.23-12.47.08:425][  0]LogConfig: Setting CVar [[r.LightMaxDrawDistanceScale:1]]
[2022.12.23-12.47.08:425][  0]LogConfig: Setting CVar [[r.CapsuleShadows:1]]
[2022.12.23-12.47.08:425][  0]LogConfig: Applying CVar settings from Section [PostProcessQuality@3] File [D:/Projects/Hungry-Felhounds/Saved/Config/Windows/Scalability.ini]
[2022.12.23-12.47.08:425][  0]LogConfig: Setting CVar [[r.MotionBlurQuality:4]]
[2022.12.23-12.47.08:425][  0]LogConfig: Setting CVar [[r.AmbientOcclusionMipLevelFactor:0.4]]
[2022.12.23-12.47.08:425][  0]LogConfig: Setting CVar [[r.AmbientOcclusionMaxQuality:100]]
[2022.12.23-12.47.08:425][  0]LogConfig: Setting CVar [[r.AmbientOcclusionLevels:-1]]
[2022.12.23-12.47.08:425][  0]LogConfig: Setting CVar [[r.AmbientOcclusionRadiusScale:1.0]]
[2022.12.23-12.47.08:425][  0]LogConfig: Setting CVar [[r.DepthOfFieldQuality:2]]
[2022.12.23-12.47.08:425][  0]LogConfig: Setting CVar [[r.RenderTargetPoolMin:400]]
[2022.12.23-12.47.08:425][  0]LogConfig: Setting CVar [[r.LensFlareQuality:2]]
[2022.12.23-12.47.08:425][  0]LogConfig: Setting CVar [[r.SceneColorFringeQuality:1]]
[2022.12.23-12.47.08:425][  0]LogConfig: Setting CVar [[r.EyeAdaptationQuality:2]]
[2022.12.23-12.47.08:425][  0]LogConfig: Setting CVar [[r.BloomQuality:5]]
[2022.12.23-12.47.08:425][  0]LogConfig: Setting CVar [[r.FastBlurThreshold:100]]
[2022.12.23-12.47.08:425][  0]LogConfig: Setting CVar [[r.Upscale.Quality:3]]
[2022.12.23-12.47.08:425][  0]LogConfig: Setting CVar [[r.Tonemapper.GrainQuantization:1]]
[2022.12.23-12.47.08:425][  0]LogConfig: Setting CVar [[r.LightShaftQuality:1]]
[2022.12.23-12.47.08:425][  0]LogConfig: Setting CVar [[r.Filter.SizeScale:1]]
[2022.12.23-12.47.08:425][  0]LogConfig: Setting CVar [[r.Tonemapper.Quality:5]]
[2022.12.23-12.47.08:425][  0]LogConfig: Setting CVar [[r.DOF.Gather.AccumulatorQuality:1        ; higher gathering accumulator quality]]
[2022.12.23-12.47.08:425][  0]LogConfig: Setting CVar [[r.DOF.Gather.PostfilterMethod:1          ; Median3x3 postfilering method]]
[2022.12.23-12.47.08:425][  0]LogConfig: Setting CVar [[r.DOF.Gather.EnableBokehSettings:0       ; no bokeh simulation when gathering]]
[2022.12.23-12.47.08:425][  0]LogConfig: Setting CVar [[r.DOF.Gather.RingCount:4                 ; medium number of samples when gathering]]
[2022.12.23-12.47.08:425][  0]LogConfig: Setting CVar [[r.DOF.Scatter.ForegroundCompositing:1    ; additive foreground scattering]]
[2022.12.23-12.47.08:425][  0]LogConfig: Setting CVar [[r.DOF.Scatter.BackgroundCompositing:2    ; additive background scattering]]
[2022.12.23-12.47.08:425][  0]LogConfig: Setting CVar [[r.DOF.Scatter.EnableBokehSettings:1      ; bokeh simulation when scattering]]
[2022.12.23-12.47.08:425][  0]LogConfig: Setting CVar [[r.DOF.Scatter.MaxSpriteRatio:0.1         ; only a maximum of 10% of scattered bokeh]]
[2022.12.23-12.47.08:425][  0]LogConfig: Setting CVar [[r.DOF.Recombine.Quality:1                ; cheap slight out of focus]]
[2022.12.23-12.47.08:425][  0]LogConfig: Setting CVar [[r.DOF.Recombine.EnableBokehSettings:0    ; no bokeh simulation on slight out of focus]]
[2022.12.23-12.47.08:425][  0]LogConfig: Setting CVar [[r.DOF.TemporalAAQuality:1                ; more stable temporal accumulation]]
[2022.12.23-12.47.08:425][  0]LogConfig: Setting CVar [[r.DOF.Kernel.MaxForegroundRadius:0.025]]
[2022.12.23-12.47.08:425][  0]LogConfig: Setting CVar [[r.DOF.Kernel.MaxBackgroundRadius:0.025]]
[2022.12.23-12.47.08:425][  0]LogConfig: Applying CVar settings from Section [TextureQuality@3] File [D:/Projects/Hungry-Felhounds/Saved/Config/Windows/Scalability.ini]
[2022.12.23-12.47.08:425][  0]LogConfig: Setting CVar [[r.Streaming.MipBias:0]]
[2022.12.23-12.47.08:425][  0]LogConfig: Setting CVar [[r.Streaming.AmortizeCPUToGPUCopy:0]]
[2022.12.23-12.47.08:425][  0]LogConfig: Setting CVar [[r.Streaming.MaxNumTexturesToStreamPerFrame:0]]
[2022.12.23-12.47.08:425][  0]LogConfig: Setting CVar [[r.Streaming.Boost:1]]
[2022.12.23-12.47.08:425][  0]LogConfig: Setting CVar [[r.MaxAnisotropy:8]]
[2022.12.23-12.47.08:425][  0]LogConfig: Setting CVar [[r.VT.MaxAnisotropy:8]]
[2022.12.23-12.47.08:425][  0]LogConfig: Setting CVar [[r.Streaming.LimitPoolSizeToVRAM:0]]
[2022.12.23-12.47.08:425][  0]LogConfig: Setting CVar [[r.Streaming.PoolSize:1000]]
[2022.12.23-12.47.08:425][  0]LogConfig: Setting CVar [[r.Streaming.MaxEffectiveScreenSize:0]]
[2022.12.23-12.47.08:425][  0]LogConfig: Applying CVar settings from Section [EffectsQuality@3] File [D:/Projects/Hungry-Felhounds/Saved/Config/Windows/Scalability.ini]
[2022.12.23-12.47.08:425][  0]LogConfig: Setting CVar [[r.TranslucencyLightingVolumeDim:64]]
[2022.12.23-12.47.08:426][  0]LogConfig: Setting CVar [[r.RefractionQuality:2]]
[2022.12.23-12.47.08:426][  0]LogConfig: Setting CVar [[r.SSR.Quality:3]]
[2022.12.23-12.47.08:426][  0]LogConfig: Setting CVar [[r.SSR.HalfResSceneColor:0]]
[2022.12.23-12.47.08:426][  0]LogConfig: Setting CVar [[r.SceneColorFormat:4]]
[2022.12.23-12.47.08:426][  0]LogConfig: Setting CVar [[r.DetailMode:2]]
[2022.12.23-12.47.08:426][  0]LogConfig: Setting CVar [[r.TranslucencyVolumeBlur:1]]
[2022.12.23-12.47.08:426][  0]LogConfig: Setting CVar [[r.MaterialQualityLevel:1 ; High quality]]
[2022.12.23-12.47.08:426][  0]LogConfig: Setting CVar [[r.AnisotropicMaterials:1]]
[2022.12.23-12.47.08:426][  0]LogConfig: Setting CVar [[r.SSS.Scale:1]]
[2022.12.23-12.47.08:426][  0]LogConfig: Setting CVar [[r.SSS.SampleSet:2]]
[2022.12.23-12.47.08:426][  0]LogConfig: Setting CVar [[r.SSS.Quality:1]]
[2022.12.23-12.47.08:426][  0]LogConfig: Setting CVar [[r.SSS.HalfRes:0]]
[2022.12.23-12.47.08:426][  0]LogConfig: Setting CVar [[r.SSGI.Quality:3]]
[2022.12.23-12.47.08:426][  0]LogConfig: Setting CVar [[r.EmitterSpawnRateScale:1.0]]
[2022.12.23-12.47.08:426][  0]LogConfig: Setting CVar [[r.ParticleLightQuality:2]]
[2022.12.23-12.47.08:426][  0]LogConfig: Setting CVar [[r.SkyAtmosphere.AerialPerspectiveLUT.FastApplyOnOpaque:1 ; Always have FastSkyLUT 1 in this case to avoid wrong sky]]
[2022.12.23-12.47.08:426][  0]LogConfig: Setting CVar [[r.SkyAtmosphere.AerialPerspectiveLUT.SampleCountMaxPerSlice:4]]
[2022.12.23-12.47.08:426][  0]LogConfig: Setting CVar [[r.SkyAtmosphere.AerialPerspectiveLUT.DepthResolution:16.0]]
[2022.12.23-12.47.08:426][  0]LogConfig: Setting CVar [[r.SkyAtmosphere.FastSkyLUT:1]]
[2022.12.23-12.47.08:426][  0]LogConfig: Setting CVar [[r.SkyAtmosphere.FastSkyLUT.SampleCountMin:4.0]]
[2022.12.23-12.47.08:426][  0]LogConfig: Setting CVar [[r.SkyAtmosphere.FastSkyLUT.SampleCountMax:128.0]]
[2022.12.23-12.47.08:426][  0]LogConfig: Setting CVar [[r.SkyAtmosphere.SampleCountMin:4.0]]
[2022.12.23-12.47.08:426][  0]LogConfig: Setting CVar [[r.SkyAtmosphere.SampleCountMax:128.0]]
[2022.12.23-12.47.08:426][  0]LogConfig: Setting CVar [[r.SkyAtmosphere.TransmittanceLUT.UseSmallFormat:0]]
[2022.12.23-12.47.08:426][  0]LogConfig: Setting CVar [[r.SkyAtmosphere.TransmittanceLUT.SampleCount:10.0]]
[2022.12.23-12.47.08:426][  0]LogConfig: Setting CVar [[r.SkyAtmosphere.MultiScatteringLUT.SampleCount:15.0]]
[2022.12.23-12.47.08:426][  0]LogConfig: Setting CVar [[r.SkyLight.RealTimeReflectionCapture:1]]
[2022.12.23-12.47.08:426][  0]LogConfig: Applying CVar settings from Section [FoliageQuality@3] File [D:/Projects/Hungry-Felhounds/Saved/Config/Windows/Scalability.ini]
[2022.12.23-12.47.08:426][  0]LogConfig: Setting CVar [[foliage.DensityScale:1.0]]
[2022.12.23-12.47.08:426][  0]LogConfig: Setting CVar [[grass.DensityScale:1.0]]
[2022.12.23-12.47.08:426][  0]LogConfig: Applying CVar settings from Section [ShadingQuality@3] File [D:/Projects/Hungry-Felhounds/Saved/Config/Windows/Scalability.ini]
[2022.12.23-12.47.08:426][  0]LogConfig: Setting CVar [[r.HairStrands.SkyLighting.IntegrationType:2]]
[2022.12.23-12.47.08:426][  0]LogConfig: Setting CVar [[r.HairStrands.SkyAO.SampleCount:4]]
[2022.12.23-12.47.08:426][  0]LogConfig: Setting CVar [[r.HairStrands.Visibility.MSAA.SamplePerPixel:4]]
[2022.12.23-12.47.08:426][  0]LogInit: Selected Device Profile: [Windows]
[2022.12.23-12.47.08:426][  0]LogInit: Applying CVar settings loaded from the selected device profile: [Windows]
[2022.12.23-12.47.08:426][  0]LogHAL: Display: Platform has ~ 8 GB [8571179008 / 8589934592 / 8], which maps to Default [LargestMinGB=32, LargerMinGB=12, DefaultMinGB=8, SmallerMinGB=6, SmallestMinGB=0)
[2022.12.23-12.47.08:427][  0]LogInit: Going up to parent DeviceProfile []
[2022.12.23-12.47.08:427][  0]LogConfig: Applying CVar settings from Section [ViewDistanceQuality@3] File [D:/Projects/Hungry-Felhounds/Saved/Config/Windows/Scalability.ini]
[2022.12.23-12.47.08:427][  0]LogConfig: Setting CVar [[r.SkeletalMeshLODBias:0]]
[2022.12.23-12.47.08:427][  0]LogConfig: Setting CVar [[r.ViewDistanceScale:1.0]]
[2022.12.23-12.47.08:427][  0]LogConfig: Applying CVar settings from Section [AntiAliasingQuality@3] File [D:/Projects/Hungry-Felhounds/Saved/Config/Windows/Scalability.ini]
[2022.12.23-12.47.08:427][  0]LogConfig: Setting CVar [[r.PostProcessAAQuality:4]]
[2022.12.23-12.47.08:427][  0]LogConfig: Applying CVar settings from Section [ShadowQuality@3] File [D:/Projects/Hungry-Felhounds/Saved/Config/Windows/Scalability.ini]
[2022.12.23-12.47.08:427][  0]LogConfig: Setting CVar [[r.LightFunctionQuality:1]]
[2022.12.23-12.47.08:427][  0]LogConfig: Setting CVar [[r.ShadowQuality:5]]
[2022.12.23-12.47.08:427][  0]LogConfig: Setting CVar [[r.Shadow.CSM.MaxCascades:10]]
[2022.12.23-12.47.08:427][  0]LogConfig: Setting CVar [[r.Shadow.MaxResolution:2048]]
[2022.12.23-12.47.08:427][  0]LogConfig: Setting CVar [[r.Shadow.MaxCSMResolution:2048]]
[2022.12.23-12.47.08:427][  0]LogConfig: Setting CVar [[r.Shadow.RadiusThreshold:0.01]]
[2022.12.23-12.47.08:427][  0]LogConfig: Setting CVar [[r.Shadow.DistanceScale:1.0]]
[2022.12.23-12.47.08:427][  0]LogConfig: Setting CVar [[r.Shadow.CSM.TransitionScale:1.0]]
[2022.12.23-12.47.08:427][  0]LogConfig: Setting CVar [[r.Shadow.PreShadowResolutionFactor:1.0]]
[2022.12.23-12.47.08:427][  0]LogConfig: Setting CVar [[r.DistanceFieldShadowing:1]]
[2022.12.23-12.47.08:427][  0]LogConfig: Setting CVar [[r.DistanceFieldAO:1]]
[2022.12.23-12.47.08:427][  0]LogConfig: Setting CVar [[r.AOQuality:2]]
[2022.12.23-12.47.08:427][  0]LogConfig: Setting CVar [[r.VolumetricFog:1]]
[2022.12.23-12.47.08:427][  0]LogConfig: Setting CVar [[r.VolumetricFog.GridPixelSize:8]]
[2022.12.23-12.47.08:427][  0]LogConfig: Setting CVar [[r.VolumetricFog.GridSizeZ:128]]
[2022.12.23-12.47.08:427][  0]LogConfig: Setting CVar [[r.VolumetricFog.HistoryMissSupersampleCount:4]]
[2022.12.23-12.47.08:427][  0]LogConfig: Setting CVar [[r.LightMaxDrawDistanceScale:1]]
[2022.12.23-12.47.08:427][  0]LogConfig: Setting CVar [[r.CapsuleShadows:1]]
[2022.12.23-12.47.08:427][  0]LogConfig: Applying CVar settings from Section [PostProcessQuality@3] File [D:/Projects/Hungry-Felhounds/Saved/Config/Windows/Scalability.ini]
[2022.12.23-12.47.08:427][  0]LogConfig: Setting CVar [[r.MotionBlurQuality:4]]
[2022.12.23-12.47.08:427][  0]LogConfig: Setting CVar [[r.AmbientOcclusionMipLevelFactor:0.4]]
[2022.12.23-12.47.08:427][  0]LogConfig: Setting CVar [[r.AmbientOcclusionMaxQuality:100]]
[2022.12.23-12.47.08:427][  0]LogConfig: Setting CVar [[r.AmbientOcclusionLevels:-1]]
[2022.12.23-12.47.08:427][  0]LogConfig: Setting CVar [[r.AmbientOcclusionRadiusScale:1.0]]
[2022.12.23-12.47.08:427][  0]LogConfig: Setting CVar [[r.DepthOfFieldQuality:2]]
[2022.12.23-12.47.08:427][  0]LogConfig: Setting CVar [[r.RenderTargetPoolMin:400]]
[2022.12.23-12.47.08:427][  0]LogConfig: Setting CVar [[r.LensFlareQuality:2]]
[2022.12.23-12.47.08:427][  0]LogConfig: Setting CVar [[r.SceneColorFringeQuality:1]]
[2022.12.23-12.47.08:427][  0]LogConfig: Setting CVar [[r.EyeAdaptationQuality:2]]
[2022.12.23-12.47.08:427][  0]LogConfig: Setting CVar [[r.BloomQuality:5]]
[2022.12.23-12.47.08:428][  0]LogConfig: Setting CVar [[r.FastBlurThreshold:100]]
[2022.12.23-12.47.08:428][  0]LogConfig: Setting CVar [[r.Upscale.Quality:3]]
[2022.12.23-12.47.08:428][  0]LogConfig: Setting CVar [[r.Tonemapper.GrainQuantization:1]]
[2022.12.23-12.47.08:428][  0]LogConfig: Setting CVar [[r.LightShaftQuality:1]]
[2022.12.23-12.47.08:428][  0]LogConfig: Setting CVar [[r.Filter.SizeScale:1]]
[2022.12.23-12.47.08:428][  0]LogConfig: Setting CVar [[r.Tonemapper.Quality:5]]
[2022.12.23-12.47.08:428][  0]LogConfig: Setting CVar [[r.DOF.Gather.AccumulatorQuality:1        ; higher gathering accumulator quality]]
[2022.12.23-12.47.08:428][  0]LogConfig: Setting CVar [[r.DOF.Gather.PostfilterMethod:1          ; Median3x3 postfilering method]]
[2022.12.23-12.47.08:428][  0]LogConfig: Setting CVar [[r.DOF.Gather.EnableBokehSettings:0       ; no bokeh simulation when gathering]]
[2022.12.23-12.47.08:428][  0]LogConfig: Setting CVar [[r.DOF.Gather.RingCount:4                 ; medium number of samples when gathering]]
[2022.12.23-12.47.08:428][  0]LogConfig: Setting CVar [[r.DOF.Scatter.ForegroundCompositing:1    ; additive foreground scattering]]
[2022.12.23-12.47.08:428][  0]LogConfig: Setting CVar [[r.DOF.Scatter.BackgroundCompositing:2    ; additive background scattering]]
[2022.12.23-12.47.08:428][  0]LogConfig: Setting CVar [[r.DOF.Scatter.EnableBokehSettings:1      ; bokeh simulation when scattering]]
[2022.12.23-12.47.08:428][  0]LogConfig: Setting CVar [[r.DOF.Scatter.MaxSpriteRatio:0.1         ; only a maximum of 10% of scattered bokeh]]
[2022.12.23-12.47.08:428][  0]LogConfig: Setting CVar [[r.DOF.Recombine.Quality:1                ; cheap slight out of focus]]
[2022.12.23-12.47.08:428][  0]LogConfig: Setting CVar [[r.DOF.Recombine.EnableBokehSettings:0    ; no bokeh simulation on slight out of focus]]
[2022.12.23-12.47.08:428][  0]LogConfig: Setting CVar [[r.DOF.TemporalAAQuality:1                ; more stable temporal accumulation]]
[2022.12.23-12.47.08:428][  0]LogConfig: Setting CVar [[r.DOF.Kernel.MaxForegroundRadius:0.025]]
[2022.12.23-12.47.08:428][  0]LogConfig: Setting CVar [[r.DOF.Kernel.MaxBackgroundRadius:0.025]]
[2022.12.23-12.47.08:428][  0]LogConfig: Applying CVar settings from Section [TextureQuality@3] File [D:/Projects/Hungry-Felhounds/Saved/Config/Windows/Scalability.ini]
[2022.12.23-12.47.08:428][  0]LogConfig: Setting CVar [[r.Streaming.MipBias:0]]
[2022.12.23-12.47.08:428][  0]LogConfig: Setting CVar [[r.Streaming.AmortizeCPUToGPUCopy:0]]
[2022.12.23-12.47.08:428][  0]LogConfig: Setting CVar [[r.Streaming.MaxNumTexturesToStreamPerFrame:0]]
[2022.12.23-12.47.08:428][  0]LogConfig: Setting CVar [[r.Streaming.Boost:1]]
[2022.12.23-12.47.08:429][  0]LogConfig: Setting CVar [[r.MaxAnisotropy:8]]
[2022.12.23-12.47.08:429][  0]LogConfig: Setting CVar [[r.VT.MaxAnisotropy:8]]
[2022.12.23-12.47.08:429][  0]LogConfig: Setting CVar [[r.Streaming.LimitPoolSizeToVRAM:0]]
[2022.12.23-12.47.08:429][  0]LogConfig: Setting CVar [[r.Streaming.PoolSize:1000]]
[2022.12.23-12.47.08:429][  0]LogConfig: Setting CVar [[r.Streaming.MaxEffectiveScreenSize:0]]
[2022.12.23-12.47.08:429][  0]LogConfig: Applying CVar settings from Section [EffectsQuality@3] File [D:/Projects/Hungry-Felhounds/Saved/Config/Windows/Scalability.ini]
[2022.12.23-12.47.08:429][  0]LogConfig: Setting CVar [[r.TranslucencyLightingVolumeDim:64]]
[2022.12.23-12.47.08:429][  0]LogConfig: Setting CVar [[r.RefractionQuality:2]]
[2022.12.23-12.47.08:429][  0]LogConfig: Setting CVar [[r.SSR.Quality:3]]
[2022.12.23-12.47.08:429][  0]LogConfig: Setting CVar [[r.SSR.HalfResSceneColor:0]]
[2022.12.23-12.47.08:429][  0]LogConfig: Setting CVar [[r.SceneColorFormat:4]]
[2022.12.23-12.47.08:429][  0]LogConfig: Setting CVar [[r.DetailMode:2]]
[2022.12.23-12.47.08:429][  0]LogConfig: Setting CVar [[r.TranslucencyVolumeBlur:1]]
[2022.12.23-12.47.08:429][  0]LogConfig: Setting CVar [[r.MaterialQualityLevel:1 ; High quality]]
[2022.12.23-12.47.08:429][  0]LogConfig: Setting CVar [[r.AnisotropicMaterials:1]]
[2022.12.23-12.47.08:429][  0]LogConfig: Setting CVar [[r.SSS.Scale:1]]
[2022.12.23-12.47.08:429][  0]LogConfig: Setting CVar [[r.SSS.SampleSet:2]]
[2022.12.23-12.47.08:429][  0]LogConfig: Setting CVar [[r.SSS.Quality:1]]
[2022.12.23-12.47.08:429][  0]LogConfig: Setting CVar [[r.SSS.HalfRes:0]]
[2022.12.23-12.47.08:429][  0]LogConfig: Setting CVar [[r.SSGI.Quality:3]]
[2022.12.23-12.47.08:429][  0]LogConfig: Setting CVar [[r.EmitterSpawnRateScale:1.0]]
[2022.12.23-12.47.08:429][  0]LogConfig: Setting CVar [[r.ParticleLightQuality:2]]
[2022.12.23-12.47.08:429][  0]LogConfig: Setting CVar [[r.SkyAtmosphere.AerialPerspectiveLUT.FastApplyOnOpaque:1 ; Always have FastSkyLUT 1 in this case to avoid wrong sky]]
[2022.12.23-12.47.08:429][  0]LogConfig: Setting CVar [[r.SkyAtmosphere.AerialPerspectiveLUT.SampleCountMaxPerSlice:4]]
[2022.12.23-12.47.08:429][  0]LogConfig: Setting CVar [[r.SkyAtmosphere.AerialPerspectiveLUT.DepthResolution:16.0]]
[2022.12.23-12.47.08:429][  0]LogConfig: Setting CVar [[r.SkyAtmosphere.FastSkyLUT:1]]
[2022.12.23-12.47.08:429][  0]LogConfig: Setting CVar [[r.SkyAtmosphere.FastSkyLUT.SampleCountMin:4.0]]
[2022.12.23-12.47.08:429][  0]LogConfig: Setting CVar [[r.SkyAtmosphere.FastSkyLUT.SampleCountMax:128.0]]
[2022.12.23-12.47.08:429][  0]LogConfig: Setting CVar [[r.SkyAtmosphere.SampleCountMin:4.0]]
[2022.12.23-12.47.08:429][  0]LogConfig: Setting CVar [[r.SkyAtmosphere.SampleCountMax:128.0]]
[2022.12.23-12.47.08:429][  0]LogConfig: Setting CVar [[r.SkyAtmosphere.TransmittanceLUT.UseSmallFormat:0]]
[2022.12.23-12.47.08:429][  0]LogConfig: Setting CVar [[r.SkyAtmosphere.TransmittanceLUT.SampleCount:10.0]]
[2022.12.23-12.47.08:430][  0]LogConfig: Setting CVar [[r.SkyAtmosphere.MultiScatteringLUT.SampleCount:15.0]]
[2022.12.23-12.47.08:430][  0]LogConfig: Setting CVar [[r.SkyLight.RealTimeReflectionCapture:1]]
[2022.12.23-12.47.08:430][  0]LogConfig: Applying CVar settings from Section [FoliageQuality@3] File [D:/Projects/Hungry-Felhounds/Saved/Config/Windows/Scalability.ini]
[2022.12.23-12.47.08:430][  0]LogConfig: Setting CVar [[foliage.DensityScale:1.0]]
[2022.12.23-12.47.08:430][  0]LogConfig: Setting CVar [[grass.DensityScale:1.0]]
[2022.12.23-12.47.08:430][  0]LogConfig: Applying CVar settings from Section [ShadingQuality@3] File [D:/Projects/Hungry-Felhounds/Saved/Config/Windows/Scalability.ini]
[2022.12.23-12.47.08:430][  0]LogConfig: Setting CVar [[r.HairStrands.SkyLighting.IntegrationType:2]]
[2022.12.23-12.47.08:430][  0]LogConfig: Setting CVar [[r.HairStrands.SkyAO.SampleCount:4]]
[2022.12.23-12.47.08:430][  0]LogConfig: Setting CVar [[r.HairStrands.Visibility.MSAA.SamplePerPixel:4]]
[2022.12.23-12.47.08:430][  0]LogConfig: Applying CVar settings from Section [Startup] File [../../../Engine/Config/ConsoleVariables.ini]
[2022.12.23-12.47.08:430][  0]LogConfig: Setting CVar [[net.UseAdaptiveNetUpdateFrequency:0]]
[2022.12.23-12.47.08:430][  0]LogConfig: Setting CVar [[p.chaos.AllowCreatePhysxBodies:1]]
[2022.12.23-12.47.08:430][  0]LogConfig: Setting CVar [[fx.SkipVectorVMBackendOptimizations:1]]
[2022.12.23-12.47.08:431][  0]LogConfig: Applying CVar settings from Section [ConsoleVariables] File [D:/Projects/Hungry-Felhounds/Saved/Config/Windows/Engine.ini]
[2022.12.23-12.47.08:431][  0]LogConfig: Applying CVar settings from Section [ConsoleVariables] File [D:/Projects/Hungry-Felhounds/Saved/Config/Windows/Editor.ini]
[2022.12.23-12.47.08:431][  0]LogInit: Computer: DESKTOP-OB0F6KV
[2022.12.23-12.47.08:431][  0]LogInit: User: MadMax
[2022.12.23-12.47.08:431][  0]LogInit: CPU Page size=4096, Cores=4
[2022.12.23-12.47.08:431][  0]LogInit: High frequency timer resolution =10.000000 MHz
[2022.12.23-12.47.08:431][  0]LogMemory: Memory total: Physical=8.0GB (8GB approx)
[2022.12.23-12.47.08:431][  0]LogMemory: Platform Memory Stats for Windows
[2022.12.23-12.47.08:431][  0]LogMemory: Process Physical Memory: 141.09 MB used, 141.09 MB peak
[2022.12.23-12.47.08:431][  0]LogMemory: Process Virtual Memory: 115.13 MB used, 115.13 MB peak
[2022.12.23-12.47.08:431][  0]LogMemory: Physical Memory: 5737.74 MB used,  2436.37 MB free, 8174.11 MB total
[2022.12.23-12.47.08:431][  0]LogMemory: Virtual Memory: 134211976.00 MB used,  5753.87 MB free, 134217728.00 MB total
[2022.12.23-12.47.08:441][  0]LogWindows: WindowsPlatformFeatures enabled
[2022.12.23-12.47.08:533][  0]LogInit: Physics initialised using underlying interface: PhysX
[2022.12.23-12.47.08:533][  0]LogInit: Using OS detected language (ru-RU).
[2022.12.23-12.47.08:533][  0]LogInit: Using OS detected locale (ru-RU).
[2022.12.23-12.47.08:540][  0]LogTextLocalizationManager: No specific localization for 'ru-RU' exists, so the 'ru' localization will be used.
[2022.12.23-12.47.08:548][  0]LogTextLocalizationResource: LocRes '../../../Engine/Content/Localization/Editor/ru/Editor.locres' could not be opened for reading!
[2022.12.23-12.47.08:548][  0]LogTextLocalizationResource: LocRes '../../../Engine/Content/Localization/EditorTutorials/ru/EditorTutorials.locres' could not be opened for reading!
[2022.12.23-12.47.08:548][  0]LogTextLocalizationResource: LocRes '../../../Engine/Content/Localization/Keywords/ru/Keywords.locres' could not be opened for reading!
[2022.12.23-12.47.08:548][  0]LogTextLocalizationResource: LocRes '../../../Engine/Content/Localization/Category/ru/Category.locres' could not be opened for reading!
[2022.12.23-12.47.08:549][  0]LogTextLocalizationResource: LocRes '../../../Engine/Content/Localization/ToolTips/ru/ToolTips.locres' could not be opened for reading!
[2022.12.23-12.47.08:549][  0]LogTextLocalizationResource: LocRes '../../../Engine/Content/Localization/PropertyNames/ru/PropertyNames.locres' could not be opened for reading!
[2022.12.23-12.47.08:549][  0]LogTextLocalizationResource: LocRes '../../../Engine/Content/Localization/Engine/ru/Engine.locres' could not be opened for reading!
[2022.12.23-12.47.08:581][  0]LogWindowsTextInputMethodSystem: Display: IME system deactivated.
[2022.12.23-12.47.08:617][  0]LogSlate: New Slate User Created.  User Index 0, Is Virtual User: 0
[2022.12.23-12.47.08:617][  0]LogSlate: Slate User Registered.  User Index 0, Is Virtual User: 0
[2022.12.23-12.47.08:638][  0]LogD3D11RHI: Loaded GFSDK_Aftermath_Lib.x64.dll
[2022.12.23-12.47.08:642][  0]LogHMD: Failed to initialize OpenVR with code 110
[2022.12.23-12.47.08:642][  0]LogD3D11RHI: D3D11 min allowed feature level: 11_0
[2022.12.23-12.47.08:642][  0]LogD3D11RHI: D3D11 max allowed feature level: 11_0
[2022.12.23-12.47.08:642][  0]LogD3D11RHI: D3D11 adapters:
[2022.12.23-12.47.08:834][  0]LogD3D11RHI:    0. 'NVIDIA GeForce GT 1030' (Feature Level 11_0)
[2022.12.23-12.47.08:834][  0]LogD3D11RHI:       1982/0/4087 MB DedicatedVideo/DedicatedSystem/SharedSystem, Outputs:1, VendorId:0x10de
[2022.12.23-12.47.08:837][  0]LogD3D11RHI:    1. 'Microsoft Basic Render Driver' (Feature Level 11_0)
[2022.12.23-12.47.08:837][  0]LogD3D11RHI:       0/0/4087 MB DedicatedVideo/DedicatedSystem/SharedSystem, Outputs:0, VendorId:0x1414
[2022.12.23-12.47.08:837][  0]LogD3D11RHI: Chosen D3D11 Adapter:
[2022.12.23-12.47.08:837][  0]LogD3D11RHI:     Description : NVIDIA GeForce GT 1030
[2022.12.23-12.47.08:837][  0]LogD3D11RHI:     VendorId    : 10de
[2022.12.23-12.47.08:837][  0]LogD3D11RHI:     DeviceId    : 1d01
[2022.12.23-12.47.08:837][  0]LogD3D11RHI:     SubSysId    : 85f51043
[2022.12.23-12.47.08:837][  0]LogD3D11RHI:     Revision    : 00a1
[2022.12.23-12.47.08:837][  0]LogD3D11RHI:     DedicatedVideoMemory : 2078597120 bytes
[2022.12.23-12.47.08:837][  0]LogD3D11RHI:     DedicatedSystemMemory : 0 bytes
[2022.12.23-12.47.08:837][  0]LogD3D11RHI:     SharedSystemMemory : 4285589504 bytes
[2022.12.23-12.47.08:837][  0]LogD3D11RHI:     AdapterLuid : 0 43557
[2022.12.23-12.47.08:844][  0]LogD3D11RHI: Creating new Direct3DDevice
[2022.12.23-12.47.08:844][  0]LogD3D11RHI:     GPU DeviceId: 0x1d01 (for the marketing name, search the web for "GPU Device Id")
[2022.12.23-12.47.08:844][  0]LogWindows: EnumDisplayDevices:
[2022.12.23-12.47.08:845][  0]LogWindows:    0. 'NVIDIA GeForce GT 1030' (P:1 D:1)
[2022.12.23-12.47.08:845][  0]LogWindows:    1. 'NVIDIA GeForce GT 1030' (P:0 D:0)
[2022.12.23-12.47.08:845][  0]LogWindows: DebugString: FoundDriverCount:2 
[2022.12.23-12.47.08:845][  0]LogD3D11RHI:     Adapter Name: NVIDIA GeForce GT 1030
[2022.12.23-12.47.08:846][  0]LogD3D11RHI:   Driver Version: 511.79 (internal:30.0.15.1179, unified:511.79)
[2022.12.23-12.47.08:846][  0]LogD3D11RHI:      Driver Date: 2-10-2022
[2022.12.23-12.47.08:846][  0]LogRHI: Texture pool is 1387 MB (70% of 1982 MB)
[2022.12.23-12.47.08:846][  0]LogD3D11RHI: Creating D3DDevice using adapter:
[2022.12.23-12.47.08:846][  0]LogD3D11RHI:     Description : NVIDIA GeForce GT 1030
[2022.12.23-12.47.08:846][  0]LogD3D11RHI:     VendorId    : 10de
[2022.12.23-12.47.08:846][  0]LogD3D11RHI:     DeviceId    : 1d01
[2022.12.23-12.47.08:846][  0]LogD3D11RHI:     SubSysId    : 85f51043
[2022.12.23-12.47.08:846][  0]LogD3D11RHI:     Revision    : 00a1
[2022.12.23-12.47.08:846][  0]LogD3D11RHI:     DedicatedVideoMemory : 2078597120 bytes
[2022.12.23-12.47.08:846][  0]LogD3D11RHI:     DedicatedSystemMemory : 0 bytes
[2022.12.23-12.47.08:846][  0]LogD3D11RHI:     SharedSystemMemory : 4285589504 bytes
[2022.12.23-12.47.08:846][  0]LogD3D11RHI:     AdapterLuid : 0 43557
[2022.12.23-12.47.08:957][  0]LogD3D11RHI: RHI has support for 64 bit atomics
[2022.12.23-12.47.08:958][  0]LogD3D11RHI: Async texture creation enabled
[2022.12.23-12.47.08:958][  0]LogD3D11RHI: Array index from any shader is supported
[2022.12.23-12.47.08:991][  0]LogD3D11RHI: GPU Timing Frequency: 1000.000000 (Debug: 2 2)
[2022.12.23-12.47.09:059][  0]LogRHI: GeForceNow SDK initialized: 1
[2022.12.23-12.47.09:579][  0]LogTargetPlatformManager: Display: Loaded TargetPlatform 'WindowsNoEditor'
[2022.12.23-12.47.09:583][  0]LogTargetPlatformManager: Display: Loaded TargetPlatform 'Windows'
[2022.12.23-12.47.09:586][  0]LogTargetPlatformManager: Display: Loaded TargetPlatform 'WindowsClient'
[2022.12.23-12.47.09:590][  0]LogTargetPlatformManager: Display: Loaded TargetPlatform 'WindowsServer'
[2022.12.23-12.47.09:590][  0]LogTargetPlatformManager: Display: Building Assets For Windows
[2022.12.23-12.47.09:594][  0]LogAudioDebug: Display: Lib vorbis DLL was dynamically loaded.
[2022.12.23-12.47.09:636][  0]LogTextureFormatOodle: Display: Oodle Texture 2.9.0 init RDO Off
[2022.12.23-12.47.09:685][  0]LogRendererCore: Ray tracing is disabled. Reason: r.RayTracing=0.
[2022.12.23-12.47.09:685][  0]LogShaderCompilers: Guid format shader working directory is 19 characters bigger than the processId version (D:/Projects/Hungry-Felhounds/Intermediate/Shaders/WorkingDirectory/7060/).
[2022.12.23-12.47.09:685][  0]LogShaderCompilers: Cleaned the shader compiler working directory 'C:/Users/MadMax/AppData/Local/Temp/UnrealShaderWorkingDir/38415F4848BE093D1C68AEB8CFF62B44/'.
[2022.12.23-12.47.09:686][  0]LogXGEController: Cannot use XGE Controller as Incredibuild is not installed on this machine.
[2022.12.23-12.47.09:686][  0]LogShaderCompilers: Cannot use XGE Shader Compiler as Incredibuild is not installed on this machine.
[2022.12.23-12.47.09:686][  0]LogShaderCompilers: Display: Using Local Shader Compiler.
[2022.12.23-12.47.11:515][  0]LogDerivedDataCache: Display: Max Cache Size: 512 MB
[2022.12.23-12.47.11:655][  0]LogDerivedDataCache: Loaded boot cache 0.14s 94MB C:/Users/MadMax/AppData/Local/UnrealEngine/4.27/DerivedDataCache/Boot.ddc.
[2022.12.23-12.47.11:655][  0]LogDerivedDataCache: Display: Loaded Boot cache: C:/Users/MadMax/AppData/Local/UnrealEngine/4.27/DerivedDataCache/Boot.ddc
[2022.12.23-12.47.11:655][  0]LogDerivedDataCache: FDerivedDataBackendGraph:  Pak pak cache file D:/Projects/Hungry-Felhounds/DerivedDataCache/DDC.ddp not found, will not use a pak cache.
[2022.12.23-12.47.11:655][  0]LogDerivedDataCache: Unable to find inner node Pak for hierarchical cache Hierarchy.
[2022.12.23-12.47.11:655][  0]LogDerivedDataCache: FDerivedDataBackendGraph:  CompressedPak pak cache file D:/Projects/Hungry-Felhounds/DerivedDataCache/Compressed.ddp not found, will not use a pak cache.
[2022.12.23-12.47.11:655][  0]LogDerivedDataCache: Unable to find inner node CompressedPak for hierarchical cache Hierarchy.
[2022.12.23-12.47.11:683][  0]LogDerivedDataCache: Display: Pak cache opened for reading ../../../Engine/DerivedDataCache/Compressed.ddp.
[2022.12.23-12.47.11:683][  0]LogDerivedDataCache: FDerivedDataBackendGraph:  EnterprisePak pak cache file ../../../Enterprise/DerivedDataCache/Compressed.ddp not found, will not use a pak cache.
[2022.12.23-12.47.11:683][  0]LogDerivedDataCache: Unable to find inner node EnterprisePak for hierarchical cache Hierarchy.
[2022.12.23-12.47.11:693][  0]LogDerivedDataCache: Speed tests for C:/Users/MadMax/AppData/Local/UnrealEngine/Common/DerivedDataCache took 0.01 seconds
[2022.12.23-12.47.11:693][  0]LogDerivedDataCache: Display: Performance to C:/Users/MadMax/AppData/Local/UnrealEngine/Common/DerivedDataCache: Latency=0.05ms. RandomReadSpeed=775.32MBs, RandomWriteSpeed=107.79MBs. Assigned SpeedClass 'Local'
[2022.12.23-12.47.11:694][  0]LogDerivedDataCache: Using Local data cache path C:/Users/MadMax/AppData/Local/UnrealEngine/Common/DerivedDataCache: Writable
[2022.12.23-12.47.11:695][  0]LogDerivedDataCache: Shared data cache path not found in *engine.ini, will not use an Shared cache.
[2022.12.23-12.47.11:695][  0]LogDerivedDataCache: Unable to find inner node Shared for hierarchical cache Hierarchy.
[2022.12.23-12.47.11:773][  0]LogSlate: Using FreeType 2.10.0
[2022.12.23-12.47.11:773][  0]LogSlate: SlateFontServices - WITH_FREETYPE: 1, WITH_HARFBUZZ: 1
[2022.12.23-12.47.11:931][  0]LogInit: Using OS detected language (ru-RU).
[2022.12.23-12.47.11:931][  0]LogInit: Using OS detected locale (ru-RU).
[2022.12.23-12.47.11:931][  0]LogTextLocalizationManager: No localization for 'ru-RU' exists, so 'en' will be used for the language.
[2022.12.23-12.47.11:931][  0]LogTextLocalizationManager: No localization for 'ru-RU' exists, so 'en' will be used for the locale.
[2022.12.23-12.47.11:931][  0]LogSlate: FontCache flush requested. Reason: Culture for localization was changed
[2022.12.23-12.47.11:931][  0]LogSlate: FontCache flush requested. Reason: Culture for localization was changed
[2022.12.23-12.47.11:937][  0]LogAssetRegistry: FAssetRegistry took 0.0036 seconds to start up
[2022.12.23-12.47.12:268][  0]LogTextLocalizationManager: Compacting localization data took   0.01ms
[2022.12.23-12.47.12:268][  0]LogPackageLocalizationCache: Processed 27 localized package path(s) for 1 prioritized culture(s) in 0.001785 seconds
[2022.12.23-12.47.12:386][  0]LogInit: Selected Device Profile: [Windows]
[2022.12.23-12.47.12:387][  0]LogInit: Active device profile: [000001FD46C0D300][000001FD465EC8C0 49] Windows
[2022.12.23-12.47.12:387][  0]LogInit: Profiles: [000001FD46C0D300][000001FD465EC8C0 49] Windows, [000001FD46BCAC00][000001FD465F4A40 49] WindowsNoEditor, [000001FD46C0E400][000001FD465F8BC0 49] WindowsServer, [000001FD46BCBB00][000001FD465FCD40 49] WindowsClient, [000001FD46C0F300][000001FD46600EC0 49] IOS, [000001FD46BC9200][000001FD46605040 49] iPadAir, [000001FD46C0FE00][000001FD3F96D1C0 49] iPadAir2, [000001FD46B76100][000001FD3F971400 49] IPadPro, [000001FD46B76200][000001FD465F1440 49] iPadAir3, [000001FD46BCBF00][000001FD3F975580 49] iPadAir4, [000001FD46B77100][000001FD3F9796C0 49] iPadMini2, [000001FD46BCAF00][000001FD3F981840 49] iPadMini3, [000001FD46B77D00][000001FD3F9859C0 49] iPadMini4, [000001FD46BCA000][000001FD3F989B40 49] iPadMini5, [000001FD46BA9A00][000001FD3F990280 49] iPhone6, [000001FD46BA9B00][000001FD3F98C2C0 49] iPodTouch6, [000001FD46C0EF00][000001FD3F998580 49] iPhone7, [000001FD46C0F000][000001FD3F9945C0 49] iPodTouch7, [000001FD46B75C00][000001FD3F99C740 49] iPhone5S, [000001FD46C0D100][000001FD3F9A08C0 49] iPhone6Plus, [000001FD46B75800][000001FD401BEA40 49] iPhone6S, [000001FD46C0C400][000001FD401C2BC0 49] iPhone6SPlus, [000001FD46B74E00][000001FD401C6D40 49] iPhone7Plus, [000001FD46C0D700][000001FD401CAEC0 49] iPhoneSE, [000001FD46B74A00][000001FD401CF040 49] iPhone8, [000001FD46C0C800][000001FD401D31C0 49] iPhone8Plus, [000001FD46B75A00][000001FD401D7340 49] iPhoneX, [000001FD46C0FD00][000001FD401DB4C0 49] iPhoneXS, [000001FD46BA8200][000001FD3F97D600 49] iPhoneXSMax, [000001FD46B74D00][000001FD401DF740 49] iPhoneXR, [000001FD46BA8C00][000001FD401E3880 49] iPhone11, [000001FD46B76E00][000001FD401EBA00 49] iPhone11Pro, [000001FD46BA9500][000001FD401EFB80 49] iPhone11ProMax, [000001FD46B77A00][000001FD401F2180 49] iPhoneSE2, [000001FD46BA8400][000001FD401F6300 49] iPhone12Mini, [000001FD46B75200][000001FD401FA480 49] iPhone12, [000001FD46BABC00][000001FD401FE600 49] iPhone12Pro, [000001FD46B76000][000001FD40202780 49] iPhone12ProMax, [000001FD46BAAC00][000001FD40206900 49] iPadPro105, [000001FD46C0E100][000001FD46608A80 49] iPadPro129, [000001FD46BA9100][000001FD4660CC00 49] iPadPro97, [000001FD46C0D000][000001FD46610D80 49] iPadPro2_129, [000001FD46BA8D00][000001FD46614F00 49] iPad5, [000001FD46C0DD00][000001FD46619080 49] iPad6, [000001FD46BA8600][000001FD4661D200 49] iPad7, [000001FD46C0EE00][000001FD46621380 49] iPad8, [000001FD46BAB100][000001FD46625500 49] iPadPro11, [000001FD46C0DB00][000001FD46629680 49] iPadPro2_11, [000001FD46BA8A00][000001FD401E77C0 49] iPadPro3_129, [000001FD46C0E200][000001FD4662D900 49] iPadPro4_129, [000001FD46BAAD00][000001FD46631A40 49] AppleTV, [000001FD46C0C100][000001FD46639BC0 49] AppleTV4K, [000001FD46BAA600][000001FD4663C1C0 49] TVOS, [000001FD46C0D500][000001FD46640340 49] Mac, [000001FD46BAB600][000001FD466444C0 49] MacClient, [000001FD46C0DF00][000001FD46648640 49] MacNoEditor, [000001FD46BABF00][000001FD4664C7C0 49] MacServer, [000001FD46C0FA00][000001FD46650940 49] Linux, [000001FD46BA9C00][000001FD46654AC0 49] LinuxAArch64, [000001FD46C0F800][000001FD46658C40 49] LinuxNoEditor, [000001FD46BAA400][000001FD4665CDC0 49] LinuxAArch64NoEditor, [000001FD46C0F500][000001FD46660F40 49] LinuxClient, [000001FD46BA9300][000001FD466650C0 49] LinuxAArch64Client, [000001FD46C0C900][000001FD46669240 49] LinuxServer, [000001FD46BA9200][000001FD4666D3C0 49] LinuxAArch64Server, [000001FD46C0F600][000001FD46671540 49] Android, [000001FD46BA9900][000001FD466756C0 49] Android_Low, [000001FD46C0E700][000001FD46679840 49] Android_Mid, [000001FD46BAAE00][000001FD46635980 49] Android_High, [000001FD46C0E000][000001FD4667DAC0 49] Android_Default, [000001FD46BAA800][000001FD46681C00 49] Android_Adreno4xx, [000001FD46C0CB00][000001FD466841C0 49] Android_Adreno5xx_Low, [000001FD46BAAF00][000001FD4668C340 49] Android_Adreno5xx, [000001FD46C0C300][000001FD466904C0 49] Android_Adreno6xx, [000001FD46BAB200][000001FD46694640 49] Android_Adreno6xx_Vulkan, [000001FD46C0C500][000001FD466987C0 49] Android_Mali_T6xx, [000001FD46BAAB00][000001FD4669C940 49] Android_Mali_T7xx, [000001FD46C0C600][000001FD466A0AC0 49] Android_Mali_T8xx, [000001FD46BA8700][000001FD466A4C40 49] Android_Mali_G71, [000001FD46C0FC00][000001FD466A8DC0 49] Android_Mali_G72, [000001FD46BA9F00][000001FD466ACF40 49] Android_Mali_G72_Vulkan, [000001FD46C0F100][000001FD466B10C0 49] Android_Mali_G76, [000001FD46BA9E00][000001FD466B5240 49] Android_Mali_G76_Vulkan, [000001FD46C0CA00][000001FD466B93C0 49] Android_Mali_G77, [000001FD46BA8900][000001FD466BD540 49] Android_Mali_G77_Vulkan, [000001FD46C0D800][000001FD466C16C0 49] Android_Mali_G78, [000001FD46BABD00][000001FD466C5840 49] Android_Mali_G78_Vulkan, [000001FD46BCA300][000001FD466C99C0 49] Android_Mali_G710, [000001FD46B76F00][000001FD46689B00 49] Android_Mali_G710_Vulkan, [000001FD46BCB800][000001FD466CC0C0 49] Android_Vulkan_SM5, [000001FD46B76B00][000001FD466D0200 49] Android_PowerVR_G6xxx, [000001FD46BC8400][000001FD466D4340 49] Android_PowerVR_GT7xxx, [000001FD46B76700][000001FD466DC4C0 49] Android_PowerVR_GE8xxx, [000001FD46BC8600][000001FD476F0640 49] Android_PowerVR_GM9xxx, [000001FD46B76800][000001FD476F47C0 49] Android_PowerVR_GM9xxx_Vulkan, [000001FD46BC9700][000001FD476F8940 49] Android_TegraK1, [000001FD46B77400][000001FD476FCAC0 49] Android_Unknown_Vulkan, [000001FD46BC8700][000001FD47700C40 49] Lumin, [000001FD46B76D00][000001FD47704DC0 49] Lumin_Desktop, [000001FD46BC9C00][000001FD47708F40 49] HoloLens, 
[2022.12.23-12.47.12:453][  0]LogMeshReduction: Using QuadricMeshReduction for automatic static mesh reduction
[2022.12.23-12.47.12:453][  0]LogMeshReduction: Using SimplygonMeshReduction for automatic skeletal mesh reduction
[2022.12.23-12.47.12:453][  0]LogMeshReduction: Using ProxyLODMeshReduction for automatic mesh merging
[2022.12.23-12.47.12:453][  0]LogMeshReduction: No distributed automatic mesh merging module available
[2022.12.23-12.47.12:453][  0]LogMeshMerging: No distributed automatic mesh merging module available
[2022.12.23-12.47.12:648][  0]LogNetVersion: Game1 1.0.0, NetCL: 17155196, EngineNetVer: 17, GameNetVer: 0 (Checksum: 3464310289)
[2022.12.23-12.47.13:076][  0]LogTexture: Default maximum texture size for cubemaps generated from long-lat sources has been changed from 512 to unlimited. In order to preserve old behaiour for '/Engine/MapTemplates/Sky/DaylightAmbientCubemap.DaylightAmbientCubemap', its maximum texture size has been explicitly set to 512.
[2022.12.23-12.47.13:189][  0]LogHMD: PokeAHoleMaterial loaded successfully
[2022.12.23-12.47.13:324][  0]LogMoviePlayer: Initializing movie player
[2022.12.23-12.47.13:474][  0]LogNiagaraDebuggerClient: Niagara Debugger Client Initialized | Session: 696BE1EF4F785F449862E8888B8BB1D7 | Instance: C0F7D9114212A986EE06DB92F0905763 (DESKTOP-OB0F6KV-7060).
[2022.12.23-12.47.13:512][  0]LogCollectionManager: Loaded 0 collections in 0.004325 seconds
[2022.12.23-12.47.13:516][  0]LogFileCache: Scanning file cache for directory 'D:/Projects/Hungry-Felhounds/Saved/Collections/' took 0.00s
[2022.12.23-12.47.13:516][  0]LogFileCache: Scanning file cache for directory 'D:/Projects/Hungry-Felhounds/Content/Developers/MadMax/Collections/' took 0.00s
[2022.12.23-12.47.13:516][  0]LogFileCache: Scanning file cache for directory 'D:/Projects/Hungry-Felhounds/Content/Collections/' took 0.00s
[2022.12.23-12.47.13:516][  0]LogCollectionManager: Fixed up redirectors for 0 collections in 0.000004 seconds (updated 0 objects)
[2022.12.23-12.47.13:674][  0]LogPython: Using Python 3.7.7
[2022.12.23-12.47.14:560][  0]LogTcpMessaging: Initializing TcpMessaging bridge
[2022.12.23-12.47.14:562][  0]LogUdpMessaging: Initializing bridge on interface 0.0.0.0:0 to multicast group 230.0.0.1:6666.
[2022.12.23-12.47.14:700][  0]SourceControl: Source control is disabled
[2022.12.23-12.47.14:700][  0]SourceControl: Source control is disabled
[2022.12.23-12.47.14:702][  0]SourceControl: Source control is disabled
[2022.12.23-12.47.14:708][  0]LogUProjectInfo: Found projects:
[2022.12.23-12.47.14:837][  0]LogOpenImageDenoise: OIDN starting up
[2022.12.23-12.47.14:885][  0]LogAndroidPermission: UAndroidPermissionCallbackProxy::GetInstance
[2022.12.23-12.47.14:903][  0]LogAudioCaptureCore: Display: No Audio Capture implementations found. Audio input will be silent.
[2022.12.23-12.47.14:903][  0]LogAudioCaptureCore: Display: No Audio Capture implementations found. Audio input will be silent.
[2022.12.23-12.47.15:027][  0]LogOcInput: OculusInput pre-init called
[2022.12.23-12.47.15:043][  0]LogUObjectArray: 22129 objects as part of root set at end of initial load.
[2022.12.23-12.47.15:043][  0]LogUObjectAllocator: 5987536 out of 0 bytes used by permanent object pool.
[2022.12.23-12.47.15:043][  0]LogUObjectArray: CloseDisregardForGC: 0/0 objects in disregard for GC pool
[2022.12.23-12.47.15:121][  0]LogEngine: Initializing Engine...
[2022.12.23-12.47.15:125][  0]LogHMD: Failed to enumerate extensions. Please check that you have a valid OpenXR runtime installed.
[2022.12.23-12.47.15:125][  0]LogHMD: Failed to initialize OpenVR with code 110
[2022.12.23-12.47.15:126][  0]LogMagicLeap: Warning: VR disabled because ZI is not enabled.  To enable, in the editor, Edit -> Project Settings -> Plugins -> Magic Leap Plugin -> Enable Zero Iteration
[2022.12.23-12.47.15:128][  0]LogStats: UGameplayTagsManager::InitializeManager -  0.000 s
[2022.12.23-12.47.15:350][  0]LogInit: Initializing FReadOnlyCVARCache
[2022.12.23-12.47.15:350][  0]LogAudio: Display: Initializing Audio Device Manager...
[2022.12.23-12.47.15:358][  0]LogAudio: Display: Loading Default Audio Settings Objects...
[2022.12.23-12.47.15:359][  0]LogAudio: Display: No default SoundConcurrencyObject specified (or failed to load).
[2022.12.23-12.47.15:360][  0]LogAudio: Display: Audio Device Manager Initialized
[2022.12.23-12.47.15:360][  0]LogAudio: Display: Creating Audio Device:                 Id: 1, Scope: Shared, Realtime: True
[2022.12.23-12.47.15:360][  0]LogAudioMixer: Display: Audio Mixer Platform Settings:
[2022.12.23-12.47.15:360][  0]LogAudioMixer: Display: 	Sample Rate:						  48000
[2022.12.23-12.47.15:360][  0]LogAudioMixer: Display: 	Callback Buffer Frame Size Requested: 1024
[2022.12.23-12.47.15:360][  0]LogAudioMixer: Display: 	Callback Buffer Frame Size To Use:	  1024
[2022.12.23-12.47.15:361][  0]LogAudioMixer: Display: 	Number of buffers to queue:			  2
[2022.12.23-12.47.15:361][  0]LogAudioMixer: Display: 	Max Channels (voices):				  32
[2022.12.23-12.47.15:361][  0]LogAudioMixer: Display: 	Number of Async Source Workers:		  0
[2022.12.23-12.47.15:361][  0]LogAudio: Display: AudioDevice MaxSources: 32
[2022.12.23-12.47.15:361][  0]LogAudio: Display: Audio Spatialization Plugin: None (built-in).
[2022.12.23-12.47.15:361][  0]LogAudio: Display: Audio Reverb Plugin: None (built-in).
[2022.12.23-12.47.15:361][  0]LogAudio: Display: Audio Occlusion Plugin: None (built-in).
[2022.12.23-12.47.15:362][  0]LogAudioMixer: Display: Initializing audio mixer.
[2022.12.23-12.47.15:386][  0]LogAudioMixer: Display: 0: FrontLeft
[2022.12.23-12.47.15:386][  0]LogAudioMixer: Display: 1: FrontRight
[2022.12.23-12.47.15:422][  0]LogAudioMixer: Display: Using Audio Device Динамики (2- USB Audio Device)
[2022.12.23-12.47.15:431][  0]LogAudioMixer: Display: Initializing Sound Submixes...
[2022.12.23-12.47.15:433][  0]LogAudioMixer: Display: Creating Master Submix 'MasterSubmixDefault'
[2022.12.23-12.47.15:433][  0]LogAudioMixer: Display: Creating Master Submix 'MasterReverbSubmixDefault'
[2022.12.23-12.47.15:436][  0]LogAudioMixer: Display: Creating Master Submix 'MasterEQSubmixDefault'
[2022.12.23-12.47.15:436][  0]LogAudioMixer: FMixerPlatformXAudio2::StartAudioStream() called
[2022.12.23-12.47.15:436][  0]LogAudioMixer: Display: Output buffers initialized: Frames=1024, Channels=2, Samples=2048
[2022.12.23-12.47.15:437][  0]LogAudioMixer: Display: Starting AudioMixerPlatformInterface::RunInternal()
[2022.12.23-12.47.15:437][  0]LogAudioMixer: Display: FMixerPlatformXAudio2::SubmitBuffer() called for the first time
[2022.12.23-12.47.15:437][  0]LogInit: FAudioDevice initialized.
[2022.12.23-12.47.15:439][  0]LogNetVersion: Set ProjectVersion to 1.0.0.0. Version Checksum will be recalculated on next use.
[2022.12.23-12.47.15:447][  0]LogInit: Texture streaming: Enabled
[2022.12.23-12.47.15:783][  0]LogAudio: Display: Audio Device (ID: 1) registered with world 'Untitled'.
[2022.12.23-12.47.15:792][  0]LogInit: Error: Failed to load cursor 'D:/Projects/Hungry-Felhounds/Content/coursor.png'
[2022.12.23-12.47.15:793][  0]LogSlate: Updating window title bar state: overlay mode, drag disabled, window buttons hidden, title bar hidden
[2022.12.23-12.47.15:794][  0]LogInit: Display: Game Engine Initialized.
[2022.12.23-12.47.15:794][  0]LogNiagaraEditor: GEditor isn't valid! Particle reset commands will not work for Niagara components!
[2022.12.23-12.47.16:023][  0]LogInit: Display: Starting Game.
[2022.12.23-12.47.16:024][  0]LogNet: Browse: /Game/TopDownBP/Maps/MainMenu?Name=Player?Listen
[2022.12.23-12.47.16:024][  0]LogLoad: LoadMap: /Game/TopDownBP/Maps/MainMenu?Name=Player?Listen
[2022.12.23-12.47.16:024][  0]LogWorld: BeginTearingDown for /Temp/Untitled_0
[2022.12.23-12.47.16:026][  0]LogWorld: UWorld::CleanupWorld for Untitled, bSessionEnded=true, bCleanupResources=true
[2022.12.23-12.47.16:026][  0]LogSlate: InvalidateAllWidgets triggered.  All widgets were invalidated
[2022.12.23-12.47.16:041][  0]LogAudio: Display: Audio Device unregistered from world 'None'.
[2022.12.23-12.47.16:046][  0]LogUObjectHash: Compacting FUObjectHashTables data took   2.07ms
[2022.12.23-12.47.16:056][  0]LogAudio: Display: Audio Device (ID: 1) registered with world 'MainMenu'.
[2022.12.23-12.47.16:067][  0]LogAIModule: Creating AISystem for world MainMenu
[2022.12.23-12.47.16:067][  0]LogUObjectGlobals: Warning: Failed to load '/Game/TopDownBP/Blueprints/TopDownGameMode': Can't find file.
[2022.12.23-12.47.16:068][  0]LogUObjectGlobals: Warning: Failed to load '/Game/TopDownBP/Blueprints/TopDownGameMode': Can't find file.
[2022.12.23-12.47.16:068][  0]LogUObjectGlobals: Warning: Failed to find object 'Class /Game/TopDownBP/Blueprints/TopDownGameMode.TopDownGameMode_C'
[2022.12.23-12.47.16:068][  0]LogLoad: Game class is 'GameModeBase'
[2022.12.23-12.47.16:068][  0]LogOnline: OSS: Creating online subsystem instance for: STEAM
[2022.12.23-12.47.16:096][  0]LogSteamShared: Warning: SteamAPI failed to initialize, conditions not met.
[2022.12.23-12.47.16:096][  0]LogOnline: Warning: STEAM: Steamworks: SteamUtils() failed!
[2022.12.23-12.47.16:096][  0]LogOnline: Warning: STEAM: Steamworks: SteamUser() failed!
[2022.12.23-12.47.16:096][  0]LogOnline: Warning: STEAM: Steamworks: SteamFriends() failed!
[2022.12.23-12.47.16:096][  0]LogOnline: Warning: STEAM: Steamworks: SteamRemoteStorage() failed!
[2022.12.23-12.47.16:096][  0]LogOnline: Warning: STEAM: Steamworks: SteamUserStats() failed!
[2022.12.23-12.47.16:096][  0]LogOnline: Warning: STEAM: Steamworks: SteamMatchmakingServers() failed!
[2022.12.23-12.47.16:096][  0]LogOnline: Warning: STEAM: Steamworks: SteamApps() failed!
[2022.12.23-12.47.16:096][  0]LogOnline: Warning: STEAM: Steamworks: SteamNetworking() failed!
[2022.12.23-12.47.16:097][  0]LogOnline: Warning: STEAM: Steamworks: SteamMatchmaking() failed!
[2022.12.23-12.47.16:097][  0]LogOnline: STEAM: [AppId: 0] Client API initialized 0
[2022.12.23-12.47.16:097][  0]LogOnline: Display: STEAM: OnlineSubsystemSteam::Shutdown()
[2022.12.23-12.47.16:097][  0]LogOnline: Warning: STEAM: Steam API failed to initialize!
[2022.12.23-12.47.16:097][  0]LogOnline: Display: STEAM: OnlineSubsystemSteam::Shutdown()
[2022.12.23-12.47.16:098][  0]LogNet: ReplicationDriverClass is null! Not using ReplicationDriver.
[2022.12.23-12.47.16:098][  0]LogNetCore: DDoS detection status: detection enabled: 0 analytics enabled: 0
[2022.12.23-12.47.16:098][  0]LogInit: WinSock: Socket queue. Rx: 131072 (config 131072) Tx: 131072 (config 131072)
[2022.12.23-12.47.16:098][  0]LogNet: Created socket for bind address: 0.0.0.0 on port 17777
[2022.12.23-12.47.16:098][  0]PacketHandlerLog: Loaded PacketHandler component: Engine.EngineHandlerComponentFactory (StatelessConnectHandlerComponent)
[2022.12.23-12.47.16:098][  0]LogNet: GameNetDriver IpNetDriver_0 IpNetDriver listening on port 17777
[2022.12.23-12.47.16:101][  0]LogWorld: Bringing World /Game/TopDownBP/Maps/MainMenu.MainMenu up for play (max tick rate 0) at 2022.12.23-17.47.16
[2022.12.23-12.47.16:102][  0]LogWorld: Bringing up level for play took: 0.000855
[2022.12.23-12.47.16:103][  0]LogOnlineSession: Warning: OSS: No game present to join for session (GameSession)
[2022.12.23-12.47.16:103][  0]LogGameMode: FindPlayerStart: PATHS NOT DEFINED or NO PLAYERSTART with positive rating
[2022.12.23-12.47.16:107][  0]LogLoad: Took 0.083623 seconds to LoadMap(/Game/TopDownBP/Maps/MainMenu)
[2022.12.23-12.47.16:196][  0]LogSlate: Took 0.000239 seconds to synchronously load lazily loaded font '../../../Engine/Content/Slate/Fonts/Roboto-Regular.ttf' (155K)
[2022.12.23-12.47.16:230][  0]LogRenderer: Reallocating scene render targets to support 640x480 Format 10 NumSamples 1 (Frame:1).
[2022.12.23-12.47.16:230][  0]LogInit: Display: Engine is initialized. Leaving FEngineLoop::Init()
[2022.12.23-12.47.16:230][  0]LogLoad: (Engine Initialization) Total time: 10.07 seconds
[2022.12.23-12.47.16:230][  0]LogLoad: (Engine Initialization) Total Blueprint compile time: 0.00 seconds
[2022.12.23-12.47.16:253][  0]LogContentStreaming: Texture pool size now 1000 MB
[2022.12.23-12.47.16:260][  0]LogSlate: InvalidateAllWidgets triggered.  All widgets were invalidated
[2022.12.23-12.47.16:472][  1]LogSlate: Took 0.000289 seconds to synchronously load lazily loaded font '../../../Engine/Content/Slate/Fonts/Roboto-Regular.ttf' (155K)
[2022.12.23-12.47.17:030][ 64]LogNet: NotifyAcceptingConnection accepted from: 127.0.0.1:55527
[2022.12.23-12.47.17:031][ 64]LogHandshake: SendConnectChallenge. Timestamp: 0.782648, Cookie: 055193028083066101228185070176071048137109207235025004018046
[2022.12.23-12.47.17:042][ 65]LogNet: NotifyAcceptingConnection accepted from: 127.0.0.1:55527
[2022.12.23-12.47.17:042][ 65]LogHandshake: SendChallengeAck. InCookie: 055193028083066101228185070176071048137109207235025004018046
[2022.12.23-12.47.17:042][ 65]LogNet: Server accepting post-challenge connection from: 127.0.0.1:55527
[2022.12.23-12.47.17:043][ 65]PacketHandlerLog: Loaded PacketHandler component: Engine.EngineHandlerComponentFactory (StatelessConnectHandlerComponent)
[2022.12.23-12.47.17:043][ 65]LogNet: NotifyAcceptedConnection: Name: MainMenu, TimeStamp: 12/23/22 17:47:17, [UNetConnection] RemoteAddr: 127.0.0.1:55527, Name: IpConnection_0, Driver: GameNetDriver IpNetDriver_0, IsServer: YES, PC: NULL, Owner: NULL, UniqueId: INVALID
[2022.12.23-12.47.17:043][ 65]LogNet: AddClientConnection: Added client connection: [UNetConnection] RemoteAddr: 127.0.0.1:55527, Name: IpConnection_0, Driver: GameNetDriver IpNetDriver_0, IsServer: YES, PC: NULL, Owner: NULL, UniqueId: INVALID
[2022.12.23-12.47.17:043][ 65]LogNet: NotifyAcceptingChannel Control 0 server World /Game/TopDownBP/Maps/MainMenu.MainMenu: Accepted
[2022.12.23-12.47.17:043][ 65]LogNet: Remote platform little endian=1
[2022.12.23-12.47.17:043][ 65]LogNet: This platform little endian=1
[2022.12.23-12.47.17:043][ 65]LogNetVersion: Game1 1.0.0.0, NetCL: 17155196, EngineNetVer: 17, GameNetVer: 0 (Checksum: 3925865969)
[2022.12.23-12.47.17:050][ 66]LogNet: Login request: ?Name=DESKTOP-OB0F6KV-5EAF92CA42184495EC7A9CA9001C0C96 userId: NULL:DESKTOP-OB0F6KV-5EAF92CA42184495EC7A9CA9001C0C96 platform: NULL
[2022.12.23-12.47.17:093][ 75]LogNet: Client netspeed is 100000
[2022.12.23-12.47.17:093][ 75]LogNet: Join request: /Game/TopDownBP/Maps/MainMenu?Name=DESKTOP-OB0F6KV-5EAF92CA42184495EC7A9CA9001C0C96?SplitscreenCount=1
[2022.12.23-12.47.17:094][ 75]LogOnlineSession: Warning: OSS: No game present to join for session (GameSession)
[2022.12.23-12.47.17:094][ 75]LogGameMode: FindPlayerStart: PATHS NOT DEFINED or NO PLAYERSTART with positive rating
[2022.12.23-12.47.17:096][ 75]LogNet: Join succeeded: DESKTOP-OB0F6KV-5EAF
[2022.12.23-12.47.35:550][663]LogNet: UChannel::ReceivedSequencedBunch: Bunch.bClose == true. ChIndex == 0. Calling ConditionalCleanUp.
[2022.12.23-12.47.35:550][663]LogNet: UChannel::CleanUp: ChIndex == 0. Closing connection. [UChannel] ChIndex: 0, Closing: 0 [UNetConnection] RemoteAddr: 127.0.0.1:55527, Name: IpConnection_0, Driver: GameNetDriver IpNetDriver_0, IsServer: YES, PC: PlayerController_1, Owner: PlayerController_1, UniqueId: NULL:DESKTOP-OB0F6KV-5EAF92CA42184495EC7A9CA9001C0C96
[2022.12.23-12.47.35:550][663]LogNet: UNetConnection::Close: [UNetConnection] RemoteAddr: 127.0.0.1:55527, Name: IpConnection_0, Driver: GameNetDriver IpNetDriver_0, IsServer: YES, PC: PlayerController_1, Owner: PlayerController_1, UniqueId: NULL:DESKTOP-OB0F6KV-5EAF92CA42184495EC7A9CA9001C0C96, Channels: 11, Time: 2022.12.23-12.47.35
[2022.12.23-12.47.35:550][663]LogNet: UChannel::Close: Sending CloseBunch. ChIndex == 0. Name: [UChannel] ChIndex: 0, Closing: 0 [UNetConnection] RemoteAddr: 127.0.0.1:55527, Name: IpConnection_0, Driver: GameNetDriver IpNetDriver_0, IsServer: YES, PC: PlayerController_1, Owner: PlayerController_1, UniqueId: NULL:DESKTOP-OB0F6KV-5EAF92CA42184495EC7A9CA9001C0C96
[2022.12.23-12.47.35:551][663]LogOnlineSession: Warning: OSS: No game present to leave for session (GameSession)
